
>>> random number generator seed is 123456
   Options for Robust Minimizer :: 
        Tolerance  0.1
        Strategy   0
        Type,Algo  Minuit2,Migrad
>>> method used is FitDiagnostics
Set Default Value of Parameter r To : 1
>>> 0 out of 6 channels masked

>>> Channel masks:
  1) 0x68fa5d0 RooRealVar::   mask_Fail_LOW = 0 C  L(-INF - +INF)  "mask_Fail_LOW"
  2) 0x68fb020 RooRealVar::   mask_Fail_SIG = 0 C  L(-INF - +INF)  "mask_Fail_SIG"
  3) 0x68fbb70 RooRealVar::  mask_Fail_HIGH = 0 C  L(-INF - +INF)  "mask_Fail_HIGH"
  4) 0x68fc6c0 RooRealVar::  mask_Loose_LOW = 0 C  L(-INF - +INF)  "mask_Loose_LOW"
  5) 0x68fd210 RooRealVar::  mask_Loose_SIG = 0 C  L(-INF - +INF)  "mask_Loose_SIG"
  6) 0x68fdd60 RooRealVar:: mask_Loose_HIGH = 0 C  L(-INF - +INF)  "mask_Loose_HIGH"
SimNLL created with 0 channels, 0 generic constraints, 16 fast gaussian constraints, 0 fast poisson constraints, 0 fast group constraints, 
Minuit2Minimizer: Minimize with max-calls 8000 convergence for edm < 0.1 strategy 0
Minuit2Minimizer::Minuit  - Changing default options
             StorageLevel :               0
MnSeedGenerator: for initial parameters FCN = 0
MnSeedGenerator: Initial state:   - FCN =                0 Edm =            0 NCalls =     65
VariableMetric: start iterating until Edm is < 0.0001
VariableMetric: Initial state   - FCN =                0 Edm =            0 NCalls =     65
VariableMetric: Iteration #   0 - FCN =                0 Edm =            0 NCalls =     65
Minuit2Minimizer : Valid minimum - status = 0
FVAL  = 0
Edm   = 0
Nfcn  = 65
F	  = 0	 +/-  1
JER	  = 0	 +/-  1
JES	  = 0	 +/-  1
JMR	  = 0	 +/-  1
JMS	  = 0	 +/-  1
PS_FSR	  = 0	 +/-  1
PS_ISR	  = 0	 +/-  1
R	  = 0	 +/-  1
RF	  = 0	 +/-  1
btag	  = 0	 +/-  1
lumi	  = 0	 +/-  1
pdf	  = 0	 +/-  1
pileup	  = 0	 +/-  1
prefire	  = 0	 +/-  1
top_ptrw	  = 0	 +/-  1
ttbar_xsec	  = 0	 +/-  1
SimNLL created with 6 channels, 0 generic constraints, 16 fast gaussian constraints, 0 fast poisson constraints, 0 fast group constraints, 
  [WARNING] Found [Background_Fail_LOW_bin_1-1] at boundary. 
  [WARNING] Found [Background_Fail_LOW_bin_1-2] at boundary. 
  [WARNING] Found [Background_Fail_LOW_bin_1-3] at boundary. 
  [WARNING] Found [Background_Fail_LOW_bin_1-4] at boundary. 
  [WARNING] Found [Background_Fail_LOW_bin_1-5] at boundary. 
  [WARNING] Found [Background_Fail_LOW_bin_1-6] at boundary. 
  [WARNING] Found [Background_Fail_LOW_bin_1-7] at boundary. 
 [WARNING] After the fit some parameters are at their boundary.
 [WARNING] Are you sure your model is correct?

  RooFitResult: minimized FCN value: -5.48652e-05, estimated distance to minimum: 3.65042e-05
                covariance matrix quality: Full, accurate covariance matrix
                Status : MINIMIZE=0 HESSE=0 

    Constant Parameter    Value     
  --------------------  ------------
                  F_In    0.0000e+00
                JER_In    0.0000e+00
                JES_In    0.0000e+00
                JMR_In    0.0000e+00
                JMS_In    0.0000e+00
             PS_FSR_In    0.0000e+00
             PS_ISR_In    0.0000e+00
                 RF_In    0.0000e+00
                  R_In    0.0000e+00
               btag_In    0.0000e+00
               lumi_In    0.0000e+00
  n_exp_binFail_HIGH_proc_Background    1.0000e+00
  n_exp_binFail_LOW_proc_Background    1.0000e+00
  n_exp_binFail_SIG_proc_Background    1.0000e+00
  n_exp_binLoose_HIGH_proc_Background_1x0    1.0000e+00
  n_exp_binLoose_LOW_proc_Background_1x0    1.0000e+00
  n_exp_binLoose_SIG_proc_Background_1x0    1.0000e+00
                pdf_In    0.0000e+00
             pileup_In    0.0000e+00
            prefire_In    0.0000e+00
                     r    1.0000e+00
           top_ptrw_In    0.0000e+00
         ttbar_xsec_In    0.0000e+00

    Floating Parameter  InitialValue    FinalValue +/-  Error     GblCorr.
  --------------------  ------------  --------------------------  --------
  Background_Fail_HIGH_bin_1-1    9.4542e+04    9.4542e+04 +/-  3.03e+02  <none>
  Background_Fail_HIGH_bin_1-2    7.0727e+04    7.0727e+04 +/-  2.65e+02  <none>
  Background_Fail_HIGH_bin_1-3    4.2992e+04    4.2992e+04 +/-  2.07e+02  <none>
  Background_Fail_HIGH_bin_1-4    2.6934e+04    2.6934e+04 +/-  1.63e+02  <none>
  Background_Fail_HIGH_bin_1-5    1.0877e+04    1.0877e+04 +/-  1.03e+02  <none>
  Background_Fail_HIGH_bin_1-6    3.8414e+03    3.8415e+03 +/-  6.05e+01  <none>
  Background_Fail_HIGH_bin_1-7    1.3455e+03    1.3455e+03 +/-  3.65e+01  <none>
  Background_Fail_HIGH_bin_1-8    4.4658e+01    4.4656e+01 +/-  6.54e+00  <none>
  Background_Fail_HIGH_bin_2-1    4.5088e+04    4.5088e+04 +/-  2.09e+02  <none>
  Background_Fail_HIGH_bin_2-2    3.2696e+04    3.2696e+04 +/-  1.79e+02  <none>
  Background_Fail_HIGH_bin_2-3    1.9424e+04    1.9424e+04 +/-  1.38e+02  <none>
  Background_Fail_HIGH_bin_2-4    1.2235e+04    1.2235e+04 +/-  1.11e+02  <none>
  Background_Fail_HIGH_bin_2-5    5.3674e+03    5.3675e+03 +/-  7.23e+01  <none>
  Background_Fail_HIGH_bin_2-6    2.2448e+03    2.2448e+03 +/-  4.63e+01  <none>
  Background_Fail_HIGH_bin_2-7    1.2270e+03    1.2270e+03 +/-  3.42e+01  <none>
  Background_Fail_HIGH_bin_2-8    9.7439e+01    9.7439e+01 +/-  9.66e+00  <none>
  Background_Fail_HIGH_bin_3-1    2.2459e+04    2.2459e+04 +/-  1.47e+02  <none>
  Background_Fail_HIGH_bin_3-2    1.6107e+04    1.6107e+04 +/-  1.25e+02  <none>
  Background_Fail_HIGH_bin_3-3    9.3530e+03    9.3529e+03 +/-  9.73e+01  <none>
  Background_Fail_HIGH_bin_3-4    6.1999e+03    6.1999e+03 +/-  7.85e+01  <none>
  Background_Fail_HIGH_bin_3-5    2.6950e+03    2.6950e+03 +/-  5.09e+01  <none>
  Background_Fail_HIGH_bin_3-6    1.0977e+03    1.0977e+03 +/-  3.27e+01  <none>
  Background_Fail_HIGH_bin_3-7    7.8895e+02    7.8896e+02 +/-  2.75e+01  <none>
  Background_Fail_HIGH_bin_3-8    1.2646e+02    1.2646e+02 +/-  1.10e+01  <none>
  Background_Fail_HIGH_bin_4-1    1.1608e+04    1.1608e+04 +/-  1.06e+02  <none>
  Background_Fail_HIGH_bin_4-2    8.1087e+03    8.1087e+03 +/-  8.84e+01  <none>
  Background_Fail_HIGH_bin_4-3    4.7760e+03    4.7760e+03 +/-  6.79e+01  <none>
  Background_Fail_HIGH_bin_4-4    3.0456e+03    3.0456e+03 +/-  5.48e+01  <none>
  Background_Fail_HIGH_bin_4-5    1.4215e+03    1.4215e+03 +/-  3.70e+01  <none>
  Background_Fail_HIGH_bin_4-6    6.1749e+02    6.1750e+02 +/-  2.44e+01  <none>
  Background_Fail_HIGH_bin_4-7    4.7167e+02    4.7167e+02 +/-  2.13e+01  <none>
  Background_Fail_HIGH_bin_4-8    1.2386e+02    1.2386e+02 +/-  1.09e+01  <none>
  Background_Fail_HIGH_bin_5-1    6.0077e+03    6.0078e+03 +/-  7.63e+01  <none>
  Background_Fail_HIGH_bin_5-2    4.1211e+03    4.1211e+03 +/-  6.31e+01  <none>
  Background_Fail_HIGH_bin_5-3    2.3184e+03    2.3184e+03 +/-  4.74e+01  <none>
  Background_Fail_HIGH_bin_5-4    1.5645e+03    1.5645e+03 +/-  3.89e+01  <none>
  Background_Fail_HIGH_bin_5-5    7.3931e+02    7.3931e+02 +/-  2.67e+01  <none>
  Background_Fail_HIGH_bin_5-6    3.2237e+02    3.2237e+02 +/-  1.77e+01  <none>
  Background_Fail_HIGH_bin_5-7    2.7876e+02    2.7877e+02 +/-  1.64e+01  <none>
  Background_Fail_HIGH_bin_5-8    8.1792e+01    8.1792e+01 +/-  8.89e+00  <none>
  Background_Fail_HIGH_bin_6-1    3.2053e+03    3.2053e+03 +/-  5.57e+01  <none>
  Background_Fail_HIGH_bin_6-2    2.1310e+03    2.1310e+03 +/-  4.54e+01  <none>
  Background_Fail_HIGH_bin_6-3    1.2254e+03    1.2254e+03 +/-  3.44e+01  <none>
  Background_Fail_HIGH_bin_6-4    8.3907e+02    8.3907e+02 +/-  2.85e+01  <none>
  Background_Fail_HIGH_bin_6-5    3.6901e+02    3.6901e+02 +/-  1.89e+01  <none>
  Background_Fail_HIGH_bin_6-6    2.0882e+02    2.0882e+02 +/-  1.42e+01  <none>
  Background_Fail_HIGH_bin_6-7    1.5994e+02    1.5994e+02 +/-  1.24e+01  <none>
  Background_Fail_HIGH_bin_6-8    6.1711e+01    6.1710e+01 +/-  7.73e+00  <none>
  Background_Fail_HIGH_bin_7-1    2.4880e+03    2.4880e+03 +/-  4.92e+01  <none>
  Background_Fail_HIGH_bin_7-2    1.5766e+03    1.5766e+03 +/-  3.94e+01  <none>
  Background_Fail_HIGH_bin_7-3    9.0127e+02    9.0126e+02 +/-  2.96e+01  <none>
  Background_Fail_HIGH_bin_7-4    6.5800e+02    6.5800e+02 +/-  2.53e+01  <none>
  Background_Fail_HIGH_bin_7-5    3.4006e+02    3.4006e+02 +/-  1.82e+01  <none>
  Background_Fail_HIGH_bin_7-6    1.6174e+02    1.6174e+02 +/-  1.25e+01  <none>
  Background_Fail_HIGH_bin_7-7    1.4998e+02    1.4998e+02 +/-  1.21e+01  <none>
  Background_Fail_HIGH_bin_7-8    3.7606e+01    3.7605e+01 +/-  6.06e+00  <none>
  Background_Fail_LOW_bin_1-1    1.2686e-06    1.0001e-06 +/-  4.74e-01  <none>
  Background_Fail_LOW_bin_1-2    1.2686e-06    1.0001e-06 +/-  4.74e-01  <none>
  Background_Fail_LOW_bin_1-3    1.2686e-06    1.0087e-06 +/-  4.74e-01  <none>
  Background_Fail_LOW_bin_1-4    1.2686e-06    1.0084e-06 +/-  4.75e-01  <none>
  Background_Fail_LOW_bin_1-5    1.2686e-06    1.0130e-06 +/-  4.75e-01  <none>
  Background_Fail_LOW_bin_1-6    1.2686e-06    1.0131e-06 +/-  4.75e-01  <none>
  Background_Fail_LOW_bin_1-7    1.2686e-06    1.0131e-06 +/-  4.75e-01  <none>
  Background_Fail_LOW_bin_2-1    1.2267e+05    1.2267e+05 +/-  3.45e+02  <none>
  Background_Fail_LOW_bin_2-2    9.5404e+04    9.5404e+04 +/-  3.08e+02  <none>
  Background_Fail_LOW_bin_2-3    5.7837e+04    5.7837e+04 +/-  2.41e+02  <none>
  Background_Fail_LOW_bin_2-4    3.2823e+04    3.2823e+04 +/-  1.86e+02  <none>
  Background_Fail_LOW_bin_2-5    9.5778e+03    9.5778e+03 +/-  9.87e+01  <none>
  Background_Fail_LOW_bin_2-6    1.4289e+03    1.4289e+03 +/-  3.77e+01  <none>
  Background_Fail_LOW_bin_2-7    1.2536e+02    1.2534e+02 +/-  1.16e+01  <none>
  Background_Fail_SIG_bin_1-1    5.8347e+04    5.8347e+04 +/-  2.38e+02  <none>
  Background_Fail_SIG_bin_1-2    4.4445e+04    4.4445e+04 +/-  2.10e+02  <none>
  Background_Fail_SIG_bin_1-3    2.6852e+04    2.6853e+04 +/-  1.66e+02  <none>
  Background_Fail_SIG_bin_1-4    1.5653e+04    1.5653e+04 +/-  1.27e+02  <none>
  Background_Fail_SIG_bin_1-5    5.1977e+03    5.1976e+03 +/-  7.14e+01  <none>
  Background_Fail_SIG_bin_1-6    1.0313e+03    1.0314e+03 +/-  3.35e+01  <none>
  Background_Fail_SIG_bin_1-7    1.2255e+02    1.2254e+02 +/-  1.08e+01  <none>
  Background_Fail_SIG_bin_1-8    5.3298e+00    5.3288e+00 +/-  2.33e+00  <none>
  Background_Fail_SIG_bin_2-1    4.8703e+04    4.8703e+04 +/-  2.17e+02  <none>
  Background_Fail_SIG_bin_2-2    3.7163e+04    3.7163e+04 +/-  1.91e+02  <none>
  Background_Fail_SIG_bin_2-3    2.2893e+04    2.2893e+04 +/-  1.51e+02  <none>
  Background_Fail_SIG_bin_2-4    1.3654e+04    1.3654e+04 +/-  1.21e+02  <none>
  Background_Fail_SIG_bin_2-5    4.7640e+03    4.7640e+03 +/-  6.92e+01  <none>
  Background_Fail_SIG_bin_2-6    1.0694e+03    1.0694e+03 +/-  3.19e+01  <none>
  Background_Fail_SIG_bin_2-7    1.3091e+02    1.3091e+02 +/-  1.19e+01  <none>
  Background_Fail_SIG_bin_2-8    3.3509e+00    3.3504e+00 +/-  1.90e+00  <none>
  Background_Fail_SIG_bin_3-1    4.1034e+04    4.1034e+04 +/-  1.99e+02  <none>
  Background_Fail_SIG_bin_3-2    3.1503e+04    3.1503e+04 +/-  1.75e+02  <none>
  Background_Fail_SIG_bin_3-3    1.8846e+04    1.8846e+04 +/-  1.40e+02  <none>
  Background_Fail_SIG_bin_3-4    1.1520e+04    1.1520e+04 +/-  1.09e+02  <none>
  Background_Fail_SIG_bin_3-5    4.2185e+03    4.2185e+03 +/-  6.42e+01  <none>
  Background_Fail_SIG_bin_3-6    1.0537e+03    1.0537e+03 +/-  3.17e+01  <none>
  Background_Fail_SIG_bin_3-7    1.4945e+02    1.4944e+02 +/-  1.28e+01  <none>
  Background_Fail_SIG_bin_3-8    3.4640e+00    3.4634e+00 +/-  1.90e+00  <none>
  Background_Fail_SIG_bin_4-1    3.4411e+04    3.4411e+04 +/-  1.83e+02  <none>
  Background_Fail_SIG_bin_4-2    2.6224e+04    2.6224e+04 +/-  1.61e+02  <none>
  Background_Fail_SIG_bin_4-3    1.6116e+04    1.6116e+04 +/-  1.26e+02  <none>
  Background_Fail_SIG_bin_4-4    9.7082e+03    9.7082e+03 +/-  9.89e+01  <none>
  Background_Fail_SIG_bin_4-5    3.6445e+03    3.6444e+03 +/-  6.04e+01  <none>
  Background_Fail_SIG_bin_4-6    1.0752e+03    1.0752e+03 +/-  3.21e+01  <none>
  Background_Fail_SIG_bin_4-7    2.1517e+02    2.1516e+02 +/-  1.43e+01  <none>
  Background_Fail_SIG_bin_4-8    6.5157e+00    6.5145e+00 +/-  2.52e+00  <none>
  Background_Fail_SIG_bin_5-1    2.9417e+04    2.9417e+04 +/-  1.69e+02  <none>
  Background_Fail_SIG_bin_5-2    2.2694e+04    2.2694e+04 +/-  1.49e+02  <none>
  Background_Fail_SIG_bin_5-3    1.3602e+04    1.3602e+04 +/-  1.18e+02  <none>
  Background_Fail_SIG_bin_5-4    8.3275e+03    8.3274e+03 +/-  9.11e+01  <none>
  Background_Fail_SIG_bin_5-5    3.1896e+03    3.1896e+03 +/-  5.59e+01  <none>
  Background_Fail_SIG_bin_5-6    1.0357e+03    1.0357e+03 +/-  3.15e+01  <none>
  Background_Fail_SIG_bin_5-7    2.7097e+02    2.7097e+02 +/-  1.62e+01  <none>
  Background_Fail_SIG_bin_5-8    6.4568e+00    6.4556e+00 +/-  2.52e+00  <none>
  Background_rpf_1x0_par0    5.4304e-02    5.4304e-02 +/-  4.87e-04  <none>
  Background_rpf_1x0_par1   -2.5133e-02   -2.5134e-02 +/-  1.43e-03  <none>
                     F   -1.3775e-02   -1.3439e-02 +/-  1.41e-01  <none>
                   JER   -1.9823e-01   -1.9810e-01 +/-  2.92e-01  <none>
                   JES   -1.5483e-01   -1.5507e-01 +/-  9.66e-02  <none>
                   JMR    2.1695e+00    2.1693e+00 +/-  2.76e-01  <none>
                   JMS   -9.9954e-02   -1.0000e-01 +/-  9.30e-02  <none>
                PS_FSR   -2.5637e-02   -2.5703e-02 +/-  6.50e-02  <none>
                PS_ISR   -1.8369e-01   -1.8399e-01 +/-  2.07e-01  <none>
                     R   -5.2805e-01   -5.2805e-01 +/-  3.50e-01  <none>
                    RF   -1.8847e-01   -1.8860e-01 +/-  2.07e-01  <none>
                  btag    7.3579e-02    7.3913e-02 +/-  1.53e-01  <none>
                  lumi    4.8000e-01    4.8090e-01 +/-  1.01e+00  <none>
                   pdf   -2.2996e-02   -2.3102e-02 +/-  1.46e-01  <none>
                pileup   -6.2181e-03   -6.5270e-03 +/-  1.38e-01  <none>
               prefire   -4.8224e-03   -4.9214e-03 +/-  1.46e-01  <none>
              top_ptrw    8.7735e-05    1.8733e-08 +/-  1.39e-01  <none>
            ttbar_xsec    5.5974e+00    5.5976e+00 +/-  3.99e-01  <none>


  RooFitResult: minimized FCN value: -5.48652e-05, estimated distance to minimum: 3.65042e-05
                covariance matrix quality: Full, accurate covariance matrix
                Status : MINIMIZE=0 HESSE=0 

    Constant Parameter    Value     
  --------------------  ------------
                  F_In    0.0000e+00
                JER_In    0.0000e+00
                JES_In    0.0000e+00
                JMR_In    0.0000e+00
                JMS_In    0.0000e+00
             PS_FSR_In    0.0000e+00
             PS_ISR_In    0.0000e+00
                 RF_In    0.0000e+00
                  R_In    0.0000e+00
               btag_In    0.0000e+00
               lumi_In    0.0000e+00
  n_exp_binFail_HIGH_proc_Background    1.0000e+00
  n_exp_binFail_LOW_proc_Background    1.0000e+00
  n_exp_binFail_SIG_proc_Background    1.0000e+00
  n_exp_binLoose_HIGH_proc_Background_1x0    1.0000e+00
  n_exp_binLoose_LOW_proc_Background_1x0    1.0000e+00
  n_exp_binLoose_SIG_proc_Background_1x0    1.0000e+00
                pdf_In    0.0000e+00
             pileup_In    0.0000e+00
            prefire_In    0.0000e+00
                     r    1.0000e+00
           top_ptrw_In    0.0000e+00
         ttbar_xsec_In    0.0000e+00

    Floating Parameter  InitialValue    FinalValue +/-  Error     GblCorr.
  --------------------  ------------  --------------------------  --------
  Background_Fail_HIGH_bin_1-1    9.4542e+04    9.4542e+04 +/-  3.03e+02  <none>
  Background_Fail_HIGH_bin_1-2    7.0727e+04    7.0727e+04 +/-  2.65e+02  <none>
  Background_Fail_HIGH_bin_1-3    4.2992e+04    4.2992e+04 +/-  2.07e+02  <none>
  Background_Fail_HIGH_bin_1-4    2.6934e+04    2.6934e+04 +/-  1.63e+02  <none>
  Background_Fail_HIGH_bin_1-5    1.0877e+04    1.0877e+04 +/-  1.03e+02  <none>
  Background_Fail_HIGH_bin_1-6    3.8414e+03    3.8415e+03 +/-  6.05e+01  <none>
  Background_Fail_HIGH_bin_1-7    1.3455e+03    1.3455e+03 +/-  3.65e+01  <none>
  Background_Fail_HIGH_bin_1-8    4.4658e+01    4.4656e+01 +/-  6.54e+00  <none>
  Background_Fail_HIGH_bin_2-1    4.5088e+04    4.5088e+04 +/-  2.09e+02  <none>
  Background_Fail_HIGH_bin_2-2    3.2696e+04    3.2696e+04 +/-  1.79e+02  <none>
  Background_Fail_HIGH_bin_2-3    1.9424e+04    1.9424e+04 +/-  1.38e+02  <none>
  Background_Fail_HIGH_bin_2-4    1.2235e+04    1.2235e+04 +/-  1.11e+02  <none>
  Background_Fail_HIGH_bin_2-5    5.3674e+03    5.3675e+03 +/-  7.23e+01  <none>
  Background_Fail_HIGH_bin_2-6    2.2448e+03    2.2448e+03 +/-  4.63e+01  <none>
  Background_Fail_HIGH_bin_2-7    1.2270e+03    1.2270e+03 +/-  3.42e+01  <none>
  Background_Fail_HIGH_bin_2-8    9.7439e+01    9.7439e+01 +/-  9.66e+00  <none>
  Background_Fail_HIGH_bin_3-1    2.2459e+04    2.2459e+04 +/-  1.47e+02  <none>
  Background_Fail_HIGH_bin_3-2    1.6107e+04    1.6107e+04 +/-  1.25e+02  <none>
  Background_Fail_HIGH_bin_3-3    9.3530e+03    9.3529e+03 +/-  9.73e+01  <none>
  Background_Fail_HIGH_bin_3-4    6.1999e+03    6.1999e+03 +/-  7.85e+01  <none>
  Background_Fail_HIGH_bin_3-5    2.6950e+03    2.6950e+03 +/-  5.09e+01  <none>
  Background_Fail_HIGH_bin_3-6    1.0977e+03    1.0977e+03 +/-  3.27e+01  <none>
  Background_Fail_HIGH_bin_3-7    7.8895e+02    7.8896e+02 +/-  2.75e+01  <none>
  Background_Fail_HIGH_bin_3-8    1.2646e+02    1.2646e+02 +/-  1.10e+01  <none>
  Background_Fail_HIGH_bin_4-1    1.1608e+04    1.1608e+04 +/-  1.06e+02  <none>
  Background_Fail_HIGH_bin_4-2    8.1087e+03    8.1087e+03 +/-  8.84e+01  <none>
  Background_Fail_HIGH_bin_4-3    4.7760e+03    4.7760e+03 +/-  6.79e+01  <none>
  Background_Fail_HIGH_bin_4-4    3.0456e+03    3.0456e+03 +/-  5.48e+01  <none>
  Background_Fail_HIGH_bin_4-5    1.4215e+03    1.4215e+03 +/-  3.70e+01  <none>
  Background_Fail_HIGH_bin_4-6    6.1749e+02    6.1750e+02 +/-  2.44e+01  <none>
  Background_Fail_HIGH_bin_4-7    4.7167e+02    4.7167e+02 +/-  2.13e+01  <none>
  Background_Fail_HIGH_bin_4-8    1.2386e+02    1.2386e+02 +/-  1.09e+01  <none>
  Background_Fail_HIGH_bin_5-1    6.0077e+03    6.0078e+03 +/-  7.63e+01  <none>
  Background_Fail_HIGH_bin_5-2    4.1211e+03    4.1211e+03 +/-  6.31e+01  <none>
  Background_Fail_HIGH_bin_5-3    2.3184e+03    2.3184e+03 +/-  4.74e+01  <none>
  Background_Fail_HIGH_bin_5-4    1.5645e+03    1.5645e+03 +/-  3.89e+01  <none>
  Background_Fail_HIGH_bin_5-5    7.3931e+02    7.3931e+02 +/-  2.67e+01  <none>
  Background_Fail_HIGH_bin_5-6    3.2237e+02    3.2237e+02 +/-  1.77e+01  <none>
  Background_Fail_HIGH_bin_5-7    2.7876e+02    2.7877e+02 +/-  1.64e+01  <none>
  Background_Fail_HIGH_bin_5-8    8.1792e+01    8.1792e+01 +/-  8.89e+00  <none>
  Background_Fail_HIGH_bin_6-1    3.2053e+03    3.2053e+03 +/-  5.57e+01  <none>
  Background_Fail_HIGH_bin_6-2    2.1310e+03    2.1310e+03 +/-  4.54e+01  <none>
  Background_Fail_HIGH_bin_6-3    1.2254e+03    1.2254e+03 +/-  3.44e+01  <none>
  Background_Fail_HIGH_bin_6-4    8.3907e+02    8.3907e+02 +/-  2.85e+01  <none>
  Background_Fail_HIGH_bin_6-5    3.6901e+02    3.6901e+02 +/-  1.89e+01  <none>
  Background_Fail_HIGH_bin_6-6    2.0882e+02    2.0882e+02 +/-  1.42e+01  <none>
  Background_Fail_HIGH_bin_6-7    1.5994e+02    1.5994e+02 +/-  1.24e+01  <none>
  Background_Fail_HIGH_bin_6-8    6.1711e+01    6.1710e+01 +/-  7.73e+00  <none>
  Background_Fail_HIGH_bin_7-1    2.4880e+03    2.4880e+03 +/-  4.92e+01  <none>
  Background_Fail_HIGH_bin_7-2    1.5766e+03    1.5766e+03 +/-  3.94e+01  <none>
  Background_Fail_HIGH_bin_7-3    9.0127e+02    9.0126e+02 +/-  2.96e+01  <none>
  Background_Fail_HIGH_bin_7-4    6.5800e+02    6.5800e+02 +/-  2.53e+01  <none>
  Background_Fail_HIGH_bin_7-5    3.4006e+02    3.4006e+02 +/-  1.82e+01  <none>
  Background_Fail_HIGH_bin_7-6    1.6174e+02    1.6174e+02 +/-  1.25e+01  <none>
  Background_Fail_HIGH_bin_7-7    1.4998e+02    1.4998e+02 +/-  1.21e+01  <none>
  Background_Fail_HIGH_bin_7-8    3.7606e+01    3.7605e+01 +/-  6.06e+00  <none>
  Background_Fail_LOW_bin_1-1    1.2686e-06    1.0001e-06 +/-  4.74e-01  <none>
  Background_Fail_LOW_bin_1-2    1.2686e-06    1.0001e-06 +/-  4.74e-01  <none>
  Background_Fail_LOW_bin_1-3    1.2686e-06    1.0087e-06 +/-  4.74e-01  <none>
  Background_Fail_LOW_bin_1-4    1.2686e-06    1.0084e-06 +/-  4.75e-01  <none>
  Background_Fail_LOW_bin_1-5    1.2686e-06    1.0130e-06 +/-  4.75e-01  <none>
  Background_Fail_LOW_bin_1-6    1.2686e-06    1.0131e-06 +/-  4.75e-01  <none>
  Background_Fail_LOW_bin_1-7    1.2686e-06    1.0131e-06 +/-  4.75e-01  <none>
  Background_Fail_LOW_bin_2-1    1.2267e+05    1.2267e+05 +/-  3.45e+02  <none>
  Background_Fail_LOW_bin_2-2    9.5404e+04    9.5404e+04 +/-  3.08e+02  <none>
  Background_Fail_LOW_bin_2-3    5.7837e+04    5.7837e+04 +/-  2.41e+02  <none>
  Background_Fail_LOW_bin_2-4    3.2823e+04    3.2823e+04 +/-  1.86e+02  <none>
  Background_Fail_LOW_bin_2-5    9.5778e+03    9.5778e+03 +/-  9.87e+01  <none>
  Background_Fail_LOW_bin_2-6    1.4289e+03    1.4289e+03 +/-  3.77e+01  <none>
  Background_Fail_LOW_bin_2-7    1.2536e+02    1.2534e+02 +/-  1.16e+01  <none>
  Background_Fail_SIG_bin_1-1    5.8347e+04    5.8347e+04 +/-  2.38e+02  <none>
  Background_Fail_SIG_bin_1-2    4.4445e+04    4.4445e+04 +/-  2.10e+02  <none>
  Background_Fail_SIG_bin_1-3    2.6852e+04    2.6853e+04 +/-  1.66e+02  <none>
  Background_Fail_SIG_bin_1-4    1.5653e+04    1.5653e+04 +/-  1.27e+02  <none>
  Background_Fail_SIG_bin_1-5    5.1977e+03    5.1976e+03 +/-  7.14e+01  <none>
  Background_Fail_SIG_bin_1-6    1.0313e+03    1.0314e+03 +/-  3.35e+01  <none>
  Background_Fail_SIG_bin_1-7    1.2255e+02    1.2254e+02 +/-  1.08e+01  <none>
  Background_Fail_SIG_bin_1-8    5.3298e+00    5.3288e+00 +/-  2.33e+00  <none>
  Background_Fail_SIG_bin_2-1    4.8703e+04    4.8703e+04 +/-  2.17e+02  <none>
  Background_Fail_SIG_bin_2-2    3.7163e+04    3.7163e+04 +/-  1.91e+02  <none>
  Background_Fail_SIG_bin_2-3    2.2893e+04    2.2893e+04 +/-  1.51e+02  <none>
  Background_Fail_SIG_bin_2-4    1.3654e+04    1.3654e+04 +/-  1.21e+02  <none>
  Background_Fail_SIG_bin_2-5    4.7640e+03    4.7640e+03 +/-  6.92e+01  <none>
  Background_Fail_SIG_bin_2-6    1.0694e+03    1.0694e+03 +/-  3.19e+01  <none>
  Background_Fail_SIG_bin_2-7    1.3091e+02    1.3091e+02 +/-  1.19e+01  <none>
  Background_Fail_SIG_bin_2-8    3.3509e+00    3.3504e+00 +/-  1.90e+00  <none>
  Background_Fail_SIG_bin_3-1    4.1034e+04    4.1034e+04 +/-  1.99e+02  <none>
  Background_Fail_SIG_bin_3-2    3.1503e+04    3.1503e+04 +/-  1.75e+02  <none>
  Background_Fail_SIG_bin_3-3    1.8846e+04    1.8846e+04 +/-  1.40e+02  <none>
  Background_Fail_SIG_bin_3-4    1.1520e+04    1.1520e+04 +/-  1.09e+02  <none>
  Background_Fail_SIG_bin_3-5    4.2185e+03    4.2185e+03 +/-  6.42e+01  <none>
  Background_Fail_SIG_bin_3-6    1.0537e+03    1.0537e+03 +/-  3.17e+01  <none>
  Background_Fail_SIG_bin_3-7    1.4945e+02    1.4944e+02 +/-  1.28e+01  <none>
  Background_Fail_SIG_bin_3-8    3.4640e+00    3.4634e+00 +/-  1.90e+00  <none>
  Background_Fail_SIG_bin_4-1    3.4411e+04    3.4411e+04 +/-  1.83e+02  <none>
  Background_Fail_SIG_bin_4-2    2.6224e+04    2.6224e+04 +/-  1.61e+02  <none>
  Background_Fail_SIG_bin_4-3    1.6116e+04    1.6116e+04 +/-  1.26e+02  <none>
  Background_Fail_SIG_bin_4-4    9.7082e+03    9.7082e+03 +/-  9.89e+01  <none>
  Background_Fail_SIG_bin_4-5    3.6445e+03    3.6444e+03 +/-  6.04e+01  <none>
  Background_Fail_SIG_bin_4-6    1.0752e+03    1.0752e+03 +/-  3.21e+01  <none>
  Background_Fail_SIG_bin_4-7    2.1517e+02    2.1516e+02 +/-  1.43e+01  <none>
  Background_Fail_SIG_bin_4-8    6.5157e+00    6.5145e+00 +/-  2.52e+00  <none>
  Background_Fail_SIG_bin_5-1    2.9417e+04    2.9417e+04 +/-  1.69e+02  <none>
  Background_Fail_SIG_bin_5-2    2.2694e+04    2.2694e+04 +/-  1.49e+02  <none>
  Background_Fail_SIG_bin_5-3    1.3602e+04    1.3602e+04 +/-  1.18e+02  <none>
  Background_Fail_SIG_bin_5-4    8.3275e+03    8.3274e+03 +/-  9.11e+01  <none>
  Background_Fail_SIG_bin_5-5    3.1896e+03    3.1896e+03 +/-  5.59e+01  <none>
  Background_Fail_SIG_bin_5-6    1.0357e+03    1.0357e+03 +/-  3.15e+01  <none>
  Background_Fail_SIG_bin_5-7    2.7097e+02    2.7097e+02 +/-  1.62e+01  <none>
  Background_Fail_SIG_bin_5-8    6.4568e+00    6.4556e+00 +/-  2.52e+00  <none>
  Background_rpf_1x0_par0    5.4304e-02    5.4304e-02 +/-  4.87e-04  <none>
  Background_rpf_1x0_par1   -2.5133e-02   -2.5134e-02 +/-  1.43e-03  <none>
                     F   -1.3775e-02   -1.3439e-02 +/-  1.41e-01  <none>
                   JER   -1.9823e-01   -1.9810e-01 +/-  2.92e-01  <none>
                   JES   -1.5483e-01   -1.5507e-01 +/-  9.66e-02  <none>
                   JMR    2.1695e+00    2.1693e+00 +/-  2.76e-01  <none>
                   JMS   -9.9954e-02   -1.0000e-01 +/-  9.30e-02  <none>
                PS_FSR   -2.5637e-02   -2.5703e-02 +/-  6.50e-02  <none>
                PS_ISR   -1.8369e-01   -1.8399e-01 +/-  2.07e-01  <none>
                     R   -5.2805e-01   -5.2805e-01 +/-  3.50e-01  <none>
                    RF   -1.8847e-01   -1.8860e-01 +/-  2.07e-01  <none>
                  btag    7.3579e-02    7.3913e-02 +/-  1.53e-01  <none>
                  lumi    4.8000e-01    4.8090e-01 +/-  1.01e+00  <none>
                   pdf   -2.2996e-02   -2.3102e-02 +/-  1.46e-01  <none>
                pileup   -6.2181e-03   -6.5270e-03 +/-  1.38e-01  <none>
               prefire   -4.8224e-03   -4.9214e-03 +/-  1.46e-01  <none>
              top_ptrw    8.7735e-05    1.8733e-08 +/-  1.39e-01  <none>
            ttbar_xsec    5.5974e+00    5.5976e+00 +/-  3.99e-01  <none>

  [WARNING] Found [Background_Fail_LOW_bin_1-1] at boundary. 
  [WARNING] Found [Background_Fail_LOW_bin_1-2] at boundary. 
  [WARNING] Found [Background_Fail_LOW_bin_1-3] at boundary. 
  [WARNING] Found [Background_Fail_LOW_bin_1-4] at boundary. 
  [WARNING] Found [Background_Fail_LOW_bin_1-5] at boundary. 
  [WARNING] Found [Background_Fail_LOW_bin_1-6] at boundary. 
  [WARNING] Found [Background_Fail_LOW_bin_1-7] at boundary. 
 [WARNING] After the fit some parameters are at their boundary.
 [WARNING] Are you sure your model is correct?

  RooFitResult: minimized FCN value: -4.27956e-05, estimated distance to minimum: 6.62955e-05
                covariance matrix quality: Full, accurate covariance matrix
                Status : MINIMIZE=0 HESSE=0 

    Constant Parameter    Value     
  --------------------  ------------
                  F_In    0.0000e+00
                JER_In    0.0000e+00
                JES_In    0.0000e+00
                JMR_In    0.0000e+00
                JMS_In    0.0000e+00
             PS_FSR_In    0.0000e+00
             PS_ISR_In    0.0000e+00
                 RF_In    0.0000e+00
                  R_In    0.0000e+00
               btag_In    0.0000e+00
               lumi_In    0.0000e+00
  n_exp_binFail_HIGH_proc_Background    1.0000e+00
  n_exp_binFail_LOW_proc_Background    1.0000e+00
  n_exp_binFail_SIG_proc_Background    1.0000e+00
  n_exp_binLoose_HIGH_proc_Background_1x0    1.0000e+00
  n_exp_binLoose_LOW_proc_Background_1x0    1.0000e+00
  n_exp_binLoose_SIG_proc_Background_1x0    1.0000e+00
                pdf_In    0.0000e+00
             pileup_In    0.0000e+00
            prefire_In    0.0000e+00
           top_ptrw_In    0.0000e+00
         ttbar_xsec_In    0.0000e+00

    Floating Parameter  InitialValue    FinalValue +/-  Error     GblCorr.
  --------------------  ------------  --------------------------  --------
  Background_Fail_HIGH_bin_1-1    9.4543e+04    9.4542e+04 +/-  3.02e+02  <none>
  Background_Fail_HIGH_bin_1-2    7.0727e+04    7.0727e+04 +/-  2.64e+02  <none>
  Background_Fail_HIGH_bin_1-3    4.2992e+04    4.2992e+04 +/-  2.07e+02  <none>
  Background_Fail_HIGH_bin_1-4    2.6934e+04    2.6934e+04 +/-  1.62e+02  <none>
  Background_Fail_HIGH_bin_1-5    1.0877e+04    1.0877e+04 +/-  1.03e+02  <none>
  Background_Fail_HIGH_bin_1-6    3.8415e+03    3.8415e+03 +/-  6.06e+01  <none>
  Background_Fail_HIGH_bin_1-7    1.3455e+03    1.3455e+03 +/-  3.64e+01  <none>
  Background_Fail_HIGH_bin_1-8    4.4658e+01    4.4656e+01 +/-  6.54e+00  <none>
  Background_Fail_HIGH_bin_2-1    4.5088e+04    4.5088e+04 +/-  2.09e+02  <none>
  Background_Fail_HIGH_bin_2-2    3.2696e+04    3.2696e+04 +/-  1.79e+02  <none>
  Background_Fail_HIGH_bin_2-3    1.9424e+04    1.9424e+04 +/-  1.38e+02  <none>
  Background_Fail_HIGH_bin_2-4    1.2235e+04    1.2235e+04 +/-  1.10e+02  <none>
  Background_Fail_HIGH_bin_2-5    5.3675e+03    5.3675e+03 +/-  7.22e+01  <none>
  Background_Fail_HIGH_bin_2-6    2.2448e+03    2.2448e+03 +/-  4.63e+01  <none>
  Background_Fail_HIGH_bin_2-7    1.2270e+03    1.2270e+03 +/-  3.42e+01  <none>
  Background_Fail_HIGH_bin_2-8    9.7441e+01    9.7439e+01 +/-  9.66e+00  <none>
  Background_Fail_HIGH_bin_3-1    2.2459e+04    2.2459e+04 +/-  1.47e+02  <none>
  Background_Fail_HIGH_bin_3-2    1.6107e+04    1.6107e+04 +/-  1.25e+02  <none>
  Background_Fail_HIGH_bin_3-3    9.3529e+03    9.3528e+03 +/-  9.71e+01  <none>
  Background_Fail_HIGH_bin_3-4    6.1998e+03    6.1999e+03 +/-  7.85e+01  <none>
  Background_Fail_HIGH_bin_3-5    2.6950e+03    2.6950e+03 +/-  5.09e+01  <none>
  Background_Fail_HIGH_bin_3-6    1.0977e+03    1.0977e+03 +/-  3.27e+01  <none>
  Background_Fail_HIGH_bin_3-7    7.8897e+02    7.8896e+02 +/-  2.75e+01  <none>
  Background_Fail_HIGH_bin_3-8    1.2646e+02    1.2646e+02 +/-  1.10e+01  <none>
  Background_Fail_HIGH_bin_4-1    1.1608e+04    1.1608e+04 +/-  1.06e+02  <none>
  Background_Fail_HIGH_bin_4-2    8.1087e+03    8.1087e+03 +/-  8.83e+01  <none>
  Background_Fail_HIGH_bin_4-3    4.7760e+03    4.7760e+03 +/-  6.78e+01  <none>
  Background_Fail_HIGH_bin_4-4    3.0456e+03    3.0456e+03 +/-  5.47e+01  <none>
  Background_Fail_HIGH_bin_4-5    1.4215e+03    1.4215e+03 +/-  3.70e+01  <none>
  Background_Fail_HIGH_bin_4-6    6.1750e+02    6.1750e+02 +/-  2.44e+01  <none>
  Background_Fail_HIGH_bin_4-7    4.7167e+02    4.7167e+02 +/-  2.13e+01  <none>
  Background_Fail_HIGH_bin_4-8    1.2386e+02    1.2386e+02 +/-  1.09e+01  <none>
  Background_Fail_HIGH_bin_5-1    6.0077e+03    6.0078e+03 +/-  7.62e+01  <none>
  Background_Fail_HIGH_bin_5-2    4.1211e+03    4.1211e+03 +/-  6.30e+01  <none>
  Background_Fail_HIGH_bin_5-3    2.3184e+03    2.3184e+03 +/-  4.75e+01  <none>
  Background_Fail_HIGH_bin_5-4    1.5645e+03    1.5645e+03 +/-  3.88e+01  <none>
  Background_Fail_HIGH_bin_5-5    7.3931e+02    7.3931e+02 +/-  2.68e+01  <none>
  Background_Fail_HIGH_bin_5-6    3.2237e+02    3.2237e+02 +/-  1.77e+01  <none>
  Background_Fail_HIGH_bin_5-7    2.7877e+02    2.7877e+02 +/-  1.64e+01  <none>
  Background_Fail_HIGH_bin_5-8    8.1794e+01    8.1792e+01 +/-  8.88e+00  <none>
  Background_Fail_HIGH_bin_6-1    3.2053e+03    3.2053e+03 +/-  5.57e+01  <none>
  Background_Fail_HIGH_bin_6-2    2.1310e+03    2.1310e+03 +/-  4.54e+01  <none>
  Background_Fail_HIGH_bin_6-3    1.2254e+03    1.2254e+03 +/-  3.44e+01  <none>
  Background_Fail_HIGH_bin_6-4    8.3906e+02    8.3907e+02 +/-  2.85e+01  <none>
  Background_Fail_HIGH_bin_6-5    3.6901e+02    3.6901e+02 +/-  1.89e+01  <none>
  Background_Fail_HIGH_bin_6-6    2.0882e+02    2.0882e+02 +/-  1.42e+01  <none>
  Background_Fail_HIGH_bin_6-7    1.5994e+02    1.5994e+02 +/-  1.24e+01  <none>
  Background_Fail_HIGH_bin_6-8    6.1711e+01    6.1710e+01 +/-  7.72e+00  <none>
  Background_Fail_HIGH_bin_7-1    2.4880e+03    2.4880e+03 +/-  4.92e+01  <none>
  Background_Fail_HIGH_bin_7-2    1.5766e+03    1.5766e+03 +/-  3.95e+01  <none>
  Background_Fail_HIGH_bin_7-3    9.0126e+02    9.0127e+02 +/-  2.96e+01  <none>
  Background_Fail_HIGH_bin_7-4    6.5800e+02    6.5800e+02 +/-  2.53e+01  <none>
  Background_Fail_HIGH_bin_7-5    3.4006e+02    3.4006e+02 +/-  1.82e+01  <none>
  Background_Fail_HIGH_bin_7-6    1.6174e+02    1.6174e+02 +/-  1.25e+01  <none>
  Background_Fail_HIGH_bin_7-7    1.4998e+02    1.4998e+02 +/-  1.21e+01  <none>
  Background_Fail_HIGH_bin_7-8    3.7606e+01    3.7605e+01 +/-  6.06e+00  <none>
  Background_Fail_LOW_bin_1-1    1.0784e-06    1.0133e-06 +/-  4.75e-01  <none>
  Background_Fail_LOW_bin_1-2    1.0784e-06    1.0133e-06 +/-  4.75e-01  <none>
  Background_Fail_LOW_bin_1-3    1.0784e-06    1.0168e-06 +/-  4.75e-01  <none>
  Background_Fail_LOW_bin_1-4    1.0784e-06    1.0223e-06 +/-  4.74e-01  <none>
  Background_Fail_LOW_bin_1-5    1.0784e-06    1.0536e-06 +/-  4.75e-01  <none>
  Background_Fail_LOW_bin_1-6    1.0784e-06    1.0184e-06 +/-  4.75e-01  <none>
  Background_Fail_LOW_bin_1-7    1.0784e-06    1.0103e-06 +/-  4.75e-01  <none>
  Background_Fail_LOW_bin_2-1    1.2267e+05    1.2267e+05 +/-  3.45e+02  <none>
  Background_Fail_LOW_bin_2-2    9.5405e+04    9.5404e+04 +/-  3.08e+02  <none>
  Background_Fail_LOW_bin_2-3    5.7837e+04    5.7837e+04 +/-  2.41e+02  <none>
  Background_Fail_LOW_bin_2-4    3.2822e+04    3.2823e+04 +/-  1.86e+02  <none>
  Background_Fail_LOW_bin_2-5    9.5777e+03    9.5777e+03 +/-  9.86e+01  <none>
  Background_Fail_LOW_bin_2-6    1.4289e+03    1.4289e+03 +/-  3.78e+01  <none>
  Background_Fail_LOW_bin_2-7    1.2532e+02    1.2534e+02 +/-  1.16e+01  <none>
  Background_Fail_SIG_bin_1-1    5.8348e+04    5.8347e+04 +/-  2.38e+02  <none>
  Background_Fail_SIG_bin_1-2    4.4445e+04    4.4445e+04 +/-  2.10e+02  <none>
  Background_Fail_SIG_bin_1-3    2.6853e+04    2.6853e+04 +/-  1.65e+02  <none>
  Background_Fail_SIG_bin_1-4    1.5653e+04    1.5653e+04 +/-  1.26e+02  <none>
  Background_Fail_SIG_bin_1-5    5.1976e+03    5.1976e+03 +/-  7.12e+01  <none>
  Background_Fail_SIG_bin_1-6    1.0314e+03    1.0314e+03 +/-  3.32e+01  <none>
  Background_Fail_SIG_bin_1-7    1.2254e+02    1.2254e+02 +/-  1.08e+01  <none>
  Background_Fail_SIG_bin_1-8    5.3299e+00    5.3288e+00 +/-  2.33e+00  <none>
  Background_Fail_SIG_bin_2-1    4.8703e+04    4.8703e+04 +/-  2.17e+02  <none>
  Background_Fail_SIG_bin_2-2    3.7163e+04    3.7163e+04 +/-  1.92e+02  <none>
  Background_Fail_SIG_bin_2-3    2.2893e+04    2.2893e+04 +/-  1.51e+02  <none>
  Background_Fail_SIG_bin_2-4    1.3654e+04    1.3654e+04 +/-  1.21e+02  <none>
  Background_Fail_SIG_bin_2-5    4.7640e+03    4.7640e+03 +/-  6.91e+01  <none>
  Background_Fail_SIG_bin_2-6    1.0694e+03    1.0694e+03 +/-  3.19e+01  <none>
  Background_Fail_SIG_bin_2-7    1.3091e+02    1.3090e+02 +/-  1.19e+01  <none>
  Background_Fail_SIG_bin_2-8    3.3514e+00    3.3504e+00 +/-  1.90e+00  <none>
  Background_Fail_SIG_bin_3-1    4.1034e+04    4.1034e+04 +/-  1.99e+02  <none>
  Background_Fail_SIG_bin_3-2    3.1503e+04    3.1503e+04 +/-  1.75e+02  <none>
  Background_Fail_SIG_bin_3-3    1.8845e+04    1.8845e+04 +/-  1.39e+02  <none>
  Background_Fail_SIG_bin_3-4    1.1520e+04    1.1520e+04 +/-  1.09e+02  <none>
  Background_Fail_SIG_bin_3-5    4.2186e+03    4.2186e+03 +/-  6.42e+01  <none>
  Background_Fail_SIG_bin_3-6    1.0537e+03    1.0537e+03 +/-  3.17e+01  <none>
  Background_Fail_SIG_bin_3-7    1.4944e+02    1.4943e+02 +/-  1.28e+01  <none>
  Background_Fail_SIG_bin_3-8    3.4647e+00    3.4634e+00 +/-  1.90e+00  <none>
  Background_Fail_SIG_bin_4-1    3.4411e+04    3.4411e+04 +/-  1.83e+02  <none>
  Background_Fail_SIG_bin_4-2    2.6225e+04    2.6224e+04 +/-  1.60e+02  <none>
  Background_Fail_SIG_bin_4-3    1.6116e+04    1.6116e+04 +/-  1.26e+02  <none>
  Background_Fail_SIG_bin_4-4    9.7082e+03    9.7082e+03 +/-  9.89e+01  <none>
  Background_Fail_SIG_bin_4-5    3.6443e+03    3.6443e+03 +/-  6.01e+01  <none>
  Background_Fail_SIG_bin_4-6    1.0752e+03    1.0752e+03 +/-  3.20e+01  <none>
  Background_Fail_SIG_bin_4-7    2.1517e+02    2.1516e+02 +/-  1.43e+01  <none>
  Background_Fail_SIG_bin_4-8    6.5158e+00    6.5145e+00 +/-  2.52e+00  <none>
  Background_Fail_SIG_bin_5-1    2.9417e+04    2.9417e+04 +/-  1.68e+02  <none>
  Background_Fail_SIG_bin_5-2    2.2694e+04    2.2694e+04 +/-  1.49e+02  <none>
  Background_Fail_SIG_bin_5-3    1.3602e+04    1.3602e+04 +/-  1.17e+02  <none>
  Background_Fail_SIG_bin_5-4    8.3274e+03    8.3274e+03 +/-  9.08e+01  <none>
  Background_Fail_SIG_bin_5-5    3.1897e+03    3.1896e+03 +/-  5.58e+01  <none>
  Background_Fail_SIG_bin_5-6    1.0357e+03    1.0357e+03 +/-  3.14e+01  <none>
  Background_Fail_SIG_bin_5-7    2.7097e+02    2.7097e+02 +/-  1.62e+01  <none>
  Background_Fail_SIG_bin_5-8    6.4569e+00    6.4556e+00 +/-  2.52e+00  <none>
  Background_rpf_1x0_par0    5.4306e-02    5.4306e-02 +/-  4.85e-04  <none>
  Background_rpf_1x0_par1   -2.5140e-02   -2.5138e-02 +/-  1.43e-03  <none>
                     F   -1.3198e-02   -1.3113e-02 +/-  1.40e-01  <none>
                   JER   -1.9520e-01   -1.9539e-01 +/-  2.74e-01  <none>
                   JES   -1.5501e-01   -1.5519e-01 +/-  9.51e-02  <none>
                   JMR    2.1690e+00    2.1688e+00 +/-  2.74e-01  <none>
                   JMS   -9.9949e-02   -1.0002e-01 +/-  9.23e-02  <none>
                PS_FSR   -2.5544e-02   -2.5673e-02 +/-  6.47e-02  <none>
                PS_ISR   -1.8395e-01   -1.8421e-01 +/-  2.12e-01  <none>
                     R   -5.3053e-01   -5.3026e-01 +/-  3.20e-01  <none>
                    RF   -1.8828e-01   -1.8812e-01 +/-  1.97e-01  <none>
                  btag    7.4002e-02    7.3829e-02 +/-  1.53e-01  <none>
                  lumi    4.8025e-01    4.8040e-01 +/-  9.92e-01  <none>
                   pdf   -2.2958e-02   -2.3179e-02 +/-  1.46e-01  <none>
                pileup   -6.1876e-03   -6.3908e-03 +/-  1.37e-01  <none>
               prefire   -4.9938e-03   -4.9172e-03 +/-  1.45e-01  <none>
                     r    1.0000e+00    1.0000e+00 +/-  9.45e-02  <none>
              top_ptrw    7.1955e-05   -7.3916e-08 +/-  1.39e-01  <none>
            ttbar_xsec    5.5953e+00    5.5954e+00 +/-  3.80e-01  <none>

Robus Fit for POI 
Set default minimizer to Minuit2, algorithm Migrad, tolerance 0.1
Searching for crossing at nll = -34643.9 in the interval 1, 5
  [WARNING] Found [Background_Fail_LOW_bin_1-1] at boundary. 
  [WARNING] Found [Background_Fail_LOW_bin_1-2] at boundary. 
  [WARNING] Found [Background_Fail_LOW_bin_1-3] at boundary. 
  [WARNING] Found [Background_Fail_LOW_bin_1-4] at boundary. 
  [WARNING] Found [Background_Fail_LOW_bin_1-5] at boundary. 
  [WARNING] Found [Background_Fail_LOW_bin_1-6] at boundary. 
  [WARNING] Found [Background_Fail_LOW_bin_1-7] at boundary. 
 [WARNING] After the fit some parameters are at their boundary.
 [WARNING] Are you sure your model is correct?
      r      lvl-here  lvl-there   stepping
 [WARNING] After the fit some parameters are at their boundary.
 [WARNING] Are you sure your model is correct?
1.400000    -1.63959  +0.49448    0.400000
 [WARNING] After the fit some parameters are at their boundary.
 [WARNING] Are you sure your model is correct?
1.120000    -0.13478  -1.63959    0.120000
 [WARNING] After the fit some parameters are at their boundary.
 [WARNING] Are you sure your model is correct?
1.036000    +0.30670  -0.13478    0.036000
 [WARNING] After the fit some parameters are at their boundary.
 [WARNING] Are you sure your model is correct?
1.072000    +0.11799  +0.30670    0.036000
 [WARNING] After the fit some parameters are at their boundary.
 [WARNING] Are you sure your model is correct?
1.108000    -0.07163  +0.11799    0.036000
 [WARNING] After the fit some parameters are at their boundary.
 [WARNING] Are you sure your model is correct?
1.082800    +0.06124  -0.07163    0.010800
 [WARNING] After the fit some parameters are at their boundary.
 [WARNING] Are you sure your model is correct?
1.093600    +0.00440  +0.06124    0.010800
 [WARNING] After the fit some parameters are at their boundary.
 [WARNING] Are you sure your model is correct?
1.104400    -0.05251  +0.00440    0.010800
 [WARNING] After the fit some parameters are at their boundary.
 [WARNING] Are you sure your model is correct?
1.096840    -0.01263  -0.05251    0.003240
 [WARNING] After the fit some parameters are at their boundary.
 [WARNING] Are you sure your model is correct?
1.094572    -0.00068  -0.01263    0.000972
 [WARNING] After the fit some parameters are at their boundary.
 [WARNING] Are you sure your model is correct?
1.093892    +0.00291  -0.00068    0.000292
 [WARNING] After the fit some parameters are at their boundary.
 [WARNING] Are you sure your model is correct?
1.094183    +0.00141  +0.00291    0.000292
 [WARNING] After the fit some parameters are at their boundary.
 [WARNING] Are you sure your model is correct?
1.094475    -0.00010  +0.00141    0.000292
Set default minimizer to Minuit2, algorithm Migrad, tolerance 0.1
Searching for crossing at nll = -34643.9 in the interval 1, 1
 [WARNING] After the fit some parameters are at their boundary.
 [WARNING] Are you sure your model is correct?
      r      lvl-here  lvl-there   stepping
 [WARNING] After the fit some parameters are at their boundary.
 [WARNING] Are you sure your model is correct?
1.000000    +0.49449  +0.49448    -0.000000
Error: closed range without finding crossing.

  RooFitResult: minimized FCN value: -4.27956e-05, estimated distance to minimum: 6.62955e-05
                covariance matrix quality: Full, accurate covariance matrix
                Status : MINIMIZE=0 HESSE=0 

    Constant Parameter    Value     
  --------------------  ------------
                  F_In    0.0000e+00
                JER_In    0.0000e+00
                JES_In    0.0000e+00
                JMR_In    0.0000e+00
                JMS_In    0.0000e+00
             PS_FSR_In    0.0000e+00
             PS_ISR_In    0.0000e+00
                 RF_In    0.0000e+00
                  R_In    0.0000e+00
               btag_In    0.0000e+00
               lumi_In    0.0000e+00
  n_exp_binFail_HIGH_proc_Background    1.0000e+00
  n_exp_binFail_LOW_proc_Background    1.0000e+00
  n_exp_binFail_SIG_proc_Background    1.0000e+00
  n_exp_binLoose_HIGH_proc_Background_1x0    1.0000e+00
  n_exp_binLoose_LOW_proc_Background_1x0    1.0000e+00
  n_exp_binLoose_SIG_proc_Background_1x0    1.0000e+00
                pdf_In    0.0000e+00
             pileup_In    0.0000e+00
            prefire_In    0.0000e+00
           top_ptrw_In    0.0000e+00
         ttbar_xsec_In    0.0000e+00

    Floating Parameter  InitialValue    FinalValue (+HiError,-LoError)    GblCorr.
  --------------------  ------------  ----------------------------------  --------
  Background_Fail_HIGH_bin_1-1    9.4543e+04    9.4542e+04         +/-  3.02e+02  <none>
  Background_Fail_HIGH_bin_1-2    7.0727e+04    7.0727e+04         +/-  2.64e+02  <none>
  Background_Fail_HIGH_bin_1-3    4.2992e+04    4.2992e+04         +/-  2.07e+02  <none>
  Background_Fail_HIGH_bin_1-4    2.6934e+04    2.6934e+04         +/-  1.62e+02  <none>
  Background_Fail_HIGH_bin_1-5    1.0877e+04    1.0877e+04         +/-  1.03e+02  <none>
  Background_Fail_HIGH_bin_1-6    3.8415e+03    3.8415e+03         +/-  6.06e+01  <none>
  Background_Fail_HIGH_bin_1-7    1.3455e+03    1.3455e+03         +/-  3.64e+01  <none>
  Background_Fail_HIGH_bin_1-8    4.4658e+01    4.4656e+01         +/-  6.54e+00  <none>
  Background_Fail_HIGH_bin_2-1    4.5088e+04    4.5088e+04         +/-  2.09e+02  <none>
  Background_Fail_HIGH_bin_2-2    3.2696e+04    3.2696e+04         +/-  1.79e+02  <none>
  Background_Fail_HIGH_bin_2-3    1.9424e+04    1.9424e+04         +/-  1.38e+02  <none>
  Background_Fail_HIGH_bin_2-4    1.2235e+04    1.2235e+04         +/-  1.10e+02  <none>
  Background_Fail_HIGH_bin_2-5    5.3675e+03    5.3675e+03         +/-  7.22e+01  <none>
  Background_Fail_HIGH_bin_2-6    2.2448e+03    2.2448e+03         +/-  4.63e+01  <none>
  Background_Fail_HIGH_bin_2-7    1.2270e+03    1.2270e+03         +/-  3.42e+01  <none>
  Background_Fail_HIGH_bin_2-8    9.7441e+01    9.7439e+01         +/-  9.66e+00  <none>
  Background_Fail_HIGH_bin_3-1    2.2459e+04    2.2459e+04         +/-  1.47e+02  <none>
  Background_Fail_HIGH_bin_3-2    1.6107e+04    1.6107e+04         +/-  1.25e+02  <none>
  Background_Fail_HIGH_bin_3-3    9.3529e+03    9.3528e+03         +/-  9.71e+01  <none>
  Background_Fail_HIGH_bin_3-4    6.1998e+03    6.1999e+03         +/-  7.85e+01  <none>
  Background_Fail_HIGH_bin_3-5    2.6950e+03    2.6950e+03         +/-  5.09e+01  <none>
  Background_Fail_HIGH_bin_3-6    1.0977e+03    1.0977e+03         +/-  3.27e+01  <none>
  Background_Fail_HIGH_bin_3-7    7.8897e+02    7.8896e+02         +/-  2.75e+01  <none>
  Background_Fail_HIGH_bin_3-8    1.2646e+02    1.2646e+02         +/-  1.10e+01  <none>
  Background_Fail_HIGH_bin_4-1    1.1608e+04    1.1608e+04         +/-  1.06e+02  <none>
  Background_Fail_HIGH_bin_4-2    8.1087e+03    8.1087e+03         +/-  8.83e+01  <none>
  Background_Fail_HIGH_bin_4-3    4.7760e+03    4.7760e+03         +/-  6.78e+01  <none>
  Background_Fail_HIGH_bin_4-4    3.0456e+03    3.0456e+03         +/-  5.47e+01  <none>
  Background_Fail_HIGH_bin_4-5    1.4215e+03    1.4215e+03         +/-  3.70e+01  <none>
  Background_Fail_HIGH_bin_4-6    6.1750e+02    6.1750e+02         +/-  2.44e+01  <none>
  Background_Fail_HIGH_bin_4-7    4.7167e+02    4.7167e+02         +/-  2.13e+01  <none>
  Background_Fail_HIGH_bin_4-8    1.2386e+02    1.2386e+02         +/-  1.09e+01  <none>
  Background_Fail_HIGH_bin_5-1    6.0077e+03    6.0078e+03         +/-  7.62e+01  <none>
  Background_Fail_HIGH_bin_5-2    4.1211e+03    4.1211e+03         +/-  6.30e+01  <none>
  Background_Fail_HIGH_bin_5-3    2.3184e+03    2.3184e+03         +/-  4.75e+01  <none>
  Background_Fail_HIGH_bin_5-4    1.5645e+03    1.5645e+03         +/-  3.88e+01  <none>
  Background_Fail_HIGH_bin_5-5    7.3931e+02    7.3931e+02         +/-  2.68e+01  <none>
  Background_Fail_HIGH_bin_5-6    3.2237e+02    3.2237e+02         +/-  1.77e+01  <none>
  Background_Fail_HIGH_bin_5-7    2.7877e+02    2.7877e+02         +/-  1.64e+01  <none>
  Background_Fail_HIGH_bin_5-8    8.1794e+01    8.1792e+01         +/-  8.88e+00  <none>
  Background_Fail_HIGH_bin_6-1    3.2053e+03    3.2053e+03         +/-  5.57e+01  <none>
  Background_Fail_HIGH_bin_6-2    2.1310e+03    2.1310e+03         +/-  4.54e+01  <none>
  Background_Fail_HIGH_bin_6-3    1.2254e+03    1.2254e+03         +/-  3.44e+01  <none>
  Background_Fail_HIGH_bin_6-4    8.3906e+02    8.3907e+02         +/-  2.85e+01  <none>
  Background_Fail_HIGH_bin_6-5    3.6901e+02    3.6901e+02         +/-  1.89e+01  <none>
  Background_Fail_HIGH_bin_6-6    2.0882e+02    2.0882e+02         +/-  1.42e+01  <none>
  Background_Fail_HIGH_bin_6-7    1.5994e+02    1.5994e+02         +/-  1.24e+01  <none>
  Background_Fail_HIGH_bin_6-8    6.1711e+01    6.1710e+01         +/-  7.72e+00  <none>
  Background_Fail_HIGH_bin_7-1    2.4880e+03    2.4880e+03         +/-  4.92e+01  <none>
  Background_Fail_HIGH_bin_7-2    1.5766e+03    1.5766e+03         +/-  3.95e+01  <none>
  Background_Fail_HIGH_bin_7-3    9.0126e+02    9.0127e+02         +/-  2.96e+01  <none>
  Background_Fail_HIGH_bin_7-4    6.5800e+02    6.5800e+02         +/-  2.53e+01  <none>
  Background_Fail_HIGH_bin_7-5    3.4006e+02    3.4006e+02         +/-  1.82e+01  <none>
  Background_Fail_HIGH_bin_7-6    1.6174e+02    1.6174e+02         +/-  1.25e+01  <none>
  Background_Fail_HIGH_bin_7-7    1.4998e+02    1.4998e+02         +/-  1.21e+01  <none>
  Background_Fail_HIGH_bin_7-8    3.7606e+01    3.7605e+01         +/-  6.06e+00  <none>
  Background_Fail_LOW_bin_1-1    1.0784e-06    1.0133e-06         +/-  4.75e-01  <none>
  Background_Fail_LOW_bin_1-2    1.0784e-06    1.0133e-06         +/-  4.75e-01  <none>
  Background_Fail_LOW_bin_1-3    1.0784e-06    1.0168e-06         +/-  4.75e-01  <none>
  Background_Fail_LOW_bin_1-4    1.0784e-06    1.0223e-06         +/-  4.74e-01  <none>
  Background_Fail_LOW_bin_1-5    1.0784e-06    1.0536e-06         +/-  4.75e-01  <none>
  Background_Fail_LOW_bin_1-6    1.0784e-06    1.0184e-06         +/-  4.75e-01  <none>
  Background_Fail_LOW_bin_1-7    1.0784e-06    1.0103e-06         +/-  4.75e-01  <none>
  Background_Fail_LOW_bin_2-1    1.2267e+05    1.2267e+05         +/-  3.45e+02  <none>
  Background_Fail_LOW_bin_2-2    9.5405e+04    9.5404e+04         +/-  3.08e+02  <none>
  Background_Fail_LOW_bin_2-3    5.7837e+04    5.7837e+04         +/-  2.41e+02  <none>
  Background_Fail_LOW_bin_2-4    3.2822e+04    3.2823e+04         +/-  1.86e+02  <none>
  Background_Fail_LOW_bin_2-5    9.5777e+03    9.5777e+03         +/-  9.86e+01  <none>
  Background_Fail_LOW_bin_2-6    1.4289e+03    1.4289e+03         +/-  3.78e+01  <none>
  Background_Fail_LOW_bin_2-7    1.2532e+02    1.2534e+02         +/-  1.16e+01  <none>
  Background_Fail_SIG_bin_1-1    5.8348e+04    5.8347e+04         +/-  2.38e+02  <none>
  Background_Fail_SIG_bin_1-2    4.4445e+04    4.4445e+04         +/-  2.10e+02  <none>
  Background_Fail_SIG_bin_1-3    2.6853e+04    2.6853e+04         +/-  1.65e+02  <none>
  Background_Fail_SIG_bin_1-4    1.5653e+04    1.5653e+04         +/-  1.26e+02  <none>
  Background_Fail_SIG_bin_1-5    5.1976e+03    5.1976e+03         +/-  7.12e+01  <none>
  Background_Fail_SIG_bin_1-6    1.0314e+03    1.0314e+03         +/-  3.32e+01  <none>
  Background_Fail_SIG_bin_1-7    1.2254e+02    1.2254e+02         +/-  1.08e+01  <none>
  Background_Fail_SIG_bin_1-8    5.3299e+00    5.3288e+00         +/-  2.33e+00  <none>
  Background_Fail_SIG_bin_2-1    4.8703e+04    4.8703e+04         +/-  2.17e+02  <none>
  Background_Fail_SIG_bin_2-2    3.7163e+04    3.7163e+04         +/-  1.92e+02  <none>
  Background_Fail_SIG_bin_2-3    2.2893e+04    2.2893e+04         +/-  1.51e+02  <none>
  Background_Fail_SIG_bin_2-4    1.3654e+04    1.3654e+04         +/-  1.21e+02  <none>
  Background_Fail_SIG_bin_2-5    4.7640e+03    4.7640e+03         +/-  6.91e+01  <none>
  Background_Fail_SIG_bin_2-6    1.0694e+03    1.0694e+03         +/-  3.19e+01  <none>
  Background_Fail_SIG_bin_2-7    1.3091e+02    1.3090e+02         +/-  1.19e+01  <none>
  Background_Fail_SIG_bin_2-8    3.3514e+00    3.3504e+00         +/-  1.90e+00  <none>
  Background_Fail_SIG_bin_3-1    4.1034e+04    4.1034e+04         +/-  1.99e+02  <none>
  Background_Fail_SIG_bin_3-2    3.1503e+04    3.1503e+04         +/-  1.75e+02  <none>
  Background_Fail_SIG_bin_3-3    1.8845e+04    1.8845e+04         +/-  1.39e+02  <none>
  Background_Fail_SIG_bin_3-4    1.1520e+04    1.1520e+04         +/-  1.09e+02  <none>
  Background_Fail_SIG_bin_3-5    4.2186e+03    4.2186e+03         +/-  6.42e+01  <none>
  Background_Fail_SIG_bin_3-6    1.0537e+03    1.0537e+03         +/-  3.17e+01  <none>
  Background_Fail_SIG_bin_3-7    1.4944e+02    1.4943e+02         +/-  1.28e+01  <none>
  Background_Fail_SIG_bin_3-8    3.4647e+00    3.4634e+00         +/-  1.90e+00  <none>
  Background_Fail_SIG_bin_4-1    3.4411e+04    3.4411e+04         +/-  1.83e+02  <none>
  Background_Fail_SIG_bin_4-2    2.6225e+04    2.6224e+04         +/-  1.60e+02  <none>
  Background_Fail_SIG_bin_4-3    1.6116e+04    1.6116e+04         +/-  1.26e+02  <none>
  Background_Fail_SIG_bin_4-4    9.7082e+03    9.7082e+03         +/-  9.89e+01  <none>
  Background_Fail_SIG_bin_4-5    3.6443e+03    3.6443e+03         +/-  6.01e+01  <none>
  Background_Fail_SIG_bin_4-6    1.0752e+03    1.0752e+03         +/-  3.20e+01  <none>
  Background_Fail_SIG_bin_4-7    2.1517e+02    2.1516e+02         +/-  1.43e+01  <none>
  Background_Fail_SIG_bin_4-8    6.5158e+00    6.5145e+00         +/-  2.52e+00  <none>
  Background_Fail_SIG_bin_5-1    2.9417e+04    2.9417e+04         +/-  1.68e+02  <none>
  Background_Fail_SIG_bin_5-2    2.2694e+04    2.2694e+04         +/-  1.49e+02  <none>
  Background_Fail_SIG_bin_5-3    1.3602e+04    1.3602e+04         +/-  1.17e+02  <none>
  Background_Fail_SIG_bin_5-4    8.3274e+03    8.3274e+03         +/-  9.08e+01  <none>
  Background_Fail_SIG_bin_5-5    3.1897e+03    3.1896e+03         +/-  5.58e+01  <none>
  Background_Fail_SIG_bin_5-6    1.0357e+03    1.0357e+03         +/-  3.14e+01  <none>
  Background_Fail_SIG_bin_5-7    2.7097e+02    2.7097e+02         +/-  1.62e+01  <none>
  Background_Fail_SIG_bin_5-8    6.4569e+00    6.4556e+00         +/-  2.52e+00  <none>
  Background_rpf_1x0_par0    5.4306e-02    5.4306e-02         +/-  4.85e-04  <none>
  Background_rpf_1x0_par1   -2.5140e-02   -2.5138e-02         +/-  1.43e-03  <none>
                     F   -1.3198e-02   -1.3113e-02         +/-  1.40e-01  <none>
                   JER   -1.9520e-01   -1.9539e-01         +/-  2.74e-01  <none>
                   JES   -1.5501e-01   -1.5519e-01         +/-  9.51e-02  <none>
                   JMR    2.1690e+00    2.1688e+00         +/-  2.74e-01  <none>
                   JMS   -9.9949e-02   -1.0002e-01         +/-  9.23e-02  <none>
                PS_FSR   -2.5544e-02   -2.5673e-02         +/-  6.47e-02  <none>
                PS_ISR   -1.8395e-01   -1.8421e-01         +/-  2.12e-01  <none>
                     R   -5.3053e-01   -5.3026e-01         +/-  3.20e-01  <none>
                    RF   -1.8828e-01   -1.8812e-01         +/-  1.97e-01  <none>
                  btag    7.4002e-02    7.3829e-02         +/-  1.53e-01  <none>
                  lumi    4.8025e-01    4.8040e-01         +/-  9.92e-01  <none>
                   pdf   -2.2958e-02   -2.3179e-02         +/-  1.46e-01  <none>
                pileup   -6.1876e-03   -6.3908e-03         +/-  1.37e-01  <none>
               prefire   -4.9938e-03   -4.9172e-03         +/-  1.45e-01  <none>
                     r    1.0000e+00    1.0000e+00 (+9.44e-02,--0.00e+00)  <none>
              top_ptrw    7.1955e-05   -7.3916e-08         +/-  1.39e-01  <none>
            ttbar_xsec    5.5953e+00    5.5954e+00         +/-  3.80e-01  <none>


 --- FitDiagnostics ---
Best fit r: 1  -2.25819e-13/+0.0943795  (68% CL)
Done in 0.06 min (cpu), 0.06 min (real)
Printing Message Summary From ... combine_logger.out
----------------------------------------------
Messages of type INFO : 230
Messages of type DEBUG : 2
Messages of type ERROR : 1
----------------------------------------------
INFO: (function: applyOptionsBase) FitterAlgoBase.cc: 113 -- Setting robust fit options to Tolerance=0.1 / Strategy=0 / Type,Algo=Minuit2,Migrad (note that defaults of CascadeMinimizer were taken where option not specified)
INFO: (function: improveOnce) CascadeMinimizer.cc: 188 -- Minimisation configured with Type=Minuit2, Algo=Migrad, strategy=0, tolerance=0.1
INFO: (function: improveOnce) CascadeMinimizer.cc: 211 -- Minimisation finished with status=0
INFO: (function: improveOnce) CascadeMinimizer.cc: 216 -- Minimization success! status=0
INFO: (function: improveOnce) CascadeMinimizer.cc: 188 -- Minimisation configured with Type=Minuit2, Algo=Migrad, strategy=0, tolerance=0.1
INFO: (function: improveOnce) CascadeMinimizer.cc: 211 -- Minimisation finished with status=0
INFO: (function: improveOnce) CascadeMinimizer.cc: 216 -- Minimization success! status=0
INFO: (function: improveOnce) CascadeMinimizer.cc: 188 -- Minimisation configured with Type=Minuit2, Algo=Migrad, strategy=0, tolerance=0.1
INFO: (function: improveOnce) CascadeMinimizer.cc: 211 -- Minimisation finished with status=0
INFO: (function: improveOnce) CascadeMinimizer.cc: 216 -- Minimization success! status=0
INFO: (function: anyParameterAtBoundaries) utils.cc: 1039 -- Found parameter Background_Fail_LOW_bin_1-1 at boundary (within ~1sigma): 1.26856e-06+/-0.453185
INFO: (function: anyParameterAtBoundaries) utils.cc: 1039 -- Found parameter Background_Fail_LOW_bin_1-2 at boundary (within ~1sigma): 1.26856e-06+/-0.453185
INFO: (function: anyParameterAtBoundaries) utils.cc: 1039 -- Found parameter Background_Fail_LOW_bin_1-3 at boundary (within ~1sigma): 1.26856e-06+/-0.453185
INFO: (function: anyParameterAtBoundaries) utils.cc: 1039 -- Found parameter Background_Fail_LOW_bin_1-4 at boundary (within ~1sigma): 1.26856e-06+/-0.453185
INFO: (function: anyParameterAtBoundaries) utils.cc: 1039 -- Found parameter Background_Fail_LOW_bin_1-5 at boundary (within ~1sigma): 1.26856e-06+/-0.453185
INFO: (function: anyParameterAtBoundaries) utils.cc: 1039 -- Found parameter Background_Fail_LOW_bin_1-6 at boundary (within ~1sigma): 1.26856e-06+/-0.453185
INFO: (function: anyParameterAtBoundaries) utils.cc: 1039 -- Found parameter Background_Fail_LOW_bin_1-7 at boundary (within ~1sigma): 1.26856e-06+/-0.453185
INFO: (function: minimize) CascadeMinimizer.cc: 480 -- After fit, some parameters are found at the boundary (within ~1sigma)
INFO: (function: improveOnce) CascadeMinimizer.cc: 188 -- Minimisation configured with Type=Minuit2, Algo=Migrad, strategy=0, tolerance=0.1
INFO: (function: improveOnce) CascadeMinimizer.cc: 211 -- Minimisation finished with status=0
INFO: (function: improveOnce) CascadeMinimizer.cc: 216 -- Minimization success! status=0
DEBUG: (function: runSpecific) FitDiagnostics.cc: 318 -- Fit B-only, status = 0, numBadNLL = 0, covariance quality = 3
INFO: (function: improveOnce) CascadeMinimizer.cc: 188 -- Minimisation configured with Type=Minuit2, Algo=Migrad, strategy=0, tolerance=0.1
INFO: (function: improveOnce) CascadeMinimizer.cc: 211 -- Minimisation finished with status=0
INFO: (function: improveOnce) CascadeMinimizer.cc: 216 -- Minimization success! status=0
INFO: (function: anyParameterAtBoundaries) utils.cc: 1039 -- Found parameter Background_Fail_LOW_bin_1-1 at boundary (within ~1sigma): 1.07838e-06+/-0.453572
INFO: (function: anyParameterAtBoundaries) utils.cc: 1039 -- Found parameter Background_Fail_LOW_bin_1-2 at boundary (within ~1sigma): 1.07838e-06+/-0.453572
INFO: (function: anyParameterAtBoundaries) utils.cc: 1039 -- Found parameter Background_Fail_LOW_bin_1-3 at boundary (within ~1sigma): 1.07838e-06+/-0.453572
INFO: (function: anyParameterAtBoundaries) utils.cc: 1039 -- Found parameter Background_Fail_LOW_bin_1-4 at boundary (within ~1sigma): 1.07838e-06+/-0.453572
INFO: (function: anyParameterAtBoundaries) utils.cc: 1039 -- Found parameter Background_Fail_LOW_bin_1-5 at boundary (within ~1sigma): 1.07838e-06+/-0.453572
INFO: (function: anyParameterAtBoundaries) utils.cc: 1039 -- Found parameter Background_Fail_LOW_bin_1-6 at boundary (within ~1sigma): 1.07838e-06+/-0.453572
INFO: (function: anyParameterAtBoundaries) utils.cc: 1039 -- Found parameter Background_Fail_LOW_bin_1-7 at boundary (within ~1sigma): 1.07838e-06+/-0.453572
INFO: (function: minimize) CascadeMinimizer.cc: 480 -- After fit, some parameters are found at the boundary (within ~1sigma)
INFO: (function: improveOnce) CascadeMinimizer.cc: 188 -- Minimisation configured with Type=Minuit2, Algo=Migrad, strategy=0, tolerance=0.1
INFO: (function: improveOnce) CascadeMinimizer.cc: 211 -- Minimisation finished with status=0
INFO: (function: improveOnce) CascadeMinimizer.cc: 216 -- Minimization success! status=0
INFO: (function: doFit) FitterAlgoBase.cc: 359 -- Running RobustFit for POI r. Configured with strategy 0  
INFO: (function: findCrossing) FitterAlgoBase.cc: 405 -- Searching for crossing at nll = -34643.9, in the interval 1 < r < 5
INFO: (function: improveOnce) CascadeMinimizer.cc: 188 -- Minimisation configured with Type=Minuit2, Algo=Migrad, strategy=0, tolerance=0.1
INFO: (function: improveOnce) CascadeMinimizer.cc: 211 -- Minimisation finished with status=0
INFO: (function: improveOnce) CascadeMinimizer.cc: 216 -- Minimization success! status=0
INFO: (function: anyParameterAtBoundaries) utils.cc: 1039 -- Found parameter Background_Fail_LOW_bin_1-1 at boundary (within ~1sigma): 1.03025e-06+/-0.474521
INFO: (function: anyParameterAtBoundaries) utils.cc: 1039 -- Found parameter Background_Fail_LOW_bin_1-2 at boundary (within ~1sigma): 1.03025e-06+/-0.474521
INFO: (function: anyParameterAtBoundaries) utils.cc: 1039 -- Found parameter Background_Fail_LOW_bin_1-3 at boundary (within ~1sigma): 1.00211e-06+/-0.474566
INFO: (function: anyParameterAtBoundaries) utils.cc: 1039 -- Found parameter Background_Fail_LOW_bin_1-4 at boundary (within ~1sigma): 1.02615e-06+/-0.474525
INFO: (function: anyParameterAtBoundaries) utils.cc: 1039 -- Found parameter Background_Fail_LOW_bin_1-5 at boundary (within ~1sigma): 1.00067e-06+/-0.474573
INFO: (function: anyParameterAtBoundaries) utils.cc: 1039 -- Found parameter Background_Fail_LOW_bin_1-6 at boundary (within ~1sigma): 1.01088e-06+/-0.474618
INFO: (function: anyParameterAtBoundaries) utils.cc: 1039 -- Found parameter Background_Fail_LOW_bin_1-7 at boundary (within ~1sigma): 1.00405e-06+/-0.474604
INFO: (function: minimize) CascadeMinimizer.cc: 480 -- After fit, some parameters are found at the boundary (within ~1sigma)
INFO: (function: findCrossing) FitterAlgoBase.cc: 426 -- r lvl-here lvl-there 	stepping 
INFO: (function: improveOnce) CascadeMinimizer.cc: 188 -- Minimisation configured with Type=Minuit2, Algo=Migrad, strategy=0, tolerance=0.1
INFO: (function: improveOnce) CascadeMinimizer.cc: 211 -- Minimisation finished with status=0
INFO: (function: improveOnce) CascadeMinimizer.cc: 216 -- Minimization success! status=0
INFO: (function: anyParameterAtBoundaries) utils.cc: 1039 -- Found parameter Background_Fail_LOW_bin_1-1 at boundary (within ~1sigma): 2.7113e-06+/-0.471222
INFO: (function: anyParameterAtBoundaries) utils.cc: 1039 -- Found parameter Background_Fail_LOW_bin_1-2 at boundary (within ~1sigma): 2.7113e-06+/-0.471222
INFO: (function: anyParameterAtBoundaries) utils.cc: 1039 -- Found parameter Background_Fail_LOW_bin_1-3 at boundary (within ~1sigma): 2.7244e-06+/-0.471197
INFO: (function: anyParameterAtBoundaries) utils.cc: 1039 -- Found parameter Background_Fail_LOW_bin_1-4 at boundary (within ~1sigma): 2.58856e-06+/-0.471426
INFO: (function: anyParameterAtBoundaries) utils.cc: 1039 -- Found parameter Background_Fail_LOW_bin_1-5 at boundary (within ~1sigma): 2.56936e-06+/-0.471458
INFO: (function: anyParameterAtBoundaries) utils.cc: 1039 -- Found parameter Background_Fail_LOW_bin_1-6 at boundary (within ~1sigma): 2.58418e-06+/-0.471432
INFO: (function: anyParameterAtBoundaries) utils.cc: 1039 -- Found parameter Background_Fail_LOW_bin_1-7 at boundary (within ~1sigma): 2.75249e-06+/-0.471152
INFO: (function: minimize) CascadeMinimizer.cc: 480 -- After fit, some parameters are found at the boundary (within ~1sigma)
INFO: (function: findCrossing) FitterAlgoBase.cc: 459 -- 1.400000    -1.63959  +0.49448    0.400000
INFO: (function: improveOnce) CascadeMinimizer.cc: 188 -- Minimisation configured with Type=Minuit2, Algo=Migrad, strategy=0, tolerance=0.1
INFO: (function: improveOnce) CascadeMinimizer.cc: 211 -- Minimisation finished with status=0
INFO: (function: improveOnce) CascadeMinimizer.cc: 216 -- Minimization success! status=0
INFO: (function: anyParameterAtBoundaries) utils.cc: 1039 -- Found parameter Background_Fail_LOW_bin_1-1 at boundary (within ~1sigma): 1.50898e-06+/-0.475124
INFO: (function: anyParameterAtBoundaries) utils.cc: 1039 -- Found parameter Background_Fail_LOW_bin_1-2 at boundary (within ~1sigma): 1.50898e-06+/-0.475124
INFO: (function: anyParameterAtBoundaries) utils.cc: 1039 -- Found parameter Background_Fail_LOW_bin_1-3 at boundary (within ~1sigma): 1.45997e-06+/-0.475076
INFO: (function: anyParameterAtBoundaries) utils.cc: 1039 -- Found parameter Background_Fail_LOW_bin_1-4 at boundary (within ~1sigma): 1.23331e-06+/-0.474843
INFO: (function: anyParameterAtBoundaries) utils.cc: 1039 -- Found parameter Background_Fail_LOW_bin_1-5 at boundary (within ~1sigma): 1.21605e-06+/-0.474825
INFO: (function: anyParameterAtBoundaries) utils.cc: 1039 -- Found parameter Background_Fail_LOW_bin_1-6 at boundary (within ~1sigma): 1.71759e-06+/-0.475326
INFO: (function: anyParameterAtBoundaries) utils.cc: 1039 -- Found parameter Background_Fail_LOW_bin_1-7 at boundary (within ~1sigma): 1.42799e-06+/-0.475044
INFO: (function: minimize) CascadeMinimizer.cc: 480 -- After fit, some parameters are found at the boundary (within ~1sigma)
INFO: (function: findCrossing) FitterAlgoBase.cc: 459 -- 1.120000    -0.13478  -1.63959    0.120000
INFO: (function: improveOnce) CascadeMinimizer.cc: 188 -- Minimisation configured with Type=Minuit2, Algo=Migrad, strategy=0, tolerance=0.1
INFO: (function: improveOnce) CascadeMinimizer.cc: 211 -- Minimisation finished with status=0
INFO: (function: improveOnce) CascadeMinimizer.cc: 216 -- Minimization success! status=0
INFO: (function: anyParameterAtBoundaries) utils.cc: 1039 -- Found parameter Background_Fail_LOW_bin_1-1 at boundary (within ~1sigma): 1.01449e-06+/-0.474536
INFO: (function: anyParameterAtBoundaries) utils.cc: 1039 -- Found parameter Background_Fail_LOW_bin_1-2 at boundary (within ~1sigma): 1.01449e-06+/-0.474536
INFO: (function: anyParameterAtBoundaries) utils.cc: 1039 -- Found parameter Background_Fail_LOW_bin_1-3 at boundary (within ~1sigma): 1.00938e-06+/-0.474542
INFO: (function: anyParameterAtBoundaries) utils.cc: 1039 -- Found parameter Background_Fail_LOW_bin_1-4 at boundary (within ~1sigma): 1.0494e-06+/-0.474519
INFO: (function: anyParameterAtBoundaries) utils.cc: 1039 -- Found parameter Background_Fail_LOW_bin_1-5 at boundary (within ~1sigma): 1.00666e-06+/-0.474546
INFO: (function: anyParameterAtBoundaries) utils.cc: 1039 -- Found parameter Background_Fail_LOW_bin_1-6 at boundary (within ~1sigma): 1.00022e-06+/-0.474569
INFO: (function: anyParameterAtBoundaries) utils.cc: 1039 -- Found parameter Background_Fail_LOW_bin_1-7 at boundary (within ~1sigma): 1.01144e-06+/-0.474539
INFO: (function: minimize) CascadeMinimizer.cc: 480 -- After fit, some parameters are found at the boundary (within ~1sigma)
INFO: (function: findCrossing) FitterAlgoBase.cc: 459 -- 1.036000    +0.30670  -0.13478    0.036000
INFO: (function: improveOnce) CascadeMinimizer.cc: 188 -- Minimisation configured with Type=Minuit2, Algo=Migrad, strategy=0, tolerance=0.1
INFO: (function: improveOnce) CascadeMinimizer.cc: 211 -- Minimisation finished with status=0
INFO: (function: improveOnce) CascadeMinimizer.cc: 216 -- Minimization success! status=0
INFO: (function: anyParameterAtBoundaries) utils.cc: 1039 -- Found parameter Background_Fail_LOW_bin_1-1 at boundary (within ~1sigma): 1e-06+/-0.474578
INFO: (function: anyParameterAtBoundaries) utils.cc: 1039 -- Found parameter Background_Fail_LOW_bin_1-2 at boundary (within ~1sigma): 1e-06+/-0.474578
INFO: (function: anyParameterAtBoundaries) utils.cc: 1039 -- Found parameter Background_Fail_LOW_bin_1-3 at boundary (within ~1sigma): 1.067e-06+/-0.474686
INFO: (function: anyParameterAtBoundaries) utils.cc: 1039 -- Found parameter Background_Fail_LOW_bin_1-4 at boundary (within ~1sigma): 1.01804e-06+/-0.474633
INFO: (function: anyParameterAtBoundaries) utils.cc: 1039 -- Found parameter Background_Fail_LOW_bin_1-5 at boundary (within ~1sigma): 1.07105e-06+/-0.474689
INFO: (function: anyParameterAtBoundaries) utils.cc: 1039 -- Found parameter Background_Fail_LOW_bin_1-6 at boundary (within ~1sigma): 1.02143e-06+/-0.474638
INFO: (function: anyParameterAtBoundaries) utils.cc: 1039 -- Found parameter Background_Fail_LOW_bin_1-7 at boundary (within ~1sigma): 1.01926e-06+/-0.474635
INFO: (function: minimize) CascadeMinimizer.cc: 480 -- After fit, some parameters are found at the boundary (within ~1sigma)
INFO: (function: findCrossing) FitterAlgoBase.cc: 459 -- 1.072000    +0.11799  +0.30670    0.036000
INFO: (function: improveOnce) CascadeMinimizer.cc: 188 -- Minimisation configured with Type=Minuit2, Algo=Migrad, strategy=0, tolerance=0.1
INFO: (function: improveOnce) CascadeMinimizer.cc: 211 -- Minimisation finished with status=0
INFO: (function: improveOnce) CascadeMinimizer.cc: 216 -- Minimization success! status=0
INFO: (function: anyParameterAtBoundaries) utils.cc: 1039 -- Found parameter Background_Fail_LOW_bin_1-1 at boundary (within ~1sigma): 1e-06+/-0.474551
INFO: (function: anyParameterAtBoundaries) utils.cc: 1039 -- Found parameter Background_Fail_LOW_bin_1-2 at boundary (within ~1sigma): 1e-06+/-0.474551
INFO: (function: anyParameterAtBoundaries) utils.cc: 1039 -- Found parameter Background_Fail_LOW_bin_1-3 at boundary (within ~1sigma): 1e-06+/-0.474561
INFO: (function: anyParameterAtBoundaries) utils.cc: 1039 -- Found parameter Background_Fail_LOW_bin_1-4 at boundary (within ~1sigma): 1.02787e-06+/-0.474505
INFO: (function: anyParameterAtBoundaries) utils.cc: 1039 -- Found parameter Background_Fail_LOW_bin_1-5 at boundary (within ~1sigma): 1.02937e-06+/-0.474622
INFO: (function: anyParameterAtBoundaries) utils.cc: 1039 -- Found parameter Background_Fail_LOW_bin_1-6 at boundary (within ~1sigma): 1.00017e-06+/-0.474566
INFO: (function: anyParameterAtBoundaries) utils.cc: 1039 -- Found parameter Background_Fail_LOW_bin_1-7 at boundary (within ~1sigma): 1.02087e-06+/-0.474512
INFO: (function: minimize) CascadeMinimizer.cc: 480 -- After fit, some parameters are found at the boundary (within ~1sigma)
INFO: (function: findCrossing) FitterAlgoBase.cc: 459 -- 1.108000    -0.07163  +0.11799    0.036000
INFO: (function: improveOnce) CascadeMinimizer.cc: 188 -- Minimisation configured with Type=Minuit2, Algo=Migrad, strategy=0, tolerance=0.1
INFO: (function: improveOnce) CascadeMinimizer.cc: 211 -- Minimisation finished with status=0
INFO: (function: improveOnce) CascadeMinimizer.cc: 216 -- Minimization success! status=0
INFO: (function: anyParameterAtBoundaries) utils.cc: 1039 -- Found parameter Background_Fail_LOW_bin_1-1 at boundary (within ~1sigma): 1.00039e-06+/-0.474631
INFO: (function: anyParameterAtBoundaries) utils.cc: 1039 -- Found parameter Background_Fail_LOW_bin_1-2 at boundary (within ~1sigma): 1.00039e-06+/-0.474631
INFO: (function: anyParameterAtBoundaries) utils.cc: 1039 -- Found parameter Background_Fail_LOW_bin_1-3 at boundary (within ~1sigma): 1.01832e-06+/-0.474638
INFO: (function: anyParameterAtBoundaries) utils.cc: 1039 -- Found parameter Background_Fail_LOW_bin_1-4 at boundary (within ~1sigma): 1.00122e-06+/-0.474572
INFO: (function: anyParameterAtBoundaries) utils.cc: 1039 -- Found parameter Background_Fail_LOW_bin_1-5 at boundary (within ~1sigma): 1e-06+/-0.474582
INFO: (function: anyParameterAtBoundaries) utils.cc: 1039 -- Found parameter Background_Fail_LOW_bin_1-6 at boundary (within ~1sigma): 1e-06+/-0.474583
INFO: (function: anyParameterAtBoundaries) utils.cc: 1039 -- Found parameter Background_Fail_LOW_bin_1-7 at boundary (within ~1sigma): 1.00006e-06+/-0.474581
INFO: (function: minimize) CascadeMinimizer.cc: 480 -- After fit, some parameters are found at the boundary (within ~1sigma)
INFO: (function: findCrossing) FitterAlgoBase.cc: 459 -- 1.082800    +0.06124  -0.07163    0.010800
INFO: (function: improveOnce) CascadeMinimizer.cc: 188 -- Minimisation configured with Type=Minuit2, Algo=Migrad, strategy=0, tolerance=0.1
INFO: (function: improveOnce) CascadeMinimizer.cc: 211 -- Minimisation finished with status=0
INFO: (function: improveOnce) CascadeMinimizer.cc: 216 -- Minimization success! status=0
INFO: (function: anyParameterAtBoundaries) utils.cc: 1039 -- Found parameter Background_Fail_LOW_bin_1-1 at boundary (within ~1sigma): 1e-06+/-0.474576
INFO: (function: anyParameterAtBoundaries) utils.cc: 1039 -- Found parameter Background_Fail_LOW_bin_1-2 at boundary (within ~1sigma): 1e-06+/-0.474576
INFO: (function: anyParameterAtBoundaries) utils.cc: 1039 -- Found parameter Background_Fail_LOW_bin_1-3 at boundary (within ~1sigma): 1.00622e-06+/-0.474604
INFO: (function: anyParameterAtBoundaries) utils.cc: 1039 -- Found parameter Background_Fail_LOW_bin_1-4 at boundary (within ~1sigma): 1.00255e-06+/-0.474558
INFO: (function: anyParameterAtBoundaries) utils.cc: 1039 -- Found parameter Background_Fail_LOW_bin_1-5 at boundary (within ~1sigma): 1.00033e-06+/-0.474624
INFO: (function: anyParameterAtBoundaries) utils.cc: 1039 -- Found parameter Background_Fail_LOW_bin_1-6 at boundary (within ~1sigma): 1.00022e-06+/-0.474541
INFO: (function: anyParameterAtBoundaries) utils.cc: 1039 -- Found parameter Background_Fail_LOW_bin_1-7 at boundary (within ~1sigma): 1.04902e-06+/-0.474508
INFO: (function: minimize) CascadeMinimizer.cc: 480 -- After fit, some parameters are found at the boundary (within ~1sigma)
INFO: (function: findCrossing) FitterAlgoBase.cc: 459 -- 1.093600    +0.00440  +0.06124    0.010800
INFO: (function: improveOnce) CascadeMinimizer.cc: 188 -- Minimisation configured with Type=Minuit2, Algo=Migrad, strategy=0, tolerance=0.1
INFO: (function: improveOnce) CascadeMinimizer.cc: 211 -- Minimisation finished with status=0
INFO: (function: improveOnce) CascadeMinimizer.cc: 216 -- Minimization success! status=0
INFO: (function: anyParameterAtBoundaries) utils.cc: 1039 -- Found parameter Background_Fail_LOW_bin_1-1 at boundary (within ~1sigma): 1.00244e-06+/-0.474706
INFO: (function: anyParameterAtBoundaries) utils.cc: 1039 -- Found parameter Background_Fail_LOW_bin_1-2 at boundary (within ~1sigma): 1.00244e-06+/-0.474706
INFO: (function: anyParameterAtBoundaries) utils.cc: 1039 -- Found parameter Background_Fail_LOW_bin_1-3 at boundary (within ~1sigma): 1.06056e-06+/-0.474698
INFO: (function: anyParameterAtBoundaries) utils.cc: 1039 -- Found parameter Background_Fail_LOW_bin_1-4 at boundary (within ~1sigma): 1.00311e-06+/-0.474578
INFO: (function: anyParameterAtBoundaries) utils.cc: 1039 -- Found parameter Background_Fail_LOW_bin_1-5 at boundary (within ~1sigma): 1.07305e-06+/-0.47471
INFO: (function: anyParameterAtBoundaries) utils.cc: 1039 -- Found parameter Background_Fail_LOW_bin_1-6 at boundary (within ~1sigma): 1.01799e-06+/-0.474648
INFO: (function: anyParameterAtBoundaries) utils.cc: 1039 -- Found parameter Background_Fail_LOW_bin_1-7 at boundary (within ~1sigma): 1.01338e-06+/-0.47464
INFO: (function: minimize) CascadeMinimizer.cc: 480 -- After fit, some parameters are found at the boundary (within ~1sigma)
INFO: (function: findCrossing) FitterAlgoBase.cc: 459 -- 1.104400    -0.05251  +0.00440    0.010800
INFO: (function: improveOnce) CascadeMinimizer.cc: 188 -- Minimisation configured with Type=Minuit2, Algo=Migrad, strategy=0, tolerance=0.1
INFO: (function: improveOnce) CascadeMinimizer.cc: 211 -- Minimisation finished with status=0
INFO: (function: improveOnce) CascadeMinimizer.cc: 216 -- Minimization success! status=0
INFO: (function: anyParameterAtBoundaries) utils.cc: 1039 -- Found parameter Background_Fail_LOW_bin_1-1 at boundary (within ~1sigma): 1.00305e-06+/-0.474728
INFO: (function: anyParameterAtBoundaries) utils.cc: 1039 -- Found parameter Background_Fail_LOW_bin_1-2 at boundary (within ~1sigma): 1.00305e-06+/-0.474728
INFO: (function: anyParameterAtBoundaries) utils.cc: 1039 -- Found parameter Background_Fail_LOW_bin_1-3 at boundary (within ~1sigma): 1.02021e-06+/-0.474671
INFO: (function: anyParameterAtBoundaries) utils.cc: 1039 -- Found parameter Background_Fail_LOW_bin_1-4 at boundary (within ~1sigma): 1.0312e-06+/-0.474692
INFO: (function: anyParameterAtBoundaries) utils.cc: 1039 -- Found parameter Background_Fail_LOW_bin_1-5 at boundary (within ~1sigma): 1.07816e-06+/-0.474765
INFO: (function: anyParameterAtBoundaries) utils.cc: 1039 -- Found parameter Background_Fail_LOW_bin_1-6 at boundary (within ~1sigma): 1.01266e-06+/-0.474655
INFO: (function: anyParameterAtBoundaries) utils.cc: 1039 -- Found parameter Background_Fail_LOW_bin_1-7 at boundary (within ~1sigma): 1.07128e-06+/-0.474755
INFO: (function: minimize) CascadeMinimizer.cc: 480 -- After fit, some parameters are found at the boundary (within ~1sigma)
INFO: (function: findCrossing) FitterAlgoBase.cc: 459 -- 1.096840    -0.01263  -0.05251    0.003240
INFO: (function: improveOnce) CascadeMinimizer.cc: 188 -- Minimisation configured with Type=Minuit2, Algo=Migrad, strategy=0, tolerance=0.1
INFO: (function: improveOnce) CascadeMinimizer.cc: 211 -- Minimisation finished with status=0
INFO: (function: improveOnce) CascadeMinimizer.cc: 216 -- Minimization success! status=0
INFO: (function: anyParameterAtBoundaries) utils.cc: 1039 -- Found parameter Background_Fail_LOW_bin_1-1 at boundary (within ~1sigma): 1e-06+/-0.47458
INFO: (function: anyParameterAtBoundaries) utils.cc: 1039 -- Found parameter Background_Fail_LOW_bin_1-2 at boundary (within ~1sigma): 1e-06+/-0.47458
INFO: (function: anyParameterAtBoundaries) utils.cc: 1039 -- Found parameter Background_Fail_LOW_bin_1-3 at boundary (within ~1sigma): 1.02948e-06+/-0.474557
INFO: (function: anyParameterAtBoundaries) utils.cc: 1039 -- Found parameter Background_Fail_LOW_bin_1-4 at boundary (within ~1sigma): 1.00061e-06+/-0.474572
INFO: (function: anyParameterAtBoundaries) utils.cc: 1039 -- Found parameter Background_Fail_LOW_bin_1-5 at boundary (within ~1sigma): 1.00017e-06+/-0.474576
INFO: (function: anyParameterAtBoundaries) utils.cc: 1039 -- Found parameter Background_Fail_LOW_bin_1-6 at boundary (within ~1sigma): 1.00078e-06+/-0.474591
INFO: (function: anyParameterAtBoundaries) utils.cc: 1039 -- Found parameter Background_Fail_LOW_bin_1-7 at boundary (within ~1sigma): 1.00028e-06+/-0.474586
INFO: (function: minimize) CascadeMinimizer.cc: 480 -- After fit, some parameters are found at the boundary (within ~1sigma)
INFO: (function: findCrossing) FitterAlgoBase.cc: 459 -- 1.094572    -0.00068  -0.01263    0.000972
INFO: (function: improveOnce) CascadeMinimizer.cc: 188 -- Minimisation configured with Type=Minuit2, Algo=Migrad, strategy=0, tolerance=0.1
INFO: (function: improveOnce) CascadeMinimizer.cc: 211 -- Minimisation finished with status=0
INFO: (function: improveOnce) CascadeMinimizer.cc: 216 -- Minimization success! status=0
INFO: (function: anyParameterAtBoundaries) utils.cc: 1039 -- Found parameter Background_Fail_LOW_bin_1-1 at boundary (within ~1sigma): 1.00838e-06+/-0.474836
INFO: (function: anyParameterAtBoundaries) utils.cc: 1039 -- Found parameter Background_Fail_LOW_bin_1-2 at boundary (within ~1sigma): 1.00838e-06+/-0.474836
INFO: (function: anyParameterAtBoundaries) utils.cc: 1039 -- Found parameter Background_Fail_LOW_bin_1-3 at boundary (within ~1sigma): 1.00017e-06+/-0.474583
INFO: (function: anyParameterAtBoundaries) utils.cc: 1039 -- Found parameter Background_Fail_LOW_bin_1-4 at boundary (within ~1sigma): 1e-06+/-0.474589
INFO: (function: anyParameterAtBoundaries) utils.cc: 1039 -- Found parameter Background_Fail_LOW_bin_1-5 at boundary (within ~1sigma): 1.01787e-06+/-0.474662
INFO: (function: anyParameterAtBoundaries) utils.cc: 1039 -- Found parameter Background_Fail_LOW_bin_1-6 at boundary (within ~1sigma): 1.00006e-06+/-0.47459
INFO: (function: anyParameterAtBoundaries) utils.cc: 1039 -- Found parameter Background_Fail_LOW_bin_1-7 at boundary (within ~1sigma): 1.00006e-06+/-0.474585
INFO: (function: minimize) CascadeMinimizer.cc: 480 -- After fit, some parameters are found at the boundary (within ~1sigma)
INFO: (function: findCrossing) FitterAlgoBase.cc: 459 -- 1.093892    +0.00291  -0.00068    0.000292
INFO: (function: improveOnce) CascadeMinimizer.cc: 188 -- Minimisation configured with Type=Minuit2, Algo=Migrad, strategy=0, tolerance=0.1
INFO: (function: improveOnce) CascadeMinimizer.cc: 211 -- Minimisation finished with status=0
INFO: (function: improveOnce) CascadeMinimizer.cc: 216 -- Minimization success! status=0
INFO: (function: anyParameterAtBoundaries) utils.cc: 1039 -- Found parameter Background_Fail_LOW_bin_1-1 at boundary (within ~1sigma): 1.00633e-06+/-0.474618
INFO: (function: anyParameterAtBoundaries) utils.cc: 1039 -- Found parameter Background_Fail_LOW_bin_1-2 at boundary (within ~1sigma): 1.00633e-06+/-0.474618
INFO: (function: anyParameterAtBoundaries) utils.cc: 1039 -- Found parameter Background_Fail_LOW_bin_1-3 at boundary (within ~1sigma): 1.00128e-06+/-0.474571
INFO: (function: anyParameterAtBoundaries) utils.cc: 1039 -- Found parameter Background_Fail_LOW_bin_1-4 at boundary (within ~1sigma): 1.00033e-06+/-0.474628
INFO: (function: anyParameterAtBoundaries) utils.cc: 1039 -- Found parameter Background_Fail_LOW_bin_1-5 at boundary (within ~1sigma): 1.00588e-06+/-0.474558
INFO: (function: anyParameterAtBoundaries) utils.cc: 1039 -- Found parameter Background_Fail_LOW_bin_1-6 at boundary (within ~1sigma): 1.01027e-06+/-0.474628
INFO: (function: anyParameterAtBoundaries) utils.cc: 1039 -- Found parameter Background_Fail_LOW_bin_1-7 at boundary (within ~1sigma): 1.00067e-06+/-0.474575
INFO: (function: minimize) CascadeMinimizer.cc: 480 -- After fit, some parameters are found at the boundary (within ~1sigma)
INFO: (function: findCrossing) FitterAlgoBase.cc: 459 -- 1.094183    +0.00141  +0.00291    0.000292
INFO: (function: improveOnce) CascadeMinimizer.cc: 188 -- Minimisation configured with Type=Minuit2, Algo=Migrad, strategy=0, tolerance=0.1
INFO: (function: improveOnce) CascadeMinimizer.cc: 211 -- Minimisation finished with status=0
INFO: (function: improveOnce) CascadeMinimizer.cc: 216 -- Minimization success! status=0
INFO: (function: anyParameterAtBoundaries) utils.cc: 1039 -- Found parameter Background_Fail_LOW_bin_1-1 at boundary (within ~1sigma): 1.00089e-06+/-0.474577
INFO: (function: anyParameterAtBoundaries) utils.cc: 1039 -- Found parameter Background_Fail_LOW_bin_1-2 at boundary (within ~1sigma): 1.00089e-06+/-0.474577
INFO: (function: anyParameterAtBoundaries) utils.cc: 1039 -- Found parameter Background_Fail_LOW_bin_1-3 at boundary (within ~1sigma): 1.00133e-06+/-0.474575
INFO: (function: anyParameterAtBoundaries) utils.cc: 1039 -- Found parameter Background_Fail_LOW_bin_1-4 at boundary (within ~1sigma): 1.0121e-06+/-0.474653
INFO: (function: anyParameterAtBoundaries) utils.cc: 1039 -- Found parameter Background_Fail_LOW_bin_1-5 at boundary (within ~1sigma): 1.01055e-06+/-0.474647
INFO: (function: anyParameterAtBoundaries) utils.cc: 1039 -- Found parameter Background_Fail_LOW_bin_1-6 at boundary (within ~1sigma): 1.01193e-06+/-0.474652
INFO: (function: anyParameterAtBoundaries) utils.cc: 1039 -- Found parameter Background_Fail_LOW_bin_1-7 at boundary (within ~1sigma): 1.00949e-06+/-0.474643
INFO: (function: minimize) CascadeMinimizer.cc: 480 -- After fit, some parameters are found at the boundary (within ~1sigma)
INFO: (function: findCrossing) FitterAlgoBase.cc: 459 -- 1.094475    -0.00010  +0.00141    0.000292
INFO: (function: findCrossing) FitterAlgoBase.cc: 405 -- Searching for crossing at nll = -34643.9, in the interval 1 < r < 1
INFO: (function: improveOnce) CascadeMinimizer.cc: 188 -- Minimisation configured with Type=Minuit2, Algo=Migrad, strategy=0, tolerance=0.1
INFO: (function: improveOnce) CascadeMinimizer.cc: 211 -- Minimisation finished with status=0
INFO: (function: improveOnce) CascadeMinimizer.cc: 216 -- Minimization success! status=0
INFO: (function: anyParameterAtBoundaries) utils.cc: 1039 -- Found parameter Background_Fail_LOW_bin_1-1 at boundary (within ~1sigma): 1.03025e-06+/-0.474521
INFO: (function: anyParameterAtBoundaries) utils.cc: 1039 -- Found parameter Background_Fail_LOW_bin_1-2 at boundary (within ~1sigma): 1.03025e-06+/-0.474521
INFO: (function: anyParameterAtBoundaries) utils.cc: 1039 -- Found parameter Background_Fail_LOW_bin_1-3 at boundary (within ~1sigma): 1.00211e-06+/-0.474566
INFO: (function: anyParameterAtBoundaries) utils.cc: 1039 -- Found parameter Background_Fail_LOW_bin_1-4 at boundary (within ~1sigma): 1.02615e-06+/-0.474525
INFO: (function: anyParameterAtBoundaries) utils.cc: 1039 -- Found parameter Background_Fail_LOW_bin_1-5 at boundary (within ~1sigma): 1.00067e-06+/-0.474573
INFO: (function: anyParameterAtBoundaries) utils.cc: 1039 -- Found parameter Background_Fail_LOW_bin_1-6 at boundary (within ~1sigma): 1.01088e-06+/-0.474618
INFO: (function: anyParameterAtBoundaries) utils.cc: 1039 -- Found parameter Background_Fail_LOW_bin_1-7 at boundary (within ~1sigma): 1.00405e-06+/-0.474604
INFO: (function: minimize) CascadeMinimizer.cc: 480 -- After fit, some parameters are found at the boundary (within ~1sigma)
INFO: (function: findCrossing) FitterAlgoBase.cc: 426 -- r lvl-here lvl-there 	stepping 
INFO: (function: improveOnce) CascadeMinimizer.cc: 188 -- Minimisation configured with Type=Minuit2, Algo=Migrad, strategy=0, tolerance=0.1
INFO: (function: improveOnce) CascadeMinimizer.cc: 211 -- Minimisation finished with status=0
INFO: (function: improveOnce) CascadeMinimizer.cc: 216 -- Minimization success! status=0
INFO: (function: anyParameterAtBoundaries) utils.cc: 1039 -- Found parameter Background_Fail_LOW_bin_1-1 at boundary (within ~1sigma): 1.00011e-06+/-0.474585
INFO: (function: anyParameterAtBoundaries) utils.cc: 1039 -- Found parameter Background_Fail_LOW_bin_1-2 at boundary (within ~1sigma): 1.00011e-06+/-0.474585
INFO: (function: anyParameterAtBoundaries) utils.cc: 1039 -- Found parameter Background_Fail_LOW_bin_1-3 at boundary (within ~1sigma): 1.0116e-06+/-0.474539
INFO: (function: anyParameterAtBoundaries) utils.cc: 1039 -- Found parameter Background_Fail_LOW_bin_1-4 at boundary (within ~1sigma): 1.01077e-06+/-0.474541
INFO: (function: anyParameterAtBoundaries) utils.cc: 1039 -- Found parameter Background_Fail_LOW_bin_1-5 at boundary (within ~1sigma): 1.01793e-06+/-0.474639
INFO: (function: anyParameterAtBoundaries) utils.cc: 1039 -- Found parameter Background_Fail_LOW_bin_1-6 at boundary (within ~1sigma): 1.01982e-06+/-0.474642
INFO: (function: anyParameterAtBoundaries) utils.cc: 1039 -- Found parameter Background_Fail_LOW_bin_1-7 at boundary (within ~1sigma): 1.0005e-06+/-0.47459
INFO: (function: minimize) CascadeMinimizer.cc: 480 -- After fit, some parameters are found at the boundary (within ~1sigma)
INFO: (function: findCrossing) FitterAlgoBase.cc: 459 -- 1.000000    +0.49449  +0.49448    -0.000000
ERROR: (function: findCrossing) FitterAlgoBase.cc: 517 -- Closed range without finding crossing! 
DEBUG: (function: runSpecific) FitDiagnostics.cc: 443 -- Fit S+B, status = 0, numBadNLL = 0, covariance quality = 3
