
>>> random number generator seed is 123456
   Options for Robust Minimizer :: 
        Tolerance  0.1
        Strategy   0
        Type,Algo  Minuit2,Migrad
>>> method used is FitDiagnostics
Set Default Value of Parameter r To : 1
>>> 0 out of 6 channels masked

>>> Channel masks:
  1) 0x67309d0 RooRealVar::  mask_Loose_LOW = 0 C  L(-INF - +INF)  "mask_Loose_LOW"
  2) 0x6731420 RooRealVar::  mask_Loose_SIG = 0 C  L(-INF - +INF)  "mask_Loose_SIG"
  3) 0x6731f70 RooRealVar:: mask_Loose_HIGH = 0 C  L(-INF - +INF)  "mask_Loose_HIGH"
  4) 0x6732b40 RooRealVar::   mask_Pass_LOW = 0 C  L(-INF - +INF)  "mask_Pass_LOW"
  5) 0x6733690 RooRealVar::   mask_Pass_SIG = 0 C  L(-INF - +INF)  "mask_Pass_SIG"
  6) 0x67341e0 RooRealVar::  mask_Pass_HIGH = 0 C  L(-INF - +INF)  "mask_Pass_HIGH"
SimNLL created with 0 channels, 0 generic constraints, 16 fast gaussian constraints, 0 fast poisson constraints, 0 fast group constraints, 
Minuit2Minimizer: Minimize with max-calls 8000 convergence for edm < 0.1 strategy 0
Minuit2Minimizer::Minuit  - Changing default options
             StorageLevel :               0
MnSeedGenerator: for initial parameters FCN = 0
MnSeedGenerator: Initial state:   - FCN =                0 Edm =            0 NCalls =     65
VariableMetric: start iterating until Edm is < 0.0001
VariableMetric: Initial state   - FCN =                0 Edm =            0 NCalls =     65
VariableMetric: Iteration #   0 - FCN =                0 Edm =            0 NCalls =     65
Minuit2Minimizer : Valid minimum - status = 0
FVAL  = 0
Edm   = 0
Nfcn  = 65
F	  = 0	 +/-  1
JER	  = 0	 +/-  1
JES	  = 0	 +/-  1
JMR	  = 0	 +/-  1
JMS	  = 0	 +/-  1
PS_FSR	  = 0	 +/-  1
PS_ISR	  = 0	 +/-  1
R	  = 0	 +/-  1
RF	  = 0	 +/-  1
btag	  = 0	 +/-  1
lumi	  = 0	 +/-  1
pdf	  = 0	 +/-  1
pileup	  = 0	 +/-  1
prefire	  = 0	 +/-  1
top_ptrw	  = 0	 +/-  1
ttbar_xsec	  = 0	 +/-  1
SimNLL created with 6 channels, 0 generic constraints, 16 fast gaussian constraints, 0 fast poisson constraints, 0 fast group constraints, 

  RooFitResult: minimized FCN value: -0.00408532, estimated distance to minimum: 0.0113116
                covariance matrix quality: Full, accurate covariance matrix
                Status : MINIMIZE=0 HESSE=0 

    Constant Parameter    Value     
  --------------------  ------------
                  F_In    0.0000e+00
                JER_In    0.0000e+00
                JES_In    0.0000e+00
                JMR_In    0.0000e+00
                JMS_In    0.0000e+00
             PS_FSR_In    0.0000e+00
             PS_ISR_In    0.0000e+00
                 RF_In    0.0000e+00
                  R_In    0.0000e+00
               btag_In    0.0000e+00
               lumi_In    0.0000e+00
  n_exp_binLoose_HIGH_proc_Background    1.0000e+00
  n_exp_binLoose_LOW_proc_Background    1.0000e+00
  n_exp_binLoose_SIG_proc_Background    1.0000e+00
  n_exp_binPass_HIGH_proc_Background_0x0    1.0000e+00
  n_exp_binPass_LOW_proc_Background_0x0    1.0000e+00
  n_exp_binPass_SIG_proc_Background_0x0    1.0000e+00
                pdf_In    0.0000e+00
             pileup_In    0.0000e+00
            prefire_In    0.0000e+00
                     r    0.0000e+00
           top_ptrw_In    0.0000e+00
         ttbar_xsec_In    0.0000e+00

    Floating Parameter  InitialValue    FinalValue +/-  Error     GblCorr.
  --------------------  ------------  --------------------------  --------
  Background_Loose_HIGH_bin_1-1    4.3977e+03    4.3976e+03 +/-  6.34e+01  <none>
  Background_Loose_HIGH_bin_1-2    3.6917e+03    3.6915e+03 +/-  6.22e+01  <none>
  Background_Loose_HIGH_bin_1-3    2.3635e+03    2.3638e+03 +/-  5.25e+01  <none>
  Background_Loose_HIGH_bin_1-4    1.5605e+03    1.5604e+03 +/-  4.19e+01  <none>
  Background_Loose_HIGH_bin_1-5    5.7255e+02    5.7275e+02 +/-  2.53e+01  <none>
  Background_Loose_HIGH_bin_1-6    1.7720e+02    1.7719e+02 +/-  1.24e+01  <none>
  Background_Loose_HIGH_bin_1-7    6.3954e+01    6.3947e+01 +/-  7.51e+00  <none>
  Background_Loose_HIGH_bin_2-1    1.9838e+03    1.9839e+03 +/-  4.16e+01  <none>
  Background_Loose_HIGH_bin_2-2    1.6088e+03    1.6087e+03 +/-  4.01e+01  <none>
  Background_Loose_HIGH_bin_2-3    1.0183e+03    1.0183e+03 +/-  3.08e+01  <none>
  Background_Loose_HIGH_bin_2-4    6.2941e+02    6.2937e+02 +/-  2.94e+01  <none>
  Background_Loose_HIGH_bin_2-5    2.2745e+02    2.2757e+02 +/-  1.51e+01  <none>
  Background_Loose_HIGH_bin_2-6    8.6034e+01    8.6034e+01 +/-  8.61e+00  <none>
  Background_Loose_HIGH_bin_2-7    3.0077e+01    3.0075e+01 +/-  5.09e+00  <none>
  Background_Loose_HIGH_bin_3-1    8.6299e+02    8.6301e+02 +/-  2.73e+01  <none>
  Background_Loose_HIGH_bin_3-2    7.4772e+02    7.4771e+02 +/-  2.54e+01  <none>
  Background_Loose_HIGH_bin_3-3    5.0529e+02    5.0523e+02 +/-  2.23e+01  <none>
  Background_Loose_HIGH_bin_3-4    3.2472e+02    3.2474e+02 +/-  1.71e+01  <none>
  Background_Loose_HIGH_bin_3-5    1.1787e+02    1.1787e+02 +/-  1.01e+01  <none>
  Background_Loose_HIGH_bin_3-6    3.8712e+01    3.8710e+01 +/-  5.77e+00  <none>
  Background_Loose_HIGH_bin_3-7    1.0404e+01    1.0376e+01 +/-  3.58e+00  <none>
  Background_Loose_HIGH_bin_4-1    4.4148e+02    4.4141e+02 +/-  1.98e+01  <none>
  Background_Loose_HIGH_bin_4-2    3.4761e+02    3.4761e+02 +/-  1.73e+01  <none>
  Background_Loose_HIGH_bin_4-3    2.3819e+02    2.3813e+02 +/-  1.46e+01  <none>
  Background_Loose_HIGH_bin_4-4    1.4502e+02    1.4497e+02 +/-  1.16e+01  <none>
  Background_Loose_HIGH_bin_4-5    7.1408e+01    7.1407e+01 +/-  7.84e+00  <none>
  Background_Loose_HIGH_bin_4-6    1.8060e+01    1.8060e+01 +/-  3.94e+00  <none>
  Background_Loose_HIGH_bin_4-7    1.0288e+01    1.0284e+01 +/-  2.98e+00  <none>
  Background_Loose_HIGH_bin_5-1    1.9703e+02    1.9703e+02 +/-  1.30e+01  <none>
  Background_Loose_HIGH_bin_5-2    1.6692e+02    1.6691e+02 +/-  1.20e+01  <none>
  Background_Loose_HIGH_bin_5-3    9.2919e+01    9.2918e+01 +/-  8.94e+00  <none>
  Background_Loose_HIGH_bin_5-4    6.9687e+01    6.9686e+01 +/-  7.74e+00  <none>
  Background_Loose_HIGH_bin_5-5    2.4081e+01    2.4082e+01 +/-  4.55e+00  <none>
  Background_Loose_HIGH_bin_5-6    9.4558e+00    9.4548e+00 +/-  2.85e+00  <none>
  Background_Loose_HIGH_bin_5-7    5.1216e+00    5.1216e+00 +/-  2.11e+00  <none>
  Background_Loose_HIGH_bin_6-1    1.7120e+02    1.7120e+02 +/-  1.21e+01  <none>
  Background_Loose_HIGH_bin_6-2    1.3592e+02    1.3591e+02 +/-  1.08e+01  <none>
  Background_Loose_HIGH_bin_6-3    9.2900e+01    9.2899e+01 +/-  8.94e+00  <none>
  Background_Loose_HIGH_bin_6-4    4.3854e+01    4.3854e+01 +/-  6.14e+00  <none>
  Background_Loose_HIGH_bin_6-5    2.5785e+01    2.5785e+01 +/-  4.71e+00  <none>
  Background_Loose_HIGH_bin_6-6    1.1156e+01    1.1155e+01 +/-  3.10e+00  <none>
  Background_Loose_HIGH_bin_6-7    2.4585e+00    2.4584e+00 +/-  1.49e+00  <none>
  Background_Loose_LOW_bin_1-1    6.6261e+03    6.6264e+03 +/-  7.81e+01  <none>
  Background_Loose_LOW_bin_1-2    5.3915e+03    5.3912e+03 +/-  8.48e+01  <none>
  Background_Loose_LOW_bin_1-3    3.4320e+03    3.4322e+03 +/-  7.34e+01  <none>
  Background_Loose_LOW_bin_1-4    2.1085e+03    2.1089e+03 +/-  7.88e+01  <none>
  Background_Loose_LOW_bin_1-5    8.1937e+02    8.1915e+02 +/-  3.03e+01  <none>
  Background_Loose_LOW_bin_1-6    2.1346e+02    2.1347e+02 +/-  1.42e+01  <none>
  Background_Loose_LOW_bin_1-7    7.7299e+01    7.7318e+01 +/-  8.87e+00  <none>
  Background_Loose_SIG_bin_1-1    3.0941e+03    3.0941e+03 +/-  5.33e+01  <none>
  Background_Loose_SIG_bin_1-2    2.5139e+03    2.5138e+03 +/-  5.23e+01  <none>
  Background_Loose_SIG_bin_1-3    1.6367e+03    1.6367e+03 +/-  4.20e+01  <none>
  Background_Loose_SIG_bin_1-4    9.9221e+02    9.9219e+02 +/-  3.82e+01  <none>
  Background_Loose_SIG_bin_1-5    3.5255e+02    3.5245e+02 +/-  1.95e+01  <none>
  Background_Loose_SIG_bin_1-6    1.0669e+02    1.0669e+02 +/-  9.58e+00  <none>
  Background_Loose_SIG_bin_1-7    3.3544e+01    3.3542e+01 +/-  5.37e+00  <none>
  Background_Loose_SIG_bin_2-1    2.5505e+03    2.5501e+03 +/-  4.86e+01  <none>
  Background_Loose_SIG_bin_2-2    2.1485e+03    2.1485e+03 +/-  4.68e+01  <none>
  Background_Loose_SIG_bin_2-3    1.3504e+03    1.3505e+03 +/-  3.93e+01  <none>
  Background_Loose_SIG_bin_2-4    8.6683e+02    8.6637e+02 +/-  3.91e+01  <none>
  Background_Loose_SIG_bin_2-5    3.1554e+02    3.1557e+02 +/-  1.79e+01  <none>
  Background_Loose_SIG_bin_2-6    9.0339e+01    9.0342e+01 +/-  8.82e+00  <none>
  Background_Loose_SIG_bin_2-7    2.2356e+01    2.2356e+01 +/-  4.39e+00  <none>
  Background_Loose_SIG_bin_3-1    2.1131e+03    2.1129e+03 +/-  4.43e+01  <none>
  Background_Loose_SIG_bin_3-2    1.7127e+03    1.7125e+03 +/-  4.01e+01  <none>
  Background_Loose_SIG_bin_3-3    1.0935e+03    1.0934e+03 +/-  3.61e+01  <none>
  Background_Loose_SIG_bin_3-4    7.4628e+02    7.4607e+02 +/-  3.07e+01  <none>
  Background_Loose_SIG_bin_3-5    2.4846e+02    2.4837e+02 +/-  1.57e+01  <none>
  Background_Loose_SIG_bin_3-6    6.1077e+01    6.1087e+01 +/-  7.25e+00  <none>
  Background_Loose_SIG_bin_3-7    2.8379e+01    2.8379e+01 +/-  4.94e+00  <none>
  Background_Loose_SIG_bin_4-1    1.7810e+03    1.7811e+03 +/-  3.99e+01  <none>
  Background_Loose_SIG_bin_4-2    1.3808e+03    1.3808e+03 +/-  3.72e+01  <none>
  Background_Loose_SIG_bin_4-3    8.7993e+02    8.8005e+02 +/-  2.88e+01  <none>
  Background_Loose_SIG_bin_4-4    6.2999e+02    6.3006e+02 +/-  2.68e+01  <none>
  Background_Loose_SIG_bin_4-5    2.3295e+02    2.3304e+02 +/-  1.46e+01  <none>
  Background_Loose_SIG_bin_4-6    7.2269e+01    7.2273e+01 +/-  7.89e+00  <none>
  Background_Loose_SIG_bin_4-7    1.8054e+01    1.8054e+01 +/-  3.94e+00  <none>
  Background_Loose_SIG_bin_5-1    1.4033e+03    1.4030e+03 +/-  3.61e+01  <none>
  Background_Loose_SIG_bin_5-2    1.2027e+03    1.2028e+03 +/-  3.43e+01  <none>
  Background_Loose_SIG_bin_5-3    7.8028e+02    7.8013e+02 +/-  2.80e+01  <none>
  Background_Loose_SIG_bin_5-4    4.8848e+02    4.8840e+02 +/-  2.37e+01  <none>
  Background_Loose_SIG_bin_5-5    1.9434e+02    1.9424e+02 +/-  1.38e+01  <none>
  Background_Loose_SIG_bin_5-6    5.6783e+01    5.6785e+01 +/-  6.99e+00  <none>
  Background_Loose_SIG_bin_5-7    2.1744e+01    2.1740e+01 +/-  4.54e+00  <none>
  Background_rpf_0x0_par0    1.6220e-01    1.6220e-01 +/-  1.67e-03  <none>
                     F   -4.5392e-02   -4.4784e-02 +/-  4.41e-01  <none>
                   JER    3.2986e-02    2.8304e-02 +/-  3.34e-01  <none>
                   JES    3.0561e-02    4.0062e-02 +/-  5.72e-01  <none>
                   JMR    1.0411e+00    1.0589e+00 +/-  6.03e-01  <none>
                   JMS   -4.1499e-02   -4.4204e-02 +/-  4.23e-01  <none>
                PS_FSR   -2.3651e-01   -2.3044e-01 +/-  2.22e-01  <none>
                PS_ISR    1.5209e-01    1.5947e-01 +/-  4.52e-01  <none>
                     R    1.1660e-01    1.2861e-01 +/-  4.51e-01  <none>
                    RF    1.3129e-01    1.2340e-01 +/-  4.89e-01  <none>
                  btag    3.5726e-02    4.7998e-02 +/-  4.62e-01  <none>
                  lumi   -1.3303e-01   -1.3343e-01 +/-  9.98e-01  <none>
                   pdf   -1.7814e-01   -1.8142e-01 +/-  4.73e-01  <none>
                pileup   -5.2893e-01   -5.0806e-01 +/-  5.14e-01  <none>
               prefire   -1.8044e-02   -1.8225e-02 +/-  4.63e-01  <none>
              top_ptrw    0.0000e+00    0.0000e+00 +/-  4.63e-01  <none>
            ttbar_xsec   -1.3003e+00   -1.2977e+00 +/-  8.04e-01  <none>


  RooFitResult: minimized FCN value: -0.00408532, estimated distance to minimum: 0.0113116
                covariance matrix quality: Full, accurate covariance matrix
                Status : MINIMIZE=0 HESSE=0 

    Constant Parameter    Value     
  --------------------  ------------
                  F_In    0.0000e+00
                JER_In    0.0000e+00
                JES_In    0.0000e+00
                JMR_In    0.0000e+00
                JMS_In    0.0000e+00
             PS_FSR_In    0.0000e+00
             PS_ISR_In    0.0000e+00
                 RF_In    0.0000e+00
                  R_In    0.0000e+00
               btag_In    0.0000e+00
               lumi_In    0.0000e+00
  n_exp_binLoose_HIGH_proc_Background    1.0000e+00
  n_exp_binLoose_LOW_proc_Background    1.0000e+00
  n_exp_binLoose_SIG_proc_Background    1.0000e+00
  n_exp_binPass_HIGH_proc_Background_0x0    1.0000e+00
  n_exp_binPass_LOW_proc_Background_0x0    1.0000e+00
  n_exp_binPass_SIG_proc_Background_0x0    1.0000e+00
                pdf_In    0.0000e+00
             pileup_In    0.0000e+00
            prefire_In    0.0000e+00
                     r    0.0000e+00
           top_ptrw_In    0.0000e+00
         ttbar_xsec_In    0.0000e+00

    Floating Parameter  InitialValue    FinalValue +/-  Error     GblCorr.
  --------------------  ------------  --------------------------  --------
  Background_Loose_HIGH_bin_1-1    4.3977e+03    4.3976e+03 +/-  6.34e+01  <none>
  Background_Loose_HIGH_bin_1-2    3.6917e+03    3.6915e+03 +/-  6.22e+01  <none>
  Background_Loose_HIGH_bin_1-3    2.3635e+03    2.3638e+03 +/-  5.25e+01  <none>
  Background_Loose_HIGH_bin_1-4    1.5605e+03    1.5604e+03 +/-  4.19e+01  <none>
  Background_Loose_HIGH_bin_1-5    5.7255e+02    5.7275e+02 +/-  2.53e+01  <none>
  Background_Loose_HIGH_bin_1-6    1.7720e+02    1.7719e+02 +/-  1.24e+01  <none>
  Background_Loose_HIGH_bin_1-7    6.3954e+01    6.3947e+01 +/-  7.51e+00  <none>
  Background_Loose_HIGH_bin_2-1    1.9838e+03    1.9839e+03 +/-  4.16e+01  <none>
  Background_Loose_HIGH_bin_2-2    1.6088e+03    1.6087e+03 +/-  4.01e+01  <none>
  Background_Loose_HIGH_bin_2-3    1.0183e+03    1.0183e+03 +/-  3.08e+01  <none>
  Background_Loose_HIGH_bin_2-4    6.2941e+02    6.2937e+02 +/-  2.94e+01  <none>
  Background_Loose_HIGH_bin_2-5    2.2745e+02    2.2757e+02 +/-  1.51e+01  <none>
  Background_Loose_HIGH_bin_2-6    8.6034e+01    8.6034e+01 +/-  8.61e+00  <none>
  Background_Loose_HIGH_bin_2-7    3.0077e+01    3.0075e+01 +/-  5.09e+00  <none>
  Background_Loose_HIGH_bin_3-1    8.6299e+02    8.6301e+02 +/-  2.73e+01  <none>
  Background_Loose_HIGH_bin_3-2    7.4772e+02    7.4771e+02 +/-  2.54e+01  <none>
  Background_Loose_HIGH_bin_3-3    5.0529e+02    5.0523e+02 +/-  2.23e+01  <none>
  Background_Loose_HIGH_bin_3-4    3.2472e+02    3.2474e+02 +/-  1.71e+01  <none>
  Background_Loose_HIGH_bin_3-5    1.1787e+02    1.1787e+02 +/-  1.01e+01  <none>
  Background_Loose_HIGH_bin_3-6    3.8712e+01    3.8710e+01 +/-  5.77e+00  <none>
  Background_Loose_HIGH_bin_3-7    1.0404e+01    1.0376e+01 +/-  3.58e+00  <none>
  Background_Loose_HIGH_bin_4-1    4.4148e+02    4.4141e+02 +/-  1.98e+01  <none>
  Background_Loose_HIGH_bin_4-2    3.4761e+02    3.4761e+02 +/-  1.73e+01  <none>
  Background_Loose_HIGH_bin_4-3    2.3819e+02    2.3813e+02 +/-  1.46e+01  <none>
  Background_Loose_HIGH_bin_4-4    1.4502e+02    1.4497e+02 +/-  1.16e+01  <none>
  Background_Loose_HIGH_bin_4-5    7.1408e+01    7.1407e+01 +/-  7.84e+00  <none>
  Background_Loose_HIGH_bin_4-6    1.8060e+01    1.8060e+01 +/-  3.94e+00  <none>
  Background_Loose_HIGH_bin_4-7    1.0288e+01    1.0284e+01 +/-  2.98e+00  <none>
  Background_Loose_HIGH_bin_5-1    1.9703e+02    1.9703e+02 +/-  1.30e+01  <none>
  Background_Loose_HIGH_bin_5-2    1.6692e+02    1.6691e+02 +/-  1.20e+01  <none>
  Background_Loose_HIGH_bin_5-3    9.2919e+01    9.2918e+01 +/-  8.94e+00  <none>
  Background_Loose_HIGH_bin_5-4    6.9687e+01    6.9686e+01 +/-  7.74e+00  <none>
  Background_Loose_HIGH_bin_5-5    2.4081e+01    2.4082e+01 +/-  4.55e+00  <none>
  Background_Loose_HIGH_bin_5-6    9.4558e+00    9.4548e+00 +/-  2.85e+00  <none>
  Background_Loose_HIGH_bin_5-7    5.1216e+00    5.1216e+00 +/-  2.11e+00  <none>
  Background_Loose_HIGH_bin_6-1    1.7120e+02    1.7120e+02 +/-  1.21e+01  <none>
  Background_Loose_HIGH_bin_6-2    1.3592e+02    1.3591e+02 +/-  1.08e+01  <none>
  Background_Loose_HIGH_bin_6-3    9.2900e+01    9.2899e+01 +/-  8.94e+00  <none>
  Background_Loose_HIGH_bin_6-4    4.3854e+01    4.3854e+01 +/-  6.14e+00  <none>
  Background_Loose_HIGH_bin_6-5    2.5785e+01    2.5785e+01 +/-  4.71e+00  <none>
  Background_Loose_HIGH_bin_6-6    1.1156e+01    1.1155e+01 +/-  3.10e+00  <none>
  Background_Loose_HIGH_bin_6-7    2.4585e+00    2.4584e+00 +/-  1.49e+00  <none>
  Background_Loose_LOW_bin_1-1    6.6261e+03    6.6264e+03 +/-  7.81e+01  <none>
  Background_Loose_LOW_bin_1-2    5.3915e+03    5.3912e+03 +/-  8.48e+01  <none>
  Background_Loose_LOW_bin_1-3    3.4320e+03    3.4322e+03 +/-  7.34e+01  <none>
  Background_Loose_LOW_bin_1-4    2.1085e+03    2.1089e+03 +/-  7.88e+01  <none>
  Background_Loose_LOW_bin_1-5    8.1937e+02    8.1915e+02 +/-  3.03e+01  <none>
  Background_Loose_LOW_bin_1-6    2.1346e+02    2.1347e+02 +/-  1.42e+01  <none>
  Background_Loose_LOW_bin_1-7    7.7299e+01    7.7318e+01 +/-  8.87e+00  <none>
  Background_Loose_SIG_bin_1-1    3.0941e+03    3.0941e+03 +/-  5.33e+01  <none>
  Background_Loose_SIG_bin_1-2    2.5139e+03    2.5138e+03 +/-  5.23e+01  <none>
  Background_Loose_SIG_bin_1-3    1.6367e+03    1.6367e+03 +/-  4.20e+01  <none>
  Background_Loose_SIG_bin_1-4    9.9221e+02    9.9219e+02 +/-  3.82e+01  <none>
  Background_Loose_SIG_bin_1-5    3.5255e+02    3.5245e+02 +/-  1.95e+01  <none>
  Background_Loose_SIG_bin_1-6    1.0669e+02    1.0669e+02 +/-  9.58e+00  <none>
  Background_Loose_SIG_bin_1-7    3.3544e+01    3.3542e+01 +/-  5.37e+00  <none>
  Background_Loose_SIG_bin_2-1    2.5505e+03    2.5501e+03 +/-  4.86e+01  <none>
  Background_Loose_SIG_bin_2-2    2.1485e+03    2.1485e+03 +/-  4.68e+01  <none>
  Background_Loose_SIG_bin_2-3    1.3504e+03    1.3505e+03 +/-  3.93e+01  <none>
  Background_Loose_SIG_bin_2-4    8.6683e+02    8.6637e+02 +/-  3.91e+01  <none>
  Background_Loose_SIG_bin_2-5    3.1554e+02    3.1557e+02 +/-  1.79e+01  <none>
  Background_Loose_SIG_bin_2-6    9.0339e+01    9.0342e+01 +/-  8.82e+00  <none>
  Background_Loose_SIG_bin_2-7    2.2356e+01    2.2356e+01 +/-  4.39e+00  <none>
  Background_Loose_SIG_bin_3-1    2.1131e+03    2.1129e+03 +/-  4.43e+01  <none>
  Background_Loose_SIG_bin_3-2    1.7127e+03    1.7125e+03 +/-  4.01e+01  <none>
  Background_Loose_SIG_bin_3-3    1.0935e+03    1.0934e+03 +/-  3.61e+01  <none>
  Background_Loose_SIG_bin_3-4    7.4628e+02    7.4607e+02 +/-  3.07e+01  <none>
  Background_Loose_SIG_bin_3-5    2.4846e+02    2.4837e+02 +/-  1.57e+01  <none>
  Background_Loose_SIG_bin_3-6    6.1077e+01    6.1087e+01 +/-  7.25e+00  <none>
  Background_Loose_SIG_bin_3-7    2.8379e+01    2.8379e+01 +/-  4.94e+00  <none>
  Background_Loose_SIG_bin_4-1    1.7810e+03    1.7811e+03 +/-  3.99e+01  <none>
  Background_Loose_SIG_bin_4-2    1.3808e+03    1.3808e+03 +/-  3.72e+01  <none>
  Background_Loose_SIG_bin_4-3    8.7993e+02    8.8005e+02 +/-  2.88e+01  <none>
  Background_Loose_SIG_bin_4-4    6.2999e+02    6.3006e+02 +/-  2.68e+01  <none>
  Background_Loose_SIG_bin_4-5    2.3295e+02    2.3304e+02 +/-  1.46e+01  <none>
  Background_Loose_SIG_bin_4-6    7.2269e+01    7.2273e+01 +/-  7.89e+00  <none>
  Background_Loose_SIG_bin_4-7    1.8054e+01    1.8054e+01 +/-  3.94e+00  <none>
  Background_Loose_SIG_bin_5-1    1.4033e+03    1.4030e+03 +/-  3.61e+01  <none>
  Background_Loose_SIG_bin_5-2    1.2027e+03    1.2028e+03 +/-  3.43e+01  <none>
  Background_Loose_SIG_bin_5-3    7.8028e+02    7.8013e+02 +/-  2.80e+01  <none>
  Background_Loose_SIG_bin_5-4    4.8848e+02    4.8840e+02 +/-  2.37e+01  <none>
  Background_Loose_SIG_bin_5-5    1.9434e+02    1.9424e+02 +/-  1.38e+01  <none>
  Background_Loose_SIG_bin_5-6    5.6783e+01    5.6785e+01 +/-  6.99e+00  <none>
  Background_Loose_SIG_bin_5-7    2.1744e+01    2.1740e+01 +/-  4.54e+00  <none>
  Background_rpf_0x0_par0    1.6220e-01    1.6220e-01 +/-  1.67e-03  <none>
                     F   -4.5392e-02   -4.4784e-02 +/-  4.41e-01  <none>
                   JER    3.2986e-02    2.8304e-02 +/-  3.34e-01  <none>
                   JES    3.0561e-02    4.0062e-02 +/-  5.72e-01  <none>
                   JMR    1.0411e+00    1.0589e+00 +/-  6.03e-01  <none>
                   JMS   -4.1499e-02   -4.4204e-02 +/-  4.23e-01  <none>
                PS_FSR   -2.3651e-01   -2.3044e-01 +/-  2.22e-01  <none>
                PS_ISR    1.5209e-01    1.5947e-01 +/-  4.52e-01  <none>
                     R    1.1660e-01    1.2861e-01 +/-  4.51e-01  <none>
                    RF    1.3129e-01    1.2340e-01 +/-  4.89e-01  <none>
                  btag    3.5726e-02    4.7998e-02 +/-  4.62e-01  <none>
                  lumi   -1.3303e-01   -1.3343e-01 +/-  9.98e-01  <none>
                   pdf   -1.7814e-01   -1.8142e-01 +/-  4.73e-01  <none>
                pileup   -5.2893e-01   -5.0806e-01 +/-  5.14e-01  <none>
               prefire   -1.8044e-02   -1.8225e-02 +/-  4.63e-01  <none>
              top_ptrw    0.0000e+00    0.0000e+00 +/-  4.63e-01  <none>
            ttbar_xsec   -1.3003e+00   -1.2977e+00 +/-  8.04e-01  <none>


  RooFitResult: minimized FCN value: -0.00252458, estimated distance to minimum: 2.68428e-06
                covariance matrix quality: Full matrix, but forced positive-definite
                Status : MINIMIZE=0 HESSE=0 

    Constant Parameter    Value     
  --------------------  ------------
                  F_In    0.0000e+00
                JER_In    0.0000e+00
                JES_In    0.0000e+00
                JMR_In    0.0000e+00
                JMS_In    0.0000e+00
             PS_FSR_In    0.0000e+00
             PS_ISR_In    0.0000e+00
                 RF_In    0.0000e+00
                  R_In    0.0000e+00
               btag_In    0.0000e+00
               lumi_In    0.0000e+00
  n_exp_binLoose_HIGH_proc_Background    1.0000e+00
  n_exp_binLoose_LOW_proc_Background    1.0000e+00
  n_exp_binLoose_SIG_proc_Background    1.0000e+00
  n_exp_binPass_HIGH_proc_Background_0x0    1.0000e+00
  n_exp_binPass_LOW_proc_Background_0x0    1.0000e+00
  n_exp_binPass_SIG_proc_Background_0x0    1.0000e+00
                pdf_In    0.0000e+00
             pileup_In    0.0000e+00
            prefire_In    0.0000e+00
           top_ptrw_In    0.0000e+00
         ttbar_xsec_In    0.0000e+00

    Floating Parameter  InitialValue    FinalValue +/-  Error     GblCorr.
  --------------------  ------------  --------------------------  --------
  Background_Loose_HIGH_bin_1-1    4.3979e+03    4.3981e+03 +/-  5.18e+01  <none>
  Background_Loose_HIGH_bin_1-2    3.6916e+03    3.6917e+03 +/-  4.85e+01  <none>
  Background_Loose_HIGH_bin_1-3    2.3636e+03    2.3641e+03 +/-  3.94e+01  <none>
  Background_Loose_HIGH_bin_1-4    1.5603e+03    1.5605e+03 +/-  3.20e+01  <none>
  Background_Loose_HIGH_bin_1-5    5.7254e+02    5.7280e+02 +/-  1.96e+01  <none>
  Background_Loose_HIGH_bin_1-6    1.7721e+02    1.7721e+02 +/-  1.03e+01  <none>
  Background_Loose_HIGH_bin_1-7    6.3950e+01    6.3946e+01 +/-  6.25e+00  <none>
  Background_Loose_HIGH_bin_2-1    1.9840e+03    1.9842e+03 +/-  3.45e+01  <none>
  Background_Loose_HIGH_bin_2-2    1.6087e+03    1.6087e+03 +/-  3.19e+01  <none>
  Background_Loose_HIGH_bin_2-3    1.0183e+03    1.0184e+03 +/-  2.51e+01  <none>
  Background_Loose_HIGH_bin_2-4    6.2920e+02    6.2939e+02 +/-  2.11e+01  <none>
  Background_Loose_HIGH_bin_2-5    2.2749e+02    2.2755e+02 +/-  1.22e+01  <none>
  Background_Loose_HIGH_bin_2-6    8.6040e+01    8.6041e+01 +/-  7.17e+00  <none>
  Background_Loose_HIGH_bin_2-7    3.0077e+01    3.0077e+01 +/-  4.24e+00  <none>
  Background_Loose_HIGH_bin_3-1    8.6309e+02    8.6310e+02 +/-  2.27e+01  <none>
  Background_Loose_HIGH_bin_3-2    7.4774e+02    7.4773e+02 +/-  2.11e+01  <none>
  Background_Loose_HIGH_bin_3-3    5.0519e+02    5.0520e+02 +/-  1.79e+01  <none>
  Background_Loose_HIGH_bin_3-4    3.2471e+02    3.2473e+02 +/-  1.41e+01  <none>
  Background_Loose_HIGH_bin_3-5    1.1787e+02    1.1787e+02 +/-  8.39e+00  <none>
  Background_Loose_HIGH_bin_3-6    3.8698e+01    3.8699e+01 +/-  4.81e+00  <none>
  Background_Loose_HIGH_bin_3-7    1.0371e+01    1.0375e+01 +/-  2.80e+00  <none>
  Background_Loose_HIGH_bin_4-1    4.4146e+02    4.4144e+02 +/-  1.64e+01  <none>
  Background_Loose_HIGH_bin_4-2    3.4743e+02    3.4743e+02 +/-  1.44e+01  <none>
  Background_Loose_HIGH_bin_4-3    2.3806e+02    2.3803e+02 +/-  1.19e+01  <none>
  Background_Loose_HIGH_bin_4-4    1.4483e+02    1.4481e+02 +/-  9.55e+00  <none>
  Background_Loose_HIGH_bin_4-5    7.1213e+01    7.1212e+01 +/-  6.53e+00  <none>
  Background_Loose_HIGH_bin_4-6    1.7878e+01    1.7879e+01 +/-  3.28e+00  <none>
  Background_Loose_HIGH_bin_4-7    9.9991e+00    1.0000e+01 +/-  2.48e+00  <none>
  Background_Loose_HIGH_bin_5-1    1.9703e+02    1.9703e+02 +/-  1.08e+01  <none>
  Background_Loose_HIGH_bin_5-2    1.6635e+02    1.6635e+02 +/-  9.98e+00  <none>
  Background_Loose_HIGH_bin_5-3    9.2761e+01    9.2760e+01 +/-  7.45e+00  <none>
  Background_Loose_HIGH_bin_5-4    6.9155e+01    6.9155e+01 +/-  6.45e+00  <none>
  Background_Loose_HIGH_bin_5-5    2.2780e+01    2.2779e+01 +/-  3.80e+00  <none>
  Background_Loose_HIGH_bin_5-6    7.7086e+00    7.7077e+00 +/-  2.33e+00  <none>
  Background_Loose_HIGH_bin_5-7    3.6606e+00    3.6591e+00 +/-  1.66e+00  <none>
  Background_Loose_HIGH_bin_6-1    1.7121e+02    1.7121e+02 +/-  1.01e+01  <none>
  Background_Loose_HIGH_bin_6-2    1.3583e+02    1.3583e+02 +/-  9.01e+00  <none>
  Background_Loose_HIGH_bin_6-3    9.2882e+01    9.2880e+01 +/-  7.45e+00  <none>
  Background_Loose_HIGH_bin_6-4    4.3763e+01    4.3762e+01 +/-  5.12e+00  <none>
  Background_Loose_HIGH_bin_6-5    2.5666e+01    2.5666e+01 +/-  3.92e+00  <none>
  Background_Loose_HIGH_bin_6-6    1.0377e+01    1.0378e+01 +/-  2.59e+00  <none>
  Background_Loose_HIGH_bin_6-7    1.6266e+00    1.6258e+00 +/-  1.15e+00  <none>
  Background_Loose_LOW_bin_1-1    6.6267e+03    6.6271e+03 +/-  6.36e+01  <none>
  Background_Loose_LOW_bin_1-2    5.3912e+03    5.3916e+03 +/-  6.04e+01  <none>
  Background_Loose_LOW_bin_1-3    3.4318e+03    3.4325e+03 +/-  4.96e+01  <none>
  Background_Loose_LOW_bin_1-4    2.1081e+03    2.1092e+03 +/-  4.43e+01  <none>
  Background_Loose_LOW_bin_1-5    8.1918e+02    8.1908e+02 +/-  2.33e+01  <none>
  Background_Loose_LOW_bin_1-6    2.1343e+02    2.1349e+02 +/-  1.16e+01  <none>
  Background_Loose_LOW_bin_1-7    7.7286e+01    7.7327e+01 +/-  7.05e+00  <none>
  Background_Loose_SIG_bin_1-1    3.0942e+03    3.0943e+03 +/-  4.36e+01  <none>
  Background_Loose_SIG_bin_1-2    2.5137e+03    2.5139e+03 +/-  4.04e+01  <none>
  Background_Loose_SIG_bin_1-3    1.6366e+03    1.6369e+03 +/-  3.26e+01  <none>
  Background_Loose_SIG_bin_1-4    9.9175e+02    9.9211e+02 +/-  2.71e+01  <none>
  Background_Loose_SIG_bin_1-5    3.5244e+02    3.5246e+02 +/-  1.52e+01  <none>
  Background_Loose_SIG_bin_1-6    1.0670e+02    1.0670e+02 +/-  7.98e+00  <none>
  Background_Loose_SIG_bin_1-7    3.3546e+01    3.3545e+01 +/-  4.47e+00  <none>
  Background_Loose_SIG_bin_2-1    2.5505e+03    2.5503e+03 +/-  3.95e+01  <none>
  Background_Loose_SIG_bin_2-2    2.1485e+03    2.1487e+03 +/-  3.70e+01  <none>
  Background_Loose_SIG_bin_2-3    1.3503e+03    1.3507e+03 +/-  2.99e+01  <none>
  Background_Loose_SIG_bin_2-4    8.6648e+02    8.6631e+02 +/-  2.52e+01  <none>
  Background_Loose_SIG_bin_2-5    3.1552e+02    3.1563e+02 +/-  1.42e+01  <none>
  Background_Loose_SIG_bin_2-6    9.0350e+01    9.0351e+01 +/-  7.34e+00  <none>
  Background_Loose_SIG_bin_2-7    2.2359e+01    2.2358e+01 +/-  3.65e+00  <none>
  Background_Loose_SIG_bin_3-1    2.1130e+03    2.1130e+03 +/-  3.58e+01  <none>
  Background_Loose_SIG_bin_3-2    1.7126e+03    1.7126e+03 +/-  3.25e+01  <none>
  Background_Loose_SIG_bin_3-3    1.0932e+03    1.0935e+03 +/-  2.67e+01  <none>
  Background_Loose_SIG_bin_3-4    7.4613e+02    7.4607e+02 +/-  2.28e+01  <none>
  Background_Loose_SIG_bin_3-5    2.4838e+02    2.4835e+02 +/-  1.27e+01  <none>
  Background_Loose_SIG_bin_3-6    6.1100e+01    6.1094e+01 +/-  6.04e+00  <none>
  Background_Loose_SIG_bin_3-7    2.8380e+01    2.8380e+01 +/-  4.12e+00  <none>
  Background_Loose_SIG_bin_4-1    1.7811e+03    1.7813e+03 +/-  3.29e+01  <none>
  Background_Loose_SIG_bin_4-2    1.3807e+03    1.3809e+03 +/-  2.96e+01  <none>
  Background_Loose_SIG_bin_4-3    8.7997e+02    8.8007e+02 +/-  2.35e+01  <none>
  Background_Loose_SIG_bin_4-4    6.3000e+02    6.3016e+02 +/-  2.05e+01  <none>
  Background_Loose_SIG_bin_4-5    2.3303e+02    2.3312e+02 +/-  1.19e+01  <none>
  Background_Loose_SIG_bin_4-6    7.2279e+01    7.2280e+01 +/-  6.57e+00  <none>
  Background_Loose_SIG_bin_4-7    1.8056e+01    1.8056e+01 +/-  3.28e+00  <none>
  Background_Loose_SIG_bin_5-1    1.4033e+03    1.4031e+03 +/-  2.93e+01  <none>
  Background_Loose_SIG_bin_5-2    1.2027e+03    1.2028e+03 +/-  2.76e+01  <none>
  Background_Loose_SIG_bin_5-3    7.8021e+02    7.8019e+02 +/-  2.22e+01  <none>
  Background_Loose_SIG_bin_5-4    4.8829e+02    4.8839e+02 +/-  1.80e+01  <none>
  Background_Loose_SIG_bin_5-5    1.9427e+02    1.9422e+02 +/-  1.11e+01  <none>
  Background_Loose_SIG_bin_5-6    5.6790e+01    5.6791e+01 +/-  5.82e+00  <none>
  Background_Loose_SIG_bin_5-7    2.1737e+01    2.1737e+01 +/-  3.76e+00  <none>
  Background_rpf_0x0_par0    1.6208e-01    1.6208e-01 +/-  1.33e-03  <none>
                     F   -4.7385e-02   -4.7073e-02 +/-  3.49e-01  <none>
                   JER    3.3133e-02    3.0398e-02 +/-  2.72e-01  <none>
                   JES    3.9372e-02    4.3579e-02 +/-  1.27e-02  <none>
                   JMR    1.0511e+00    1.0673e+00 +/-  2.76e-01  <none>
                   JMS   -4.7675e-02   -4.8850e-02 +/-  1.74e-02  <none>
                PS_FSR   -2.3324e-01   -2.3188e-01 +/-  1.43e-01  <none>
                PS_ISR    1.5349e-01    1.5748e-01 +/-  2.79e-01  <none>
                     R    1.2095e-01    1.2563e-01 +/-  2.94e-01  <none>
                    RF    1.2374e-01    1.2351e-01 +/-  2.80e-01  <none>
                  btag    3.8397e-02    5.0925e-02 +/-  3.74e-01  <none>
                  lumi   -1.3313e-01   -1.3332e-01 +/-  8.19e-01  <none>
                   pdf   -1.8086e-01   -1.8109e-01 +/-  2.64e-01  <none>
                pileup   -5.2172e-01   -5.0061e-01 +/-  2.30e-01  <none>
               prefire   -1.7865e-02   -1.8074e-02 +/-  3.82e-01  <none>
                     r    1.1219e-01    1.1238e-01 +/-  5.77e-02  <none>
              top_ptrw    0.0000e+00    0.0000e+00 +/-  3.86e-01  <none>
            ttbar_xsec   -1.2826e+00   -1.2940e+00 +/-  3.93e-01  <none>

Robus Fit for POI 
Set default minimizer to Minuit2, algorithm Migrad, tolerance 0.1
Searching for crossing at nll = -1076.1 in the interval 0.112384, 20
      r      lvl-here  lvl-there   stepping
  [WARNING] Found [Background_Loose_HIGH_bin_6-7] at boundary. 
 [WARNING] After the fit some parameters are at their boundary.
 [WARNING] Are you sure your model is correct?
2.101146    -15.23841  +0.49448    1.988762
  [WARNING] Found [Background_Loose_HIGH_bin_6-7] at boundary. 
 [WARNING] After the fit some parameters are at their boundary.
 [WARNING] Are you sure your model is correct?
0.709013    -5.46667  -15.23841    0.596628
  [WARNING] Found [Background_Loose_HIGH_bin_6-7] at boundary. 
 [WARNING] After the fit some parameters are at their boundary.
 [WARNING] Are you sure your model is correct?
0.291373    -1.44257  -5.46667    0.178989
0.166081    +0.26551  -1.44257    0.053697
 [WARNING] After the fit some parameters are at their boundary.
 [WARNING] Are you sure your model is correct?
0.219778    -0.31268  +0.26551    0.053697
0.182190    +0.12260  -0.31268    0.016109
0.198299    -0.04777  +0.12260    0.016109
0.187023    +0.07418  -0.04777    0.004833
0.191855    +0.02334  +0.07418    0.004833
0.196688    -0.02983  +0.02334    0.004833
0.193305    +0.00785  -0.02983    0.001450
0.194755    -0.00803  +0.00785    0.001450
0.193740    +0.00314  -0.00803    0.000435
0.194175    -0.00163  +0.00314    0.000435
Set default minimizer to Minuit2, algorithm Migrad, tolerance 0.1
Searching for crossing at nll = -1076.1 in the interval 0.112384, -5
      r      lvl-here  lvl-there   stepping
WARNING: underflow to -2.72294e-05 in pdf_binPass_HIGH_obsOnly for bin 32, weight 5
[#0] ERROR:Eval -- RooAbsReal::logEvalError(Pass_HIGH) evaluation error, 
 origin       : RooAbsReal::Pass_HIGH[ params=(Background_Loose_HIGH_bin_1-1,Background_Loose_HIGH_bin_1-2,Background_Loose_HIGH_bin_1-3,Background_Loose_HIGH_bin_1-4,Background_Loose_HIGH_bin_1-5,Background_Loose_HIGH_bin_1-6,Background_Loose_HIGH_bin_1-7,Background_Loose_HIGH_bin_2-1,Background_Loose_HIGH_bin_2-2,Background_Loose_HIGH_bin_2-3,Background_Loose_HIGH_bin_2-4,Background_Loose_HIGH_bin_2-5,Background_Loose_HIGH_bin_2-6,Background_Loose_HIGH_bin_2-7,Background_Loose_HIGH_bin_3-1,Background_Loose_HIGH_bin_3-2,Background_Loose_HIGH_bin_3-3,Background_Loose_HIGH_bin_3-4,Background_Loose_HIGH_bin_3-5,Background_Loose_HIGH_bin_3-6,Background_Loose_HIGH_bin_3-7,Background_Loose_HIGH_bin_4-1,Background_Loose_HIGH_bin_4-2,Background_Loose_HIGH_bin_4-3,Background_Loose_HIGH_bin_4-4,Background_Loose_HIGH_bin_4-5,Background_Loose_HIGH_bin_4-6,Background_Loose_HIGH_bin_4-7,Background_Loose_HIGH_bin_5-1,Background_Loose_HIGH_bin_5-2,Background_Loose_HIGH_bin_5-3,Background_Loose_HIGH_bin_5-4,Background_Loose_HIGH_bin_5-5,Background_Loose_HIGH_bin_5-6,Background_Loose_HIGH_bin_5-7,Background_Loose_HIGH_bin_6-1,Background_Loose_HIGH_bin_6-2,Background_Loose_HIGH_bin_6-3,Background_Loose_HIGH_bin_6-4,Background_Loose_HIGH_bin_6-5,Background_Loose_HIGH_bin_6-6,Background_Loose_HIGH_bin_6-7,Background_rpf_0x0_par0,F,JER,JES,JMR,JMS,PS_FSR,PS_ISR,R,RF,btag,lumi,n_exp_binPass_HIGH_proc_Background_0x0,pdf,pileup,prefire,r,top_ptrw,ttbar_xsec) catParams=() ]
 message      : Number of events is negative or error
 server values: params=(Background_Loose_HIGH_bin_1-1 = 4398.08 +/- 61.8542,Background_Loose_HIGH_bin_1-2 = 3691.69 +/- 57.3036,Background_Loose_HIGH_bin_1-3 = 2364.13 +/- 45.9299,Background_Loose_HIGH_bin_1-4 = 1560.45 +/- 37.6315,Background_Loose_HIGH_bin_1-5 = 572.804 +/- 22.9688,Background_Loose_HIGH_bin_1-6 = 177.207 +/- 12.3818,Background_Loose_HIGH_bin_1-7 = 63.9457 +/- 7.50208,Background_Loose_HIGH_bin_2-1 = 1984.15 +/- 41.4332,Background_Loose_HIGH_bin_2-2 = 1608.73 +/- 37.8466,Background_Loose_HIGH_bin_2-3 = 1018.42 +/- 30.0024,Background_Loose_HIGH_bin_2-4 = 629.389 +/- 24.6693,Background_Loose_HIGH_bin_2-5 = 227.552 +/- 14.3801,Background_Loose_HIGH_bin_2-6 = 86.0409 +/- 8.60508,Background_Loose_HIGH_bin_2-7 = 30.0774 +/- 5.09112,Background_Loose_HIGH_bin_3-1 = 863.095 +/- 27.2541,Background_Loose_HIGH_bin_3-2 = 747.728 +/- 25.3729,Background_Loose_HIGH_bin_3-3 = 505.204 +/- 21.2952,Background_Loose_HIGH_bin_3-4 = 324.728 +/- 16.9223,Background_Loose_HIGH_bin_3-5 = 117.869 +/- 10.0724,Background_Loose_HIGH_bin_3-6 = 38.6986 +/- 5.77266,Background_Loose_HIGH_bin_3-7 = 10.3744 +/- 3.28214,Background_Loose_HIGH_bin_4-1 = 441.443 +/- 19.6411,Background_Loose_HIGH_bin_4-2 = 347.424 +/- 17.2979,Background_Loose_HIGH_bin_4-3 = 238.03 +/- 14.3245,Background_Loose_HIGH_bin_4-4 = 144.812 +/- 11.4094,Background_Loose_HIGH_bin_4-5 = 71.212 +/- 7.83962,Background_Loose_HIGH_bin_4-6 = 17.8786 +/- 3.94257,Background_Loose_HIGH_bin_4-7 = 10.0003 +/- 2.97946,Background_Loose_HIGH_bin_5-1 = 197.032 +/- 13.0221,Background_Loose_HIGH_bin_5-2 = 166.346 +/- 11.9857,Background_Loose_HIGH_bin_5-3 = 92.7601 +/- 8.94303,Background_Loose_HIGH_bin_5-4 = 69.1554 +/- 7.7434,Background_Loose_HIGH_bin_5-5 = 22.7792 +/- 4.53463,Background_Loose_HIGH_bin_5-6 = 7.70761 +/- 2.7549,Background_Loose_HIGH_bin_5-7 = 3.65901 +/- 1.96655,Background_Loose_HIGH_bin_6-1 = 171.213 +/- 12.1395,Background_Loose_HIGH_bin_6-2 = 135.83 +/- 10.817,Background_Loose_HIGH_bin_6-3 = 92.88 +/- 8.94304,Background_Loose_HIGH_bin_6-4 = 43.7622 +/- 6.14537,Background_Loose_HIGH_bin_6-5 = 25.6662 +/- 4.71303,Background_Loose_HIGH_bin_6-6 = 10.3776 +/- 3.09214,Background_Loose_HIGH_bin_6-7 = 1.62602 +/- 1.37015,Background_rpf_0x0_par0 = 0.162082 +/- 0.00154056,F = -0.0472962 +/- 0.399293,JER = 0.0308516 +/- 0.32625,JES = 0.0435776 +/- 0.00405045,JMR = 1.06745 +/- 0.242055,JMS = -0.0488513 +/- 0.00553946,PS_FSR = -0.231972 +/- 0.138751,PS_ISR = 0.157484 +/- 0.249623,R = 0.125582 +/- 0.274331,RF = 0.12348 +/- 0.24536,btag = 0.0507234 +/- 0.4393,lumi = -0.133584 +/- 0.957573,n_exp_binPass_HIGH_proc_Background_0x0 = 1,pdf = -0.181062 +/- 0.228607,pileup = -0.500413 +/- 0.216034,prefire = -0.0180746 +/- 0.453921,r = -0.398854 +/- 0.0576653,top_ptrw = 0 +/- 0.463331,ttbar_xsec = -1.29404 +/- 0.336774), catParams=()
FASTEXIT from pdf_binPass_HIGH_obsOnly
  [WARNING] Found [Background_Loose_HIGH_bin_1-1] at boundary. 
  [WARNING] Found [Background_Loose_HIGH_bin_1-2] at boundary. 
  [WARNING] Found [Background_Loose_HIGH_bin_1-3] at boundary. 
  [WARNING] Found [Background_Loose_HIGH_bin_1-4] at boundary. 
  [WARNING] Found [Background_Loose_HIGH_bin_1-5] at boundary. 
  [WARNING] Found [Background_Loose_HIGH_bin_1-6] at boundary. 
  [WARNING] Found [Background_Loose_HIGH_bin_1-7] at boundary. 
  [WARNING] Found [Background_Loose_HIGH_bin_2-1] at boundary. 
  [WARNING] Found [Background_Loose_HIGH_bin_2-2] at boundary. 
  [WARNING] Found [Background_Loose_HIGH_bin_2-3] at boundary. 
  [WARNING] Found [Background_Loose_HIGH_bin_2-4] at boundary. 
  [WARNING] Found [Background_Loose_HIGH_bin_2-5] at boundary. 
  [WARNING] Found [Background_Loose_HIGH_bin_2-6] at boundary. 
  [WARNING] Found [Background_Loose_HIGH_bin_2-7] at boundary. 
  [WARNING] Found [Background_Loose_HIGH_bin_3-1] at boundary. 
  [WARNING] Found [Background_Loose_HIGH_bin_3-2] at boundary. 
  [WARNING] Found [Background_Loose_HIGH_bin_3-3] at boundary. 
  [WARNING] Found [Background_Loose_HIGH_bin_3-4] at boundary. 
  [WARNING] Found [Background_Loose_HIGH_bin_3-5] at boundary. 
  [WARNING] Found [Background_Loose_HIGH_bin_3-6] at boundary. 
  [WARNING] Found [Background_Loose_HIGH_bin_3-7] at boundary. 
  [WARNING] Found [Background_Loose_HIGH_bin_4-1] at boundary. 
  [WARNING] Found [Background_Loose_HIGH_bin_4-2] at boundary. 
  [WARNING] Found [Background_Loose_HIGH_bin_4-3] at boundary. 
  [WARNING] Found [Background_Loose_HIGH_bin_4-4] at boundary. 
  [WARNING] Found [Background_Loose_HIGH_bin_4-5] at boundary. 
  [WARNING] Found [Background_Loose_HIGH_bin_4-6] at boundary. 
  [WARNING] Found [Background_Loose_HIGH_bin_4-7] at boundary. 
  [WARNING] Found [Background_Loose_HIGH_bin_5-1] at boundary. 
  [WARNING] Found [Background_Loose_HIGH_bin_5-2] at boundary. 
  [WARNING] Found [Background_Loose_HIGH_bin_5-3] at boundary. 
  [WARNING] Found [Background_Loose_HIGH_bin_5-4] at boundary. 
  [WARNING] Found [Background_Loose_HIGH_bin_5-5] at boundary. 
  [WARNING] Found [Background_Loose_HIGH_bin_5-6] at boundary. 
  [WARNING] Found [Background_Loose_HIGH_bin_5-7] at boundary. 
  [WARNING] Found [Background_Loose_HIGH_bin_6-1] at boundary. 
  [WARNING] Found [Background_Loose_HIGH_bin_6-2] at boundary. 
  [WARNING] Found [Background_Loose_HIGH_bin_6-3] at boundary. 
  [WARNING] Found [Background_Loose_HIGH_bin_6-4] at boundary. 
  [WARNING] Found [Background_Loose_HIGH_bin_6-5] at boundary. 
  [WARNING] Found [Background_Loose_HIGH_bin_6-6] at boundary. 
 [WARNING] After the fit some parameters are at their boundary.
 [WARNING] Are you sure your model is correct?
WARNING: underflow to -2.72294e-05 in pdf_binPass_HIGH_obsOnly for bin 32, weight 5
[#0] ERROR:Eval -- RooAbsReal::logEvalError(Pass_HIGH) evaluation error, 
 origin       : RooAbsReal::Pass_HIGH[ params=(Background_Loose_HIGH_bin_1-1,Background_Loose_HIGH_bin_1-2,Background_Loose_HIGH_bin_1-3,Background_Loose_HIGH_bin_1-4,Background_Loose_HIGH_bin_1-5,Background_Loose_HIGH_bin_1-6,Background_Loose_HIGH_bin_1-7,Background_Loose_HIGH_bin_2-1,Background_Loose_HIGH_bin_2-2,Background_Loose_HIGH_bin_2-3,Background_Loose_HIGH_bin_2-4,Background_Loose_HIGH_bin_2-5,Background_Loose_HIGH_bin_2-6,Background_Loose_HIGH_bin_2-7,Background_Loose_HIGH_bin_3-1,Background_Loose_HIGH_bin_3-2,Background_Loose_HIGH_bin_3-3,Background_Loose_HIGH_bin_3-4,Background_Loose_HIGH_bin_3-5,Background_Loose_HIGH_bin_3-6,Background_Loose_HIGH_bin_3-7,Background_Loose_HIGH_bin_4-1,Background_Loose_HIGH_bin_4-2,Background_Loose_HIGH_bin_4-3,Background_Loose_HIGH_bin_4-4,Background_Loose_HIGH_bin_4-5,Background_Loose_HIGH_bin_4-6,Background_Loose_HIGH_bin_4-7,Background_Loose_HIGH_bin_5-1,Background_Loose_HIGH_bin_5-2,Background_Loose_HIGH_bin_5-3,Background_Loose_HIGH_bin_5-4,Background_Loose_HIGH_bin_5-5,Background_Loose_HIGH_bin_5-6,Background_Loose_HIGH_bin_5-7,Background_Loose_HIGH_bin_6-1,Background_Loose_HIGH_bin_6-2,Background_Loose_HIGH_bin_6-3,Background_Loose_HIGH_bin_6-4,Background_Loose_HIGH_bin_6-5,Background_Loose_HIGH_bin_6-6,Background_Loose_HIGH_bin_6-7,Background_rpf_0x0_par0,F,JER,JES,JMR,JMS,PS_FSR,PS_ISR,R,RF,btag,lumi,n_exp_binPass_HIGH_proc_Background_0x0,pdf,pileup,prefire,r,top_ptrw,ttbar_xsec) catParams=() ]
 message      : Number of events is negative or error
 server values: params=(Background_Loose_HIGH_bin_1-1 = 4398.08 +/- 227827,Background_Loose_HIGH_bin_1-2 = 3691.69 +/- 228152,Background_Loose_HIGH_bin_1-3 = 2364.13 +/- 228762,Background_Loose_HIGH_bin_1-4 = 1560.45 +/- 229132,Background_Loose_HIGH_bin_1-5 = 572.804 +/- 229586,Background_Loose_HIGH_bin_1-6 = 177.207 +/- 229767,Background_Loose_HIGH_bin_1-7 = 63.9457 +/- 229819,Background_Loose_HIGH_bin_2-1 = 1984.15 +/- 228937,Background_Loose_HIGH_bin_2-2 = 1608.73 +/- 229109,Background_Loose_HIGH_bin_2-3 = 1018.42 +/- 229381,Background_Loose_HIGH_bin_2-4 = 629.389 +/- 229560,Background_Loose_HIGH_bin_2-5 = 227.552 +/- 229744,Background_Loose_HIGH_bin_2-6 = 86.0409 +/- 229809,Background_Loose_HIGH_bin_2-7 = 30.0774 +/- 229835,Background_Loose_HIGH_bin_3-1 = 863.095 +/- 229452,Background_Loose_HIGH_bin_3-2 = 747.728 +/- 229505,Background_Loose_HIGH_bin_3-3 = 505.204 +/- 229617,Background_Loose_HIGH_bin_3-4 = 324.728 +/- 229700,Background_Loose_HIGH_bin_3-5 = 117.869 +/- 229795,Background_Loose_HIGH_bin_3-6 = 38.6986 +/- 229831,Background_Loose_HIGH_bin_3-7 = 10.3744 +/- 229844,Background_Loose_HIGH_bin_4-1 = 441.443 +/- 229646,Background_Loose_HIGH_bin_4-2 = 347.424 +/- 229689,Background_Loose_HIGH_bin_4-3 = 238.03 +/- 229739,Background_Loose_HIGH_bin_4-4 = 144.812 +/- 229782,Background_Loose_HIGH_bin_4-5 = 71.212 +/- 229816,Background_Loose_HIGH_bin_4-6 = 17.8786 +/- 229841,Background_Loose_HIGH_bin_4-7 = 10.0003 +/- 229844,Background_Loose_HIGH_bin_5-1 = 197.032 +/- 229758,Background_Loose_HIGH_bin_5-2 = 166.346 +/- 229772,Background_Loose_HIGH_bin_5-3 = 92.7601 +/- 229806,Background_Loose_HIGH_bin_5-4 = 69.1554 +/- 229817,Background_Loose_HIGH_bin_5-5 = 22.7792 +/- 229838,Background_Loose_HIGH_bin_5-6 = 7.70761 +/- 229845,Background_Loose_HIGH_bin_5-7 = 3.65901 +/- 229847,Background_Loose_HIGH_bin_6-1 = 171.213 +/- 229770,Background_Loose_HIGH_bin_6-2 = 135.83 +/- 229786,Background_Loose_HIGH_bin_6-3 = 92.88 +/- 229806,Background_Loose_HIGH_bin_6-4 = 43.7622 +/- 229829,Background_Loose_HIGH_bin_6-5 = 25.6662 +/- 229837,Background_Loose_HIGH_bin_6-6 = 10.3776 +/- 229844,Background_Loose_HIGH_bin_6-7 = 1.62602 +/- 229848,Background_rpf_0x0_par0 = 0.162082 +/- 0,F = -0.0472962 +/- 2.82343e-16,JER = 0.0308516 +/- 2.30693e-16,JES = 0.0435776 +/- 2.8641e-18,JMR = 1.06745 +/- 1.71159e-16,JMS = -0.0488513 +/- 3.91699e-18,PS_FSR = -0.231972 +/- 9.81119e-17,PS_ISR = 0.157484 +/- 1.7651e-16,R = 0.125582 +/- 1.93981e-16,RF = 0.12348 +/- 1.73496e-16,btag = 0.0507234 +/- 3.10632e-16,lumi = -0.133584 +/- 6.77106e-16,n_exp_binPass_HIGH_proc_Background_0x0 = 1,pdf = -0.181062 +/- 1.61649e-16,pileup = -0.500413 +/- 1.52759e-16,prefire = -0.0180746 +/- 3.20971e-16,r = -0.398854 +/- 0.0576653,top_ptrw = 0 +/- 3.27624e-16,ttbar_xsec = -1.29404 +/- 2.38135e-16), catParams=()
FASTEXIT from pdf_binPass_HIGH_obsOnly
-0.398854    -9000000305.43975  +0.49448    -0.511238
-0.040987    -3.27523  -9000000305.43975    -0.153372
0.066373    +0.26923  -3.27523    -0.046011
0.020362    -0.57356  +0.26923    -0.046011
0.052570    +0.09503  -0.57356    -0.013803
Error: minimization failed at r = 0.0517069

  RooFitResult: minimized FCN value: -0.00252458, estimated distance to minimum: 2.68428e-06
                covariance matrix quality: Full matrix, but forced positive-definite
                Status : MINIMIZE=0 HESSE=0 

    Constant Parameter    Value     
  --------------------  ------------
                  F_In    0.0000e+00
                JER_In    0.0000e+00
                JES_In    0.0000e+00
                JMR_In    0.0000e+00
                JMS_In    0.0000e+00
             PS_FSR_In    0.0000e+00
             PS_ISR_In    0.0000e+00
                 RF_In    0.0000e+00
                  R_In    0.0000e+00
               btag_In    0.0000e+00
               lumi_In    0.0000e+00
  n_exp_binLoose_HIGH_proc_Background    1.0000e+00
  n_exp_binLoose_LOW_proc_Background    1.0000e+00
  n_exp_binLoose_SIG_proc_Background    1.0000e+00
  n_exp_binPass_HIGH_proc_Background_0x0    1.0000e+00
  n_exp_binPass_LOW_proc_Background_0x0    1.0000e+00
  n_exp_binPass_SIG_proc_Background_0x0    1.0000e+00
                pdf_In    0.0000e+00
             pileup_In    0.0000e+00
            prefire_In    0.0000e+00
           top_ptrw_In    0.0000e+00
         ttbar_xsec_In    0.0000e+00

    Floating Parameter  InitialValue    FinalValue (+HiError,-LoError)    GblCorr.
  --------------------  ------------  ----------------------------------  --------
  Background_Loose_HIGH_bin_1-1    4.3979e+03    4.3981e+03         +/-  5.18e+01  <none>
  Background_Loose_HIGH_bin_1-2    3.6916e+03    3.6917e+03         +/-  4.85e+01  <none>
  Background_Loose_HIGH_bin_1-3    2.3636e+03    2.3641e+03         +/-  3.94e+01  <none>
  Background_Loose_HIGH_bin_1-4    1.5603e+03    1.5605e+03         +/-  3.20e+01  <none>
  Background_Loose_HIGH_bin_1-5    5.7254e+02    5.7280e+02         +/-  1.96e+01  <none>
  Background_Loose_HIGH_bin_1-6    1.7721e+02    1.7721e+02         +/-  1.03e+01  <none>
  Background_Loose_HIGH_bin_1-7    6.3950e+01    6.3946e+01         +/-  6.25e+00  <none>
  Background_Loose_HIGH_bin_2-1    1.9840e+03    1.9842e+03         +/-  3.45e+01  <none>
  Background_Loose_HIGH_bin_2-2    1.6087e+03    1.6087e+03         +/-  3.19e+01  <none>
  Background_Loose_HIGH_bin_2-3    1.0183e+03    1.0184e+03         +/-  2.51e+01  <none>
  Background_Loose_HIGH_bin_2-4    6.2920e+02    6.2939e+02         +/-  2.11e+01  <none>
  Background_Loose_HIGH_bin_2-5    2.2749e+02    2.2755e+02         +/-  1.22e+01  <none>
  Background_Loose_HIGH_bin_2-6    8.6040e+01    8.6041e+01         +/-  7.17e+00  <none>
  Background_Loose_HIGH_bin_2-7    3.0077e+01    3.0077e+01         +/-  4.24e+00  <none>
  Background_Loose_HIGH_bin_3-1    8.6309e+02    8.6310e+02         +/-  2.27e+01  <none>
  Background_Loose_HIGH_bin_3-2    7.4774e+02    7.4773e+02         +/-  2.11e+01  <none>
  Background_Loose_HIGH_bin_3-3    5.0519e+02    5.0520e+02         +/-  1.79e+01  <none>
  Background_Loose_HIGH_bin_3-4    3.2471e+02    3.2473e+02         +/-  1.41e+01  <none>
  Background_Loose_HIGH_bin_3-5    1.1787e+02    1.1787e+02         +/-  8.39e+00  <none>
  Background_Loose_HIGH_bin_3-6    3.8698e+01    3.8699e+01         +/-  4.81e+00  <none>
  Background_Loose_HIGH_bin_3-7    1.0371e+01    1.0375e+01         +/-  2.80e+00  <none>
  Background_Loose_HIGH_bin_4-1    4.4146e+02    4.4144e+02         +/-  1.64e+01  <none>
  Background_Loose_HIGH_bin_4-2    3.4743e+02    3.4743e+02         +/-  1.44e+01  <none>
  Background_Loose_HIGH_bin_4-3    2.3806e+02    2.3803e+02         +/-  1.19e+01  <none>
  Background_Loose_HIGH_bin_4-4    1.4483e+02    1.4481e+02         +/-  9.55e+00  <none>
  Background_Loose_HIGH_bin_4-5    7.1213e+01    7.1212e+01         +/-  6.53e+00  <none>
  Background_Loose_HIGH_bin_4-6    1.7878e+01    1.7879e+01         +/-  3.28e+00  <none>
  Background_Loose_HIGH_bin_4-7    9.9991e+00    1.0000e+01         +/-  2.48e+00  <none>
  Background_Loose_HIGH_bin_5-1    1.9703e+02    1.9703e+02         +/-  1.08e+01  <none>
  Background_Loose_HIGH_bin_5-2    1.6635e+02    1.6635e+02         +/-  9.98e+00  <none>
  Background_Loose_HIGH_bin_5-3    9.2761e+01    9.2760e+01         +/-  7.45e+00  <none>
  Background_Loose_HIGH_bin_5-4    6.9155e+01    6.9155e+01         +/-  6.45e+00  <none>
  Background_Loose_HIGH_bin_5-5    2.2780e+01    2.2779e+01         +/-  3.80e+00  <none>
  Background_Loose_HIGH_bin_5-6    7.7086e+00    7.7077e+00         +/-  2.33e+00  <none>
  Background_Loose_HIGH_bin_5-7    3.6606e+00    3.6591e+00         +/-  1.66e+00  <none>
  Background_Loose_HIGH_bin_6-1    1.7121e+02    1.7121e+02         +/-  1.01e+01  <none>
  Background_Loose_HIGH_bin_6-2    1.3583e+02    1.3583e+02         +/-  9.01e+00  <none>
  Background_Loose_HIGH_bin_6-3    9.2882e+01    9.2880e+01         +/-  7.45e+00  <none>
  Background_Loose_HIGH_bin_6-4    4.3763e+01    4.3762e+01         +/-  5.12e+00  <none>
  Background_Loose_HIGH_bin_6-5    2.5666e+01    2.5666e+01         +/-  3.92e+00  <none>
  Background_Loose_HIGH_bin_6-6    1.0377e+01    1.0378e+01         +/-  2.59e+00  <none>
  Background_Loose_HIGH_bin_6-7    1.6266e+00    1.6258e+00         +/-  1.15e+00  <none>
  Background_Loose_LOW_bin_1-1    6.6267e+03    6.6271e+03         +/-  6.36e+01  <none>
  Background_Loose_LOW_bin_1-2    5.3912e+03    5.3916e+03         +/-  6.04e+01  <none>
  Background_Loose_LOW_bin_1-3    3.4318e+03    3.4325e+03         +/-  4.96e+01  <none>
  Background_Loose_LOW_bin_1-4    2.1081e+03    2.1092e+03         +/-  4.43e+01  <none>
  Background_Loose_LOW_bin_1-5    8.1918e+02    8.1908e+02         +/-  2.33e+01  <none>
  Background_Loose_LOW_bin_1-6    2.1343e+02    2.1349e+02         +/-  1.16e+01  <none>
  Background_Loose_LOW_bin_1-7    7.7286e+01    7.7327e+01         +/-  7.05e+00  <none>
  Background_Loose_SIG_bin_1-1    3.0942e+03    3.0943e+03         +/-  4.36e+01  <none>
  Background_Loose_SIG_bin_1-2    2.5137e+03    2.5139e+03         +/-  4.04e+01  <none>
  Background_Loose_SIG_bin_1-3    1.6366e+03    1.6369e+03         +/-  3.26e+01  <none>
  Background_Loose_SIG_bin_1-4    9.9175e+02    9.9211e+02         +/-  2.71e+01  <none>
  Background_Loose_SIG_bin_1-5    3.5244e+02    3.5246e+02         +/-  1.52e+01  <none>
  Background_Loose_SIG_bin_1-6    1.0670e+02    1.0670e+02         +/-  7.98e+00  <none>
  Background_Loose_SIG_bin_1-7    3.3546e+01    3.3545e+01         +/-  4.47e+00  <none>
  Background_Loose_SIG_bin_2-1    2.5505e+03    2.5503e+03         +/-  3.95e+01  <none>
  Background_Loose_SIG_bin_2-2    2.1485e+03    2.1487e+03         +/-  3.70e+01  <none>
  Background_Loose_SIG_bin_2-3    1.3503e+03    1.3507e+03         +/-  2.99e+01  <none>
  Background_Loose_SIG_bin_2-4    8.6648e+02    8.6631e+02         +/-  2.52e+01  <none>
  Background_Loose_SIG_bin_2-5    3.1552e+02    3.1563e+02         +/-  1.42e+01  <none>
  Background_Loose_SIG_bin_2-6    9.0350e+01    9.0351e+01         +/-  7.34e+00  <none>
  Background_Loose_SIG_bin_2-7    2.2359e+01    2.2358e+01         +/-  3.65e+00  <none>
  Background_Loose_SIG_bin_3-1    2.1130e+03    2.1130e+03         +/-  3.58e+01  <none>
  Background_Loose_SIG_bin_3-2    1.7126e+03    1.7126e+03         +/-  3.25e+01  <none>
  Background_Loose_SIG_bin_3-3    1.0932e+03    1.0935e+03         +/-  2.67e+01  <none>
  Background_Loose_SIG_bin_3-4    7.4613e+02    7.4607e+02         +/-  2.28e+01  <none>
  Background_Loose_SIG_bin_3-5    2.4838e+02    2.4835e+02         +/-  1.27e+01  <none>
  Background_Loose_SIG_bin_3-6    6.1100e+01    6.1094e+01         +/-  6.04e+00  <none>
  Background_Loose_SIG_bin_3-7    2.8380e+01    2.8380e+01         +/-  4.12e+00  <none>
  Background_Loose_SIG_bin_4-1    1.7811e+03    1.7813e+03         +/-  3.29e+01  <none>
  Background_Loose_SIG_bin_4-2    1.3807e+03    1.3809e+03         +/-  2.96e+01  <none>
  Background_Loose_SIG_bin_4-3    8.7997e+02    8.8007e+02         +/-  2.35e+01  <none>
  Background_Loose_SIG_bin_4-4    6.3000e+02    6.3016e+02         +/-  2.05e+01  <none>
  Background_Loose_SIG_bin_4-5    2.3303e+02    2.3312e+02         +/-  1.19e+01  <none>
  Background_Loose_SIG_bin_4-6    7.2279e+01    7.2280e+01         +/-  6.57e+00  <none>
  Background_Loose_SIG_bin_4-7    1.8056e+01    1.8056e+01         +/-  3.28e+00  <none>
  Background_Loose_SIG_bin_5-1    1.4033e+03    1.4031e+03         +/-  2.93e+01  <none>
  Background_Loose_SIG_bin_5-2    1.2027e+03    1.2028e+03         +/-  2.76e+01  <none>
  Background_Loose_SIG_bin_5-3    7.8021e+02    7.8019e+02         +/-  2.22e+01  <none>
  Background_Loose_SIG_bin_5-4    4.8829e+02    4.8839e+02         +/-  1.80e+01  <none>
  Background_Loose_SIG_bin_5-5    1.9427e+02    1.9422e+02         +/-  1.11e+01  <none>
  Background_Loose_SIG_bin_5-6    5.6790e+01    5.6791e+01         +/-  5.82e+00  <none>
  Background_Loose_SIG_bin_5-7    2.1737e+01    2.1737e+01         +/-  3.76e+00  <none>
  Background_rpf_0x0_par0    1.6208e-01    1.6208e-01         +/-  1.33e-03  <none>
                     F   -4.7385e-02   -4.7073e-02         +/-  3.49e-01  <none>
                   JER    3.3133e-02    3.0398e-02         +/-  2.72e-01  <none>
                   JES    3.9372e-02    4.3579e-02         +/-  1.27e-02  <none>
                   JMR    1.0511e+00    1.0673e+00         +/-  2.76e-01  <none>
                   JMS   -4.7675e-02   -4.8850e-02         +/-  1.74e-02  <none>
                PS_FSR   -2.3324e-01   -2.3188e-01         +/-  1.43e-01  <none>
                PS_ISR    1.5349e-01    1.5748e-01         +/-  2.79e-01  <none>
                     R    1.2095e-01    1.2563e-01         +/-  2.94e-01  <none>
                    RF    1.2374e-01    1.2351e-01         +/-  2.80e-01  <none>
                  btag    3.8397e-02    5.0925e-02         +/-  3.74e-01  <none>
                  lumi   -1.3313e-01   -1.3332e-01         +/-  8.19e-01  <none>
                   pdf   -1.8086e-01   -1.8109e-01         +/-  2.64e-01  <none>
                pileup   -5.2172e-01   -5.0061e-01         +/-  2.30e-01  <none>
               prefire   -1.7865e-02   -1.8074e-02         +/-  3.82e-01  <none>
                     r    1.1219e-01    1.1238e-01 (+8.18e-02,--0.00e+00)  <none>
              top_ptrw    0.0000e+00    0.0000e+00         +/-  3.86e-01  <none>
            ttbar_xsec   -1.2826e+00   -1.2940e+00         +/-  3.93e-01  <none>


 --- FitDiagnostics ---
Best fit r: 0.112384  -5.11238/+0.0817906  (68% CL)
Done in 0.03 min (cpu), 0.03 min (real)
Printing Message Summary From ... combine_logger.out
----------------------------------------------
Messages of type INFO : 167
Messages of type DEBUG : 7
Messages of type ERROR : 2
----------------------------------------------
INFO: (function: applyOptionsBase) FitterAlgoBase.cc: 113 -- Setting robust fit options to Tolerance=0.1 / Strategy=0 / Type,Algo=Minuit2,Migrad (note that defaults of CascadeMinimizer were taken where option not specified)
INFO: (function: improveOnce) CascadeMinimizer.cc: 188 -- Minimisation configured with Type=Minuit2, Algo=Migrad, strategy=0, tolerance=0.1
INFO: (function: improveOnce) CascadeMinimizer.cc: 211 -- Minimisation finished with status=0
INFO: (function: improveOnce) CascadeMinimizer.cc: 216 -- Minimization success! status=0
INFO: (function: improveOnce) CascadeMinimizer.cc: 188 -- Minimisation configured with Type=Minuit2, Algo=Migrad, strategy=0, tolerance=0.1
INFO: (function: improveOnce) CascadeMinimizer.cc: 211 -- Minimisation finished with status=0
INFO: (function: improveOnce) CascadeMinimizer.cc: 216 -- Minimization success! status=0
INFO: (function: improveOnce) CascadeMinimizer.cc: 188 -- Minimisation configured with Type=Minuit2, Algo=Migrad, strategy=0, tolerance=0.1
INFO: (function: improveOnce) CascadeMinimizer.cc: 211 -- Minimisation finished with status=0
INFO: (function: improveOnce) CascadeMinimizer.cc: 216 -- Minimization success! status=0
INFO: (function: improveOnce) CascadeMinimizer.cc: 188 -- Minimisation configured with Type=Minuit2, Algo=Migrad, strategy=0, tolerance=0.1
INFO: (function: improveOnce) CascadeMinimizer.cc: 211 -- Minimisation finished with status=0
INFO: (function: improveOnce) CascadeMinimizer.cc: 216 -- Minimization success! status=0
DEBUG: (function: runSpecific) FitDiagnostics.cc: 318 -- Fit B-only, status = 0, numBadNLL = 0, covariance quality = 3
INFO: (function: improveOnce) CascadeMinimizer.cc: 188 -- Minimisation configured with Type=Minuit2, Algo=Migrad, strategy=0, tolerance=0.1
INFO: (function: improveOnce) CascadeMinimizer.cc: 211 -- Minimisation finished with status=0
INFO: (function: improveOnce) CascadeMinimizer.cc: 216 -- Minimization success! status=0
INFO: (function: improveOnce) CascadeMinimizer.cc: 188 -- Minimisation configured with Type=Minuit2, Algo=Migrad, strategy=0, tolerance=0.1
INFO: (function: improveOnce) CascadeMinimizer.cc: 211 -- Minimisation finished with status=0
INFO: (function: improveOnce) CascadeMinimizer.cc: 216 -- Minimization success! status=0
INFO: (function: doFit) FitterAlgoBase.cc: 359 -- Running RobustFit for POI r. Configured with strategy 0  
INFO: (function: findCrossing) FitterAlgoBase.cc: 405 -- Searching for crossing at nll = -1076.1, in the interval 0.112384 < r < 20
INFO: (function: improveOnce) CascadeMinimizer.cc: 188 -- Minimisation configured with Type=Minuit2, Algo=Migrad, strategy=0, tolerance=0.1
INFO: (function: improveOnce) CascadeMinimizer.cc: 211 -- Minimisation finished with status=0
INFO: (function: improveOnce) CascadeMinimizer.cc: 216 -- Minimization success! status=0
INFO: (function: findCrossing) FitterAlgoBase.cc: 426 -- r lvl-here lvl-there 	stepping 
INFO: (function: improveOnce) CascadeMinimizer.cc: 188 -- Minimisation configured with Type=Minuit2, Algo=Migrad, strategy=0, tolerance=0.1
INFO: (function: improveOnce) CascadeMinimizer.cc: 211 -- Minimisation finished with status=0
INFO: (function: improveOnce) CascadeMinimizer.cc: 216 -- Minimization success! status=0
INFO: (function: anyParameterAtBoundaries) utils.cc: 1039 -- Found parameter Background_Loose_HIGH_bin_6-7 at boundary (within ~1sigma): 0.433566+/-1.27832
INFO: (function: minimize) CascadeMinimizer.cc: 480 -- After fit, some parameters are found at the boundary (within ~1sigma)
INFO: (function: findCrossing) FitterAlgoBase.cc: 459 -- 2.101146    -15.23841  +0.49448    1.988762
INFO: (function: improveOnce) CascadeMinimizer.cc: 188 -- Minimisation configured with Type=Minuit2, Algo=Migrad, strategy=0, tolerance=0.1
INFO: (function: improveOnce) CascadeMinimizer.cc: 211 -- Minimisation finished with status=0
INFO: (function: improveOnce) CascadeMinimizer.cc: 216 -- Minimization success! status=0
INFO: (function: anyParameterAtBoundaries) utils.cc: 1039 -- Found parameter Background_Loose_HIGH_bin_6-7 at boundary (within ~1sigma): 1.17624+/-1.36317
INFO: (function: minimize) CascadeMinimizer.cc: 480 -- After fit, some parameters are found at the boundary (within ~1sigma)
INFO: (function: findCrossing) FitterAlgoBase.cc: 459 -- 0.709013    -5.46667  -15.23841    0.596628
INFO: (function: improveOnce) CascadeMinimizer.cc: 188 -- Minimisation configured with Type=Minuit2, Algo=Migrad, strategy=0, tolerance=0.1
INFO: (function: improveOnce) CascadeMinimizer.cc: 211 -- Minimisation finished with status=0
INFO: (function: improveOnce) CascadeMinimizer.cc: 216 -- Minimization success! status=0
INFO: (function: anyParameterAtBoundaries) utils.cc: 1039 -- Found parameter Background_Loose_HIGH_bin_6-7 at boundary (within ~1sigma): 1.12739+/-1.26987
INFO: (function: minimize) CascadeMinimizer.cc: 480 -- After fit, some parameters are found at the boundary (within ~1sigma)
INFO: (function: findCrossing) FitterAlgoBase.cc: 459 -- 0.291373    -1.44257  -5.46667    0.178989
INFO: (function: improveOnce) CascadeMinimizer.cc: 188 -- Minimisation configured with Type=Minuit2, Algo=Migrad, strategy=0, tolerance=0.1
INFO: (function: improveOnce) CascadeMinimizer.cc: 211 -- Minimisation finished with status=0
INFO: (function: improveOnce) CascadeMinimizer.cc: 216 -- Minimization success! status=0
INFO: (function: findCrossing) FitterAlgoBase.cc: 459 -- 0.166081    +0.26551  -1.44257    0.053697
INFO: (function: improveOnce) CascadeMinimizer.cc: 188 -- Minimisation configured with Type=Minuit2, Algo=Migrad, strategy=0, tolerance=0.1
INFO: (function: improveOnce) CascadeMinimizer.cc: 211 -- Minimisation finished with status=0
INFO: (function: improveOnce) CascadeMinimizer.cc: 216 -- Minimization success! status=0
INFO: (function: anyParameterAtBoundaries) utils.cc: 1039 -- Found parameter Background_Loose_HIGH_bin_6-7 at boundary (within ~1sigma): 1.298+/-1.30316
INFO: (function: minimize) CascadeMinimizer.cc: 480 -- After fit, some parameters are found at the boundary (within ~1sigma)
INFO: (function: findCrossing) FitterAlgoBase.cc: 459 -- 0.219778    -0.31268  +0.26551    0.053697
INFO: (function: improveOnce) CascadeMinimizer.cc: 188 -- Minimisation configured with Type=Minuit2, Algo=Migrad, strategy=0, tolerance=0.1
INFO: (function: improveOnce) CascadeMinimizer.cc: 211 -- Minimisation finished with status=0
INFO: (function: improveOnce) CascadeMinimizer.cc: 216 -- Minimization success! status=0
INFO: (function: findCrossing) FitterAlgoBase.cc: 459 -- 0.182190    +0.12260  -0.31268    0.016109
INFO: (function: improveOnce) CascadeMinimizer.cc: 188 -- Minimisation configured with Type=Minuit2, Algo=Migrad, strategy=0, tolerance=0.1
INFO: (function: improveOnce) CascadeMinimizer.cc: 211 -- Minimisation finished with status=0
INFO: (function: improveOnce) CascadeMinimizer.cc: 216 -- Minimization success! status=0
INFO: (function: findCrossing) FitterAlgoBase.cc: 459 -- 0.198299    -0.04777  +0.12260    0.016109
INFO: (function: improveOnce) CascadeMinimizer.cc: 188 -- Minimisation configured with Type=Minuit2, Algo=Migrad, strategy=0, tolerance=0.1
INFO: (function: improveOnce) CascadeMinimizer.cc: 211 -- Minimisation finished with status=0
INFO: (function: improveOnce) CascadeMinimizer.cc: 216 -- Minimization success! status=0
INFO: (function: findCrossing) FitterAlgoBase.cc: 459 -- 0.187023    +0.07418  -0.04777    0.004833
INFO: (function: improveOnce) CascadeMinimizer.cc: 188 -- Minimisation configured with Type=Minuit2, Algo=Migrad, strategy=0, tolerance=0.1
INFO: (function: improveOnce) CascadeMinimizer.cc: 211 -- Minimisation finished with status=0
INFO: (function: improveOnce) CascadeMinimizer.cc: 216 -- Minimization success! status=0
INFO: (function: findCrossing) FitterAlgoBase.cc: 459 -- 0.191855    +0.02334  +0.07418    0.004833
INFO: (function: improveOnce) CascadeMinimizer.cc: 188 -- Minimisation configured with Type=Minuit2, Algo=Migrad, strategy=0, tolerance=0.1
INFO: (function: improveOnce) CascadeMinimizer.cc: 211 -- Minimisation finished with status=0
INFO: (function: improveOnce) CascadeMinimizer.cc: 216 -- Minimization success! status=0
INFO: (function: findCrossing) FitterAlgoBase.cc: 459 -- 0.196688    -0.02983  +0.02334    0.004833
INFO: (function: improveOnce) CascadeMinimizer.cc: 188 -- Minimisation configured with Type=Minuit2, Algo=Migrad, strategy=0, tolerance=0.1
INFO: (function: improveOnce) CascadeMinimizer.cc: 211 -- Minimisation finished with status=0
INFO: (function: improveOnce) CascadeMinimizer.cc: 216 -- Minimization success! status=0
INFO: (function: findCrossing) FitterAlgoBase.cc: 459 -- 0.193305    +0.00785  -0.02983    0.001450
INFO: (function: improveOnce) CascadeMinimizer.cc: 188 -- Minimisation configured with Type=Minuit2, Algo=Migrad, strategy=0, tolerance=0.1
INFO: (function: improveOnce) CascadeMinimizer.cc: 211 -- Minimisation finished with status=0
INFO: (function: improveOnce) CascadeMinimizer.cc: 216 -- Minimization success! status=0
INFO: (function: findCrossing) FitterAlgoBase.cc: 459 -- 0.194755    -0.00803  +0.00785    0.001450
INFO: (function: improveOnce) CascadeMinimizer.cc: 188 -- Minimisation configured with Type=Minuit2, Algo=Migrad, strategy=0, tolerance=0.1
INFO: (function: improveOnce) CascadeMinimizer.cc: 211 -- Minimisation finished with status=0
INFO: (function: improveOnce) CascadeMinimizer.cc: 216 -- Minimization success! status=0
INFO: (function: findCrossing) FitterAlgoBase.cc: 459 -- 0.193740    +0.00314  -0.00803    0.000435
INFO: (function: improveOnce) CascadeMinimizer.cc: 188 -- Minimisation configured with Type=Minuit2, Algo=Migrad, strategy=0, tolerance=0.1
INFO: (function: improveOnce) CascadeMinimizer.cc: 211 -- Minimisation finished with status=0
INFO: (function: improveOnce) CascadeMinimizer.cc: 216 -- Minimization success! status=0
INFO: (function: findCrossing) FitterAlgoBase.cc: 459 -- 0.194175    -0.00163  +0.00314    0.000435
INFO: (function: findCrossing) FitterAlgoBase.cc: 405 -- Searching for crossing at nll = -1076.1, in the interval 0.112384 < r < -5
INFO: (function: improveOnce) CascadeMinimizer.cc: 188 -- Minimisation configured with Type=Minuit2, Algo=Migrad, strategy=0, tolerance=0.1
INFO: (function: improveOnce) CascadeMinimizer.cc: 211 -- Minimisation finished with status=0
INFO: (function: improveOnce) CascadeMinimizer.cc: 216 -- Minimization success! status=0
INFO: (function: findCrossing) FitterAlgoBase.cc: 426 -- r lvl-here lvl-there 	stepping 
INFO: (function: improveOnce) CascadeMinimizer.cc: 188 -- Minimisation configured with Type=Minuit2, Algo=Migrad, strategy=0, tolerance=0.1
INFO: (function: improveOnce) CascadeMinimizer.cc: 211 -- Minimisation finished with status=0
INFO: (function: improveOnce) CascadeMinimizer.cc: 216 -- Minimization success! status=0
INFO: (function: anyParameterAtBoundaries) utils.cc: 1039 -- Found parameter Background_Loose_HIGH_bin_1-1 at boundary (within ~1sigma): 4398.08+/-227827
INFO: (function: anyParameterAtBoundaries) utils.cc: 1039 -- Found parameter Background_Loose_HIGH_bin_1-2 at boundary (within ~1sigma): 3691.69+/-228152
INFO: (function: anyParameterAtBoundaries) utils.cc: 1039 -- Found parameter Background_Loose_HIGH_bin_1-3 at boundary (within ~1sigma): 2364.13+/-228762
INFO: (function: anyParameterAtBoundaries) utils.cc: 1039 -- Found parameter Background_Loose_HIGH_bin_1-4 at boundary (within ~1sigma): 1560.45+/-229132
INFO: (function: anyParameterAtBoundaries) utils.cc: 1039 -- Found parameter Background_Loose_HIGH_bin_1-5 at boundary (within ~1sigma): 572.804+/-229586
INFO: (function: anyParameterAtBoundaries) utils.cc: 1039 -- Found parameter Background_Loose_HIGH_bin_1-6 at boundary (within ~1sigma): 177.207+/-229767
INFO: (function: anyParameterAtBoundaries) utils.cc: 1039 -- Found parameter Background_Loose_HIGH_bin_1-7 at boundary (within ~1sigma): 63.9457+/-229819
INFO: (function: anyParameterAtBoundaries) utils.cc: 1039 -- Found parameter Background_Loose_HIGH_bin_2-1 at boundary (within ~1sigma): 1984.15+/-228937
INFO: (function: anyParameterAtBoundaries) utils.cc: 1039 -- Found parameter Background_Loose_HIGH_bin_2-2 at boundary (within ~1sigma): 1608.73+/-229109
INFO: (function: anyParameterAtBoundaries) utils.cc: 1039 -- Found parameter Background_Loose_HIGH_bin_2-3 at boundary (within ~1sigma): 1018.42+/-229381
INFO: (function: anyParameterAtBoundaries) utils.cc: 1039 -- Found parameter Background_Loose_HIGH_bin_2-4 at boundary (within ~1sigma): 629.389+/-229560
INFO: (function: anyParameterAtBoundaries) utils.cc: 1039 -- Found parameter Background_Loose_HIGH_bin_2-5 at boundary (within ~1sigma): 227.552+/-229744
INFO: (function: anyParameterAtBoundaries) utils.cc: 1039 -- Found parameter Background_Loose_HIGH_bin_2-6 at boundary (within ~1sigma): 86.0409+/-229809
INFO: (function: anyParameterAtBoundaries) utils.cc: 1039 -- Found parameter Background_Loose_HIGH_bin_2-7 at boundary (within ~1sigma): 30.0774+/-229835
INFO: (function: anyParameterAtBoundaries) utils.cc: 1039 -- Found parameter Background_Loose_HIGH_bin_3-1 at boundary (within ~1sigma): 863.095+/-229452
INFO: (function: anyParameterAtBoundaries) utils.cc: 1039 -- Found parameter Background_Loose_HIGH_bin_3-2 at boundary (within ~1sigma): 747.728+/-229505
INFO: (function: anyParameterAtBoundaries) utils.cc: 1039 -- Found parameter Background_Loose_HIGH_bin_3-3 at boundary (within ~1sigma): 505.204+/-229617
INFO: (function: anyParameterAtBoundaries) utils.cc: 1039 -- Found parameter Background_Loose_HIGH_bin_3-4 at boundary (within ~1sigma): 324.728+/-229700
INFO: (function: anyParameterAtBoundaries) utils.cc: 1039 -- Found parameter Background_Loose_HIGH_bin_3-5 at boundary (within ~1sigma): 117.869+/-229795
INFO: (function: anyParameterAtBoundaries) utils.cc: 1039 -- Found parameter Background_Loose_HIGH_bin_3-6 at boundary (within ~1sigma): 38.6986+/-229831
INFO: (function: anyParameterAtBoundaries) utils.cc: 1039 -- Found parameter Background_Loose_HIGH_bin_3-7 at boundary (within ~1sigma): 10.3744+/-229844
INFO: (function: anyParameterAtBoundaries) utils.cc: 1039 -- Found parameter Background_Loose_HIGH_bin_4-1 at boundary (within ~1sigma): 441.443+/-229646
INFO: (function: anyParameterAtBoundaries) utils.cc: 1039 -- Found parameter Background_Loose_HIGH_bin_4-2 at boundary (within ~1sigma): 347.424+/-229689
INFO: (function: anyParameterAtBoundaries) utils.cc: 1039 -- Found parameter Background_Loose_HIGH_bin_4-3 at boundary (within ~1sigma): 238.03+/-229739
INFO: (function: anyParameterAtBoundaries) utils.cc: 1039 -- Found parameter Background_Loose_HIGH_bin_4-4 at boundary (within ~1sigma): 144.812+/-229782
INFO: (function: anyParameterAtBoundaries) utils.cc: 1039 -- Found parameter Background_Loose_HIGH_bin_4-5 at boundary (within ~1sigma): 71.212+/-229816
INFO: (function: anyParameterAtBoundaries) utils.cc: 1039 -- Found parameter Background_Loose_HIGH_bin_4-6 at boundary (within ~1sigma): 17.8786+/-229841
INFO: (function: anyParameterAtBoundaries) utils.cc: 1039 -- Found parameter Background_Loose_HIGH_bin_4-7 at boundary (within ~1sigma): 10.0003+/-229844
INFO: (function: anyParameterAtBoundaries) utils.cc: 1039 -- Found parameter Background_Loose_HIGH_bin_5-1 at boundary (within ~1sigma): 197.032+/-229758
INFO: (function: anyParameterAtBoundaries) utils.cc: 1039 -- Found parameter Background_Loose_HIGH_bin_5-2 at boundary (within ~1sigma): 166.346+/-229772
INFO: (function: anyParameterAtBoundaries) utils.cc: 1039 -- Found parameter Background_Loose_HIGH_bin_5-3 at boundary (within ~1sigma): 92.7601+/-229806
INFO: (function: anyParameterAtBoundaries) utils.cc: 1039 -- Found parameter Background_Loose_HIGH_bin_5-4 at boundary (within ~1sigma): 69.1554+/-229817
INFO: (function: anyParameterAtBoundaries) utils.cc: 1039 -- Found parameter Background_Loose_HIGH_bin_5-5 at boundary (within ~1sigma): 22.7792+/-229838
INFO: (function: anyParameterAtBoundaries) utils.cc: 1039 -- Found parameter Background_Loose_HIGH_bin_5-6 at boundary (within ~1sigma): 7.70761+/-229845
INFO: (function: anyParameterAtBoundaries) utils.cc: 1039 -- Found parameter Background_Loose_HIGH_bin_5-7 at boundary (within ~1sigma): 3.65901+/-229847
INFO: (function: anyParameterAtBoundaries) utils.cc: 1039 -- Found parameter Background_Loose_HIGH_bin_6-1 at boundary (within ~1sigma): 171.213+/-229770
INFO: (function: anyParameterAtBoundaries) utils.cc: 1039 -- Found parameter Background_Loose_HIGH_bin_6-2 at boundary (within ~1sigma): 135.83+/-229786
INFO: (function: anyParameterAtBoundaries) utils.cc: 1039 -- Found parameter Background_Loose_HIGH_bin_6-3 at boundary (within ~1sigma): 92.88+/-229806
INFO: (function: anyParameterAtBoundaries) utils.cc: 1039 -- Found parameter Background_Loose_HIGH_bin_6-4 at boundary (within ~1sigma): 43.7622+/-229829
INFO: (function: anyParameterAtBoundaries) utils.cc: 1039 -- Found parameter Background_Loose_HIGH_bin_6-5 at boundary (within ~1sigma): 25.6662+/-229837
INFO: (function: anyParameterAtBoundaries) utils.cc: 1039 -- Found parameter Background_Loose_HIGH_bin_6-6 at boundary (within ~1sigma): 10.3776+/-229844
INFO: (function: anyParameterAtBoundaries) utils.cc: 1039 -- Found parameter Background_Loose_HIGH_bin_6-7 at boundary (within ~1sigma): 1.62602+/-229848
INFO: (function: minimize) CascadeMinimizer.cc: 480 -- After fit, some parameters are found at the boundary (within ~1sigma)
INFO: (function: findCrossing) FitterAlgoBase.cc: 459 -- -0.398854    -9000000305.43975  +0.49448    -0.511238
INFO: (function: improveOnce) CascadeMinimizer.cc: 188 -- Minimisation configured with Type=Minuit2, Algo=Migrad, strategy=0, tolerance=0.1
INFO: (function: improveOnce) CascadeMinimizer.cc: 211 -- Minimisation finished with status=0
INFO: (function: improveOnce) CascadeMinimizer.cc: 216 -- Minimization success! status=0
INFO: (function: findCrossing) FitterAlgoBase.cc: 459 -- -0.040987    -3.27523  -9000000305.43975    -0.153372
INFO: (function: improveOnce) CascadeMinimizer.cc: 188 -- Minimisation configured with Type=Minuit2, Algo=Migrad, strategy=0, tolerance=0.1
INFO: (function: improveOnce) CascadeMinimizer.cc: 211 -- Minimisation finished with status=0
INFO: (function: improveOnce) CascadeMinimizer.cc: 216 -- Minimization success! status=0
INFO: (function: findCrossing) FitterAlgoBase.cc: 459 -- 0.066373    +0.26923  -3.27523    -0.046011
INFO: (function: improveOnce) CascadeMinimizer.cc: 188 -- Minimisation configured with Type=Minuit2, Algo=Migrad, strategy=0, tolerance=0.1
INFO: (function: improveOnce) CascadeMinimizer.cc: 211 -- Minimisation finished with status=0
INFO: (function: improveOnce) CascadeMinimizer.cc: 216 -- Minimization success! status=0
INFO: (function: findCrossing) FitterAlgoBase.cc: 459 -- 0.020362    -0.57356  +0.26923    -0.046011
INFO: (function: improveOnce) CascadeMinimizer.cc: 188 -- Minimisation configured with Type=Minuit2, Algo=Migrad, strategy=0, tolerance=0.1
INFO: (function: improveOnce) CascadeMinimizer.cc: 211 -- Minimisation finished with status=0
INFO: (function: improveOnce) CascadeMinimizer.cc: 216 -- Minimization success! status=0
INFO: (function: findCrossing) FitterAlgoBase.cc: 459 -- 0.052570    +0.09503  -0.57356    -0.013803
INFO: (function: improveOnce) CascadeMinimizer.cc: 188 -- Minimisation configured with Type=Minuit2, Algo=Migrad, strategy=0, tolerance=0.1
INFO: (function: improveOnce) CascadeMinimizer.cc: 211 -- Minimisation finished with status=-1
DEBUG: (function: improveOnce) CascadeMinimizer.cc: 217 -- Minimization ended with latest status != 0 or 1
INFO: (function: improveOnce) CascadeMinimizer.cc: 188 -- Minimisation configured with Type=Minuit2, Algo=Migrad, strategy=0, tolerance=0.1
INFO: (function: improveOnce) CascadeMinimizer.cc: 211 -- Minimisation finished with status=-1
DEBUG: (function: improveOnce) CascadeMinimizer.cc: 217 -- Minimization ended with latest status != 0 or 1
INFO: (function: improveOnce) CascadeMinimizer.cc: 188 -- Minimisation configured with Type=Minuit2, Algo=Migrad, strategy=0, tolerance=0.1
INFO: (function: improveOnce) CascadeMinimizer.cc: 211 -- Minimisation finished with status=-1
DEBUG: (function: improveOnce) CascadeMinimizer.cc: 217 -- Minimization ended with latest status != 0 or 1
INFO: (function: improveOnce) CascadeMinimizer.cc: 188 -- Minimisation configured with Type=Minuit2, Algo=Migrad, strategy=0, tolerance=0.1
INFO: (function: improveOnce) CascadeMinimizer.cc: 211 -- Minimisation finished with status=-1
DEBUG: (function: improveOnce) CascadeMinimizer.cc: 217 -- Minimization ended with latest status != 0 or 1
INFO: (function: improveOnce) CascadeMinimizer.cc: 188 -- Minimisation configured with Type=Minuit2, Algo=Migrad, strategy=0, tolerance=0.1
INFO: (function: improveOnce) CascadeMinimizer.cc: 211 -- Minimisation finished with status=-1
DEBUG: (function: improveOnce) CascadeMinimizer.cc: 217 -- Minimization ended with latest status != 0 or 1
ERROR: (function: findCrossing) FitterAlgoBase.cc: 446 -- Maximum failed steps (max=5) reached and Minimization failed at r = 0.0517069 
ERROR: (function: runSpecific) [WARNING]: Unable to determine uncertainties on all fit parameters in s+b fit. Have a look at https://cms-analysis.github.io/HiggsAnalysis-CombinedLimit/part3/nonstandard/#fit-parameter-uncertainties for more information.
DEBUG: (function: runSpecific) FitDiagnostics.cc: 443 -- Fit S+B, status = 0, numBadNLL = 0, covariance quality = 2
