
>>> random number generator seed is 123456
   Options for Robust Minimizer :: 
        Tolerance  0.1
        Strategy   0
        Type,Algo  Minuit2,Migrad
>>> method used is FitDiagnostics
Set Default Value of Parameter r To : 1
>>> 0 out of 6 channels masked

>>> Channel masks:
  1) 0x66d3290 RooRealVar::   mask_Fail_LOW = 0 C  L(-INF - +INF)  "mask_Fail_LOW"
  2) 0x66d3ce0 RooRealVar::   mask_Fail_SIG = 0 C  L(-INF - +INF)  "mask_Fail_SIG"
  3) 0x66d4830 RooRealVar::  mask_Fail_HIGH = 0 C  L(-INF - +INF)  "mask_Fail_HIGH"
  4) 0x66d5380 RooRealVar::  mask_Loose_LOW = 0 C  L(-INF - +INF)  "mask_Loose_LOW"
  5) 0x66d5ed0 RooRealVar::  mask_Loose_SIG = 0 C  L(-INF - +INF)  "mask_Loose_SIG"
  6) 0x66d6a20 RooRealVar:: mask_Loose_HIGH = 0 C  L(-INF - +INF)  "mask_Loose_HIGH"
SimNLL created with 0 channels, 0 generic constraints, 16 fast gaussian constraints, 0 fast poisson constraints, 0 fast group constraints, 
Minuit2Minimizer: Minimize with max-calls 8000 convergence for edm < 0.1 strategy 0
Minuit2Minimizer::Minuit  - Changing default options
             StorageLevel :               0
MnSeedGenerator: for initial parameters FCN = 0
MnSeedGenerator: Initial state:   - FCN =                0 Edm =            0 NCalls =     65
VariableMetric: start iterating until Edm is < 0.0001
VariableMetric: Initial state   - FCN =                0 Edm =            0 NCalls =     65
VariableMetric: Iteration #   0 - FCN =                0 Edm =            0 NCalls =     65
Minuit2Minimizer : Valid minimum - status = 0
FVAL  = 0
Edm   = 0
Nfcn  = 65
F	  = 0	 +/-  1
JER	  = 0	 +/-  1
JES	  = 0	 +/-  1
JMR	  = 0	 +/-  1
JMS	  = 0	 +/-  1
PS_FSR	  = 0	 +/-  1
PS_ISR	  = 0	 +/-  1
R	  = 0	 +/-  1
RF	  = 0	 +/-  1
btag	  = 0	 +/-  1
lumi	  = 0	 +/-  1
pdf	  = 0	 +/-  1
pileup	  = 0	 +/-  1
prefire	  = 0	 +/-  1
top_ptrw	  = 0	 +/-  1
ttbar_xsec	  = 0	 +/-  1
SimNLL created with 6 channels, 0 generic constraints, 16 fast gaussian constraints, 0 fast poisson constraints, 0 fast group constraints, 
  [WARNING] Found [Background_Fail_LOW_bin_1-1] at boundary. 
  [WARNING] Found [Background_Fail_LOW_bin_1-2] at boundary. 
  [WARNING] Found [Background_Fail_LOW_bin_1-3] at boundary. 
  [WARNING] Found [Background_Fail_LOW_bin_1-4] at boundary. 
  [WARNING] Found [Background_Fail_LOW_bin_1-5] at boundary. 
  [WARNING] Found [Background_Fail_LOW_bin_1-6] at boundary. 
  [WARNING] Found [Background_Fail_LOW_bin_1-7] at boundary. 
 [WARNING] After the fit some parameters are at their boundary.
 [WARNING] Are you sure your model is correct?

  RooFitResult: minimized FCN value: -0.010876, estimated distance to minimum: 0.000232163
                covariance matrix quality: Full matrix, but forced positive-definite
                Status : MINIMIZE=0 HESSE=0 

    Constant Parameter    Value     
  --------------------  ------------
                  F_In    0.0000e+00
                JER_In    0.0000e+00
                JES_In    0.0000e+00
                JMR_In    0.0000e+00
                JMS_In    0.0000e+00
             PS_FSR_In    0.0000e+00
             PS_ISR_In    0.0000e+00
                 RF_In    0.0000e+00
                  R_In    0.0000e+00
               btag_In    0.0000e+00
               lumi_In    0.0000e+00
  n_exp_binFail_HIGH_proc_Background    1.0000e+00
  n_exp_binFail_LOW_proc_Background    1.0000e+00
  n_exp_binFail_SIG_proc_Background    1.0000e+00
  n_exp_binLoose_HIGH_proc_Background_3x2    1.0000e+00
  n_exp_binLoose_LOW_proc_Background_3x2    1.0000e+00
  n_exp_binLoose_SIG_proc_Background_3x2    1.0000e+00
                pdf_In    0.0000e+00
             pileup_In    0.0000e+00
            prefire_In    0.0000e+00
                     r    1.0000e+00
           top_ptrw_In    0.0000e+00
         ttbar_xsec_In    0.0000e+00

    Floating Parameter  InitialValue    FinalValue +/-  Error     GblCorr.
  --------------------  ------------  --------------------------  --------
  Background_Fail_HIGH_bin_1-1    9.4835e+04    9.4836e+04 +/-  3.03e+02  <none>
  Background_Fail_HIGH_bin_1-2    7.1022e+04    7.1024e+04 +/-  2.64e+02  <none>
  Background_Fail_HIGH_bin_1-3    4.3097e+04    4.3096e+04 +/-  2.04e+02  <none>
  Background_Fail_HIGH_bin_1-4    2.6980e+04    2.6981e+04 +/-  1.61e+02  <none>
  Background_Fail_HIGH_bin_1-5    1.0877e+04    1.0878e+04 +/-  1.02e+02  <none>
  Background_Fail_HIGH_bin_1-6    3.8052e+03    3.8046e+03 +/-  6.00e+01  <none>
  Background_Fail_HIGH_bin_1-7    1.3452e+03    1.3456e+03 +/-  3.58e+01  <none>
  Background_Fail_HIGH_bin_1-8    4.4071e+01    4.4066e+01 +/-  6.41e+00  <none>
  Background_Fail_HIGH_bin_2-1    4.5164e+04    4.5163e+04 +/-  2.08e+02  <none>
  Background_Fail_HIGH_bin_2-2    3.2856e+04    3.2858e+04 +/-  1.79e+02  <none>
  Background_Fail_HIGH_bin_2-3    1.9494e+04    1.9495e+04 +/-  1.37e+02  <none>
  Background_Fail_HIGH_bin_2-4    1.2313e+04    1.2314e+04 +/-  1.10e+02  <none>
  Background_Fail_HIGH_bin_2-5    5.3535e+03    5.3535e+03 +/-  7.13e+01  <none>
  Background_Fail_HIGH_bin_2-6    2.2275e+03    2.2274e+03 +/-  4.58e+01  <none>
  Background_Fail_HIGH_bin_2-7    1.2144e+03    1.2144e+03 +/-  3.38e+01  <none>
  Background_Fail_HIGH_bin_2-8    9.6149e+01    9.6141e+01 +/-  9.48e+00  <none>
  Background_Fail_HIGH_bin_3-1    2.2519e+04    2.2519e+04 +/-  1.47e+02  <none>
  Background_Fail_HIGH_bin_3-2    1.6134e+04    1.6134e+04 +/-  1.24e+02  <none>
  Background_Fail_HIGH_bin_3-3    9.4149e+03    9.4147e+03 +/-  9.65e+01  <none>
  Background_Fail_HIGH_bin_3-4    6.2367e+03    6.2369e+03 +/-  7.79e+01  <none>
  Background_Fail_HIGH_bin_3-5    2.6804e+03    2.6804e+03 +/-  5.04e+01  <none>
  Background_Fail_HIGH_bin_3-6    1.0935e+03    1.0934e+03 +/-  3.23e+01  <none>
  Background_Fail_HIGH_bin_3-7    7.8153e+02    7.8148e+02 +/-  2.71e+01  <none>
  Background_Fail_HIGH_bin_3-8    1.2489e+02    1.2488e+02 +/-  1.08e+01  <none>
  Background_Fail_HIGH_bin_4-1    1.1638e+04    1.1638e+04 +/-  1.06e+02  <none>
  Background_Fail_HIGH_bin_4-2    8.1076e+03    8.1076e+03 +/-  8.79e+01  <none>
  Background_Fail_HIGH_bin_4-3    4.7673e+03    4.7673e+03 +/-  6.74e+01  <none>
  Background_Fail_HIGH_bin_4-4    3.0606e+03    3.0610e+03 +/-  5.43e+01  <none>
  Background_Fail_HIGH_bin_4-5    1.4146e+03    1.4146e+03 +/-  3.66e+01  <none>
  Background_Fail_HIGH_bin_4-6    6.1360e+02    6.1357e+02 +/-  2.41e+01  <none>
  Background_Fail_HIGH_bin_4-7    4.6762e+02    4.6759e+02 +/-  2.10e+01  <none>
  Background_Fail_HIGH_bin_4-8    1.2245e+02    1.2244e+02 +/-  1.07e+01  <none>
  Background_Fail_HIGH_bin_5-1    6.0169e+03    6.0170e+03 +/-  7.59e+01  <none>
  Background_Fail_HIGH_bin_5-2    4.1216e+03    4.1216e+03 +/-  6.28e+01  <none>
  Background_Fail_HIGH_bin_5-3    2.3204e+03    2.3204e+03 +/-  4.72e+01  <none>
  Background_Fail_HIGH_bin_5-4    1.5601e+03    1.5601e+03 +/-  3.86e+01  <none>
  Background_Fail_HIGH_bin_5-5    7.3643e+02    7.3642e+02 +/-  2.65e+01  <none>
  Background_Fail_HIGH_bin_5-6    3.2083e+02    3.2082e+02 +/-  1.75e+01  <none>
  Background_Fail_HIGH_bin_5-7    2.7679e+02    2.7677e+02 +/-  1.62e+01  <none>
  Background_Fail_HIGH_bin_5-8    8.0943e+01    8.0938e+01 +/-  8.75e+00  <none>
  Background_Fail_HIGH_bin_6-1    3.2109e+03    3.2109e+03 +/-  5.55e+01  <none>
  Background_Fail_HIGH_bin_6-2    2.1320e+03    2.1320e+03 +/-  4.52e+01  <none>
  Background_Fail_HIGH_bin_6-3    1.2241e+03    1.2241e+03 +/-  3.42e+01  <none>
  Background_Fail_HIGH_bin_6-4    8.3713e+02    8.3712e+02 +/-  2.83e+01  <none>
  Background_Fail_HIGH_bin_6-5    3.6778e+02    3.6777e+02 +/-  1.87e+01  <none>
  Background_Fail_HIGH_bin_6-6    2.0790e+02    2.0789e+02 +/-  1.41e+01  <none>
  Background_Fail_HIGH_bin_6-7    1.5889e+02    1.5888e+02 +/-  1.23e+01  <none>
  Background_Fail_HIGH_bin_6-8    6.1147e+01    6.1143e+01 +/-  7.62e+00  <none>
  Background_Fail_HIGH_bin_7-1    2.4944e+03    2.4944e+03 +/-  4.92e+01  <none>
  Background_Fail_HIGH_bin_7-2    1.5860e+03    1.5860e+03 +/-  3.94e+01  <none>
  Background_Fail_HIGH_bin_7-3    9.0140e+02    9.0139e+02 +/-  2.95e+01  <none>
  Background_Fail_HIGH_bin_7-4    6.5734e+02    6.5733e+02 +/-  2.52e+01  <none>
  Background_Fail_HIGH_bin_7-5    3.3935e+02    3.3934e+02 +/-  1.81e+01  <none>
  Background_Fail_HIGH_bin_7-6    1.6123e+02    1.6122e+02 +/-  1.24e+01  <none>
  Background_Fail_HIGH_bin_7-7    1.4930e+02    1.4930e+02 +/-  1.19e+01  <none>
  Background_Fail_HIGH_bin_7-8    3.7397e+01    3.7394e+01 +/-  5.98e+00  <none>
  Background_Fail_LOW_bin_1-1    1.0016e-06    1.0231e-06 +/-  4.69e-01  <none>
  Background_Fail_LOW_bin_1-2    1.0015e-06    1.0083e-06 +/-  4.68e-01  <none>
  Background_Fail_LOW_bin_1-3    1.0014e-06    1.0013e-06 +/-  4.67e-01  <none>
  Background_Fail_LOW_bin_1-4    1.0013e-06    1.0189e-06 +/-  4.66e-01  <none>
  Background_Fail_LOW_bin_1-5    1.0012e-06    1.0071e-06 +/-  4.65e-01  <none>
  Background_Fail_LOW_bin_1-6    1.0012e-06    1.0142e-06 +/-  4.64e-01  <none>
  Background_Fail_LOW_bin_1-7    1.0011e-06    1.2363e-06 +/-  4.63e-01  <none>
  Background_Fail_LOW_bin_2-1    1.2293e+05    1.2293e+05 +/-  3.44e+02  <none>
  Background_Fail_LOW_bin_2-2    9.5756e+04    9.5757e+04 +/-  3.08e+02  <none>
  Background_Fail_LOW_bin_2-3    5.8028e+04    5.8031e+04 +/-  2.39e+02  <none>
  Background_Fail_LOW_bin_2-4    3.3082e+04    3.3083e+04 +/-  1.86e+02  <none>
  Background_Fail_LOW_bin_2-5    9.6382e+03    9.6397e+03 +/-  9.74e+01  <none>
  Background_Fail_LOW_bin_2-6    1.4424e+03    1.4425e+03 +/-  3.74e+01  <none>
  Background_Fail_LOW_bin_2-7    1.3040e+02    1.3036e+02 +/-  1.19e+01  <none>
  Background_Fail_SIG_bin_1-1    5.8480e+04    5.8480e+04 +/-  2.36e+02  <none>
  Background_Fail_SIG_bin_1-2    4.4638e+04    4.4639e+04 +/-  2.08e+02  <none>
  Background_Fail_SIG_bin_1-3    2.7050e+04    2.7053e+04 +/-  1.64e+02  <none>
  Background_Fail_SIG_bin_1-4    1.5743e+04    1.5744e+04 +/-  1.25e+02  <none>
  Background_Fail_SIG_bin_1-5    5.1951e+03    5.1949e+03 +/-  7.03e+01  <none>
  Background_Fail_SIG_bin_1-6    1.0276e+03    1.0276e+03 +/-  3.10e+01  <none>
  Background_Fail_SIG_bin_1-7    1.2096e+02    1.2095e+02 +/-  1.06e+01  <none>
  Background_Fail_SIG_bin_1-8    5.4281e+00    5.4292e+00 +/-  2.28e+00  <none>
  Background_Fail_SIG_bin_2-1    4.8858e+04    4.8860e+04 +/-  2.16e+02  <none>
  Background_Fail_SIG_bin_2-2    3.7315e+04    3.7316e+04 +/-  1.90e+02  <none>
  Background_Fail_SIG_bin_2-3    2.3010e+04    2.3011e+04 +/-  1.49e+02  <none>
  Background_Fail_SIG_bin_2-4    1.3769e+04    1.3770e+04 +/-  1.19e+02  <none>
  Background_Fail_SIG_bin_2-5    4.7890e+03    4.7893e+03 +/-  6.79e+01  <none>
  Background_Fail_SIG_bin_2-6    1.0586e+03    1.0585e+03 +/-  3.15e+01  <none>
  Background_Fail_SIG_bin_2-7    1.3399e+02    1.3406e+02 +/-  1.17e+01  <none>
  Background_Fail_SIG_bin_2-8    3.5292e+00    3.5286e+00 +/-  1.86e+00  <none>
  Background_Fail_SIG_bin_3-1    4.1187e+04    4.1189e+04 +/-  1.98e+02  <none>
  Background_Fail_SIG_bin_3-2    3.1594e+04    3.1594e+04 +/-  1.74e+02  <none>
  Background_Fail_SIG_bin_3-3    1.8969e+04    1.8970e+04 +/-  1.37e+02  <none>
  Background_Fail_SIG_bin_3-4    1.1608e+04    1.1609e+04 +/-  1.07e+02  <none>
  Background_Fail_SIG_bin_3-5    4.2263e+03    4.2266e+03 +/-  6.33e+01  <none>
  Background_Fail_SIG_bin_3-6    1.0434e+03    1.0433e+03 +/-  3.13e+01  <none>
  Background_Fail_SIG_bin_3-7    1.5467e+02    1.5474e+02 +/-  1.25e+01  <none>
  Background_Fail_SIG_bin_3-8    3.5803e+00    3.5792e+00 +/-  1.86e+00  <none>
  Background_Fail_SIG_bin_4-1    3.4506e+04    3.4506e+04 +/-  1.82e+02  <none>
  Background_Fail_SIG_bin_4-2    2.6350e+04    2.6351e+04 +/-  1.59e+02  <none>
  Background_Fail_SIG_bin_4-3    1.6179e+04    1.6180e+04 +/-  1.24e+02  <none>
  Background_Fail_SIG_bin_4-4    9.7505e+03    9.7511e+03 +/-  9.76e+01  <none>
  Background_Fail_SIG_bin_4-5    3.6344e+03    3.6342e+03 +/-  5.88e+01  <none>
  Background_Fail_SIG_bin_4-6    1.0649e+03    1.0649e+03 +/-  3.16e+01  <none>
  Background_Fail_SIG_bin_4-7    2.1252e+02    2.1251e+02 +/-  1.41e+01  <none>
  Background_Fail_SIG_bin_4-8    6.4824e+00    6.4811e+00 +/-  2.47e+00  <none>
  Background_Fail_SIG_bin_5-1    2.9480e+04    2.9480e+04 +/-  1.67e+02  <none>
  Background_Fail_SIG_bin_5-2    2.2775e+04    2.2775e+04 +/-  1.48e+02  <none>
  Background_Fail_SIG_bin_5-3    1.3613e+04    1.3613e+04 +/-  1.15e+02  <none>
  Background_Fail_SIG_bin_5-4    8.3517e+03    8.3519e+03 +/-  9.00e+01  <none>
  Background_Fail_SIG_bin_5-5    3.1921e+03    3.1926e+03 +/-  5.52e+01  <none>
  Background_Fail_SIG_bin_5-6    1.0261e+03    1.0260e+03 +/-  3.10e+01  <none>
  Background_Fail_SIG_bin_5-7    2.6994e+02    2.6994e+02 +/-  1.60e+01  <none>
  Background_Fail_SIG_bin_5-8    6.4580e+00    6.4575e+00 +/-  2.47e+00  <none>
  Background_rpf_3x2_par0    2.7061e-01    2.7062e-01 +/-  8.57e-03  <none>
  Background_rpf_3x2_par1   -1.9482e-01   -1.9497e-01 +/-  2.14e-02  <none>
  Background_rpf_3x2_par2    1.2955e-01    1.2955e-01 +/-  5.68e-02  <none>
  Background_rpf_3x2_par3   -8.1207e-02   -8.1174e-02 +/-  4.85e-02  <none>
  Background_rpf_3x2_par4    2.0285e-01    2.0286e-01 +/-  6.70e-03  <none>
  Background_rpf_3x2_par5    8.5311e-02    8.5771e-02 +/-  1.04e-02  <none>
                     F   -1.8961e-02   -2.1263e-02 +/-  1.63e-01  <none>
                   JER   -5.4750e-02   -5.5335e-02 +/-  1.81e-01  <none>
                   JES   -1.7170e-01   -1.7079e-01 +/-  1.20e-01  <none>
                   JMR    1.8848e+00    1.8369e+00 +/-  3.59e-01  <none>
                   JMS   -1.1783e-01   -1.1753e-01 +/-  1.15e-01  <none>
                PS_FSR    1.9597e-02    1.9723e-02 +/-  8.00e-02  <none>
                PS_ISR   -1.4241e+00   -1.4727e+00 +/-  4.34e-01  <none>
                     R   -1.1314e-01   -1.0984e-01 +/-  1.87e-01  <none>
                    RF   -1.6481e-01   -1.6633e-01 +/-  1.95e-01  <none>
                  btag    5.9175e-02    6.4265e-02 +/-  1.73e-01  <none>
                  lumi    2.6885e-01    2.7088e-01 +/-  9.80e-01  <none>
                   pdf   -7.6826e-03   -6.7637e-03 +/-  1.69e-01  <none>
                pileup    7.2237e-03    7.0977e-03 +/-  1.63e-01  <none>
               prefire   -4.1923e-03   -4.1248e-03 +/-  1.69e-01  <none>
              top_ptrw    0.0000e+00    0.0000e+00 +/-  1.58e-01  <none>
            ttbar_xsec    3.7001e+00    3.6734e+00 +/-  4.26e-01  <none>


  RooFitResult: minimized FCN value: -0.010876, estimated distance to minimum: 0.000232163
                covariance matrix quality: Full matrix, but forced positive-definite
                Status : MINIMIZE=0 HESSE=0 

    Constant Parameter    Value     
  --------------------  ------------
                  F_In    0.0000e+00
                JER_In    0.0000e+00
                JES_In    0.0000e+00
                JMR_In    0.0000e+00
                JMS_In    0.0000e+00
             PS_FSR_In    0.0000e+00
             PS_ISR_In    0.0000e+00
                 RF_In    0.0000e+00
                  R_In    0.0000e+00
               btag_In    0.0000e+00
               lumi_In    0.0000e+00
  n_exp_binFail_HIGH_proc_Background    1.0000e+00
  n_exp_binFail_LOW_proc_Background    1.0000e+00
  n_exp_binFail_SIG_proc_Background    1.0000e+00
  n_exp_binLoose_HIGH_proc_Background_3x2    1.0000e+00
  n_exp_binLoose_LOW_proc_Background_3x2    1.0000e+00
  n_exp_binLoose_SIG_proc_Background_3x2    1.0000e+00
                pdf_In    0.0000e+00
             pileup_In    0.0000e+00
            prefire_In    0.0000e+00
                     r    1.0000e+00
           top_ptrw_In    0.0000e+00
         ttbar_xsec_In    0.0000e+00

    Floating Parameter  InitialValue    FinalValue +/-  Error     GblCorr.
  --------------------  ------------  --------------------------  --------
  Background_Fail_HIGH_bin_1-1    9.4835e+04    9.4836e+04 +/-  3.03e+02  <none>
  Background_Fail_HIGH_bin_1-2    7.1022e+04    7.1024e+04 +/-  2.64e+02  <none>
  Background_Fail_HIGH_bin_1-3    4.3097e+04    4.3096e+04 +/-  2.04e+02  <none>
  Background_Fail_HIGH_bin_1-4    2.6980e+04    2.6981e+04 +/-  1.61e+02  <none>
  Background_Fail_HIGH_bin_1-5    1.0877e+04    1.0878e+04 +/-  1.02e+02  <none>
  Background_Fail_HIGH_bin_1-6    3.8052e+03    3.8046e+03 +/-  6.00e+01  <none>
  Background_Fail_HIGH_bin_1-7    1.3452e+03    1.3456e+03 +/-  3.58e+01  <none>
  Background_Fail_HIGH_bin_1-8    4.4071e+01    4.4066e+01 +/-  6.41e+00  <none>
  Background_Fail_HIGH_bin_2-1    4.5164e+04    4.5163e+04 +/-  2.08e+02  <none>
  Background_Fail_HIGH_bin_2-2    3.2856e+04    3.2858e+04 +/-  1.79e+02  <none>
  Background_Fail_HIGH_bin_2-3    1.9494e+04    1.9495e+04 +/-  1.37e+02  <none>
  Background_Fail_HIGH_bin_2-4    1.2313e+04    1.2314e+04 +/-  1.10e+02  <none>
  Background_Fail_HIGH_bin_2-5    5.3535e+03    5.3535e+03 +/-  7.13e+01  <none>
  Background_Fail_HIGH_bin_2-6    2.2275e+03    2.2274e+03 +/-  4.58e+01  <none>
  Background_Fail_HIGH_bin_2-7    1.2144e+03    1.2144e+03 +/-  3.38e+01  <none>
  Background_Fail_HIGH_bin_2-8    9.6149e+01    9.6141e+01 +/-  9.48e+00  <none>
  Background_Fail_HIGH_bin_3-1    2.2519e+04    2.2519e+04 +/-  1.47e+02  <none>
  Background_Fail_HIGH_bin_3-2    1.6134e+04    1.6134e+04 +/-  1.24e+02  <none>
  Background_Fail_HIGH_bin_3-3    9.4149e+03    9.4147e+03 +/-  9.65e+01  <none>
  Background_Fail_HIGH_bin_3-4    6.2367e+03    6.2369e+03 +/-  7.79e+01  <none>
  Background_Fail_HIGH_bin_3-5    2.6804e+03    2.6804e+03 +/-  5.04e+01  <none>
  Background_Fail_HIGH_bin_3-6    1.0935e+03    1.0934e+03 +/-  3.23e+01  <none>
  Background_Fail_HIGH_bin_3-7    7.8153e+02    7.8148e+02 +/-  2.71e+01  <none>
  Background_Fail_HIGH_bin_3-8    1.2489e+02    1.2488e+02 +/-  1.08e+01  <none>
  Background_Fail_HIGH_bin_4-1    1.1638e+04    1.1638e+04 +/-  1.06e+02  <none>
  Background_Fail_HIGH_bin_4-2    8.1076e+03    8.1076e+03 +/-  8.79e+01  <none>
  Background_Fail_HIGH_bin_4-3    4.7673e+03    4.7673e+03 +/-  6.74e+01  <none>
  Background_Fail_HIGH_bin_4-4    3.0606e+03    3.0610e+03 +/-  5.43e+01  <none>
  Background_Fail_HIGH_bin_4-5    1.4146e+03    1.4146e+03 +/-  3.66e+01  <none>
  Background_Fail_HIGH_bin_4-6    6.1360e+02    6.1357e+02 +/-  2.41e+01  <none>
  Background_Fail_HIGH_bin_4-7    4.6762e+02    4.6759e+02 +/-  2.10e+01  <none>
  Background_Fail_HIGH_bin_4-8    1.2245e+02    1.2244e+02 +/-  1.07e+01  <none>
  Background_Fail_HIGH_bin_5-1    6.0169e+03    6.0170e+03 +/-  7.59e+01  <none>
  Background_Fail_HIGH_bin_5-2    4.1216e+03    4.1216e+03 +/-  6.28e+01  <none>
  Background_Fail_HIGH_bin_5-3    2.3204e+03    2.3204e+03 +/-  4.72e+01  <none>
  Background_Fail_HIGH_bin_5-4    1.5601e+03    1.5601e+03 +/-  3.86e+01  <none>
  Background_Fail_HIGH_bin_5-5    7.3643e+02    7.3642e+02 +/-  2.65e+01  <none>
  Background_Fail_HIGH_bin_5-6    3.2083e+02    3.2082e+02 +/-  1.75e+01  <none>
  Background_Fail_HIGH_bin_5-7    2.7679e+02    2.7677e+02 +/-  1.62e+01  <none>
  Background_Fail_HIGH_bin_5-8    8.0943e+01    8.0938e+01 +/-  8.75e+00  <none>
  Background_Fail_HIGH_bin_6-1    3.2109e+03    3.2109e+03 +/-  5.55e+01  <none>
  Background_Fail_HIGH_bin_6-2    2.1320e+03    2.1320e+03 +/-  4.52e+01  <none>
  Background_Fail_HIGH_bin_6-3    1.2241e+03    1.2241e+03 +/-  3.42e+01  <none>
  Background_Fail_HIGH_bin_6-4    8.3713e+02    8.3712e+02 +/-  2.83e+01  <none>
  Background_Fail_HIGH_bin_6-5    3.6778e+02    3.6777e+02 +/-  1.87e+01  <none>
  Background_Fail_HIGH_bin_6-6    2.0790e+02    2.0789e+02 +/-  1.41e+01  <none>
  Background_Fail_HIGH_bin_6-7    1.5889e+02    1.5888e+02 +/-  1.23e+01  <none>
  Background_Fail_HIGH_bin_6-8    6.1147e+01    6.1143e+01 +/-  7.62e+00  <none>
  Background_Fail_HIGH_bin_7-1    2.4944e+03    2.4944e+03 +/-  4.92e+01  <none>
  Background_Fail_HIGH_bin_7-2    1.5860e+03    1.5860e+03 +/-  3.94e+01  <none>
  Background_Fail_HIGH_bin_7-3    9.0140e+02    9.0139e+02 +/-  2.95e+01  <none>
  Background_Fail_HIGH_bin_7-4    6.5734e+02    6.5733e+02 +/-  2.52e+01  <none>
  Background_Fail_HIGH_bin_7-5    3.3935e+02    3.3934e+02 +/-  1.81e+01  <none>
  Background_Fail_HIGH_bin_7-6    1.6123e+02    1.6122e+02 +/-  1.24e+01  <none>
  Background_Fail_HIGH_bin_7-7    1.4930e+02    1.4930e+02 +/-  1.19e+01  <none>
  Background_Fail_HIGH_bin_7-8    3.7397e+01    3.7394e+01 +/-  5.98e+00  <none>
  Background_Fail_LOW_bin_1-1    1.0016e-06    1.0231e-06 +/-  4.69e-01  <none>
  Background_Fail_LOW_bin_1-2    1.0015e-06    1.0083e-06 +/-  4.68e-01  <none>
  Background_Fail_LOW_bin_1-3    1.0014e-06    1.0013e-06 +/-  4.67e-01  <none>
  Background_Fail_LOW_bin_1-4    1.0013e-06    1.0189e-06 +/-  4.66e-01  <none>
  Background_Fail_LOW_bin_1-5    1.0012e-06    1.0071e-06 +/-  4.65e-01  <none>
  Background_Fail_LOW_bin_1-6    1.0012e-06    1.0142e-06 +/-  4.64e-01  <none>
  Background_Fail_LOW_bin_1-7    1.0011e-06    1.2363e-06 +/-  4.63e-01  <none>
  Background_Fail_LOW_bin_2-1    1.2293e+05    1.2293e+05 +/-  3.44e+02  <none>
  Background_Fail_LOW_bin_2-2    9.5756e+04    9.5757e+04 +/-  3.08e+02  <none>
  Background_Fail_LOW_bin_2-3    5.8028e+04    5.8031e+04 +/-  2.39e+02  <none>
  Background_Fail_LOW_bin_2-4    3.3082e+04    3.3083e+04 +/-  1.86e+02  <none>
  Background_Fail_LOW_bin_2-5    9.6382e+03    9.6397e+03 +/-  9.74e+01  <none>
  Background_Fail_LOW_bin_2-6    1.4424e+03    1.4425e+03 +/-  3.74e+01  <none>
  Background_Fail_LOW_bin_2-7    1.3040e+02    1.3036e+02 +/-  1.19e+01  <none>
  Background_Fail_SIG_bin_1-1    5.8480e+04    5.8480e+04 +/-  2.36e+02  <none>
  Background_Fail_SIG_bin_1-2    4.4638e+04    4.4639e+04 +/-  2.08e+02  <none>
  Background_Fail_SIG_bin_1-3    2.7050e+04    2.7053e+04 +/-  1.64e+02  <none>
  Background_Fail_SIG_bin_1-4    1.5743e+04    1.5744e+04 +/-  1.25e+02  <none>
  Background_Fail_SIG_bin_1-5    5.1951e+03    5.1949e+03 +/-  7.03e+01  <none>
  Background_Fail_SIG_bin_1-6    1.0276e+03    1.0276e+03 +/-  3.10e+01  <none>
  Background_Fail_SIG_bin_1-7    1.2096e+02    1.2095e+02 +/-  1.06e+01  <none>
  Background_Fail_SIG_bin_1-8    5.4281e+00    5.4292e+00 +/-  2.28e+00  <none>
  Background_Fail_SIG_bin_2-1    4.8858e+04    4.8860e+04 +/-  2.16e+02  <none>
  Background_Fail_SIG_bin_2-2    3.7315e+04    3.7316e+04 +/-  1.90e+02  <none>
  Background_Fail_SIG_bin_2-3    2.3010e+04    2.3011e+04 +/-  1.49e+02  <none>
  Background_Fail_SIG_bin_2-4    1.3769e+04    1.3770e+04 +/-  1.19e+02  <none>
  Background_Fail_SIG_bin_2-5    4.7890e+03    4.7893e+03 +/-  6.79e+01  <none>
  Background_Fail_SIG_bin_2-6    1.0586e+03    1.0585e+03 +/-  3.15e+01  <none>
  Background_Fail_SIG_bin_2-7    1.3399e+02    1.3406e+02 +/-  1.17e+01  <none>
  Background_Fail_SIG_bin_2-8    3.5292e+00    3.5286e+00 +/-  1.86e+00  <none>
  Background_Fail_SIG_bin_3-1    4.1187e+04    4.1189e+04 +/-  1.98e+02  <none>
  Background_Fail_SIG_bin_3-2    3.1594e+04    3.1594e+04 +/-  1.74e+02  <none>
  Background_Fail_SIG_bin_3-3    1.8969e+04    1.8970e+04 +/-  1.37e+02  <none>
  Background_Fail_SIG_bin_3-4    1.1608e+04    1.1609e+04 +/-  1.07e+02  <none>
  Background_Fail_SIG_bin_3-5    4.2263e+03    4.2266e+03 +/-  6.33e+01  <none>
  Background_Fail_SIG_bin_3-6    1.0434e+03    1.0433e+03 +/-  3.13e+01  <none>
  Background_Fail_SIG_bin_3-7    1.5467e+02    1.5474e+02 +/-  1.25e+01  <none>
  Background_Fail_SIG_bin_3-8    3.5803e+00    3.5792e+00 +/-  1.86e+00  <none>
  Background_Fail_SIG_bin_4-1    3.4506e+04    3.4506e+04 +/-  1.82e+02  <none>
  Background_Fail_SIG_bin_4-2    2.6350e+04    2.6351e+04 +/-  1.59e+02  <none>
  Background_Fail_SIG_bin_4-3    1.6179e+04    1.6180e+04 +/-  1.24e+02  <none>
  Background_Fail_SIG_bin_4-4    9.7505e+03    9.7511e+03 +/-  9.76e+01  <none>
  Background_Fail_SIG_bin_4-5    3.6344e+03    3.6342e+03 +/-  5.88e+01  <none>
  Background_Fail_SIG_bin_4-6    1.0649e+03    1.0649e+03 +/-  3.16e+01  <none>
  Background_Fail_SIG_bin_4-7    2.1252e+02    2.1251e+02 +/-  1.41e+01  <none>
  Background_Fail_SIG_bin_4-8    6.4824e+00    6.4811e+00 +/-  2.47e+00  <none>
  Background_Fail_SIG_bin_5-1    2.9480e+04    2.9480e+04 +/-  1.67e+02  <none>
  Background_Fail_SIG_bin_5-2    2.2775e+04    2.2775e+04 +/-  1.48e+02  <none>
  Background_Fail_SIG_bin_5-3    1.3613e+04    1.3613e+04 +/-  1.15e+02  <none>
  Background_Fail_SIG_bin_5-4    8.3517e+03    8.3519e+03 +/-  9.00e+01  <none>
  Background_Fail_SIG_bin_5-5    3.1921e+03    3.1926e+03 +/-  5.52e+01  <none>
  Background_Fail_SIG_bin_5-6    1.0261e+03    1.0260e+03 +/-  3.10e+01  <none>
  Background_Fail_SIG_bin_5-7    2.6994e+02    2.6994e+02 +/-  1.60e+01  <none>
  Background_Fail_SIG_bin_5-8    6.4580e+00    6.4575e+00 +/-  2.47e+00  <none>
  Background_rpf_3x2_par0    2.7061e-01    2.7062e-01 +/-  8.57e-03  <none>
  Background_rpf_3x2_par1   -1.9482e-01   -1.9497e-01 +/-  2.14e-02  <none>
  Background_rpf_3x2_par2    1.2955e-01    1.2955e-01 +/-  5.68e-02  <none>
  Background_rpf_3x2_par3   -8.1207e-02   -8.1174e-02 +/-  4.85e-02  <none>
  Background_rpf_3x2_par4    2.0285e-01    2.0286e-01 +/-  6.70e-03  <none>
  Background_rpf_3x2_par5    8.5311e-02    8.5771e-02 +/-  1.04e-02  <none>
                     F   -1.8961e-02   -2.1263e-02 +/-  1.63e-01  <none>
                   JER   -5.4750e-02   -5.5335e-02 +/-  1.81e-01  <none>
                   JES   -1.7170e-01   -1.7079e-01 +/-  1.20e-01  <none>
                   JMR    1.8848e+00    1.8369e+00 +/-  3.59e-01  <none>
                   JMS   -1.1783e-01   -1.1753e-01 +/-  1.15e-01  <none>
                PS_FSR    1.9597e-02    1.9723e-02 +/-  8.00e-02  <none>
                PS_ISR   -1.4241e+00   -1.4727e+00 +/-  4.34e-01  <none>
                     R   -1.1314e-01   -1.0984e-01 +/-  1.87e-01  <none>
                    RF   -1.6481e-01   -1.6633e-01 +/-  1.95e-01  <none>
                  btag    5.9175e-02    6.4265e-02 +/-  1.73e-01  <none>
                  lumi    2.6885e-01    2.7088e-01 +/-  9.80e-01  <none>
                   pdf   -7.6826e-03   -6.7637e-03 +/-  1.69e-01  <none>
                pileup    7.2237e-03    7.0977e-03 +/-  1.63e-01  <none>
               prefire   -4.1923e-03   -4.1248e-03 +/-  1.69e-01  <none>
              top_ptrw    0.0000e+00    0.0000e+00 +/-  1.58e-01  <none>
            ttbar_xsec    3.7001e+00    3.6734e+00 +/-  4.26e-01  <none>

  [WARNING] Found [Background_Fail_LOW_bin_1-1] at boundary. 
  [WARNING] Found [Background_Fail_LOW_bin_1-2] at boundary. 
  [WARNING] Found [Background_Fail_LOW_bin_1-3] at boundary. 
  [WARNING] Found [Background_Fail_LOW_bin_1-4] at boundary. 
  [WARNING] Found [Background_Fail_LOW_bin_1-5] at boundary. 
  [WARNING] Found [Background_Fail_LOW_bin_1-6] at boundary. 
  [WARNING] Found [Background_Fail_LOW_bin_1-7] at boundary. 
 [WARNING] After the fit some parameters are at their boundary.
 [WARNING] Are you sure your model is correct?

  RooFitResult: minimized FCN value: -0.0107989, estimated distance to minimum: 0.000395616
                covariance matrix quality: Full, accurate covariance matrix
                Status : MINIMIZE=0 HESSE=0 

    Constant Parameter    Value     
  --------------------  ------------
                  F_In    0.0000e+00
                JER_In    0.0000e+00
                JES_In    0.0000e+00
                JMR_In    0.0000e+00
                JMS_In    0.0000e+00
             PS_FSR_In    0.0000e+00
             PS_ISR_In    0.0000e+00
                 RF_In    0.0000e+00
                  R_In    0.0000e+00
               btag_In    0.0000e+00
               lumi_In    0.0000e+00
  n_exp_binFail_HIGH_proc_Background    1.0000e+00
  n_exp_binFail_LOW_proc_Background    1.0000e+00
  n_exp_binFail_SIG_proc_Background    1.0000e+00
  n_exp_binLoose_HIGH_proc_Background_3x2    1.0000e+00
  n_exp_binLoose_LOW_proc_Background_3x2    1.0000e+00
  n_exp_binLoose_SIG_proc_Background_3x2    1.0000e+00
                pdf_In    0.0000e+00
             pileup_In    0.0000e+00
            prefire_In    0.0000e+00
           top_ptrw_In    0.0000e+00
         ttbar_xsec_In    0.0000e+00

    Floating Parameter  InitialValue    FinalValue +/-  Error     GblCorr.
  --------------------  ------------  --------------------------  --------
  Background_Fail_HIGH_bin_1-1    9.4835e+04    9.4836e+04 +/-  3.06e+02  <none>
  Background_Fail_HIGH_bin_1-2    7.1022e+04    7.1024e+04 +/-  2.68e+02  <none>
  Background_Fail_HIGH_bin_1-3    4.3097e+04    4.3096e+04 +/-  2.06e+02  <none>
  Background_Fail_HIGH_bin_1-4    2.6980e+04    2.6981e+04 +/-  1.63e+02  <none>
  Background_Fail_HIGH_bin_1-5    1.0877e+04    1.0878e+04 +/-  1.02e+02  <none>
  Background_Fail_HIGH_bin_1-6    3.8052e+03    3.8046e+03 +/-  6.04e+01  <none>
  Background_Fail_HIGH_bin_1-7    1.3452e+03    1.3456e+03 +/-  3.61e+01  <none>
  Background_Fail_HIGH_bin_1-8    4.4071e+01    4.4066e+01 +/-  6.46e+00  <none>
  Background_Fail_HIGH_bin_2-1    4.5164e+04    4.5162e+04 +/-  2.10e+02  <none>
  Background_Fail_HIGH_bin_2-2    3.2856e+04    3.2858e+04 +/-  1.80e+02  <none>
  Background_Fail_HIGH_bin_2-3    1.9494e+04    1.9495e+04 +/-  1.38e+02  <none>
  Background_Fail_HIGH_bin_2-4    1.2313e+04    1.2314e+04 +/-  1.11e+02  <none>
  Background_Fail_HIGH_bin_2-5    5.3535e+03    5.3535e+03 +/-  7.17e+01  <none>
  Background_Fail_HIGH_bin_2-6    2.2275e+03    2.2274e+03 +/-  4.61e+01  <none>
  Background_Fail_HIGH_bin_2-7    1.2144e+03    1.2144e+03 +/-  3.40e+01  <none>
  Background_Fail_HIGH_bin_2-8    9.6148e+01    9.6141e+01 +/-  9.54e+00  <none>
  Background_Fail_HIGH_bin_3-1    2.2519e+04    2.2519e+04 +/-  1.48e+02  <none>
  Background_Fail_HIGH_bin_3-2    1.6134e+04    1.6134e+04 +/-  1.25e+02  <none>
  Background_Fail_HIGH_bin_3-3    9.4148e+03    9.4147e+03 +/-  9.74e+01  <none>
  Background_Fail_HIGH_bin_3-4    6.2366e+03    6.2369e+03 +/-  7.84e+01  <none>
  Background_Fail_HIGH_bin_3-5    2.6805e+03    2.6804e+03 +/-  5.07e+01  <none>
  Background_Fail_HIGH_bin_3-6    1.0935e+03    1.0934e+03 +/-  3.25e+01  <none>
  Background_Fail_HIGH_bin_3-7    7.8152e+02    7.8148e+02 +/-  2.73e+01  <none>
  Background_Fail_HIGH_bin_3-8    1.2489e+02    1.2488e+02 +/-  1.09e+01  <none>
  Background_Fail_HIGH_bin_4-1    1.1638e+04    1.1638e+04 +/-  1.06e+02  <none>
  Background_Fail_HIGH_bin_4-2    8.1077e+03    8.1076e+03 +/-  8.85e+01  <none>
  Background_Fail_HIGH_bin_4-3    4.7674e+03    4.7673e+03 +/-  6.77e+01  <none>
  Background_Fail_HIGH_bin_4-4    3.0606e+03    3.0610e+03 +/-  5.47e+01  <none>
  Background_Fail_HIGH_bin_4-5    1.4146e+03    1.4146e+03 +/-  3.69e+01  <none>
  Background_Fail_HIGH_bin_4-6    6.1360e+02    6.1357e+02 +/-  2.42e+01  <none>
  Background_Fail_HIGH_bin_4-7    4.6761e+02    4.6759e+02 +/-  2.11e+01  <none>
  Background_Fail_HIGH_bin_4-8    1.2245e+02    1.2244e+02 +/-  1.08e+01  <none>
  Background_Fail_HIGH_bin_5-1    6.0169e+03    6.0169e+03 +/-  7.64e+01  <none>
  Background_Fail_HIGH_bin_5-2    4.1216e+03    4.1216e+03 +/-  6.32e+01  <none>
  Background_Fail_HIGH_bin_5-3    2.3204e+03    2.3204e+03 +/-  4.74e+01  <none>
  Background_Fail_HIGH_bin_5-4    1.5601e+03    1.5601e+03 +/-  3.88e+01  <none>
  Background_Fail_HIGH_bin_5-5    7.3643e+02    7.3642e+02 +/-  2.67e+01  <none>
  Background_Fail_HIGH_bin_5-6    3.2083e+02    3.2081e+02 +/-  1.76e+01  <none>
  Background_Fail_HIGH_bin_5-7    2.7679e+02    2.7677e+02 +/-  1.63e+01  <none>
  Background_Fail_HIGH_bin_5-8    8.0943e+01    8.0937e+01 +/-  8.79e+00  <none>
  Background_Fail_HIGH_bin_6-1    3.2109e+03    3.2109e+03 +/-  5.59e+01  <none>
  Background_Fail_HIGH_bin_6-2    2.1320e+03    2.1320e+03 +/-  4.55e+01  <none>
  Background_Fail_HIGH_bin_6-3    1.2241e+03    1.2241e+03 +/-  3.44e+01  <none>
  Background_Fail_HIGH_bin_6-4    8.3713e+02    8.3712e+02 +/-  2.85e+01  <none>
  Background_Fail_HIGH_bin_6-5    3.6778e+02    3.6777e+02 +/-  1.89e+01  <none>
  Background_Fail_HIGH_bin_6-6    2.0790e+02    2.0789e+02 +/-  1.42e+01  <none>
  Background_Fail_HIGH_bin_6-7    1.5889e+02    1.5888e+02 +/-  1.24e+01  <none>
  Background_Fail_HIGH_bin_6-8    6.1147e+01    6.1143e+01 +/-  7.66e+00  <none>
  Background_Fail_HIGH_bin_7-1    2.4944e+03    2.4944e+03 +/-  4.95e+01  <none>
  Background_Fail_HIGH_bin_7-2    1.5860e+03    1.5860e+03 +/-  3.97e+01  <none>
  Background_Fail_HIGH_bin_7-3    9.0140e+02    9.0139e+02 +/-  2.97e+01  <none>
  Background_Fail_HIGH_bin_7-4    6.5734e+02    6.5733e+02 +/-  2.53e+01  <none>
  Background_Fail_HIGH_bin_7-5    3.3935e+02    3.3935e+02 +/-  1.82e+01  <none>
  Background_Fail_HIGH_bin_7-6    1.6123e+02    1.6122e+02 +/-  1.25e+01  <none>
  Background_Fail_HIGH_bin_7-7    1.4930e+02    1.4930e+02 +/-  1.20e+01  <none>
  Background_Fail_HIGH_bin_7-8    3.7397e+01    3.7395e+01 +/-  6.02e+00  <none>
  Background_Fail_LOW_bin_1-1    1.0000e-06    1.0231e-06 +/-  4.73e-01  <none>
  Background_Fail_LOW_bin_1-2    1.0000e-06    1.0006e-06 +/-  4.73e-01  <none>
  Background_Fail_LOW_bin_1-3    1.0001e-06    1.0552e-06 +/-  4.72e-01  <none>
  Background_Fail_LOW_bin_1-4    1.0001e-06    1.0885e-06 +/-  4.71e-01  <none>
  Background_Fail_LOW_bin_1-5    1.0002e-06    1.1437e-06 +/-  4.70e-01  <none>
  Background_Fail_LOW_bin_1-6    1.0003e-06    1.0401e-06 +/-  4.69e-01  <none>
  Background_Fail_LOW_bin_1-7    1.0005e-06    1.2379e-06 +/-  4.67e-01  <none>
  Background_Fail_LOW_bin_2-1    1.2293e+05    1.2293e+05 +/-  3.47e+02  <none>
  Background_Fail_LOW_bin_2-2    9.5756e+04    9.5757e+04 +/-  3.10e+02  <none>
  Background_Fail_LOW_bin_2-3    5.8029e+04    5.8031e+04 +/-  2.40e+02  <none>
  Background_Fail_LOW_bin_2-4    3.3082e+04    3.3083e+04 +/-  1.88e+02  <none>
  Background_Fail_LOW_bin_2-5    9.6381e+03    9.6398e+03 +/-  9.79e+01  <none>
  Background_Fail_LOW_bin_2-6    1.4424e+03    1.4425e+03 +/-  3.76e+01  <none>
  Background_Fail_LOW_bin_2-7    1.3042e+02    1.3036e+02 +/-  1.20e+01  <none>
  Background_Fail_SIG_bin_1-1    5.8480e+04    5.8480e+04 +/-  2.38e+02  <none>
  Background_Fail_SIG_bin_1-2    4.4638e+04    4.4639e+04 +/-  2.11e+02  <none>
  Background_Fail_SIG_bin_1-3    2.7050e+04    2.7053e+04 +/-  1.66e+02  <none>
  Background_Fail_SIG_bin_1-4    1.5744e+04    1.5744e+04 +/-  1.26e+02  <none>
  Background_Fail_SIG_bin_1-5    5.1951e+03    5.1949e+03 +/-  7.08e+01  <none>
  Background_Fail_SIG_bin_1-6    1.0276e+03    1.0276e+03 +/-  3.12e+01  <none>
  Background_Fail_SIG_bin_1-7    1.2096e+02    1.2095e+02 +/-  1.07e+01  <none>
  Background_Fail_SIG_bin_1-8    5.4279e+00    5.4292e+00 +/-  2.29e+00  <none>
  Background_Fail_SIG_bin_2-1    4.8858e+04    4.8860e+04 +/-  2.18e+02  <none>
  Background_Fail_SIG_bin_2-2    3.7316e+04    3.7316e+04 +/-  1.92e+02  <none>
  Background_Fail_SIG_bin_2-3    2.3010e+04    2.3011e+04 +/-  1.51e+02  <none>
  Background_Fail_SIG_bin_2-4    1.3769e+04    1.3770e+04 +/-  1.20e+02  <none>
  Background_Fail_SIG_bin_2-5    4.7891e+03    4.7893e+03 +/-  6.85e+01  <none>
  Background_Fail_SIG_bin_2-6    1.0586e+03    1.0585e+03 +/-  3.17e+01  <none>
  Background_Fail_SIG_bin_2-7    1.3403e+02    1.3406e+02 +/-  1.18e+01  <none>
  Background_Fail_SIG_bin_2-8    3.5270e+00    3.5286e+00 +/-  1.87e+00  <none>
  Background_Fail_SIG_bin_3-1    4.1187e+04    4.1189e+04 +/-  2.00e+02  <none>
  Background_Fail_SIG_bin_3-2    3.1594e+04    3.1594e+04 +/-  1.75e+02  <none>
  Background_Fail_SIG_bin_3-3    1.8969e+04    1.8970e+04 +/-  1.38e+02  <none>
  Background_Fail_SIG_bin_3-4    1.1608e+04    1.1609e+04 +/-  1.08e+02  <none>
  Background_Fail_SIG_bin_3-5    4.2263e+03    4.2266e+03 +/-  6.37e+01  <none>
  Background_Fail_SIG_bin_3-6    1.0434e+03    1.0433e+03 +/-  3.14e+01  <none>
  Background_Fail_SIG_bin_3-7    1.5465e+02    1.5474e+02 +/-  1.26e+01  <none>
  Background_Fail_SIG_bin_3-8    3.5799e+00    3.5792e+00 +/-  1.87e+00  <none>
  Background_Fail_SIG_bin_4-1    3.4506e+04    3.4506e+04 +/-  1.83e+02  <none>
  Background_Fail_SIG_bin_4-2    2.6350e+04    2.6351e+04 +/-  1.61e+02  <none>
  Background_Fail_SIG_bin_4-3    1.6179e+04    1.6180e+04 +/-  1.26e+02  <none>
  Background_Fail_SIG_bin_4-4    9.7506e+03    9.7511e+03 +/-  9.84e+01  <none>
  Background_Fail_SIG_bin_4-5    3.6344e+03    3.6342e+03 +/-  5.92e+01  <none>
  Background_Fail_SIG_bin_4-6    1.0649e+03    1.0649e+03 +/-  3.18e+01  <none>
  Background_Fail_SIG_bin_4-7    2.1252e+02    2.1251e+02 +/-  1.42e+01  <none>
  Background_Fail_SIG_bin_4-8    6.4824e+00    6.4811e+00 +/-  2.48e+00  <none>
  Background_Fail_SIG_bin_5-1    2.9480e+04    2.9480e+04 +/-  1.69e+02  <none>
  Background_Fail_SIG_bin_5-2    2.2775e+04    2.2775e+04 +/-  1.49e+02  <none>
  Background_Fail_SIG_bin_5-3    1.3613e+04    1.3613e+04 +/-  1.16e+02  <none>
  Background_Fail_SIG_bin_5-4    8.3517e+03    8.3519e+03 +/-  9.08e+01  <none>
  Background_Fail_SIG_bin_5-5    3.1921e+03    3.1926e+03 +/-  5.55e+01  <none>
  Background_Fail_SIG_bin_5-6    1.0261e+03    1.0260e+03 +/-  3.12e+01  <none>
  Background_Fail_SIG_bin_5-7    2.6993e+02    2.6994e+02 +/-  1.61e+01  <none>
  Background_Fail_SIG_bin_5-8    6.4586e+00    6.4575e+00 +/-  2.48e+00  <none>
  Background_rpf_3x2_par0    2.7061e-01    2.7062e-01 +/-  4.20e-02  <none>
  Background_rpf_3x2_par1   -1.9507e-01   -1.9520e-01 +/-  4.72e-02  <none>
  Background_rpf_3x2_par2    1.3027e-01    1.3026e-01 +/-  9.91e-02  <none>
  Background_rpf_3x2_par3   -8.1749e-02   -8.1712e-02 +/-  7.77e-02  <none>
  Background_rpf_3x2_par4    2.0287e-01    2.0288e-01 +/-  3.12e-02  <none>
  Background_rpf_3x2_par5    8.5341e-02    8.5784e-02 +/-  1.70e-02  <none>
                     F   -2.0090e-02   -2.1193e-02 +/-  1.67e-01  <none>
                   JER   -5.4336e-02   -5.5373e-02 +/-  1.84e-01  <none>
                   JES   -1.7166e-01   -1.7074e-01 +/-  1.23e-01  <none>
                   JMR    1.8852e+00    1.8363e+00 +/-  3.62e-01  <none>
                   JMS   -1.1788e-01   -1.1751e-01 +/-  1.18e-01  <none>
                PS_FSR    1.9468e-02    1.9712e-02 +/-  8.15e-02  <none>
                PS_ISR   -1.4239e+00   -1.4733e+00 +/-  4.84e-01  <none>
                     R   -1.1260e-01   -1.0982e-01 +/-  1.92e-01  <none>
                    RF   -1.6526e-01   -1.6656e-01 +/-  2.05e-01  <none>
                  btag    5.9333e-02    6.4253e-02 +/-  1.77e-01  <none>
                  lumi    2.6852e-01    2.7098e-01 +/-  1.00e+00  <none>
                   pdf   -8.0260e-03   -6.7722e-03 +/-  1.72e-01  <none>
                pileup    7.8489e-03    7.0517e-03 +/-  1.65e-01  <none>
               prefire   -4.4397e-03   -4.1270e-03 +/-  1.72e-01  <none>
                     r    1.0000e+00    1.0000e+00 +/-  8.85e-02  <none>
              top_ptrw    0.0000e+00    0.0000e+00 +/-  1.60e-01  <none>
            ttbar_xsec    3.6985e+00    3.6730e+00 +/-  4.79e-01  <none>

Robus Fit for POI 
Set default minimizer to Minuit2, algorithm Migrad, tolerance 0.1
Searching for crossing at nll = -34602.5 in the interval 1, 5
  [WARNING] Found [Background_Fail_LOW_bin_1-1] at boundary. 
  [WARNING] Found [Background_Fail_LOW_bin_1-2] at boundary. 
  [WARNING] Found [Background_Fail_LOW_bin_1-3] at boundary. 
  [WARNING] Found [Background_Fail_LOW_bin_1-4] at boundary. 
  [WARNING] Found [Background_Fail_LOW_bin_1-5] at boundary. 
  [WARNING] Found [Background_Fail_LOW_bin_1-6] at boundary. 
  [WARNING] Found [Background_Fail_LOW_bin_1-7] at boundary. 
 [WARNING] After the fit some parameters are at their boundary.
 [WARNING] Are you sure your model is correct?
      r      lvl-here  lvl-there   stepping
 [WARNING] After the fit some parameters are at their boundary.
 [WARNING] Are you sure your model is correct?
1.400000    -1.82397  +0.49450    0.400000
 [WARNING] After the fit some parameters are at their boundary.
 [WARNING] Are you sure your model is correct?
1.120000    -0.19399  -1.82397    0.120000
 [WARNING] After the fit some parameters are at their boundary.
 [WARNING] Are you sure your model is correct?
1.036000    +0.28865  -0.19399    0.036000
 [WARNING] After the fit some parameters are at their boundary.
 [WARNING] Are you sure your model is correct?
1.072000    +0.08221  +0.28865    0.036000
 [WARNING] After the fit some parameters are at their boundary.
 [WARNING] Are you sure your model is correct?
1.108000    -0.12481  +0.08221    0.036000
 [WARNING] After the fit some parameters are at their boundary.
 [WARNING] Are you sure your model is correct?
1.082800    +0.02018  -0.12481    0.010800
 [WARNING] After the fit some parameters are at their boundary.
 [WARNING] Are you sure your model is correct?
1.093600    -0.04190  +0.02018    0.010800
 [WARNING] After the fit some parameters are at their boundary.
 [WARNING] Are you sure your model is correct?
1.086040    +0.00158  -0.04190    0.003240
 [WARNING] After the fit some parameters are at their boundary.
 [WARNING] Are you sure your model is correct?
1.089280    -0.01704  +0.00158    0.003240
 [WARNING] After the fit some parameters are at their boundary.
 [WARNING] Are you sure your model is correct?
1.087012    -0.00399  -0.01704    0.000972
 [WARNING] After the fit some parameters are at their boundary.
 [WARNING] Are you sure your model is correct?
1.086332    -0.00008  -0.00399    0.000292
Set default minimizer to Minuit2, algorithm Migrad, tolerance 0.1
Searching for crossing at nll = -34602.5 in the interval 1, 1
 [WARNING] After the fit some parameters are at their boundary.
 [WARNING] Are you sure your model is correct?
      r      lvl-here  lvl-there   stepping
 [WARNING] After the fit some parameters are at their boundary.
 [WARNING] Are you sure your model is correct?
1.000000    +0.49451  +0.49450    -0.000000
Error: closed range without finding crossing.

  RooFitResult: minimized FCN value: -0.0107989, estimated distance to minimum: 0.000395616
                covariance matrix quality: Full, accurate covariance matrix
                Status : MINIMIZE=0 HESSE=0 

    Constant Parameter    Value     
  --------------------  ------------
                  F_In    0.0000e+00
                JER_In    0.0000e+00
                JES_In    0.0000e+00
                JMR_In    0.0000e+00
                JMS_In    0.0000e+00
             PS_FSR_In    0.0000e+00
             PS_ISR_In    0.0000e+00
                 RF_In    0.0000e+00
                  R_In    0.0000e+00
               btag_In    0.0000e+00
               lumi_In    0.0000e+00
  n_exp_binFail_HIGH_proc_Background    1.0000e+00
  n_exp_binFail_LOW_proc_Background    1.0000e+00
  n_exp_binFail_SIG_proc_Background    1.0000e+00
  n_exp_binLoose_HIGH_proc_Background_3x2    1.0000e+00
  n_exp_binLoose_LOW_proc_Background_3x2    1.0000e+00
  n_exp_binLoose_SIG_proc_Background_3x2    1.0000e+00
                pdf_In    0.0000e+00
             pileup_In    0.0000e+00
            prefire_In    0.0000e+00
           top_ptrw_In    0.0000e+00
         ttbar_xsec_In    0.0000e+00

    Floating Parameter  InitialValue    FinalValue (+HiError,-LoError)    GblCorr.
  --------------------  ------------  ----------------------------------  --------
  Background_Fail_HIGH_bin_1-1    9.4835e+04    9.4836e+04         +/-  3.06e+02  <none>
  Background_Fail_HIGH_bin_1-2    7.1022e+04    7.1024e+04         +/-  2.68e+02  <none>
  Background_Fail_HIGH_bin_1-3    4.3097e+04    4.3096e+04         +/-  2.06e+02  <none>
  Background_Fail_HIGH_bin_1-4    2.6980e+04    2.6981e+04         +/-  1.63e+02  <none>
  Background_Fail_HIGH_bin_1-5    1.0877e+04    1.0878e+04         +/-  1.02e+02  <none>
  Background_Fail_HIGH_bin_1-6    3.8052e+03    3.8046e+03         +/-  6.04e+01  <none>
  Background_Fail_HIGH_bin_1-7    1.3452e+03    1.3456e+03         +/-  3.61e+01  <none>
  Background_Fail_HIGH_bin_1-8    4.4071e+01    4.4066e+01         +/-  6.46e+00  <none>
  Background_Fail_HIGH_bin_2-1    4.5164e+04    4.5162e+04         +/-  2.10e+02  <none>
  Background_Fail_HIGH_bin_2-2    3.2856e+04    3.2858e+04         +/-  1.80e+02  <none>
  Background_Fail_HIGH_bin_2-3    1.9494e+04    1.9495e+04         +/-  1.38e+02  <none>
  Background_Fail_HIGH_bin_2-4    1.2313e+04    1.2314e+04         +/-  1.11e+02  <none>
  Background_Fail_HIGH_bin_2-5    5.3535e+03    5.3535e+03         +/-  7.17e+01  <none>
  Background_Fail_HIGH_bin_2-6    2.2275e+03    2.2274e+03         +/-  4.61e+01  <none>
  Background_Fail_HIGH_bin_2-7    1.2144e+03    1.2144e+03         +/-  3.40e+01  <none>
  Background_Fail_HIGH_bin_2-8    9.6148e+01    9.6141e+01         +/-  9.54e+00  <none>
  Background_Fail_HIGH_bin_3-1    2.2519e+04    2.2519e+04         +/-  1.48e+02  <none>
  Background_Fail_HIGH_bin_3-2    1.6134e+04    1.6134e+04         +/-  1.25e+02  <none>
  Background_Fail_HIGH_bin_3-3    9.4148e+03    9.4147e+03         +/-  9.74e+01  <none>
  Background_Fail_HIGH_bin_3-4    6.2366e+03    6.2369e+03         +/-  7.84e+01  <none>
  Background_Fail_HIGH_bin_3-5    2.6805e+03    2.6804e+03         +/-  5.07e+01  <none>
  Background_Fail_HIGH_bin_3-6    1.0935e+03    1.0934e+03         +/-  3.25e+01  <none>
  Background_Fail_HIGH_bin_3-7    7.8152e+02    7.8148e+02         +/-  2.73e+01  <none>
  Background_Fail_HIGH_bin_3-8    1.2489e+02    1.2488e+02         +/-  1.09e+01  <none>
  Background_Fail_HIGH_bin_4-1    1.1638e+04    1.1638e+04         +/-  1.06e+02  <none>
  Background_Fail_HIGH_bin_4-2    8.1077e+03    8.1076e+03         +/-  8.85e+01  <none>
  Background_Fail_HIGH_bin_4-3    4.7674e+03    4.7673e+03         +/-  6.77e+01  <none>
  Background_Fail_HIGH_bin_4-4    3.0606e+03    3.0610e+03         +/-  5.47e+01  <none>
  Background_Fail_HIGH_bin_4-5    1.4146e+03    1.4146e+03         +/-  3.69e+01  <none>
  Background_Fail_HIGH_bin_4-6    6.1360e+02    6.1357e+02         +/-  2.42e+01  <none>
  Background_Fail_HIGH_bin_4-7    4.6761e+02    4.6759e+02         +/-  2.11e+01  <none>
  Background_Fail_HIGH_bin_4-8    1.2245e+02    1.2244e+02         +/-  1.08e+01  <none>
  Background_Fail_HIGH_bin_5-1    6.0169e+03    6.0169e+03         +/-  7.64e+01  <none>
  Background_Fail_HIGH_bin_5-2    4.1216e+03    4.1216e+03         +/-  6.32e+01  <none>
  Background_Fail_HIGH_bin_5-3    2.3204e+03    2.3204e+03         +/-  4.74e+01  <none>
  Background_Fail_HIGH_bin_5-4    1.5601e+03    1.5601e+03         +/-  3.88e+01  <none>
  Background_Fail_HIGH_bin_5-5    7.3643e+02    7.3642e+02         +/-  2.67e+01  <none>
  Background_Fail_HIGH_bin_5-6    3.2083e+02    3.2081e+02         +/-  1.76e+01  <none>
  Background_Fail_HIGH_bin_5-7    2.7679e+02    2.7677e+02         +/-  1.63e+01  <none>
  Background_Fail_HIGH_bin_5-8    8.0943e+01    8.0937e+01         +/-  8.79e+00  <none>
  Background_Fail_HIGH_bin_6-1    3.2109e+03    3.2109e+03         +/-  5.59e+01  <none>
  Background_Fail_HIGH_bin_6-2    2.1320e+03    2.1320e+03         +/-  4.55e+01  <none>
  Background_Fail_HIGH_bin_6-3    1.2241e+03    1.2241e+03         +/-  3.44e+01  <none>
  Background_Fail_HIGH_bin_6-4    8.3713e+02    8.3712e+02         +/-  2.85e+01  <none>
  Background_Fail_HIGH_bin_6-5    3.6778e+02    3.6777e+02         +/-  1.89e+01  <none>
  Background_Fail_HIGH_bin_6-6    2.0790e+02    2.0789e+02         +/-  1.42e+01  <none>
  Background_Fail_HIGH_bin_6-7    1.5889e+02    1.5888e+02         +/-  1.24e+01  <none>
  Background_Fail_HIGH_bin_6-8    6.1147e+01    6.1143e+01         +/-  7.66e+00  <none>
  Background_Fail_HIGH_bin_7-1    2.4944e+03    2.4944e+03         +/-  4.95e+01  <none>
  Background_Fail_HIGH_bin_7-2    1.5860e+03    1.5860e+03         +/-  3.97e+01  <none>
  Background_Fail_HIGH_bin_7-3    9.0140e+02    9.0139e+02         +/-  2.97e+01  <none>
  Background_Fail_HIGH_bin_7-4    6.5734e+02    6.5733e+02         +/-  2.53e+01  <none>
  Background_Fail_HIGH_bin_7-5    3.3935e+02    3.3935e+02         +/-  1.82e+01  <none>
  Background_Fail_HIGH_bin_7-6    1.6123e+02    1.6122e+02         +/-  1.25e+01  <none>
  Background_Fail_HIGH_bin_7-7    1.4930e+02    1.4930e+02         +/-  1.20e+01  <none>
  Background_Fail_HIGH_bin_7-8    3.7397e+01    3.7395e+01         +/-  6.02e+00  <none>
  Background_Fail_LOW_bin_1-1    1.0000e-06    1.0231e-06         +/-  4.73e-01  <none>
  Background_Fail_LOW_bin_1-2    1.0000e-06    1.0006e-06         +/-  4.73e-01  <none>
  Background_Fail_LOW_bin_1-3    1.0001e-06    1.0552e-06         +/-  4.72e-01  <none>
  Background_Fail_LOW_bin_1-4    1.0001e-06    1.0885e-06         +/-  4.71e-01  <none>
  Background_Fail_LOW_bin_1-5    1.0002e-06    1.1437e-06         +/-  4.70e-01  <none>
  Background_Fail_LOW_bin_1-6    1.0003e-06    1.0401e-06         +/-  4.69e-01  <none>
  Background_Fail_LOW_bin_1-7    1.0005e-06    1.2379e-06         +/-  4.67e-01  <none>
  Background_Fail_LOW_bin_2-1    1.2293e+05    1.2293e+05         +/-  3.47e+02  <none>
  Background_Fail_LOW_bin_2-2    9.5756e+04    9.5757e+04         +/-  3.10e+02  <none>
  Background_Fail_LOW_bin_2-3    5.8029e+04    5.8031e+04         +/-  2.40e+02  <none>
  Background_Fail_LOW_bin_2-4    3.3082e+04    3.3083e+04         +/-  1.88e+02  <none>
  Background_Fail_LOW_bin_2-5    9.6381e+03    9.6398e+03         +/-  9.79e+01  <none>
  Background_Fail_LOW_bin_2-6    1.4424e+03    1.4425e+03         +/-  3.76e+01  <none>
  Background_Fail_LOW_bin_2-7    1.3042e+02    1.3036e+02         +/-  1.20e+01  <none>
  Background_Fail_SIG_bin_1-1    5.8480e+04    5.8480e+04         +/-  2.38e+02  <none>
  Background_Fail_SIG_bin_1-2    4.4638e+04    4.4639e+04         +/-  2.11e+02  <none>
  Background_Fail_SIG_bin_1-3    2.7050e+04    2.7053e+04         +/-  1.66e+02  <none>
  Background_Fail_SIG_bin_1-4    1.5744e+04    1.5744e+04         +/-  1.26e+02  <none>
  Background_Fail_SIG_bin_1-5    5.1951e+03    5.1949e+03         +/-  7.08e+01  <none>
  Background_Fail_SIG_bin_1-6    1.0276e+03    1.0276e+03         +/-  3.12e+01  <none>
  Background_Fail_SIG_bin_1-7    1.2096e+02    1.2095e+02         +/-  1.07e+01  <none>
  Background_Fail_SIG_bin_1-8    5.4279e+00    5.4292e+00         +/-  2.29e+00  <none>
  Background_Fail_SIG_bin_2-1    4.8858e+04    4.8860e+04         +/-  2.18e+02  <none>
  Background_Fail_SIG_bin_2-2    3.7316e+04    3.7316e+04         +/-  1.92e+02  <none>
  Background_Fail_SIG_bin_2-3    2.3010e+04    2.3011e+04         +/-  1.51e+02  <none>
  Background_Fail_SIG_bin_2-4    1.3769e+04    1.3770e+04         +/-  1.20e+02  <none>
  Background_Fail_SIG_bin_2-5    4.7891e+03    4.7893e+03         +/-  6.85e+01  <none>
  Background_Fail_SIG_bin_2-6    1.0586e+03    1.0585e+03         +/-  3.17e+01  <none>
  Background_Fail_SIG_bin_2-7    1.3403e+02    1.3406e+02         +/-  1.18e+01  <none>
  Background_Fail_SIG_bin_2-8    3.5270e+00    3.5286e+00         +/-  1.87e+00  <none>
  Background_Fail_SIG_bin_3-1    4.1187e+04    4.1189e+04         +/-  2.00e+02  <none>
  Background_Fail_SIG_bin_3-2    3.1594e+04    3.1594e+04         +/-  1.75e+02  <none>
  Background_Fail_SIG_bin_3-3    1.8969e+04    1.8970e+04         +/-  1.38e+02  <none>
  Background_Fail_SIG_bin_3-4    1.1608e+04    1.1609e+04         +/-  1.08e+02  <none>
  Background_Fail_SIG_bin_3-5    4.2263e+03    4.2266e+03         +/-  6.37e+01  <none>
  Background_Fail_SIG_bin_3-6    1.0434e+03    1.0433e+03         +/-  3.14e+01  <none>
  Background_Fail_SIG_bin_3-7    1.5465e+02    1.5474e+02         +/-  1.26e+01  <none>
  Background_Fail_SIG_bin_3-8    3.5799e+00    3.5792e+00         +/-  1.87e+00  <none>
  Background_Fail_SIG_bin_4-1    3.4506e+04    3.4506e+04         +/-  1.83e+02  <none>
  Background_Fail_SIG_bin_4-2    2.6350e+04    2.6351e+04         +/-  1.61e+02  <none>
  Background_Fail_SIG_bin_4-3    1.6179e+04    1.6180e+04         +/-  1.26e+02  <none>
  Background_Fail_SIG_bin_4-4    9.7506e+03    9.7511e+03         +/-  9.84e+01  <none>
  Background_Fail_SIG_bin_4-5    3.6344e+03    3.6342e+03         +/-  5.92e+01  <none>
  Background_Fail_SIG_bin_4-6    1.0649e+03    1.0649e+03         +/-  3.18e+01  <none>
  Background_Fail_SIG_bin_4-7    2.1252e+02    2.1251e+02         +/-  1.42e+01  <none>
  Background_Fail_SIG_bin_4-8    6.4824e+00    6.4811e+00         +/-  2.48e+00  <none>
  Background_Fail_SIG_bin_5-1    2.9480e+04    2.9480e+04         +/-  1.69e+02  <none>
  Background_Fail_SIG_bin_5-2    2.2775e+04    2.2775e+04         +/-  1.49e+02  <none>
  Background_Fail_SIG_bin_5-3    1.3613e+04    1.3613e+04         +/-  1.16e+02  <none>
  Background_Fail_SIG_bin_5-4    8.3517e+03    8.3519e+03         +/-  9.08e+01  <none>
  Background_Fail_SIG_bin_5-5    3.1921e+03    3.1926e+03         +/-  5.55e+01  <none>
  Background_Fail_SIG_bin_5-6    1.0261e+03    1.0260e+03         +/-  3.12e+01  <none>
  Background_Fail_SIG_bin_5-7    2.6993e+02    2.6994e+02         +/-  1.61e+01  <none>
  Background_Fail_SIG_bin_5-8    6.4586e+00    6.4575e+00         +/-  2.48e+00  <none>
  Background_rpf_3x2_par0    2.7061e-01    2.7062e-01         +/-  4.20e-02  <none>
  Background_rpf_3x2_par1   -1.9507e-01   -1.9520e-01         +/-  4.72e-02  <none>
  Background_rpf_3x2_par2    1.3027e-01    1.3026e-01         +/-  9.91e-02  <none>
  Background_rpf_3x2_par3   -8.1749e-02   -8.1712e-02         +/-  7.77e-02  <none>
  Background_rpf_3x2_par4    2.0287e-01    2.0288e-01         +/-  3.12e-02  <none>
  Background_rpf_3x2_par5    8.5341e-02    8.5784e-02         +/-  1.70e-02  <none>
                     F   -2.0090e-02   -2.1193e-02         +/-  1.67e-01  <none>
                   JER   -5.4336e-02   -5.5373e-02         +/-  1.84e-01  <none>
                   JES   -1.7166e-01   -1.7074e-01         +/-  1.23e-01  <none>
                   JMR    1.8852e+00    1.8363e+00         +/-  3.62e-01  <none>
                   JMS   -1.1788e-01   -1.1751e-01         +/-  1.18e-01  <none>
                PS_FSR    1.9468e-02    1.9712e-02         +/-  8.15e-02  <none>
                PS_ISR   -1.4239e+00   -1.4733e+00         +/-  4.84e-01  <none>
                     R   -1.1260e-01   -1.0982e-01         +/-  1.92e-01  <none>
                    RF   -1.6526e-01   -1.6656e-01         +/-  2.05e-01  <none>
                  btag    5.9333e-02    6.4253e-02         +/-  1.77e-01  <none>
                  lumi    2.6852e-01    2.7098e-01         +/-  1.00e+00  <none>
                   pdf   -8.0260e-03   -6.7722e-03         +/-  1.72e-01  <none>
                pileup    7.8489e-03    7.0517e-03         +/-  1.65e-01  <none>
               prefire   -4.4397e-03   -4.1270e-03         +/-  1.72e-01  <none>
                     r    1.0000e+00    1.0000e+00 (+8.62e-02,--0.00e+00)  <none>
              top_ptrw    0.0000e+00    0.0000e+00         +/-  1.60e-01  <none>
            ttbar_xsec    3.6985e+00    3.6730e+00         +/-  4.79e-01  <none>


 --- FitDiagnostics ---
Best fit r: 1  -5.33351e-12/+0.0862467  (68% CL)
Done in 0.09 min (cpu), 0.09 min (real)
Printing Message Summary From ... combine_logger.out
----------------------------------------------
Messages of type INFO : 206
Messages of type DEBUG : 2
Messages of type ERROR : 2
----------------------------------------------
INFO: (function: applyOptionsBase) FitterAlgoBase.cc: 113 -- Setting robust fit options to Tolerance=0.1 / Strategy=0 / Type,Algo=Minuit2,Migrad (note that defaults of CascadeMinimizer were taken where option not specified)
INFO: (function: improveOnce) CascadeMinimizer.cc: 188 -- Minimisation configured with Type=Minuit2, Algo=Migrad, strategy=0, tolerance=0.1
INFO: (function: improveOnce) CascadeMinimizer.cc: 211 -- Minimisation finished with status=0
INFO: (function: improveOnce) CascadeMinimizer.cc: 216 -- Minimization success! status=0
INFO: (function: improveOnce) CascadeMinimizer.cc: 188 -- Minimisation configured with Type=Minuit2, Algo=Migrad, strategy=0, tolerance=0.1
INFO: (function: improveOnce) CascadeMinimizer.cc: 211 -- Minimisation finished with status=0
INFO: (function: improveOnce) CascadeMinimizer.cc: 216 -- Minimization success! status=0
INFO: (function: improveOnce) CascadeMinimizer.cc: 188 -- Minimisation configured with Type=Minuit2, Algo=Migrad, strategy=0, tolerance=0.1
INFO: (function: improveOnce) CascadeMinimizer.cc: 211 -- Minimisation finished with status=0
INFO: (function: improveOnce) CascadeMinimizer.cc: 216 -- Minimization success! status=0
INFO: (function: anyParameterAtBoundaries) utils.cc: 1039 -- Found parameter Background_Fail_LOW_bin_1-1 at boundary (within ~1sigma): 1.00161e-06+/-0.49464
INFO: (function: anyParameterAtBoundaries) utils.cc: 1039 -- Found parameter Background_Fail_LOW_bin_1-2 at boundary (within ~1sigma): 1.0015e-06+/-0.494135
INFO: (function: anyParameterAtBoundaries) utils.cc: 1039 -- Found parameter Background_Fail_LOW_bin_1-3 at boundary (within ~1sigma): 1.00139e-06+/-0.493581
INFO: (function: anyParameterAtBoundaries) utils.cc: 1039 -- Found parameter Background_Fail_LOW_bin_1-4 at boundary (within ~1sigma): 1.00133e-06+/-0.493078
INFO: (function: anyParameterAtBoundaries) utils.cc: 1039 -- Found parameter Background_Fail_LOW_bin_1-5 at boundary (within ~1sigma): 1.00122e-06+/-0.492576
INFO: (function: anyParameterAtBoundaries) utils.cc: 1039 -- Found parameter Background_Fail_LOW_bin_1-6 at boundary (within ~1sigma): 1.00117e-06+/-0.492074
INFO: (function: anyParameterAtBoundaries) utils.cc: 1039 -- Found parameter Background_Fail_LOW_bin_1-7 at boundary (within ~1sigma): 1.00105e-06+/-0.491324
INFO: (function: minimize) CascadeMinimizer.cc: 480 -- After fit, some parameters are found at the boundary (within ~1sigma)
INFO: (function: improveOnce) CascadeMinimizer.cc: 188 -- Minimisation configured with Type=Minuit2, Algo=Migrad, strategy=0, tolerance=0.1
INFO: (function: improveOnce) CascadeMinimizer.cc: 211 -- Minimisation finished with status=0
INFO: (function: improveOnce) CascadeMinimizer.cc: 216 -- Minimization success! status=0
ERROR: (function: runSpecific) [WARNING]: Unable to determine uncertainties on all fit parameters in b-only fit. Have a look at https://cms-analysis.github.io/HiggsAnalysis-CombinedLimit/part3/nonstandard/#fit-parameter-uncertainties for more information.
DEBUG: (function: runSpecific) FitDiagnostics.cc: 318 -- Fit B-only, status = 0, numBadNLL = 0, covariance quality = 2
INFO: (function: improveOnce) CascadeMinimizer.cc: 188 -- Minimisation configured with Type=Minuit2, Algo=Migrad, strategy=0, tolerance=0.1
INFO: (function: improveOnce) CascadeMinimizer.cc: 211 -- Minimisation finished with status=0
INFO: (function: improveOnce) CascadeMinimizer.cc: 216 -- Minimization success! status=0
INFO: (function: anyParameterAtBoundaries) utils.cc: 1039 -- Found parameter Background_Fail_LOW_bin_1-1 at boundary (within ~1sigma): 1e-06+/-0.494631
INFO: (function: anyParameterAtBoundaries) utils.cc: 1039 -- Found parameter Background_Fail_LOW_bin_1-2 at boundary (within ~1sigma): 1e-06+/-0.494123
INFO: (function: anyParameterAtBoundaries) utils.cc: 1039 -- Found parameter Background_Fail_LOW_bin_1-3 at boundary (within ~1sigma): 1.00006e-06+/-0.493565
INFO: (function: anyParameterAtBoundaries) utils.cc: 1039 -- Found parameter Background_Fail_LOW_bin_1-4 at boundary (within ~1sigma): 1.00011e-06+/-0.493058
INFO: (function: anyParameterAtBoundaries) utils.cc: 1039 -- Found parameter Background_Fail_LOW_bin_1-5 at boundary (within ~1sigma): 1.00022e-06+/-0.492552
INFO: (function: anyParameterAtBoundaries) utils.cc: 1039 -- Found parameter Background_Fail_LOW_bin_1-6 at boundary (within ~1sigma): 1.00033e-06+/-0.492046
INFO: (function: anyParameterAtBoundaries) utils.cc: 1039 -- Found parameter Background_Fail_LOW_bin_1-7 at boundary (within ~1sigma): 1.0005e-06+/-0.491289
INFO: (function: minimize) CascadeMinimizer.cc: 480 -- After fit, some parameters are found at the boundary (within ~1sigma)
INFO: (function: improveOnce) CascadeMinimizer.cc: 188 -- Minimisation configured with Type=Minuit2, Algo=Migrad, strategy=0, tolerance=0.1
INFO: (function: improveOnce) CascadeMinimizer.cc: 211 -- Minimisation finished with status=0
INFO: (function: improveOnce) CascadeMinimizer.cc: 216 -- Minimization success! status=0
INFO: (function: doFit) FitterAlgoBase.cc: 359 -- Running RobustFit for POI r. Configured with strategy 0  
INFO: (function: findCrossing) FitterAlgoBase.cc: 405 -- Searching for crossing at nll = -34602.5, in the interval 1 < r < 5
INFO: (function: improveOnce) CascadeMinimizer.cc: 188 -- Minimisation configured with Type=Minuit2, Algo=Migrad, strategy=0, tolerance=0.1
INFO: (function: improveOnce) CascadeMinimizer.cc: 211 -- Minimisation finished with status=0
INFO: (function: improveOnce) CascadeMinimizer.cc: 216 -- Minimization success! status=0
INFO: (function: anyParameterAtBoundaries) utils.cc: 1039 -- Found parameter Background_Fail_LOW_bin_1-1 at boundary (within ~1sigma): 1.03947e-06+/-0.474217
INFO: (function: anyParameterAtBoundaries) utils.cc: 1039 -- Found parameter Background_Fail_LOW_bin_1-2 at boundary (within ~1sigma): 1.00533e-06+/-0.47311
INFO: (function: anyParameterAtBoundaries) utils.cc: 1039 -- Found parameter Background_Fail_LOW_bin_1-3 at boundary (within ~1sigma): 1.0045e-06+/-0.471935
INFO: (function: anyParameterAtBoundaries) utils.cc: 1039 -- Found parameter Background_Fail_LOW_bin_1-4 at boundary (within ~1sigma): 1.00061e-06+/-0.470958
INFO: (function: anyParameterAtBoundaries) utils.cc: 1039 -- Found parameter Background_Fail_LOW_bin_1-5 at boundary (within ~1sigma): 1.00122e-06+/-0.469958
INFO: (function: anyParameterAtBoundaries) utils.cc: 1039 -- Found parameter Background_Fail_LOW_bin_1-6 at boundary (within ~1sigma): 1.00222e-06+/-0.468962
INFO: (function: anyParameterAtBoundaries) utils.cc: 1039 -- Found parameter Background_Fail_LOW_bin_1-7 at boundary (within ~1sigma): 1.01649e-06+/-0.467411
INFO: (function: minimize) CascadeMinimizer.cc: 480 -- After fit, some parameters are found at the boundary (within ~1sigma)
INFO: (function: findCrossing) FitterAlgoBase.cc: 426 -- r lvl-here lvl-there 	stepping 
INFO: (function: improveOnce) CascadeMinimizer.cc: 188 -- Minimisation configured with Type=Minuit2, Algo=Migrad, strategy=0, tolerance=0.1
INFO: (function: improveOnce) CascadeMinimizer.cc: 211 -- Minimisation finished with status=0
INFO: (function: improveOnce) CascadeMinimizer.cc: 216 -- Minimization success! status=0
INFO: (function: anyParameterAtBoundaries) utils.cc: 1039 -- Found parameter Background_Fail_LOW_bin_1-1 at boundary (within ~1sigma): 1.98993e-06+/-0.471038
INFO: (function: anyParameterAtBoundaries) utils.cc: 1039 -- Found parameter Background_Fail_LOW_bin_1-2 at boundary (within ~1sigma): 2.02479e-06+/-0.469958
INFO: (function: anyParameterAtBoundaries) utils.cc: 1039 -- Found parameter Background_Fail_LOW_bin_1-3 at boundary (within ~1sigma): 2.01374e-06+/-0.468865
INFO: (function: anyParameterAtBoundaries) utils.cc: 1039 -- Found parameter Background_Fail_LOW_bin_1-4 at boundary (within ~1sigma): 2.04927e-06+/-0.467797
INFO: (function: anyParameterAtBoundaries) utils.cc: 1039 -- Found parameter Background_Fail_LOW_bin_1-5 at boundary (within ~1sigma): 1.98693e-06+/-0.46689
INFO: (function: anyParameterAtBoundaries) utils.cc: 1039 -- Found parameter Background_Fail_LOW_bin_1-6 at boundary (within ~1sigma): 2.02218e-06+/-0.465833
INFO: (function: anyParameterAtBoundaries) utils.cc: 1039 -- Found parameter Background_Fail_LOW_bin_1-7 at boundary (within ~1sigma): 2.04189e-06+/-0.464302
INFO: (function: minimize) CascadeMinimizer.cc: 480 -- After fit, some parameters are found at the boundary (within ~1sigma)
INFO: (function: findCrossing) FitterAlgoBase.cc: 459 -- 1.400000    -1.82397  +0.49450    0.400000
INFO: (function: improveOnce) CascadeMinimizer.cc: 188 -- Minimisation configured with Type=Minuit2, Algo=Migrad, strategy=0, tolerance=0.1
INFO: (function: improveOnce) CascadeMinimizer.cc: 211 -- Minimisation finished with status=0
INFO: (function: improveOnce) CascadeMinimizer.cc: 216 -- Minimization success! status=0
INFO: (function: anyParameterAtBoundaries) utils.cc: 1039 -- Found parameter Background_Fail_LOW_bin_1-1 at boundary (within ~1sigma): 1.12135e-06+/-0.474937
INFO: (function: anyParameterAtBoundaries) utils.cc: 1039 -- Found parameter Background_Fail_LOW_bin_1-2 at boundary (within ~1sigma): 1.15432e-06+/-0.47419
INFO: (function: anyParameterAtBoundaries) utils.cc: 1039 -- Found parameter Background_Fail_LOW_bin_1-3 at boundary (within ~1sigma): 1.14094e-06+/-0.472962
INFO: (function: anyParameterAtBoundaries) utils.cc: 1039 -- Found parameter Background_Fail_LOW_bin_1-4 at boundary (within ~1sigma): 1.10808e-06+/-0.471681
INFO: (function: anyParameterAtBoundaries) utils.cc: 1039 -- Found parameter Background_Fail_LOW_bin_1-5 at boundary (within ~1sigma): 1.1496e-06+/-0.471017
INFO: (function: anyParameterAtBoundaries) utils.cc: 1039 -- Found parameter Background_Fail_LOW_bin_1-6 at boundary (within ~1sigma): 1.11441e-06+/-0.469726
INFO: (function: anyParameterAtBoundaries) utils.cc: 1039 -- Found parameter Background_Fail_LOW_bin_1-7 at boundary (within ~1sigma): 1.12984e-06+/-0.468359
INFO: (function: minimize) CascadeMinimizer.cc: 480 -- After fit, some parameters are found at the boundary (within ~1sigma)
INFO: (function: findCrossing) FitterAlgoBase.cc: 459 -- 1.120000    -0.19399  -1.82397    0.120000
INFO: (function: improveOnce) CascadeMinimizer.cc: 188 -- Minimisation configured with Type=Minuit2, Algo=Migrad, strategy=0, tolerance=0.1
INFO: (function: improveOnce) CascadeMinimizer.cc: 211 -- Minimisation finished with status=0
INFO: (function: improveOnce) CascadeMinimizer.cc: 216 -- Minimization success! status=0
INFO: (function: anyParameterAtBoundaries) utils.cc: 1039 -- Found parameter Background_Fail_LOW_bin_1-1 at boundary (within ~1sigma): 1.00649e-06+/-0.474009
INFO: (function: anyParameterAtBoundaries) utils.cc: 1039 -- Found parameter Background_Fail_LOW_bin_1-2 at boundary (within ~1sigma): 1.00183e-06+/-0.473006
INFO: (function: anyParameterAtBoundaries) utils.cc: 1039 -- Found parameter Background_Fail_LOW_bin_1-3 at boundary (within ~1sigma): 1.0005e-06+/-0.471916
INFO: (function: anyParameterAtBoundaries) utils.cc: 1039 -- Found parameter Background_Fail_LOW_bin_1-4 at boundary (within ~1sigma): 1.00122e-06+/-0.470911
INFO: (function: anyParameterAtBoundaries) utils.cc: 1039 -- Found parameter Background_Fail_LOW_bin_1-5 at boundary (within ~1sigma): 1.00039e-06+/-0.469899
INFO: (function: anyParameterAtBoundaries) utils.cc: 1039 -- Found parameter Background_Fail_LOW_bin_1-6 at boundary (within ~1sigma): 1.00772e-06+/-0.468855
INFO: (function: anyParameterAtBoundaries) utils.cc: 1039 -- Found parameter Background_Fail_LOW_bin_1-7 at boundary (within ~1sigma): 1.00078e-06+/-0.467385
INFO: (function: minimize) CascadeMinimizer.cc: 480 -- After fit, some parameters are found at the boundary (within ~1sigma)
INFO: (function: findCrossing) FitterAlgoBase.cc: 459 -- 1.036000    +0.28865  -0.19399    0.036000
INFO: (function: improveOnce) CascadeMinimizer.cc: 188 -- Minimisation configured with Type=Minuit2, Algo=Migrad, strategy=0, tolerance=0.1
INFO: (function: improveOnce) CascadeMinimizer.cc: 211 -- Minimisation finished with status=0
INFO: (function: improveOnce) CascadeMinimizer.cc: 216 -- Minimization success! status=0
INFO: (function: anyParameterAtBoundaries) utils.cc: 1039 -- Found parameter Background_Fail_LOW_bin_1-1 at boundary (within ~1sigma): 1.06201e-06+/-0.474166
INFO: (function: anyParameterAtBoundaries) utils.cc: 1039 -- Found parameter Background_Fail_LOW_bin_1-2 at boundary (within ~1sigma): 1.05934e-06+/-0.473145
INFO: (function: anyParameterAtBoundaries) utils.cc: 1039 -- Found parameter Background_Fail_LOW_bin_1-3 at boundary (within ~1sigma): 1.11513e-06+/-0.472068
INFO: (function: anyParameterAtBoundaries) utils.cc: 1039 -- Found parameter Background_Fail_LOW_bin_1-4 at boundary (within ~1sigma): 1.00044e-06+/-0.47091
INFO: (function: anyParameterAtBoundaries) utils.cc: 1039 -- Found parameter Background_Fail_LOW_bin_1-5 at boundary (within ~1sigma): 1.00738e-06+/-0.469947
INFO: (function: anyParameterAtBoundaries) utils.cc: 1039 -- Found parameter Background_Fail_LOW_bin_1-6 at boundary (within ~1sigma): 1.00011e-06+/-0.468907
INFO: (function: anyParameterAtBoundaries) utils.cc: 1039 -- Found parameter Background_Fail_LOW_bin_1-7 at boundary (within ~1sigma): 1.00155e-06+/-0.467433
INFO: (function: minimize) CascadeMinimizer.cc: 480 -- After fit, some parameters are found at the boundary (within ~1sigma)
INFO: (function: findCrossing) FitterAlgoBase.cc: 459 -- 1.072000    +0.08221  +0.28865    0.036000
INFO: (function: improveOnce) CascadeMinimizer.cc: 188 -- Minimisation configured with Type=Minuit2, Algo=Migrad, strategy=0, tolerance=0.1
INFO: (function: improveOnce) CascadeMinimizer.cc: 211 -- Minimisation finished with status=0
INFO: (function: improveOnce) CascadeMinimizer.cc: 216 -- Minimization success! status=0
INFO: (function: anyParameterAtBoundaries) utils.cc: 1039 -- Found parameter Background_Fail_LOW_bin_1-1 at boundary (within ~1sigma): 1.03569e-06+/-0.474146
INFO: (function: anyParameterAtBoundaries) utils.cc: 1039 -- Found parameter Background_Fail_LOW_bin_1-2 at boundary (within ~1sigma): 1.03175e-06+/-0.473122
INFO: (function: anyParameterAtBoundaries) utils.cc: 1039 -- Found parameter Background_Fail_LOW_bin_1-3 at boundary (within ~1sigma): 1.07272e-06+/-0.472043
INFO: (function: anyParameterAtBoundaries) utils.cc: 1039 -- Found parameter Background_Fail_LOW_bin_1-4 at boundary (within ~1sigma): 1.05801e-06+/-0.471021
INFO: (function: anyParameterAtBoundaries) utils.cc: 1039 -- Found parameter Background_Fail_LOW_bin_1-5 at boundary (within ~1sigma): 1.02137e-06+/-0.469976
INFO: (function: anyParameterAtBoundaries) utils.cc: 1039 -- Found parameter Background_Fail_LOW_bin_1-6 at boundary (within ~1sigma): 1.02653e-06+/-0.468981
INFO: (function: anyParameterAtBoundaries) utils.cc: 1039 -- Found parameter Background_Fail_LOW_bin_1-7 at boundary (within ~1sigma): 1.04835e-06+/-0.46751
INFO: (function: minimize) CascadeMinimizer.cc: 480 -- After fit, some parameters are found at the boundary (within ~1sigma)
INFO: (function: findCrossing) FitterAlgoBase.cc: 459 -- 1.108000    -0.12481  +0.08221    0.036000
INFO: (function: improveOnce) CascadeMinimizer.cc: 188 -- Minimisation configured with Type=Minuit2, Algo=Migrad, strategy=0, tolerance=0.1
INFO: (function: improveOnce) CascadeMinimizer.cc: 211 -- Minimisation finished with status=0
INFO: (function: improveOnce) CascadeMinimizer.cc: 216 -- Minimization success! status=0
INFO: (function: anyParameterAtBoundaries) utils.cc: 1039 -- Found parameter Background_Fail_LOW_bin_1-1 at boundary (within ~1sigma): 1.00244e-06+/-0.474072
INFO: (function: anyParameterAtBoundaries) utils.cc: 1039 -- Found parameter Background_Fail_LOW_bin_1-2 at boundary (within ~1sigma): 1.00494e-06+/-0.473102
INFO: (function: anyParameterAtBoundaries) utils.cc: 1039 -- Found parameter Background_Fail_LOW_bin_1-3 at boundary (within ~1sigma): 1.02681e-06+/-0.472026
INFO: (function: anyParameterAtBoundaries) utils.cc: 1039 -- Found parameter Background_Fail_LOW_bin_1-4 at boundary (within ~1sigma): 1.02015e-06+/-0.471006
INFO: (function: anyParameterAtBoundaries) utils.cc: 1039 -- Found parameter Background_Fail_LOW_bin_1-5 at boundary (within ~1sigma): 1.00405e-06+/-0.469966
INFO: (function: anyParameterAtBoundaries) utils.cc: 1039 -- Found parameter Background_Fail_LOW_bin_1-6 at boundary (within ~1sigma): 1.02587e-06+/-0.469006
INFO: (function: anyParameterAtBoundaries) utils.cc: 1039 -- Found parameter Background_Fail_LOW_bin_1-7 at boundary (within ~1sigma): 1.01427e-06+/-0.467494
INFO: (function: minimize) CascadeMinimizer.cc: 480 -- After fit, some parameters are found at the boundary (within ~1sigma)
INFO: (function: findCrossing) FitterAlgoBase.cc: 459 -- 1.082800    +0.02018  -0.12481    0.010800
INFO: (function: improveOnce) CascadeMinimizer.cc: 188 -- Minimisation configured with Type=Minuit2, Algo=Migrad, strategy=0, tolerance=0.1
INFO: (function: improveOnce) CascadeMinimizer.cc: 211 -- Minimisation finished with status=0
INFO: (function: improveOnce) CascadeMinimizer.cc: 216 -- Minimization success! status=0
INFO: (function: anyParameterAtBoundaries) utils.cc: 1039 -- Found parameter Background_Fail_LOW_bin_1-1 at boundary (within ~1sigma): 1.00222e-06+/-0.474061
INFO: (function: anyParameterAtBoundaries) utils.cc: 1039 -- Found parameter Background_Fail_LOW_bin_1-2 at boundary (within ~1sigma): 1.00128e-06+/-0.473046
INFO: (function: anyParameterAtBoundaries) utils.cc: 1039 -- Found parameter Background_Fail_LOW_bin_1-3 at boundary (within ~1sigma): 1.00083e-06+/-0.471956
INFO: (function: anyParameterAtBoundaries) utils.cc: 1039 -- Found parameter Background_Fail_LOW_bin_1-4 at boundary (within ~1sigma): 1.00383e-06+/-0.470909
INFO: (function: anyParameterAtBoundaries) utils.cc: 1039 -- Found parameter Background_Fail_LOW_bin_1-5 at boundary (within ~1sigma): 1.00472e-06+/-0.469901
INFO: (function: anyParameterAtBoundaries) utils.cc: 1039 -- Found parameter Background_Fail_LOW_bin_1-6 at boundary (within ~1sigma): 1.00655e-06+/-0.468895
INFO: (function: anyParameterAtBoundaries) utils.cc: 1039 -- Found parameter Background_Fail_LOW_bin_1-7 at boundary (within ~1sigma): 1.00011e-06+/-0.467428
INFO: (function: minimize) CascadeMinimizer.cc: 480 -- After fit, some parameters are found at the boundary (within ~1sigma)
INFO: (function: findCrossing) FitterAlgoBase.cc: 459 -- 1.093600    -0.04190  +0.02018    0.010800
INFO: (function: improveOnce) CascadeMinimizer.cc: 188 -- Minimisation configured with Type=Minuit2, Algo=Migrad, strategy=0, tolerance=0.1
INFO: (function: improveOnce) CascadeMinimizer.cc: 211 -- Minimisation finished with status=0
INFO: (function: improveOnce) CascadeMinimizer.cc: 216 -- Minimization success! status=0
INFO: (function: anyParameterAtBoundaries) utils.cc: 1039 -- Found parameter Background_Fail_LOW_bin_1-1 at boundary (within ~1sigma): 1.00289e-06+/-0.474113
INFO: (function: anyParameterAtBoundaries) utils.cc: 1039 -- Found parameter Background_Fail_LOW_bin_1-2 at boundary (within ~1sigma): 1.00411e-06+/-0.473098
INFO: (function: anyParameterAtBoundaries) utils.cc: 1039 -- Found parameter Background_Fail_LOW_bin_1-3 at boundary (within ~1sigma): 1.00522e-06+/-0.471927
INFO: (function: anyParameterAtBoundaries) utils.cc: 1039 -- Found parameter Background_Fail_LOW_bin_1-4 at boundary (within ~1sigma): 1.00155e-06+/-0.470961
INFO: (function: anyParameterAtBoundaries) utils.cc: 1039 -- Found parameter Background_Fail_LOW_bin_1-5 at boundary (within ~1sigma): 1.00222e-06+/-0.469958
INFO: (function: anyParameterAtBoundaries) utils.cc: 1039 -- Found parameter Background_Fail_LOW_bin_1-6 at boundary (within ~1sigma): 1.00538e-06+/-0.468909
INFO: (function: anyParameterAtBoundaries) utils.cc: 1039 -- Found parameter Background_Fail_LOW_bin_1-7 at boundary (within ~1sigma): 1.01327e-06+/-0.467492
INFO: (function: minimize) CascadeMinimizer.cc: 480 -- After fit, some parameters are found at the boundary (within ~1sigma)
INFO: (function: findCrossing) FitterAlgoBase.cc: 459 -- 1.086040    +0.00158  -0.04190    0.003240
INFO: (function: improveOnce) CascadeMinimizer.cc: 188 -- Minimisation configured with Type=Minuit2, Algo=Migrad, strategy=0, tolerance=0.1
INFO: (function: improveOnce) CascadeMinimizer.cc: 211 -- Minimisation finished with status=0
INFO: (function: improveOnce) CascadeMinimizer.cc: 216 -- Minimization success! status=0
INFO: (function: anyParameterAtBoundaries) utils.cc: 1039 -- Found parameter Background_Fail_LOW_bin_1-1 at boundary (within ~1sigma): 1.00094e-06+/-0.474103
INFO: (function: anyParameterAtBoundaries) utils.cc: 1039 -- Found parameter Background_Fail_LOW_bin_1-2 at boundary (within ~1sigma): 1.00094e-06+/-0.473084
INFO: (function: anyParameterAtBoundaries) utils.cc: 1039 -- Found parameter Background_Fail_LOW_bin_1-3 at boundary (within ~1sigma): 1.02365e-06+/-0.472023
INFO: (function: anyParameterAtBoundaries) utils.cc: 1039 -- Found parameter Background_Fail_LOW_bin_1-4 at boundary (within ~1sigma): 1.00422e-06+/-0.470919
INFO: (function: anyParameterAtBoundaries) utils.cc: 1039 -- Found parameter Background_Fail_LOW_bin_1-5 at boundary (within ~1sigma): 1.0025e-06+/-0.469959
INFO: (function: anyParameterAtBoundaries) utils.cc: 1039 -- Found parameter Background_Fail_LOW_bin_1-6 at boundary (within ~1sigma): 1.00089e-06+/-0.468949
INFO: (function: anyParameterAtBoundaries) utils.cc: 1039 -- Found parameter Background_Fail_LOW_bin_1-7 at boundary (within ~1sigma): 1.00017e-06+/-0.467437
INFO: (function: minimize) CascadeMinimizer.cc: 480 -- After fit, some parameters are found at the boundary (within ~1sigma)
INFO: (function: findCrossing) FitterAlgoBase.cc: 459 -- 1.089280    -0.01704  +0.00158    0.003240
INFO: (function: improveOnce) CascadeMinimizer.cc: 188 -- Minimisation configured with Type=Minuit2, Algo=Migrad, strategy=0, tolerance=0.1
INFO: (function: improveOnce) CascadeMinimizer.cc: 211 -- Minimisation finished with status=0
INFO: (function: improveOnce) CascadeMinimizer.cc: 216 -- Minimization success! status=0
INFO: (function: anyParameterAtBoundaries) utils.cc: 1039 -- Found parameter Background_Fail_LOW_bin_1-1 at boundary (within ~1sigma): 1.00089e-06+/-0.474081
INFO: (function: anyParameterAtBoundaries) utils.cc: 1039 -- Found parameter Background_Fail_LOW_bin_1-2 at boundary (within ~1sigma): 1.03675e-06+/-0.473166
INFO: (function: anyParameterAtBoundaries) utils.cc: 1039 -- Found parameter Background_Fail_LOW_bin_1-3 at boundary (within ~1sigma): 1.00383e-06+/-0.471983
INFO: (function: anyParameterAtBoundaries) utils.cc: 1039 -- Found parameter Background_Fail_LOW_bin_1-4 at boundary (within ~1sigma): 1.0035e-06+/-0.470972
INFO: (function: anyParameterAtBoundaries) utils.cc: 1039 -- Found parameter Background_Fail_LOW_bin_1-5 at boundary (within ~1sigma): 1.00483e-06+/-0.469971
INFO: (function: anyParameterAtBoundaries) utils.cc: 1039 -- Found parameter Background_Fail_LOW_bin_1-6 at boundary (within ~1sigma): 1.00216e-06+/-0.468921
INFO: (function: anyParameterAtBoundaries) utils.cc: 1039 -- Found parameter Background_Fail_LOW_bin_1-7 at boundary (within ~1sigma): 1.00022e-06+/-0.467451
INFO: (function: minimize) CascadeMinimizer.cc: 480 -- After fit, some parameters are found at the boundary (within ~1sigma)
INFO: (function: findCrossing) FitterAlgoBase.cc: 459 -- 1.087012    -0.00399  -0.01704    0.000972
INFO: (function: improveOnce) CascadeMinimizer.cc: 188 -- Minimisation configured with Type=Minuit2, Algo=Migrad, strategy=0, tolerance=0.1
INFO: (function: improveOnce) CascadeMinimizer.cc: 211 -- Minimisation finished with status=0
INFO: (function: improveOnce) CascadeMinimizer.cc: 216 -- Minimization success! status=0
INFO: (function: anyParameterAtBoundaries) utils.cc: 1039 -- Found parameter Background_Fail_LOW_bin_1-1 at boundary (within ~1sigma): 1.06417e-06+/-0.474243
INFO: (function: anyParameterAtBoundaries) utils.cc: 1039 -- Found parameter Background_Fail_LOW_bin_1-2 at boundary (within ~1sigma): 1.04918e-06+/-0.473204
INFO: (function: anyParameterAtBoundaries) utils.cc: 1039 -- Found parameter Background_Fail_LOW_bin_1-3 at boundary (within ~1sigma): 1.02198e-06+/-0.472045
INFO: (function: anyParameterAtBoundaries) utils.cc: 1039 -- Found parameter Background_Fail_LOW_bin_1-4 at boundary (within ~1sigma): 1.15937e-06+/-0.471197
INFO: (function: anyParameterAtBoundaries) utils.cc: 1039 -- Found parameter Background_Fail_LOW_bin_1-5 at boundary (within ~1sigma): 1.17725e-06+/-0.470208
INFO: (function: anyParameterAtBoundaries) utils.cc: 1039 -- Found parameter Background_Fail_LOW_bin_1-6 at boundary (within ~1sigma): 1.0262e-06+/-0.469034
INFO: (function: anyParameterAtBoundaries) utils.cc: 1039 -- Found parameter Background_Fail_LOW_bin_1-7 at boundary (within ~1sigma): 1.06151e-06+/-0.467589
INFO: (function: minimize) CascadeMinimizer.cc: 480 -- After fit, some parameters are found at the boundary (within ~1sigma)
INFO: (function: findCrossing) FitterAlgoBase.cc: 459 -- 1.086332    -0.00008  -0.00399    0.000292
INFO: (function: findCrossing) FitterAlgoBase.cc: 405 -- Searching for crossing at nll = -34602.5, in the interval 1 < r < 1
INFO: (function: improveOnce) CascadeMinimizer.cc: 188 -- Minimisation configured with Type=Minuit2, Algo=Migrad, strategy=0, tolerance=0.1
INFO: (function: improveOnce) CascadeMinimizer.cc: 211 -- Minimisation finished with status=0
INFO: (function: improveOnce) CascadeMinimizer.cc: 216 -- Minimization success! status=0
INFO: (function: anyParameterAtBoundaries) utils.cc: 1039 -- Found parameter Background_Fail_LOW_bin_1-1 at boundary (within ~1sigma): 1.03947e-06+/-0.474217
INFO: (function: anyParameterAtBoundaries) utils.cc: 1039 -- Found parameter Background_Fail_LOW_bin_1-2 at boundary (within ~1sigma): 1.00533e-06+/-0.47311
INFO: (function: anyParameterAtBoundaries) utils.cc: 1039 -- Found parameter Background_Fail_LOW_bin_1-3 at boundary (within ~1sigma): 1.0045e-06+/-0.471935
INFO: (function: anyParameterAtBoundaries) utils.cc: 1039 -- Found parameter Background_Fail_LOW_bin_1-4 at boundary (within ~1sigma): 1.00061e-06+/-0.470958
INFO: (function: anyParameterAtBoundaries) utils.cc: 1039 -- Found parameter Background_Fail_LOW_bin_1-5 at boundary (within ~1sigma): 1.00122e-06+/-0.469958
INFO: (function: anyParameterAtBoundaries) utils.cc: 1039 -- Found parameter Background_Fail_LOW_bin_1-6 at boundary (within ~1sigma): 1.00222e-06+/-0.468962
INFO: (function: anyParameterAtBoundaries) utils.cc: 1039 -- Found parameter Background_Fail_LOW_bin_1-7 at boundary (within ~1sigma): 1.01649e-06+/-0.467411
INFO: (function: minimize) CascadeMinimizer.cc: 480 -- After fit, some parameters are found at the boundary (within ~1sigma)
INFO: (function: findCrossing) FitterAlgoBase.cc: 426 -- r lvl-here lvl-there 	stepping 
INFO: (function: improveOnce) CascadeMinimizer.cc: 188 -- Minimisation configured with Type=Minuit2, Algo=Migrad, strategy=0, tolerance=0.1
INFO: (function: improveOnce) CascadeMinimizer.cc: 211 -- Minimisation finished with status=0
INFO: (function: improveOnce) CascadeMinimizer.cc: 216 -- Minimization success! status=0
INFO: (function: anyParameterAtBoundaries) utils.cc: 1039 -- Found parameter Background_Fail_LOW_bin_1-1 at boundary (within ~1sigma): 1.00983e-06+/-0.474144
INFO: (function: anyParameterAtBoundaries) utils.cc: 1039 -- Found parameter Background_Fail_LOW_bin_1-2 at boundary (within ~1sigma): 1.01116e-06+/-0.473128
INFO: (function: anyParameterAtBoundaries) utils.cc: 1039 -- Found parameter Background_Fail_LOW_bin_1-3 at boundary (within ~1sigma): 1.0302e-06+/-0.472044
INFO: (function: anyParameterAtBoundaries) utils.cc: 1039 -- Found parameter Background_Fail_LOW_bin_1-4 at boundary (within ~1sigma): 1.02992e-06+/-0.471034
INFO: (function: anyParameterAtBoundaries) utils.cc: 1039 -- Found parameter Background_Fail_LOW_bin_1-5 at boundary (within ~1sigma): 1.03642e-06+/-0.470037
INFO: (function: anyParameterAtBoundaries) utils.cc: 1039 -- Found parameter Background_Fail_LOW_bin_1-6 at boundary (within ~1sigma): 1.03758e-06+/-0.469036
INFO: (function: anyParameterAtBoundaries) utils.cc: 1039 -- Found parameter Background_Fail_LOW_bin_1-7 at boundary (within ~1sigma): 1.0181e-06+/-0.467513
INFO: (function: minimize) CascadeMinimizer.cc: 480 -- After fit, some parameters are found at the boundary (within ~1sigma)
INFO: (function: findCrossing) FitterAlgoBase.cc: 459 -- 1.000000    +0.49451  +0.49450    -0.000000
ERROR: (function: findCrossing) FitterAlgoBase.cc: 517 -- Closed range without finding crossing! 
DEBUG: (function: runSpecific) FitDiagnostics.cc: 443 -- Fit S+B, status = 0, numBadNLL = 0, covariance quality = 3
