
>>> random number generator seed is 123456
   Options for Robust Minimizer :: 
        Tolerance  0.1
        Strategy   0
        Type,Algo  Minuit2,Migrad
>>> method used is FitDiagnostics
Set Default Value of Parameter r To : 1
>>> 0 out of 6 channels masked

>>> Channel masks:
  1) 0x53a9930 RooRealVar::   mask_Fail_LOW = 0 C  L(-INF - +INF)  "mask_Fail_LOW"
  2) 0x53aa380 RooRealVar::   mask_Fail_SIG = 0 C  L(-INF - +INF)  "mask_Fail_SIG"
  3) 0x53aaed0 RooRealVar::  mask_Fail_HIGH = 0 C  L(-INF - +INF)  "mask_Fail_HIGH"
  4) 0x53aba20 RooRealVar::  mask_Loose_LOW = 0 C  L(-INF - +INF)  "mask_Loose_LOW"
  5) 0x53ac570 RooRealVar::  mask_Loose_SIG = 0 C  L(-INF - +INF)  "mask_Loose_SIG"
  6) 0x53ad0c0 RooRealVar:: mask_Loose_HIGH = 0 C  L(-INF - +INF)  "mask_Loose_HIGH"
SimNLL created with 0 channels, 0 generic constraints, 16 fast gaussian constraints, 0 fast poisson constraints, 0 fast group constraints, 
Minuit2Minimizer: Minimize with max-calls 8000 convergence for edm < 0.1 strategy 0
Minuit2Minimizer::Minuit  - Changing default options
             StorageLevel :               0
MnSeedGenerator: for initial parameters FCN = 0
MnSeedGenerator: Initial state:   - FCN =                0 Edm =            0 NCalls =     65
VariableMetric: start iterating until Edm is < 0.0001
VariableMetric: Initial state   - FCN =                0 Edm =            0 NCalls =     65
VariableMetric: Iteration #   0 - FCN =                0 Edm =            0 NCalls =     65
Minuit2Minimizer : Valid minimum - status = 0
FVAL  = 0
Edm   = 0
Nfcn  = 65
F	  = 0	 +/-  1
JER	  = 0	 +/-  1
JES	  = 0	 +/-  1
JMR	  = 0	 +/-  1
JMS	  = 0	 +/-  1
PS_FSR	  = 0	 +/-  1
PS_ISR	  = 0	 +/-  1
R	  = 0	 +/-  1
RF	  = 0	 +/-  1
btag	  = 0	 +/-  1
lumi	  = 0	 +/-  1
pdf	  = 0	 +/-  1
pileup	  = 0	 +/-  1
prefire	  = 0	 +/-  1
top_ptrw	  = 0	 +/-  1
ttbar_xsec	  = 0	 +/-  1
SimNLL created with 6 channels, 0 generic constraints, 16 fast gaussian constraints, 0 fast poisson constraints, 0 fast group constraints, 
  [WARNING] Found [Background_Fail_LOW_bin_1-1] at boundary. 
  [WARNING] Found [Background_Fail_LOW_bin_1-2] at boundary. 
  [WARNING] Found [Background_Fail_LOW_bin_1-3] at boundary. 
  [WARNING] Found [Background_Fail_LOW_bin_1-4] at boundary. 
  [WARNING] Found [Background_Fail_LOW_bin_1-5] at boundary. 
  [WARNING] Found [Background_Fail_LOW_bin_1-6] at boundary. 
  [WARNING] Found [Background_Fail_LOW_bin_1-7] at boundary. 
 [WARNING] After the fit some parameters are at their boundary.
 [WARNING] Are you sure your model is correct?

  RooFitResult: minimized FCN value: -0.00942451, estimated distance to minimum: 0.000154663
                covariance matrix quality: Full matrix, but forced positive-definite
                Status : MINIMIZE=0 HESSE=0 

    Constant Parameter    Value     
  --------------------  ------------
                  F_In    0.0000e+00
                JER_In    0.0000e+00
                JES_In    0.0000e+00
                JMR_In    0.0000e+00
                JMS_In    0.0000e+00
             PS_FSR_In    0.0000e+00
             PS_ISR_In    0.0000e+00
                 RF_In    0.0000e+00
                  R_In    0.0000e+00
               btag_In    0.0000e+00
               lumi_In    0.0000e+00
  n_exp_binFail_HIGH_proc_Background    1.0000e+00
  n_exp_binFail_LOW_proc_Background    1.0000e+00
  n_exp_binFail_SIG_proc_Background    1.0000e+00
  n_exp_binLoose_HIGH_proc_Background_2x1    1.0000e+00
  n_exp_binLoose_LOW_proc_Background_2x1    1.0000e+00
  n_exp_binLoose_SIG_proc_Background_2x1    1.0000e+00
                pdf_In    0.0000e+00
             pileup_In    0.0000e+00
            prefire_In    0.0000e+00
                     r    1.0000e+00
           top_ptrw_In    0.0000e+00
         ttbar_xsec_In    0.0000e+00

    Floating Parameter  InitialValue    FinalValue +/-  Error     GblCorr.
  --------------------  ------------  --------------------------  --------
  Background_Fail_HIGH_bin_1-1    9.4823e+04    9.4824e+04 +/-  3.03e+02  <none>
  Background_Fail_HIGH_bin_1-2    7.1013e+04    7.1014e+04 +/-  2.64e+02  <none>
  Background_Fail_HIGH_bin_1-3    4.3092e+04    4.3091e+04 +/-  2.05e+02  <none>
  Background_Fail_HIGH_bin_1-4    2.6976e+04    2.6977e+04 +/-  1.62e+02  <none>
  Background_Fail_HIGH_bin_1-5    1.0876e+04    1.0877e+04 +/-  1.02e+02  <none>
  Background_Fail_HIGH_bin_1-6    3.8048e+03    3.8042e+03 +/-  6.02e+01  <none>
  Background_Fail_HIGH_bin_1-7    1.3451e+03    1.3454e+03 +/-  3.59e+01  <none>
  Background_Fail_HIGH_bin_1-8    4.4067e+01    4.4062e+01 +/-  6.42e+00  <none>
  Background_Fail_HIGH_bin_2-1    4.5163e+04    4.5162e+04 +/-  2.09e+02  <none>
  Background_Fail_HIGH_bin_2-2    3.2856e+04    3.2857e+04 +/-  1.80e+02  <none>
  Background_Fail_HIGH_bin_2-3    1.9494e+04    1.9495e+04 +/-  1.37e+02  <none>
  Background_Fail_HIGH_bin_2-4    1.2312e+04    1.2313e+04 +/-  1.10e+02  <none>
  Background_Fail_HIGH_bin_2-5    5.3537e+03    5.3535e+03 +/-  7.13e+01  <none>
  Background_Fail_HIGH_bin_2-6    2.2275e+03    2.2274e+03 +/-  4.59e+01  <none>
  Background_Fail_HIGH_bin_2-7    1.2145e+03    1.2144e+03 +/-  3.38e+01  <none>
  Background_Fail_HIGH_bin_2-8    9.6153e+01    9.6145e+01 +/-  9.51e+00  <none>
  Background_Fail_HIGH_bin_3-1    2.2522e+04    2.2523e+04 +/-  1.47e+02  <none>
  Background_Fail_HIGH_bin_3-2    1.6136e+04    1.6136e+04 +/-  1.25e+02  <none>
  Background_Fail_HIGH_bin_3-3    9.4164e+03    9.4160e+03 +/-  9.68e+01  <none>
  Background_Fail_HIGH_bin_3-4    6.2378e+03    6.2380e+03 +/-  7.80e+01  <none>
  Background_Fail_HIGH_bin_3-5    2.6810e+03    2.6809e+03 +/-  5.05e+01  <none>
  Background_Fail_HIGH_bin_3-6    1.0936e+03    1.0936e+03 +/-  3.24e+01  <none>
  Background_Fail_HIGH_bin_3-7    7.8172e+02    7.8168e+02 +/-  2.72e+01  <none>
  Background_Fail_HIGH_bin_3-8    1.2492e+02    1.2491e+02 +/-  1.08e+01  <none>
  Background_Fail_HIGH_bin_4-1    1.1642e+04    1.1642e+04 +/-  1.06e+02  <none>
  Background_Fail_HIGH_bin_4-2    8.1102e+03    8.1102e+03 +/-  8.82e+01  <none>
  Background_Fail_HIGH_bin_4-3    4.7690e+03    4.7689e+03 +/-  6.75e+01  <none>
  Background_Fail_HIGH_bin_4-4    3.0616e+03    3.0619e+03 +/-  5.45e+01  <none>
  Background_Fail_HIGH_bin_4-5    1.4151e+03    1.4151e+03 +/-  3.67e+01  <none>
  Background_Fail_HIGH_bin_4-6    6.1384e+02    6.1382e+02 +/-  2.42e+01  <none>
  Background_Fail_HIGH_bin_4-7    4.6781e+02    4.6779e+02 +/-  2.11e+01  <none>
  Background_Fail_HIGH_bin_4-8    1.2251e+02    1.2250e+02 +/-  1.08e+01  <none>
  Background_Fail_HIGH_bin_5-1    6.0188e+03    6.0188e+03 +/-  7.61e+01  <none>
  Background_Fail_HIGH_bin_5-2    4.1230e+03    4.1230e+03 +/-  6.30e+01  <none>
  Background_Fail_HIGH_bin_5-3    2.3212e+03    2.3212e+03 +/-  4.73e+01  <none>
  Background_Fail_HIGH_bin_5-4    1.5607e+03    1.5606e+03 +/-  3.86e+01  <none>
  Background_Fail_HIGH_bin_5-5    7.3670e+02    7.3669e+02 +/-  2.66e+01  <none>
  Background_Fail_HIGH_bin_5-6    3.2094e+02    3.2094e+02 +/-  1.75e+01  <none>
  Background_Fail_HIGH_bin_5-7    2.7690e+02    2.7689e+02 +/-  1.63e+01  <none>
  Background_Fail_HIGH_bin_5-8    8.0982e+01    8.0977e+01 +/-  8.77e+00  <none>
  Background_Fail_HIGH_bin_6-1    3.2113e+03    3.2113e+03 +/-  5.57e+01  <none>
  Background_Fail_HIGH_bin_6-2    2.1322e+03    2.1322e+03 +/-  4.53e+01  <none>
  Background_Fail_HIGH_bin_6-3    1.2242e+03    1.2242e+03 +/-  3.43e+01  <none>
  Background_Fail_HIGH_bin_6-4    8.3724e+02    8.3723e+02 +/-  2.83e+01  <none>
  Background_Fail_HIGH_bin_6-5    3.6783e+02    3.6782e+02 +/-  1.88e+01  <none>
  Background_Fail_HIGH_bin_6-6    2.0793e+02    2.0792e+02 +/-  1.41e+01  <none>
  Background_Fail_HIGH_bin_6-7    1.5891e+02    1.5891e+02 +/-  1.23e+01  <none>
  Background_Fail_HIGH_bin_6-8    6.1159e+01    6.1155e+01 +/-  7.63e+00  <none>
  Background_Fail_HIGH_bin_7-1    2.4922e+03    2.4923e+03 +/-  4.92e+01  <none>
  Background_Fail_HIGH_bin_7-2    1.5846e+03    1.5846e+03 +/-  3.94e+01  <none>
  Background_Fail_HIGH_bin_7-3    9.0057e+02    9.0057e+02 +/-  2.95e+01  <none>
  Background_Fail_HIGH_bin_7-4    6.5672e+02    6.5671e+02 +/-  2.52e+01  <none>
  Background_Fail_HIGH_bin_7-5    3.3902e+02    3.3902e+02 +/-  1.81e+01  <none>
  Background_Fail_HIGH_bin_7-6    1.6107e+02    1.6106e+02 +/-  1.24e+01  <none>
  Background_Fail_HIGH_bin_7-7    1.4915e+02    1.4914e+02 +/-  1.20e+01  <none>
  Background_Fail_HIGH_bin_7-8    3.7355e+01    3.7353e+01 +/-  5.99e+00  <none>
  Background_Fail_LOW_bin_1-1    1.0017e-06    1.0076e-06 +/-  4.72e-01  <none>
  Background_Fail_LOW_bin_1-2    1.0017e-06    1.0000e-06 +/-  4.71e-01  <none>
  Background_Fail_LOW_bin_1-3    1.0017e-06    1.0006e-06 +/-  4.69e-01  <none>
  Background_Fail_LOW_bin_1-4    1.0017e-06    1.0086e-06 +/-  4.67e-01  <none>
  Background_Fail_LOW_bin_1-5    1.0016e-06    1.0115e-06 +/-  4.67e-01  <none>
  Background_Fail_LOW_bin_1-6    1.0016e-06    1.0260e-06 +/-  4.66e-01  <none>
  Background_Fail_LOW_bin_1-7    1.0014e-06    1.0009e-06 +/-  4.65e-01  <none>
  Background_Fail_LOW_bin_2-1    1.2295e+05    1.2295e+05 +/-  3.45e+02  <none>
  Background_Fail_LOW_bin_2-2    9.5765e+04    9.5767e+04 +/-  3.08e+02  <none>
  Background_Fail_LOW_bin_2-3    5.8033e+04    5.8035e+04 +/-  2.39e+02  <none>
  Background_Fail_LOW_bin_2-4    3.3083e+04    3.3085e+04 +/-  1.87e+02  <none>
  Background_Fail_LOW_bin_2-5    9.6388e+03    9.6401e+03 +/-  9.77e+01  <none>
  Background_Fail_LOW_bin_2-6    1.4425e+03    1.4425e+03 +/-  3.75e+01  <none>
  Background_Fail_LOW_bin_2-7    1.3033e+02    1.3027e+02 +/-  1.19e+01  <none>
  Background_Fail_SIG_bin_1-1    5.8481e+04    5.8481e+04 +/-  2.38e+02  <none>
  Background_Fail_SIG_bin_1-2    4.4638e+04    4.4639e+04 +/-  2.09e+02  <none>
  Background_Fail_SIG_bin_1-3    2.7050e+04    2.7053e+04 +/-  1.65e+02  <none>
  Background_Fail_SIG_bin_1-4    1.5743e+04    1.5743e+04 +/-  1.26e+02  <none>
  Background_Fail_SIG_bin_1-5    5.1954e+03    5.1952e+03 +/-  7.06e+01  <none>
  Background_Fail_SIG_bin_1-6    1.0277e+03    1.0277e+03 +/-  3.11e+01  <none>
  Background_Fail_SIG_bin_1-7    1.2097e+02    1.2097e+02 +/-  1.06e+01  <none>
  Background_Fail_SIG_bin_1-8    5.4295e+00    5.4290e+00 +/-  2.28e+00  <none>
  Background_Fail_SIG_bin_2-1    4.8857e+04    4.8858e+04 +/-  2.18e+02  <none>
  Background_Fail_SIG_bin_2-2    3.7314e+04    3.7314e+04 +/-  1.91e+02  <none>
  Background_Fail_SIG_bin_2-3    2.3009e+04    2.3010e+04 +/-  1.50e+02  <none>
  Background_Fail_SIG_bin_2-4    1.3767e+04    1.3768e+04 +/-  1.20e+02  <none>
  Background_Fail_SIG_bin_2-5    4.7890e+03    4.7892e+03 +/-  6.83e+01  <none>
  Background_Fail_SIG_bin_2-6    1.0586e+03    1.0586e+03 +/-  3.15e+01  <none>
  Background_Fail_SIG_bin_2-7    1.3400e+02    1.3405e+02 +/-  1.18e+01  <none>
  Background_Fail_SIG_bin_2-8    3.5282e+00    3.5280e+00 +/-  1.87e+00  <none>
  Background_Fail_SIG_bin_3-1    4.1185e+04    4.1186e+04 +/-  1.99e+02  <none>
  Background_Fail_SIG_bin_3-2    3.1592e+04    3.1592e+04 +/-  1.74e+02  <none>
  Background_Fail_SIG_bin_3-3    1.8967e+04    1.8968e+04 +/-  1.37e+02  <none>
  Background_Fail_SIG_bin_3-4    1.1607e+04    1.1608e+04 +/-  1.07e+02  <none>
  Background_Fail_SIG_bin_3-5    4.2261e+03    4.2264e+03 +/-  6.35e+01  <none>
  Background_Fail_SIG_bin_3-6    1.0434e+03    1.0433e+03 +/-  3.13e+01  <none>
  Background_Fail_SIG_bin_3-7    1.5464e+02    1.5472e+02 +/-  1.26e+01  <none>
  Background_Fail_SIG_bin_3-8    3.5792e+00    3.5787e+00 +/-  1.87e+00  <none>
  Background_Fail_SIG_bin_4-1    3.4503e+04    3.4502e+04 +/-  1.82e+02  <none>
  Background_Fail_SIG_bin_4-2    2.6347e+04    2.6348e+04 +/-  1.60e+02  <none>
  Background_Fail_SIG_bin_4-3    1.6177e+04    1.6178e+04 +/-  1.25e+02  <none>
  Background_Fail_SIG_bin_4-4    9.7490e+03    9.7496e+03 +/-  9.80e+01  <none>
  Background_Fail_SIG_bin_4-5    3.6339e+03    3.6337e+03 +/-  5.91e+01  <none>
  Background_Fail_SIG_bin_4-6    1.0649e+03    1.0648e+03 +/-  3.17e+01  <none>
  Background_Fail_SIG_bin_4-7    2.1251e+02    2.1250e+02 +/-  1.41e+01  <none>
  Background_Fail_SIG_bin_4-8    6.4820e+00    6.4806e+00 +/-  2.47e+00  <none>
  Background_Fail_SIG_bin_5-1    2.9476e+04    2.9476e+04 +/-  1.68e+02  <none>
  Background_Fail_SIG_bin_5-2    2.2772e+04    2.2773e+04 +/-  1.49e+02  <none>
  Background_Fail_SIG_bin_5-3    1.3611e+04    1.3611e+04 +/-  1.16e+02  <none>
  Background_Fail_SIG_bin_5-4    8.3506e+03    8.3508e+03 +/-  9.04e+01  <none>
  Background_Fail_SIG_bin_5-5    3.1917e+03    3.1921e+03 +/-  5.54e+01  <none>
  Background_Fail_SIG_bin_5-6    1.0260e+03    1.0259e+03 +/-  3.11e+01  <none>
  Background_Fail_SIG_bin_5-7    2.6992e+02    2.6991e+02 +/-  1.60e+01  <none>
  Background_Fail_SIG_bin_5-8    6.4580e+00    6.4568e+00 +/-  2.47e+00  <none>
  Background_rpf_2x1_par0    2.6716e-01    2.6717e-01 +/-  8.61e-03  <none>
  Background_rpf_2x1_par1   -1.6074e-01   -1.6086e-01 +/-  1.73e-02  <none>
  Background_rpf_2x1_par2    2.7611e-02    2.7615e-02 +/-  2.28e-02  <none>
  Background_rpf_2x1_par3    2.0343e-01    2.0344e-01 +/-  6.67e-03  <none>
  Background_rpf_2x1_par4    8.5172e-02    8.5566e-02 +/-  1.05e-02  <none>
                     F   -2.1225e-02   -2.1597e-02 +/-  1.64e-01  <none>
                   JER   -5.6638e-02   -5.3434e-02 +/-  1.82e-01  <none>
                   JES   -1.7675e-01   -1.7493e-01 +/-  1.22e-01  <none>
                   JMR    1.8832e+00    1.8416e+00 +/-  3.57e-01  <none>
                   JMS   -1.1699e-01   -1.1680e-01 +/-  1.16e-01  <none>
                PS_FSR    2.0774e-02    2.0293e-02 +/-  8.05e-02  <none>
                PS_ISR   -1.4261e+00   -1.4709e+00 +/-  4.63e-01  <none>
                     R   -1.0141e-01   -1.0342e-01 +/-  1.89e-01  <none>
                    RF   -1.5417e-01   -1.5713e-01 +/-  1.96e-01  <none>
                  btag    6.8748e-02    6.3088e-02 +/-  1.74e-01  <none>
                  lumi    2.7403e-01    2.7506e-01 +/-  9.94e-01  <none>
                   pdf   -7.6306e-03   -6.9992e-03 +/-  1.71e-01  <none>
                pileup    4.8734e-03    9.4774e-03 +/-  1.63e-01  <none>
               prefire   -4.7630e-03   -4.0449e-03 +/-  1.69e-01  <none>
              top_ptrw    0.0000e+00    0.0000e+00 +/-  1.58e-01  <none>
            ttbar_xsec    3.7088e+00    3.6903e+00 +/-  4.51e-01  <none>


  RooFitResult: minimized FCN value: -0.00942451, estimated distance to minimum: 0.000154663
                covariance matrix quality: Full matrix, but forced positive-definite
                Status : MINIMIZE=0 HESSE=0 

    Constant Parameter    Value     
  --------------------  ------------
                  F_In    0.0000e+00
                JER_In    0.0000e+00
                JES_In    0.0000e+00
                JMR_In    0.0000e+00
                JMS_In    0.0000e+00
             PS_FSR_In    0.0000e+00
             PS_ISR_In    0.0000e+00
                 RF_In    0.0000e+00
                  R_In    0.0000e+00
               btag_In    0.0000e+00
               lumi_In    0.0000e+00
  n_exp_binFail_HIGH_proc_Background    1.0000e+00
  n_exp_binFail_LOW_proc_Background    1.0000e+00
  n_exp_binFail_SIG_proc_Background    1.0000e+00
  n_exp_binLoose_HIGH_proc_Background_2x1    1.0000e+00
  n_exp_binLoose_LOW_proc_Background_2x1    1.0000e+00
  n_exp_binLoose_SIG_proc_Background_2x1    1.0000e+00
                pdf_In    0.0000e+00
             pileup_In    0.0000e+00
            prefire_In    0.0000e+00
                     r    1.0000e+00
           top_ptrw_In    0.0000e+00
         ttbar_xsec_In    0.0000e+00

    Floating Parameter  InitialValue    FinalValue +/-  Error     GblCorr.
  --------------------  ------------  --------------------------  --------
  Background_Fail_HIGH_bin_1-1    9.4823e+04    9.4824e+04 +/-  3.03e+02  <none>
  Background_Fail_HIGH_bin_1-2    7.1013e+04    7.1014e+04 +/-  2.64e+02  <none>
  Background_Fail_HIGH_bin_1-3    4.3092e+04    4.3091e+04 +/-  2.05e+02  <none>
  Background_Fail_HIGH_bin_1-4    2.6976e+04    2.6977e+04 +/-  1.62e+02  <none>
  Background_Fail_HIGH_bin_1-5    1.0876e+04    1.0877e+04 +/-  1.02e+02  <none>
  Background_Fail_HIGH_bin_1-6    3.8048e+03    3.8042e+03 +/-  6.02e+01  <none>
  Background_Fail_HIGH_bin_1-7    1.3451e+03    1.3454e+03 +/-  3.59e+01  <none>
  Background_Fail_HIGH_bin_1-8    4.4067e+01    4.4062e+01 +/-  6.42e+00  <none>
  Background_Fail_HIGH_bin_2-1    4.5163e+04    4.5162e+04 +/-  2.09e+02  <none>
  Background_Fail_HIGH_bin_2-2    3.2856e+04    3.2857e+04 +/-  1.80e+02  <none>
  Background_Fail_HIGH_bin_2-3    1.9494e+04    1.9495e+04 +/-  1.37e+02  <none>
  Background_Fail_HIGH_bin_2-4    1.2312e+04    1.2313e+04 +/-  1.10e+02  <none>
  Background_Fail_HIGH_bin_2-5    5.3537e+03    5.3535e+03 +/-  7.13e+01  <none>
  Background_Fail_HIGH_bin_2-6    2.2275e+03    2.2274e+03 +/-  4.59e+01  <none>
  Background_Fail_HIGH_bin_2-7    1.2145e+03    1.2144e+03 +/-  3.38e+01  <none>
  Background_Fail_HIGH_bin_2-8    9.6153e+01    9.6145e+01 +/-  9.51e+00  <none>
  Background_Fail_HIGH_bin_3-1    2.2522e+04    2.2523e+04 +/-  1.47e+02  <none>
  Background_Fail_HIGH_bin_3-2    1.6136e+04    1.6136e+04 +/-  1.25e+02  <none>
  Background_Fail_HIGH_bin_3-3    9.4164e+03    9.4160e+03 +/-  9.68e+01  <none>
  Background_Fail_HIGH_bin_3-4    6.2378e+03    6.2380e+03 +/-  7.80e+01  <none>
  Background_Fail_HIGH_bin_3-5    2.6810e+03    2.6809e+03 +/-  5.05e+01  <none>
  Background_Fail_HIGH_bin_3-6    1.0936e+03    1.0936e+03 +/-  3.24e+01  <none>
  Background_Fail_HIGH_bin_3-7    7.8172e+02    7.8168e+02 +/-  2.72e+01  <none>
  Background_Fail_HIGH_bin_3-8    1.2492e+02    1.2491e+02 +/-  1.08e+01  <none>
  Background_Fail_HIGH_bin_4-1    1.1642e+04    1.1642e+04 +/-  1.06e+02  <none>
  Background_Fail_HIGH_bin_4-2    8.1102e+03    8.1102e+03 +/-  8.82e+01  <none>
  Background_Fail_HIGH_bin_4-3    4.7690e+03    4.7689e+03 +/-  6.75e+01  <none>
  Background_Fail_HIGH_bin_4-4    3.0616e+03    3.0619e+03 +/-  5.45e+01  <none>
  Background_Fail_HIGH_bin_4-5    1.4151e+03    1.4151e+03 +/-  3.67e+01  <none>
  Background_Fail_HIGH_bin_4-6    6.1384e+02    6.1382e+02 +/-  2.42e+01  <none>
  Background_Fail_HIGH_bin_4-7    4.6781e+02    4.6779e+02 +/-  2.11e+01  <none>
  Background_Fail_HIGH_bin_4-8    1.2251e+02    1.2250e+02 +/-  1.08e+01  <none>
  Background_Fail_HIGH_bin_5-1    6.0188e+03    6.0188e+03 +/-  7.61e+01  <none>
  Background_Fail_HIGH_bin_5-2    4.1230e+03    4.1230e+03 +/-  6.30e+01  <none>
  Background_Fail_HIGH_bin_5-3    2.3212e+03    2.3212e+03 +/-  4.73e+01  <none>
  Background_Fail_HIGH_bin_5-4    1.5607e+03    1.5606e+03 +/-  3.86e+01  <none>
  Background_Fail_HIGH_bin_5-5    7.3670e+02    7.3669e+02 +/-  2.66e+01  <none>
  Background_Fail_HIGH_bin_5-6    3.2094e+02    3.2094e+02 +/-  1.75e+01  <none>
  Background_Fail_HIGH_bin_5-7    2.7690e+02    2.7689e+02 +/-  1.63e+01  <none>
  Background_Fail_HIGH_bin_5-8    8.0982e+01    8.0977e+01 +/-  8.77e+00  <none>
  Background_Fail_HIGH_bin_6-1    3.2113e+03    3.2113e+03 +/-  5.57e+01  <none>
  Background_Fail_HIGH_bin_6-2    2.1322e+03    2.1322e+03 +/-  4.53e+01  <none>
  Background_Fail_HIGH_bin_6-3    1.2242e+03    1.2242e+03 +/-  3.43e+01  <none>
  Background_Fail_HIGH_bin_6-4    8.3724e+02    8.3723e+02 +/-  2.83e+01  <none>
  Background_Fail_HIGH_bin_6-5    3.6783e+02    3.6782e+02 +/-  1.88e+01  <none>
  Background_Fail_HIGH_bin_6-6    2.0793e+02    2.0792e+02 +/-  1.41e+01  <none>
  Background_Fail_HIGH_bin_6-7    1.5891e+02    1.5891e+02 +/-  1.23e+01  <none>
  Background_Fail_HIGH_bin_6-8    6.1159e+01    6.1155e+01 +/-  7.63e+00  <none>
  Background_Fail_HIGH_bin_7-1    2.4922e+03    2.4923e+03 +/-  4.92e+01  <none>
  Background_Fail_HIGH_bin_7-2    1.5846e+03    1.5846e+03 +/-  3.94e+01  <none>
  Background_Fail_HIGH_bin_7-3    9.0057e+02    9.0057e+02 +/-  2.95e+01  <none>
  Background_Fail_HIGH_bin_7-4    6.5672e+02    6.5671e+02 +/-  2.52e+01  <none>
  Background_Fail_HIGH_bin_7-5    3.3902e+02    3.3902e+02 +/-  1.81e+01  <none>
  Background_Fail_HIGH_bin_7-6    1.6107e+02    1.6106e+02 +/-  1.24e+01  <none>
  Background_Fail_HIGH_bin_7-7    1.4915e+02    1.4914e+02 +/-  1.20e+01  <none>
  Background_Fail_HIGH_bin_7-8    3.7355e+01    3.7353e+01 +/-  5.99e+00  <none>
  Background_Fail_LOW_bin_1-1    1.0017e-06    1.0076e-06 +/-  4.72e-01  <none>
  Background_Fail_LOW_bin_1-2    1.0017e-06    1.0000e-06 +/-  4.71e-01  <none>
  Background_Fail_LOW_bin_1-3    1.0017e-06    1.0006e-06 +/-  4.69e-01  <none>
  Background_Fail_LOW_bin_1-4    1.0017e-06    1.0086e-06 +/-  4.67e-01  <none>
  Background_Fail_LOW_bin_1-5    1.0016e-06    1.0115e-06 +/-  4.67e-01  <none>
  Background_Fail_LOW_bin_1-6    1.0016e-06    1.0260e-06 +/-  4.66e-01  <none>
  Background_Fail_LOW_bin_1-7    1.0014e-06    1.0009e-06 +/-  4.65e-01  <none>
  Background_Fail_LOW_bin_2-1    1.2295e+05    1.2295e+05 +/-  3.45e+02  <none>
  Background_Fail_LOW_bin_2-2    9.5765e+04    9.5767e+04 +/-  3.08e+02  <none>
  Background_Fail_LOW_bin_2-3    5.8033e+04    5.8035e+04 +/-  2.39e+02  <none>
  Background_Fail_LOW_bin_2-4    3.3083e+04    3.3085e+04 +/-  1.87e+02  <none>
  Background_Fail_LOW_bin_2-5    9.6388e+03    9.6401e+03 +/-  9.77e+01  <none>
  Background_Fail_LOW_bin_2-6    1.4425e+03    1.4425e+03 +/-  3.75e+01  <none>
  Background_Fail_LOW_bin_2-7    1.3033e+02    1.3027e+02 +/-  1.19e+01  <none>
  Background_Fail_SIG_bin_1-1    5.8481e+04    5.8481e+04 +/-  2.38e+02  <none>
  Background_Fail_SIG_bin_1-2    4.4638e+04    4.4639e+04 +/-  2.09e+02  <none>
  Background_Fail_SIG_bin_1-3    2.7050e+04    2.7053e+04 +/-  1.65e+02  <none>
  Background_Fail_SIG_bin_1-4    1.5743e+04    1.5743e+04 +/-  1.26e+02  <none>
  Background_Fail_SIG_bin_1-5    5.1954e+03    5.1952e+03 +/-  7.06e+01  <none>
  Background_Fail_SIG_bin_1-6    1.0277e+03    1.0277e+03 +/-  3.11e+01  <none>
  Background_Fail_SIG_bin_1-7    1.2097e+02    1.2097e+02 +/-  1.06e+01  <none>
  Background_Fail_SIG_bin_1-8    5.4295e+00    5.4290e+00 +/-  2.28e+00  <none>
  Background_Fail_SIG_bin_2-1    4.8857e+04    4.8858e+04 +/-  2.18e+02  <none>
  Background_Fail_SIG_bin_2-2    3.7314e+04    3.7314e+04 +/-  1.91e+02  <none>
  Background_Fail_SIG_bin_2-3    2.3009e+04    2.3010e+04 +/-  1.50e+02  <none>
  Background_Fail_SIG_bin_2-4    1.3767e+04    1.3768e+04 +/-  1.20e+02  <none>
  Background_Fail_SIG_bin_2-5    4.7890e+03    4.7892e+03 +/-  6.83e+01  <none>
  Background_Fail_SIG_bin_2-6    1.0586e+03    1.0586e+03 +/-  3.15e+01  <none>
  Background_Fail_SIG_bin_2-7    1.3400e+02    1.3405e+02 +/-  1.18e+01  <none>
  Background_Fail_SIG_bin_2-8    3.5282e+00    3.5280e+00 +/-  1.87e+00  <none>
  Background_Fail_SIG_bin_3-1    4.1185e+04    4.1186e+04 +/-  1.99e+02  <none>
  Background_Fail_SIG_bin_3-2    3.1592e+04    3.1592e+04 +/-  1.74e+02  <none>
  Background_Fail_SIG_bin_3-3    1.8967e+04    1.8968e+04 +/-  1.37e+02  <none>
  Background_Fail_SIG_bin_3-4    1.1607e+04    1.1608e+04 +/-  1.07e+02  <none>
  Background_Fail_SIG_bin_3-5    4.2261e+03    4.2264e+03 +/-  6.35e+01  <none>
  Background_Fail_SIG_bin_3-6    1.0434e+03    1.0433e+03 +/-  3.13e+01  <none>
  Background_Fail_SIG_bin_3-7    1.5464e+02    1.5472e+02 +/-  1.26e+01  <none>
  Background_Fail_SIG_bin_3-8    3.5792e+00    3.5787e+00 +/-  1.87e+00  <none>
  Background_Fail_SIG_bin_4-1    3.4503e+04    3.4502e+04 +/-  1.82e+02  <none>
  Background_Fail_SIG_bin_4-2    2.6347e+04    2.6348e+04 +/-  1.60e+02  <none>
  Background_Fail_SIG_bin_4-3    1.6177e+04    1.6178e+04 +/-  1.25e+02  <none>
  Background_Fail_SIG_bin_4-4    9.7490e+03    9.7496e+03 +/-  9.80e+01  <none>
  Background_Fail_SIG_bin_4-5    3.6339e+03    3.6337e+03 +/-  5.91e+01  <none>
  Background_Fail_SIG_bin_4-6    1.0649e+03    1.0648e+03 +/-  3.17e+01  <none>
  Background_Fail_SIG_bin_4-7    2.1251e+02    2.1250e+02 +/-  1.41e+01  <none>
  Background_Fail_SIG_bin_4-8    6.4820e+00    6.4806e+00 +/-  2.47e+00  <none>
  Background_Fail_SIG_bin_5-1    2.9476e+04    2.9476e+04 +/-  1.68e+02  <none>
  Background_Fail_SIG_bin_5-2    2.2772e+04    2.2773e+04 +/-  1.49e+02  <none>
  Background_Fail_SIG_bin_5-3    1.3611e+04    1.3611e+04 +/-  1.16e+02  <none>
  Background_Fail_SIG_bin_5-4    8.3506e+03    8.3508e+03 +/-  9.04e+01  <none>
  Background_Fail_SIG_bin_5-5    3.1917e+03    3.1921e+03 +/-  5.54e+01  <none>
  Background_Fail_SIG_bin_5-6    1.0260e+03    1.0259e+03 +/-  3.11e+01  <none>
  Background_Fail_SIG_bin_5-7    2.6992e+02    2.6991e+02 +/-  1.60e+01  <none>
  Background_Fail_SIG_bin_5-8    6.4580e+00    6.4568e+00 +/-  2.47e+00  <none>
  Background_rpf_2x1_par0    2.6716e-01    2.6717e-01 +/-  8.61e-03  <none>
  Background_rpf_2x1_par1   -1.6074e-01   -1.6086e-01 +/-  1.73e-02  <none>
  Background_rpf_2x1_par2    2.7611e-02    2.7615e-02 +/-  2.28e-02  <none>
  Background_rpf_2x1_par3    2.0343e-01    2.0344e-01 +/-  6.67e-03  <none>
  Background_rpf_2x1_par4    8.5172e-02    8.5566e-02 +/-  1.05e-02  <none>
                     F   -2.1225e-02   -2.1597e-02 +/-  1.64e-01  <none>
                   JER   -5.6638e-02   -5.3434e-02 +/-  1.82e-01  <none>
                   JES   -1.7675e-01   -1.7493e-01 +/-  1.22e-01  <none>
                   JMR    1.8832e+00    1.8416e+00 +/-  3.57e-01  <none>
                   JMS   -1.1699e-01   -1.1680e-01 +/-  1.16e-01  <none>
                PS_FSR    2.0774e-02    2.0293e-02 +/-  8.05e-02  <none>
                PS_ISR   -1.4261e+00   -1.4709e+00 +/-  4.63e-01  <none>
                     R   -1.0141e-01   -1.0342e-01 +/-  1.89e-01  <none>
                    RF   -1.5417e-01   -1.5713e-01 +/-  1.96e-01  <none>
                  btag    6.8748e-02    6.3088e-02 +/-  1.74e-01  <none>
                  lumi    2.7403e-01    2.7506e-01 +/-  9.94e-01  <none>
                   pdf   -7.6306e-03   -6.9992e-03 +/-  1.71e-01  <none>
                pileup    4.8734e-03    9.4774e-03 +/-  1.63e-01  <none>
               prefire   -4.7630e-03   -4.0449e-03 +/-  1.69e-01  <none>
              top_ptrw    0.0000e+00    0.0000e+00 +/-  1.58e-01  <none>
            ttbar_xsec    3.7088e+00    3.6903e+00 +/-  4.51e-01  <none>

  [WARNING] Found [Background_Fail_LOW_bin_1-1] at boundary. 
  [WARNING] Found [Background_Fail_LOW_bin_1-2] at boundary. 
  [WARNING] Found [Background_Fail_LOW_bin_1-3] at boundary. 
  [WARNING] Found [Background_Fail_LOW_bin_1-4] at boundary. 
  [WARNING] Found [Background_Fail_LOW_bin_1-5] at boundary. 
  [WARNING] Found [Background_Fail_LOW_bin_1-6] at boundary. 
  [WARNING] Found [Background_Fail_LOW_bin_1-7] at boundary. 
 [WARNING] After the fit some parameters are at their boundary.
 [WARNING] Are you sure your model is correct?

  RooFitResult: minimized FCN value: -0.0208817, estimated distance to minimum: 0.000255114
                covariance matrix quality: Full, accurate covariance matrix
                Status : MINIMIZE=0 HESSE=0 

    Constant Parameter    Value     
  --------------------  ------------
                  F_In    0.0000e+00
                JER_In    0.0000e+00
                JES_In    0.0000e+00
                JMR_In    0.0000e+00
                JMS_In    0.0000e+00
             PS_FSR_In    0.0000e+00
             PS_ISR_In    0.0000e+00
                 RF_In    0.0000e+00
                  R_In    0.0000e+00
               btag_In    0.0000e+00
               lumi_In    0.0000e+00
  n_exp_binFail_HIGH_proc_Background    1.0000e+00
  n_exp_binFail_LOW_proc_Background    1.0000e+00
  n_exp_binFail_SIG_proc_Background    1.0000e+00
  n_exp_binLoose_HIGH_proc_Background_2x1    1.0000e+00
  n_exp_binLoose_LOW_proc_Background_2x1    1.0000e+00
  n_exp_binLoose_SIG_proc_Background_2x1    1.0000e+00
                pdf_In    0.0000e+00
             pileup_In    0.0000e+00
            prefire_In    0.0000e+00
           top_ptrw_In    0.0000e+00
         ttbar_xsec_In    0.0000e+00

    Floating Parameter  InitialValue    FinalValue +/-  Error     GblCorr.
  --------------------  ------------  --------------------------  --------
  Background_Fail_HIGH_bin_1-1    9.4822e+04    9.4824e+04 +/-  3.03e+02  <none>
  Background_Fail_HIGH_bin_1-2    7.1012e+04    7.1014e+04 +/-  2.65e+02  <none>
  Background_Fail_HIGH_bin_1-3    4.3092e+04    4.3091e+04 +/-  2.05e+02  <none>
  Background_Fail_HIGH_bin_1-4    2.6976e+04    2.6977e+04 +/-  1.61e+02  <none>
  Background_Fail_HIGH_bin_1-5    1.0875e+04    1.0877e+04 +/-  1.02e+02  <none>
  Background_Fail_HIGH_bin_1-6    3.8050e+03    3.8043e+03 +/-  6.03e+01  <none>
  Background_Fail_HIGH_bin_1-7    1.3449e+03    1.3454e+03 +/-  3.60e+01  <none>
  Background_Fail_HIGH_bin_1-8    4.4067e+01    4.4064e+01 +/-  6.44e+00  <none>
  Background_Fail_HIGH_bin_2-1    4.5164e+04    4.5162e+04 +/-  2.09e+02  <none>
  Background_Fail_HIGH_bin_2-2    3.2855e+04    3.2857e+04 +/-  1.79e+02  <none>
  Background_Fail_HIGH_bin_2-3    1.9493e+04    1.9495e+04 +/-  1.38e+02  <none>
  Background_Fail_HIGH_bin_2-4    1.2312e+04    1.2313e+04 +/-  1.10e+02  <none>
  Background_Fail_HIGH_bin_2-5    5.3537e+03    5.3535e+03 +/-  7.15e+01  <none>
  Background_Fail_HIGH_bin_2-6    2.2275e+03    2.2274e+03 +/-  4.60e+01  <none>
  Background_Fail_HIGH_bin_2-7    1.2145e+03    1.2144e+03 +/-  3.39e+01  <none>
  Background_Fail_HIGH_bin_2-8    9.6154e+01    9.6148e+01 +/-  9.52e+00  <none>
  Background_Fail_HIGH_bin_3-1    2.2522e+04    2.2522e+04 +/-  1.48e+02  <none>
  Background_Fail_HIGH_bin_3-2    1.6136e+04    1.6136e+04 +/-  1.25e+02  <none>
  Background_Fail_HIGH_bin_3-3    9.4164e+03    9.4160e+03 +/-  9.69e+01  <none>
  Background_Fail_HIGH_bin_3-4    6.2376e+03    6.2379e+03 +/-  7.81e+01  <none>
  Background_Fail_HIGH_bin_3-5    2.6810e+03    2.6810e+03 +/-  5.06e+01  <none>
  Background_Fail_HIGH_bin_3-6    1.0937e+03    1.0936e+03 +/-  3.24e+01  <none>
  Background_Fail_HIGH_bin_3-7    7.8172e+02    7.8169e+02 +/-  2.73e+01  <none>
  Background_Fail_HIGH_bin_3-8    1.2492e+02    1.2492e+02 +/-  1.09e+01  <none>
  Background_Fail_HIGH_bin_4-1    1.1642e+04    1.1642e+04 +/-  1.06e+02  <none>
  Background_Fail_HIGH_bin_4-2    8.1102e+03    8.1102e+03 +/-  8.82e+01  <none>
  Background_Fail_HIGH_bin_4-3    4.7690e+03    4.7689e+03 +/-  6.77e+01  <none>
  Background_Fail_HIGH_bin_4-4    3.0614e+03    3.0619e+03 +/-  5.46e+01  <none>
  Background_Fail_HIGH_bin_4-5    1.4152e+03    1.4151e+03 +/-  3.68e+01  <none>
  Background_Fail_HIGH_bin_4-6    6.1384e+02    6.1382e+02 +/-  2.42e+01  <none>
  Background_Fail_HIGH_bin_4-7    4.6781e+02    4.6780e+02 +/-  2.11e+01  <none>
  Background_Fail_HIGH_bin_4-8    1.2251e+02    1.2250e+02 +/-  1.08e+01  <none>
  Background_Fail_HIGH_bin_5-1    6.0188e+03    6.0188e+03 +/-  7.62e+01  <none>
  Background_Fail_HIGH_bin_5-2    4.1230e+03    4.1230e+03 +/-  6.30e+01  <none>
  Background_Fail_HIGH_bin_5-3    2.3212e+03    2.3212e+03 +/-  4.73e+01  <none>
  Background_Fail_HIGH_bin_5-4    1.5607e+03    1.5606e+03 +/-  3.87e+01  <none>
  Background_Fail_HIGH_bin_5-5    7.3670e+02    7.3669e+02 +/-  2.66e+01  <none>
  Background_Fail_HIGH_bin_5-6    3.2094e+02    3.2094e+02 +/-  1.76e+01  <none>
  Background_Fail_HIGH_bin_5-7    2.7690e+02    2.7689e+02 +/-  1.63e+01  <none>
  Background_Fail_HIGH_bin_5-8    8.0981e+01    8.0977e+01 +/-  8.78e+00  <none>
  Background_Fail_HIGH_bin_6-1    3.2112e+03    3.2112e+03 +/-  5.57e+01  <none>
  Background_Fail_HIGH_bin_6-2    2.1322e+03    2.1322e+03 +/-  4.54e+01  <none>
  Background_Fail_HIGH_bin_6-3    1.2242e+03    1.2242e+03 +/-  3.44e+01  <none>
  Background_Fail_HIGH_bin_6-4    8.3724e+02    8.3723e+02 +/-  2.84e+01  <none>
  Background_Fail_HIGH_bin_6-5    3.6782e+02    3.6782e+02 +/-  1.88e+01  <none>
  Background_Fail_HIGH_bin_6-6    2.0792e+02    2.0792e+02 +/-  1.41e+01  <none>
  Background_Fail_HIGH_bin_6-7    1.5891e+02    1.5891e+02 +/-  1.23e+01  <none>
  Background_Fail_HIGH_bin_6-8    6.1158e+01    6.1155e+01 +/-  7.65e+00  <none>
  Background_Fail_HIGH_bin_7-1    2.4922e+03    2.4922e+03 +/-  4.93e+01  <none>
  Background_Fail_HIGH_bin_7-2    1.5845e+03    1.5846e+03 +/-  3.95e+01  <none>
  Background_Fail_HIGH_bin_7-3    9.0055e+02    9.0055e+02 +/-  2.96e+01  <none>
  Background_Fail_HIGH_bin_7-4    6.5671e+02    6.5670e+02 +/-  2.52e+01  <none>
  Background_Fail_HIGH_bin_7-5    3.3902e+02    3.3901e+02 +/-  1.81e+01  <none>
  Background_Fail_HIGH_bin_7-6    1.6106e+02    1.6106e+02 +/-  1.25e+01  <none>
  Background_Fail_HIGH_bin_7-7    1.4914e+02    1.4914e+02 +/-  1.20e+01  <none>
  Background_Fail_HIGH_bin_7-8    3.7354e+01    3.7353e+01 +/-  5.99e+00  <none>
  Background_Fail_LOW_bin_1-1    1.0043e-06    1.2285e-06 +/-  4.75e-01  <none>
  Background_Fail_LOW_bin_1-2    1.0041e-06    1.7732e-06 +/-  4.72e-01  <none>
  Background_Fail_LOW_bin_1-3    1.0039e-06    1.8361e-06 +/-  4.71e-01  <none>
  Background_Fail_LOW_bin_1-4    1.0037e-06    1.4832e-06 +/-  4.71e-01  <none>
  Background_Fail_LOW_bin_1-5    1.0034e-06    1.2551e-06 +/-  4.70e-01  <none>
  Background_Fail_LOW_bin_1-6    1.0032e-06    1.4989e-06 +/-  4.69e-01  <none>
  Background_Fail_LOW_bin_1-7    1.0029e-06    1.6167e-06 +/-  4.67e-01  <none>
  Background_Fail_LOW_bin_2-1    1.2295e+05    1.2295e+05 +/-  3.46e+02  <none>
  Background_Fail_LOW_bin_2-2    9.5763e+04    9.5766e+04 +/-  3.10e+02  <none>
  Background_Fail_LOW_bin_2-3    5.8034e+04    5.8035e+04 +/-  2.41e+02  <none>
  Background_Fail_LOW_bin_2-4    3.3083e+04    3.3084e+04 +/-  1.87e+02  <none>
  Background_Fail_LOW_bin_2-5    9.6386e+03    9.6400e+03 +/-  9.80e+01  <none>
  Background_Fail_LOW_bin_2-6    1.4425e+03    1.4425e+03 +/-  3.76e+01  <none>
  Background_Fail_LOW_bin_2-7    1.3043e+02    1.3026e+02 +/-  1.19e+01  <none>
  Background_Fail_SIG_bin_1-1    5.8481e+04    5.8480e+04 +/-  2.37e+02  <none>
  Background_Fail_SIG_bin_1-2    4.4637e+04    4.4639e+04 +/-  2.10e+02  <none>
  Background_Fail_SIG_bin_1-3    2.7049e+04    2.7052e+04 +/-  1.65e+02  <none>
  Background_Fail_SIG_bin_1-4    1.5744e+04    1.5743e+04 +/-  1.26e+02  <none>
  Background_Fail_SIG_bin_1-5    5.1952e+03    5.1952e+03 +/-  7.06e+01  <none>
  Background_Fail_SIG_bin_1-6    1.0277e+03    1.0277e+03 +/-  3.11e+01  <none>
  Background_Fail_SIG_bin_1-7    1.2098e+02    1.2097e+02 +/-  1.07e+01  <none>
  Background_Fail_SIG_bin_1-8    5.4286e+00    5.4288e+00 +/-  2.29e+00  <none>
  Background_Fail_SIG_bin_2-1    4.8855e+04    4.8858e+04 +/-  2.17e+02  <none>
  Background_Fail_SIG_bin_2-2    3.7314e+04    3.7313e+04 +/-  1.91e+02  <none>
  Background_Fail_SIG_bin_2-3    2.3008e+04    2.3010e+04 +/-  1.50e+02  <none>
  Background_Fail_SIG_bin_2-4    1.3767e+04    1.3768e+04 +/-  1.20e+02  <none>
  Background_Fail_SIG_bin_2-5    4.7888e+03    4.7892e+03 +/-  6.82e+01  <none>
  Background_Fail_SIG_bin_2-6    1.0586e+03    1.0586e+03 +/-  3.16e+01  <none>
  Background_Fail_SIG_bin_2-7    1.3403e+02    1.3403e+02 +/-  1.18e+01  <none>
  Background_Fail_SIG_bin_2-8    3.5276e+00    3.5277e+00 +/-  1.87e+00  <none>
  Background_Fail_SIG_bin_3-1    4.1183e+04    4.1185e+04 +/-  1.99e+02  <none>
  Background_Fail_SIG_bin_3-2    3.1592e+04    3.1592e+04 +/-  1.74e+02  <none>
  Background_Fail_SIG_bin_3-3    1.8967e+04    1.8967e+04 +/-  1.37e+02  <none>
  Background_Fail_SIG_bin_3-4    1.1607e+04    1.1608e+04 +/-  1.07e+02  <none>
  Background_Fail_SIG_bin_3-5    4.2257e+03    4.2264e+03 +/-  6.36e+01  <none>
  Background_Fail_SIG_bin_3-6    1.0434e+03    1.0433e+03 +/-  3.14e+01  <none>
  Background_Fail_SIG_bin_3-7    1.5464e+02    1.5471e+02 +/-  1.26e+01  <none>
  Background_Fail_SIG_bin_3-8    3.5793e+00    3.5786e+00 +/-  1.87e+00  <none>
  Background_Fail_SIG_bin_4-1    3.4503e+04    3.4502e+04 +/-  1.83e+02  <none>
  Background_Fail_SIG_bin_4-2    2.6347e+04    2.6347e+04 +/-  1.60e+02  <none>
  Background_Fail_SIG_bin_4-3    1.6177e+04    1.6178e+04 +/-  1.25e+02  <none>
  Background_Fail_SIG_bin_4-4    9.7500e+03    9.7494e+03 +/-  9.81e+01  <none>
  Background_Fail_SIG_bin_4-5    3.6340e+03    3.6338e+03 +/-  5.91e+01  <none>
  Background_Fail_SIG_bin_4-6    1.0649e+03    1.0648e+03 +/-  3.17e+01  <none>
  Background_Fail_SIG_bin_4-7    2.1251e+02    2.1250e+02 +/-  1.41e+01  <none>
  Background_Fail_SIG_bin_4-8    6.4820e+00    6.4807e+00 +/-  2.48e+00  <none>
  Background_Fail_SIG_bin_5-1    2.9476e+04    2.9476e+04 +/-  1.68e+02  <none>
  Background_Fail_SIG_bin_5-2    2.2772e+04    2.2772e+04 +/-  1.48e+02  <none>
  Background_Fail_SIG_bin_5-3    1.3611e+04    1.3611e+04 +/-  1.15e+02  <none>
  Background_Fail_SIG_bin_5-4    8.3512e+03    8.3507e+03 +/-  9.05e+01  <none>
  Background_Fail_SIG_bin_5-5    3.1917e+03    3.1921e+03 +/-  5.55e+01  <none>
  Background_Fail_SIG_bin_5-6    1.0260e+03    1.0259e+03 +/-  3.11e+01  <none>
  Background_Fail_SIG_bin_5-7    2.6993e+02    2.6992e+02 +/-  1.61e+01  <none>
  Background_Fail_SIG_bin_5-8    6.4579e+00    6.4568e+00 +/-  2.48e+00  <none>
  Background_rpf_2x1_par0    2.6739e-01    2.6740e-01 +/-  2.85e-02  <none>
  Background_rpf_2x1_par1   -1.6120e-01   -1.6119e-01 +/-  2.47e-02  <none>
  Background_rpf_2x1_par2    2.8083e-02    2.7935e-02 +/-  2.56e-02  <none>
  Background_rpf_2x1_par3    2.0328e-01    2.0329e-01 +/-  2.18e-02  <none>
  Background_rpf_2x1_par4    8.5101e-02    8.5380e-02 +/-  1.39e-02  <none>
                     F   -2.1502e-02   -2.1589e-02 +/-  1.64e-01  <none>
                   JER   -4.8981e-02   -5.3997e-02 +/-  1.80e-01  <none>
                   JES   -1.7358e-01   -1.7473e-01 +/-  1.21e-01  <none>
                   JMR    1.8980e+00    1.8425e+00 +/-  3.62e-01  <none>
                   JMS   -1.1831e-01   -1.1676e-01 +/-  1.15e-01  <none>
                PS_FSR    2.2100e-02    2.0194e-02 +/-  8.01e-02  <none>
                PS_ISR   -1.3863e+00   -1.4696e+00 +/-  4.51e-01  <none>
                     R   -9.9026e-02   -1.0290e-01 +/-  1.86e-01  <none>
                    RF   -1.7397e-01   -1.5842e-01 +/-  1.94e-01  <none>
                  btag    6.2039e-02    6.3087e-02 +/-  1.73e-01  <none>
                  lumi    2.7301e-01    2.7321e-01 +/-  9.91e-01  <none>
                   pdf   -6.5790e-03   -7.0251e-03 +/-  1.68e-01  <none>
                pileup    1.0553e-02    9.3593e-03 +/-  1.62e-01  <none>
               prefire   -3.7103e-03   -4.0552e-03 +/-  1.69e-01  <none>
                     r    1.0000e+00    1.0000e+00 +/-  8.79e-02  <none>
              top_ptrw    0.0000e+00    0.0000e+00 +/-  1.58e-01  <none>
            ttbar_xsec    3.6926e+00    3.6953e+00 +/-  4.42e-01  <none>

Robus Fit for POI 
Set default minimizer to Minuit2, algorithm Migrad, tolerance 0.1
Searching for crossing at nll = -34970.3 in the interval 1, 5
  [WARNING] Found [Background_Fail_LOW_bin_1-1] at boundary. 
  [WARNING] Found [Background_Fail_LOW_bin_1-2] at boundary. 
  [WARNING] Found [Background_Fail_LOW_bin_1-3] at boundary. 
  [WARNING] Found [Background_Fail_LOW_bin_1-4] at boundary. 
  [WARNING] Found [Background_Fail_LOW_bin_1-5] at boundary. 
  [WARNING] Found [Background_Fail_LOW_bin_1-6] at boundary. 
  [WARNING] Found [Background_Fail_LOW_bin_1-7] at boundary. 
 [WARNING] After the fit some parameters are at their boundary.
 [WARNING] Are you sure your model is correct?
      r      lvl-here  lvl-there   stepping
 [WARNING] After the fit some parameters are at their boundary.
 [WARNING] Are you sure your model is correct?
1.400000    -1.79122  +0.49454    0.400000
 [WARNING] After the fit some parameters are at their boundary.
 [WARNING] Are you sure your model is correct?
1.120000    -0.18377  -1.79122    0.120000
 [WARNING] After the fit some parameters are at their boundary.
 [WARNING] Are you sure your model is correct?
1.036000    +0.29174  -0.18377    0.036000
 [WARNING] After the fit some parameters are at their boundary.
 [WARNING] Are you sure your model is correct?
1.072000    +0.08833  +0.29174    0.036000
 [WARNING] After the fit some parameters are at their boundary.
 [WARNING] Are you sure your model is correct?
1.108000    -0.11569  +0.08833    0.036000
 [WARNING] After the fit some parameters are at their boundary.
 [WARNING] Are you sure your model is correct?
1.082800    +0.02721  -0.11569    0.010800
 [WARNING] After the fit some parameters are at their boundary.
 [WARNING] Are you sure your model is correct?
1.093600    -0.03397  +0.02721    0.010800
 [WARNING] After the fit some parameters are at their boundary.
 [WARNING] Are you sure your model is correct?
1.086040    +0.00887  -0.03397    0.003240
 [WARNING] After the fit some parameters are at their boundary.
 [WARNING] Are you sure your model is correct?
1.089280    -0.00947  +0.00887    0.003240
 [WARNING] After the fit some parameters are at their boundary.
 [WARNING] Are you sure your model is correct?
1.087012    +0.00338  -0.00947    0.000972
 [WARNING] After the fit some parameters are at their boundary.
 [WARNING] Are you sure your model is correct?
1.087984    -0.00212  +0.00338    0.000972
 [WARNING] After the fit some parameters are at their boundary.
 [WARNING] Are you sure your model is correct?
1.087304    +0.00174  -0.00212    0.000292
 [WARNING] After the fit some parameters are at their boundary.
 [WARNING] Are you sure your model is correct?
1.087595    +0.00009  +0.00174    0.000292
Set default minimizer to Minuit2, algorithm Migrad, tolerance 0.1
Searching for crossing at nll = -34970.3 in the interval 1, 1
 [WARNING] After the fit some parameters are at their boundary.
 [WARNING] Are you sure your model is correct?
      r      lvl-here  lvl-there   stepping
 [WARNING] After the fit some parameters are at their boundary.
 [WARNING] Are you sure your model is correct?
1.000000    +0.49457  +0.49454    -0.000000
Error: closed range without finding crossing.

  RooFitResult: minimized FCN value: -0.0208817, estimated distance to minimum: 0.000255114
                covariance matrix quality: Full, accurate covariance matrix
                Status : MINIMIZE=0 HESSE=0 

    Constant Parameter    Value     
  --------------------  ------------
                  F_In    0.0000e+00
                JER_In    0.0000e+00
                JES_In    0.0000e+00
                JMR_In    0.0000e+00
                JMS_In    0.0000e+00
             PS_FSR_In    0.0000e+00
             PS_ISR_In    0.0000e+00
                 RF_In    0.0000e+00
                  R_In    0.0000e+00
               btag_In    0.0000e+00
               lumi_In    0.0000e+00
  n_exp_binFail_HIGH_proc_Background    1.0000e+00
  n_exp_binFail_LOW_proc_Background    1.0000e+00
  n_exp_binFail_SIG_proc_Background    1.0000e+00
  n_exp_binLoose_HIGH_proc_Background_2x1    1.0000e+00
  n_exp_binLoose_LOW_proc_Background_2x1    1.0000e+00
  n_exp_binLoose_SIG_proc_Background_2x1    1.0000e+00
                pdf_In    0.0000e+00
             pileup_In    0.0000e+00
            prefire_In    0.0000e+00
           top_ptrw_In    0.0000e+00
         ttbar_xsec_In    0.0000e+00

    Floating Parameter  InitialValue    FinalValue (+HiError,-LoError)    GblCorr.
  --------------------  ------------  ----------------------------------  --------
  Background_Fail_HIGH_bin_1-1    9.4822e+04    9.4824e+04         +/-  3.03e+02  <none>
  Background_Fail_HIGH_bin_1-2    7.1012e+04    7.1014e+04         +/-  2.65e+02  <none>
  Background_Fail_HIGH_bin_1-3    4.3092e+04    4.3091e+04         +/-  2.05e+02  <none>
  Background_Fail_HIGH_bin_1-4    2.6976e+04    2.6977e+04         +/-  1.61e+02  <none>
  Background_Fail_HIGH_bin_1-5    1.0875e+04    1.0877e+04         +/-  1.02e+02  <none>
  Background_Fail_HIGH_bin_1-6    3.8050e+03    3.8043e+03         +/-  6.03e+01  <none>
  Background_Fail_HIGH_bin_1-7    1.3449e+03    1.3454e+03         +/-  3.60e+01  <none>
  Background_Fail_HIGH_bin_1-8    4.4067e+01    4.4064e+01         +/-  6.44e+00  <none>
  Background_Fail_HIGH_bin_2-1    4.5164e+04    4.5162e+04         +/-  2.09e+02  <none>
  Background_Fail_HIGH_bin_2-2    3.2855e+04    3.2857e+04         +/-  1.79e+02  <none>
  Background_Fail_HIGH_bin_2-3    1.9493e+04    1.9495e+04         +/-  1.38e+02  <none>
  Background_Fail_HIGH_bin_2-4    1.2312e+04    1.2313e+04         +/-  1.10e+02  <none>
  Background_Fail_HIGH_bin_2-5    5.3537e+03    5.3535e+03         +/-  7.15e+01  <none>
  Background_Fail_HIGH_bin_2-6    2.2275e+03    2.2274e+03         +/-  4.60e+01  <none>
  Background_Fail_HIGH_bin_2-7    1.2145e+03    1.2144e+03         +/-  3.39e+01  <none>
  Background_Fail_HIGH_bin_2-8    9.6154e+01    9.6148e+01         +/-  9.52e+00  <none>
  Background_Fail_HIGH_bin_3-1    2.2522e+04    2.2522e+04         +/-  1.48e+02  <none>
  Background_Fail_HIGH_bin_3-2    1.6136e+04    1.6136e+04         +/-  1.25e+02  <none>
  Background_Fail_HIGH_bin_3-3    9.4164e+03    9.4160e+03         +/-  9.69e+01  <none>
  Background_Fail_HIGH_bin_3-4    6.2376e+03    6.2379e+03         +/-  7.81e+01  <none>
  Background_Fail_HIGH_bin_3-5    2.6810e+03    2.6810e+03         +/-  5.06e+01  <none>
  Background_Fail_HIGH_bin_3-6    1.0937e+03    1.0936e+03         +/-  3.24e+01  <none>
  Background_Fail_HIGH_bin_3-7    7.8172e+02    7.8169e+02         +/-  2.73e+01  <none>
  Background_Fail_HIGH_bin_3-8    1.2492e+02    1.2492e+02         +/-  1.09e+01  <none>
  Background_Fail_HIGH_bin_4-1    1.1642e+04    1.1642e+04         +/-  1.06e+02  <none>
  Background_Fail_HIGH_bin_4-2    8.1102e+03    8.1102e+03         +/-  8.82e+01  <none>
  Background_Fail_HIGH_bin_4-3    4.7690e+03    4.7689e+03         +/-  6.77e+01  <none>
  Background_Fail_HIGH_bin_4-4    3.0614e+03    3.0619e+03         +/-  5.46e+01  <none>
  Background_Fail_HIGH_bin_4-5    1.4152e+03    1.4151e+03         +/-  3.68e+01  <none>
  Background_Fail_HIGH_bin_4-6    6.1384e+02    6.1382e+02         +/-  2.42e+01  <none>
  Background_Fail_HIGH_bin_4-7    4.6781e+02    4.6780e+02         +/-  2.11e+01  <none>
  Background_Fail_HIGH_bin_4-8    1.2251e+02    1.2250e+02         +/-  1.08e+01  <none>
  Background_Fail_HIGH_bin_5-1    6.0188e+03    6.0188e+03         +/-  7.62e+01  <none>
  Background_Fail_HIGH_bin_5-2    4.1230e+03    4.1230e+03         +/-  6.30e+01  <none>
  Background_Fail_HIGH_bin_5-3    2.3212e+03    2.3212e+03         +/-  4.73e+01  <none>
  Background_Fail_HIGH_bin_5-4    1.5607e+03    1.5606e+03         +/-  3.87e+01  <none>
  Background_Fail_HIGH_bin_5-5    7.3670e+02    7.3669e+02         +/-  2.66e+01  <none>
  Background_Fail_HIGH_bin_5-6    3.2094e+02    3.2094e+02         +/-  1.76e+01  <none>
  Background_Fail_HIGH_bin_5-7    2.7690e+02    2.7689e+02         +/-  1.63e+01  <none>
  Background_Fail_HIGH_bin_5-8    8.0981e+01    8.0977e+01         +/-  8.78e+00  <none>
  Background_Fail_HIGH_bin_6-1    3.2112e+03    3.2112e+03         +/-  5.57e+01  <none>
  Background_Fail_HIGH_bin_6-2    2.1322e+03    2.1322e+03         +/-  4.54e+01  <none>
  Background_Fail_HIGH_bin_6-3    1.2242e+03    1.2242e+03         +/-  3.44e+01  <none>
  Background_Fail_HIGH_bin_6-4    8.3724e+02    8.3723e+02         +/-  2.84e+01  <none>
  Background_Fail_HIGH_bin_6-5    3.6782e+02    3.6782e+02         +/-  1.88e+01  <none>
  Background_Fail_HIGH_bin_6-6    2.0792e+02    2.0792e+02         +/-  1.41e+01  <none>
  Background_Fail_HIGH_bin_6-7    1.5891e+02    1.5891e+02         +/-  1.23e+01  <none>
  Background_Fail_HIGH_bin_6-8    6.1158e+01    6.1155e+01         +/-  7.65e+00  <none>
  Background_Fail_HIGH_bin_7-1    2.4922e+03    2.4922e+03         +/-  4.93e+01  <none>
  Background_Fail_HIGH_bin_7-2    1.5845e+03    1.5846e+03         +/-  3.95e+01  <none>
  Background_Fail_HIGH_bin_7-3    9.0055e+02    9.0055e+02         +/-  2.96e+01  <none>
  Background_Fail_HIGH_bin_7-4    6.5671e+02    6.5670e+02         +/-  2.52e+01  <none>
  Background_Fail_HIGH_bin_7-5    3.3902e+02    3.3901e+02         +/-  1.81e+01  <none>
  Background_Fail_HIGH_bin_7-6    1.6106e+02    1.6106e+02         +/-  1.25e+01  <none>
  Background_Fail_HIGH_bin_7-7    1.4914e+02    1.4914e+02         +/-  1.20e+01  <none>
  Background_Fail_HIGH_bin_7-8    3.7354e+01    3.7353e+01         +/-  5.99e+00  <none>
  Background_Fail_LOW_bin_1-1    1.0043e-06    1.2285e-06         +/-  4.75e-01  <none>
  Background_Fail_LOW_bin_1-2    1.0041e-06    1.7732e-06         +/-  4.72e-01  <none>
  Background_Fail_LOW_bin_1-3    1.0039e-06    1.8361e-06         +/-  4.71e-01  <none>
  Background_Fail_LOW_bin_1-4    1.0037e-06    1.4832e-06         +/-  4.71e-01  <none>
  Background_Fail_LOW_bin_1-5    1.0034e-06    1.2551e-06         +/-  4.70e-01  <none>
  Background_Fail_LOW_bin_1-6    1.0032e-06    1.4989e-06         +/-  4.69e-01  <none>
  Background_Fail_LOW_bin_1-7    1.0029e-06    1.6167e-06         +/-  4.67e-01  <none>
  Background_Fail_LOW_bin_2-1    1.2295e+05    1.2295e+05         +/-  3.46e+02  <none>
  Background_Fail_LOW_bin_2-2    9.5763e+04    9.5766e+04         +/-  3.10e+02  <none>
  Background_Fail_LOW_bin_2-3    5.8034e+04    5.8035e+04         +/-  2.41e+02  <none>
  Background_Fail_LOW_bin_2-4    3.3083e+04    3.3084e+04         +/-  1.87e+02  <none>
  Background_Fail_LOW_bin_2-5    9.6386e+03    9.6400e+03         +/-  9.80e+01  <none>
  Background_Fail_LOW_bin_2-6    1.4425e+03    1.4425e+03         +/-  3.76e+01  <none>
  Background_Fail_LOW_bin_2-7    1.3043e+02    1.3026e+02         +/-  1.19e+01  <none>
  Background_Fail_SIG_bin_1-1    5.8481e+04    5.8480e+04         +/-  2.37e+02  <none>
  Background_Fail_SIG_bin_1-2    4.4637e+04    4.4639e+04         +/-  2.10e+02  <none>
  Background_Fail_SIG_bin_1-3    2.7049e+04    2.7052e+04         +/-  1.65e+02  <none>
  Background_Fail_SIG_bin_1-4    1.5744e+04    1.5743e+04         +/-  1.26e+02  <none>
  Background_Fail_SIG_bin_1-5    5.1952e+03    5.1952e+03         +/-  7.06e+01  <none>
  Background_Fail_SIG_bin_1-6    1.0277e+03    1.0277e+03         +/-  3.11e+01  <none>
  Background_Fail_SIG_bin_1-7    1.2098e+02    1.2097e+02         +/-  1.07e+01  <none>
  Background_Fail_SIG_bin_1-8    5.4286e+00    5.4288e+00         +/-  2.29e+00  <none>
  Background_Fail_SIG_bin_2-1    4.8855e+04    4.8858e+04         +/-  2.17e+02  <none>
  Background_Fail_SIG_bin_2-2    3.7314e+04    3.7313e+04         +/-  1.91e+02  <none>
  Background_Fail_SIG_bin_2-3    2.3008e+04    2.3010e+04         +/-  1.50e+02  <none>
  Background_Fail_SIG_bin_2-4    1.3767e+04    1.3768e+04         +/-  1.20e+02  <none>
  Background_Fail_SIG_bin_2-5    4.7888e+03    4.7892e+03         +/-  6.82e+01  <none>
  Background_Fail_SIG_bin_2-6    1.0586e+03    1.0586e+03         +/-  3.16e+01  <none>
  Background_Fail_SIG_bin_2-7    1.3403e+02    1.3403e+02         +/-  1.18e+01  <none>
  Background_Fail_SIG_bin_2-8    3.5276e+00    3.5277e+00         +/-  1.87e+00  <none>
  Background_Fail_SIG_bin_3-1    4.1183e+04    4.1185e+04         +/-  1.99e+02  <none>
  Background_Fail_SIG_bin_3-2    3.1592e+04    3.1592e+04         +/-  1.74e+02  <none>
  Background_Fail_SIG_bin_3-3    1.8967e+04    1.8967e+04         +/-  1.37e+02  <none>
  Background_Fail_SIG_bin_3-4    1.1607e+04    1.1608e+04         +/-  1.07e+02  <none>
  Background_Fail_SIG_bin_3-5    4.2257e+03    4.2264e+03         +/-  6.36e+01  <none>
  Background_Fail_SIG_bin_3-6    1.0434e+03    1.0433e+03         +/-  3.14e+01  <none>
  Background_Fail_SIG_bin_3-7    1.5464e+02    1.5471e+02         +/-  1.26e+01  <none>
  Background_Fail_SIG_bin_3-8    3.5793e+00    3.5786e+00         +/-  1.87e+00  <none>
  Background_Fail_SIG_bin_4-1    3.4503e+04    3.4502e+04         +/-  1.83e+02  <none>
  Background_Fail_SIG_bin_4-2    2.6347e+04    2.6347e+04         +/-  1.60e+02  <none>
  Background_Fail_SIG_bin_4-3    1.6177e+04    1.6178e+04         +/-  1.25e+02  <none>
  Background_Fail_SIG_bin_4-4    9.7500e+03    9.7494e+03         +/-  9.81e+01  <none>
  Background_Fail_SIG_bin_4-5    3.6340e+03    3.6338e+03         +/-  5.91e+01  <none>
  Background_Fail_SIG_bin_4-6    1.0649e+03    1.0648e+03         +/-  3.17e+01  <none>
  Background_Fail_SIG_bin_4-7    2.1251e+02    2.1250e+02         +/-  1.41e+01  <none>
  Background_Fail_SIG_bin_4-8    6.4820e+00    6.4807e+00         +/-  2.48e+00  <none>
  Background_Fail_SIG_bin_5-1    2.9476e+04    2.9476e+04         +/-  1.68e+02  <none>
  Background_Fail_SIG_bin_5-2    2.2772e+04    2.2772e+04         +/-  1.48e+02  <none>
  Background_Fail_SIG_bin_5-3    1.3611e+04    1.3611e+04         +/-  1.15e+02  <none>
  Background_Fail_SIG_bin_5-4    8.3512e+03    8.3507e+03         +/-  9.05e+01  <none>
  Background_Fail_SIG_bin_5-5    3.1917e+03    3.1921e+03         +/-  5.55e+01  <none>
  Background_Fail_SIG_bin_5-6    1.0260e+03    1.0259e+03         +/-  3.11e+01  <none>
  Background_Fail_SIG_bin_5-7    2.6993e+02    2.6992e+02         +/-  1.61e+01  <none>
  Background_Fail_SIG_bin_5-8    6.4579e+00    6.4568e+00         +/-  2.48e+00  <none>
  Background_rpf_2x1_par0    2.6739e-01    2.6740e-01         +/-  2.85e-02  <none>
  Background_rpf_2x1_par1   -1.6120e-01   -1.6119e-01         +/-  2.47e-02  <none>
  Background_rpf_2x1_par2    2.8083e-02    2.7935e-02         +/-  2.56e-02  <none>
  Background_rpf_2x1_par3    2.0328e-01    2.0329e-01         +/-  2.18e-02  <none>
  Background_rpf_2x1_par4    8.5101e-02    8.5380e-02         +/-  1.39e-02  <none>
                     F   -2.1502e-02   -2.1589e-02         +/-  1.64e-01  <none>
                   JER   -4.8981e-02   -5.3997e-02         +/-  1.80e-01  <none>
                   JES   -1.7358e-01   -1.7473e-01         +/-  1.21e-01  <none>
                   JMR    1.8980e+00    1.8425e+00         +/-  3.62e-01  <none>
                   JMS   -1.1831e-01   -1.1676e-01         +/-  1.15e-01  <none>
                PS_FSR    2.2100e-02    2.0194e-02         +/-  8.01e-02  <none>
                PS_ISR   -1.3863e+00   -1.4696e+00         +/-  4.51e-01  <none>
                     R   -9.9026e-02   -1.0290e-01         +/-  1.86e-01  <none>
                    RF   -1.7397e-01   -1.5842e-01         +/-  1.94e-01  <none>
                  btag    6.2039e-02    6.3087e-02         +/-  1.73e-01  <none>
                  lumi    2.7301e-01    2.7321e-01         +/-  9.91e-01  <none>
                   pdf   -6.5790e-03   -7.0251e-03         +/-  1.68e-01  <none>
                pileup    1.0553e-02    9.3593e-03         +/-  1.62e-01  <none>
               prefire   -3.7103e-03   -4.0552e-03         +/-  1.69e-01  <none>
                     r    1.0000e+00    1.0000e+00 (+8.77e-02,--0.00e+00)  <none>
              top_ptrw    0.0000e+00    0.0000e+00         +/-  1.58e-01  <none>
            ttbar_xsec    3.6926e+00    3.6953e+00         +/-  4.42e-01  <none>


 --- FitDiagnostics ---
Best fit r: 1  -2.5695e-12/+0.0876922  (68% CL)
Done in 0.08 min (cpu), 0.09 min (real)
Printing Message Summary From ... combine_logger.out
----------------------------------------------
Messages of type INFO : 230
Messages of type DEBUG : 2
Messages of type ERROR : 2
----------------------------------------------
INFO: (function: applyOptionsBase) FitterAlgoBase.cc: 113 -- Setting robust fit options to Tolerance=0.1 / Strategy=0 / Type,Algo=Minuit2,Migrad (note that defaults of CascadeMinimizer were taken where option not specified)
INFO: (function: improveOnce) CascadeMinimizer.cc: 188 -- Minimisation configured with Type=Minuit2, Algo=Migrad, strategy=0, tolerance=0.1
INFO: (function: improveOnce) CascadeMinimizer.cc: 211 -- Minimisation finished with status=0
INFO: (function: improveOnce) CascadeMinimizer.cc: 216 -- Minimization success! status=0
INFO: (function: improveOnce) CascadeMinimizer.cc: 188 -- Minimisation configured with Type=Minuit2, Algo=Migrad, strategy=0, tolerance=0.1
INFO: (function: improveOnce) CascadeMinimizer.cc: 211 -- Minimisation finished with status=0
INFO: (function: improveOnce) CascadeMinimizer.cc: 216 -- Minimization success! status=0
INFO: (function: improveOnce) CascadeMinimizer.cc: 188 -- Minimisation configured with Type=Minuit2, Algo=Migrad, strategy=0, tolerance=0.1
INFO: (function: improveOnce) CascadeMinimizer.cc: 211 -- Minimisation finished with status=0
INFO: (function: improveOnce) CascadeMinimizer.cc: 216 -- Minimization success! status=0
INFO: (function: anyParameterAtBoundaries) utils.cc: 1039 -- Found parameter Background_Fail_LOW_bin_1-1 at boundary (within ~1sigma): 1.00167e-06+/-0.494198
INFO: (function: anyParameterAtBoundaries) utils.cc: 1039 -- Found parameter Background_Fail_LOW_bin_1-2 at boundary (within ~1sigma): 1.00167e-06+/-0.493679
INFO: (function: anyParameterAtBoundaries) utils.cc: 1039 -- Found parameter Background_Fail_LOW_bin_1-3 at boundary (within ~1sigma): 1.00172e-06+/-0.493109
INFO: (function: anyParameterAtBoundaries) utils.cc: 1039 -- Found parameter Background_Fail_LOW_bin_1-4 at boundary (within ~1sigma): 1.00167e-06+/-0.492594
INFO: (function: anyParameterAtBoundaries) utils.cc: 1039 -- Found parameter Background_Fail_LOW_bin_1-5 at boundary (within ~1sigma): 1.00161e-06+/-0.49208
INFO: (function: anyParameterAtBoundaries) utils.cc: 1039 -- Found parameter Background_Fail_LOW_bin_1-6 at boundary (within ~1sigma): 1.00155e-06+/-0.491567
INFO: (function: anyParameterAtBoundaries) utils.cc: 1039 -- Found parameter Background_Fail_LOW_bin_1-7 at boundary (within ~1sigma): 1.00144e-06+/-0.490802
INFO: (function: minimize) CascadeMinimizer.cc: 480 -- After fit, some parameters are found at the boundary (within ~1sigma)
INFO: (function: improveOnce) CascadeMinimizer.cc: 188 -- Minimisation configured with Type=Minuit2, Algo=Migrad, strategy=0, tolerance=0.1
INFO: (function: improveOnce) CascadeMinimizer.cc: 211 -- Minimisation finished with status=0
INFO: (function: improveOnce) CascadeMinimizer.cc: 216 -- Minimization success! status=0
ERROR: (function: runSpecific) [WARNING]: Unable to determine uncertainties on all fit parameters in b-only fit. Have a look at https://cms-analysis.github.io/HiggsAnalysis-CombinedLimit/part3/nonstandard/#fit-parameter-uncertainties for more information.
DEBUG: (function: runSpecific) FitDiagnostics.cc: 318 -- Fit B-only, status = 0, numBadNLL = 0, covariance quality = 2
INFO: (function: improveOnce) CascadeMinimizer.cc: 188 -- Minimisation configured with Type=Minuit2, Algo=Migrad, strategy=0, tolerance=0.1
INFO: (function: improveOnce) CascadeMinimizer.cc: 211 -- Minimisation finished with status=0
INFO: (function: improveOnce) CascadeMinimizer.cc: 216 -- Minimization success! status=0
INFO: (function: anyParameterAtBoundaries) utils.cc: 1039 -- Found parameter Background_Fail_LOW_bin_1-1 at boundary (within ~1sigma): 1.00433e-06+/-0.494157
INFO: (function: anyParameterAtBoundaries) utils.cc: 1039 -- Found parameter Background_Fail_LOW_bin_1-2 at boundary (within ~1sigma): 1.00411e-06+/-0.493643
INFO: (function: anyParameterAtBoundaries) utils.cc: 1039 -- Found parameter Background_Fail_LOW_bin_1-3 at boundary (within ~1sigma): 1.00389e-06+/-0.493079
INFO: (function: anyParameterAtBoundaries) utils.cc: 1039 -- Found parameter Background_Fail_LOW_bin_1-4 at boundary (within ~1sigma): 1.00366e-06+/-0.492566
INFO: (function: anyParameterAtBoundaries) utils.cc: 1039 -- Found parameter Background_Fail_LOW_bin_1-5 at boundary (within ~1sigma): 1.00344e-06+/-0.492054
INFO: (function: anyParameterAtBoundaries) utils.cc: 1039 -- Found parameter Background_Fail_LOW_bin_1-6 at boundary (within ~1sigma): 1.00322e-06+/-0.491544
INFO: (function: anyParameterAtBoundaries) utils.cc: 1039 -- Found parameter Background_Fail_LOW_bin_1-7 at boundary (within ~1sigma): 1.00294e-06+/-0.490781
INFO: (function: minimize) CascadeMinimizer.cc: 480 -- After fit, some parameters are found at the boundary (within ~1sigma)
INFO: (function: improveOnce) CascadeMinimizer.cc: 188 -- Minimisation configured with Type=Minuit2, Algo=Migrad, strategy=0, tolerance=0.1
INFO: (function: improveOnce) CascadeMinimizer.cc: 211 -- Minimisation finished with status=0
INFO: (function: improveOnce) CascadeMinimizer.cc: 216 -- Minimization success! status=0
INFO: (function: doFit) FitterAlgoBase.cc: 359 -- Running RobustFit for POI r. Configured with strategy 0  
INFO: (function: findCrossing) FitterAlgoBase.cc: 405 -- Searching for crossing at nll = -34970.3, in the interval 1 < r < 5
INFO: (function: improveOnce) CascadeMinimizer.cc: 188 -- Minimisation configured with Type=Minuit2, Algo=Migrad, strategy=0, tolerance=0.1
INFO: (function: improveOnce) CascadeMinimizer.cc: 211 -- Minimisation finished with status=0
INFO: (function: improveOnce) CascadeMinimizer.cc: 216 -- Minimization success! status=0
INFO: (function: anyParameterAtBoundaries) utils.cc: 1039 -- Found parameter Background_Fail_LOW_bin_1-1 at boundary (within ~1sigma): 1.02742e-06+/-0.474334
INFO: (function: anyParameterAtBoundaries) utils.cc: 1039 -- Found parameter Background_Fail_LOW_bin_1-2 at boundary (within ~1sigma): 1.00805e-06+/-0.473216
INFO: (function: anyParameterAtBoundaries) utils.cc: 1039 -- Found parameter Background_Fail_LOW_bin_1-3 at boundary (within ~1sigma): 1.01293e-06+/-0.472106
INFO: (function: anyParameterAtBoundaries) utils.cc: 1039 -- Found parameter Background_Fail_LOW_bin_1-4 at boundary (within ~1sigma): 1.01571e-06+/-0.471207
INFO: (function: anyParameterAtBoundaries) utils.cc: 1039 -- Found parameter Background_Fail_LOW_bin_1-5 at boundary (within ~1sigma): 1.0086e-06+/-0.470122
INFO: (function: anyParameterAtBoundaries) utils.cc: 1039 -- Found parameter Background_Fail_LOW_bin_1-6 at boundary (within ~1sigma): 1.00089e-06+/-0.46918
INFO: (function: anyParameterAtBoundaries) utils.cc: 1039 -- Found parameter Background_Fail_LOW_bin_1-7 at boundary (within ~1sigma): 1.01499e-06+/-0.467747
INFO: (function: minimize) CascadeMinimizer.cc: 480 -- After fit, some parameters are found at the boundary (within ~1sigma)
INFO: (function: findCrossing) FitterAlgoBase.cc: 426 -- r lvl-here lvl-there 	stepping 
INFO: (function: improveOnce) CascadeMinimizer.cc: 188 -- Minimisation configured with Type=Minuit2, Algo=Migrad, strategy=0, tolerance=0.1
INFO: (function: improveOnce) CascadeMinimizer.cc: 211 -- Minimisation finished with status=0
INFO: (function: improveOnce) CascadeMinimizer.cc: 216 -- Minimization success! status=0
INFO: (function: anyParameterAtBoundaries) utils.cc: 1039 -- Found parameter Background_Fail_LOW_bin_1-1 at boundary (within ~1sigma): 1.54301e-06+/-0.47395
INFO: (function: anyParameterAtBoundaries) utils.cc: 1039 -- Found parameter Background_Fail_LOW_bin_1-2 at boundary (within ~1sigma): 1.54007e-06+/-0.472941
INFO: (function: anyParameterAtBoundaries) utils.cc: 1039 -- Found parameter Background_Fail_LOW_bin_1-3 at boundary (within ~1sigma): 1.56355e-06+/-0.471862
INFO: (function: anyParameterAtBoundaries) utils.cc: 1039 -- Found parameter Background_Fail_LOW_bin_1-4 at boundary (within ~1sigma): 1.51775e-06+/-0.470812
INFO: (function: anyParameterAtBoundaries) utils.cc: 1039 -- Found parameter Background_Fail_LOW_bin_1-5 at boundary (within ~1sigma): 1.55755e-06+/-0.469849
INFO: (function: anyParameterAtBoundaries) utils.cc: 1039 -- Found parameter Background_Fail_LOW_bin_1-6 at boundary (within ~1sigma): 1.54129e-06+/-0.468845
INFO: (function: anyParameterAtBoundaries) utils.cc: 1039 -- Found parameter Background_Fail_LOW_bin_1-7 at boundary (within ~1sigma): 1.55234e-06+/-0.467394
INFO: (function: minimize) CascadeMinimizer.cc: 480 -- After fit, some parameters are found at the boundary (within ~1sigma)
INFO: (function: findCrossing) FitterAlgoBase.cc: 459 -- 1.400000    -1.79122  +0.49454    0.400000
INFO: (function: improveOnce) CascadeMinimizer.cc: 188 -- Minimisation configured with Type=Minuit2, Algo=Migrad, strategy=0, tolerance=0.1
INFO: (function: improveOnce) CascadeMinimizer.cc: 211 -- Minimisation finished with status=0
INFO: (function: improveOnce) CascadeMinimizer.cc: 216 -- Minimization success! status=0
INFO: (function: anyParameterAtBoundaries) utils.cc: 1039 -- Found parameter Background_Fail_LOW_bin_1-1 at boundary (within ~1sigma): 1.27073e-06+/-0.473387
INFO: (function: anyParameterAtBoundaries) utils.cc: 1039 -- Found parameter Background_Fail_LOW_bin_1-2 at boundary (within ~1sigma): 1.26484e-06+/-0.472396
INFO: (function: anyParameterAtBoundaries) utils.cc: 1039 -- Found parameter Background_Fail_LOW_bin_1-3 at boundary (within ~1sigma): 1.05579e-06+/-0.471884
INFO: (function: anyParameterAtBoundaries) utils.cc: 1039 -- Found parameter Background_Fail_LOW_bin_1-4 at boundary (within ~1sigma): 1.16248e-06+/-0.470598
INFO: (function: anyParameterAtBoundaries) utils.cc: 1039 -- Found parameter Background_Fail_LOW_bin_1-5 at boundary (within ~1sigma): 1.1697e-06+/-0.469585
INFO: (function: anyParameterAtBoundaries) utils.cc: 1039 -- Found parameter Background_Fail_LOW_bin_1-6 at boundary (within ~1sigma): 1.1128e-06+/-0.468756
INFO: (function: anyParameterAtBoundaries) utils.cc: 1039 -- Found parameter Background_Fail_LOW_bin_1-7 at boundary (within ~1sigma): 1.08776e-06+/-0.467345
INFO: (function: minimize) CascadeMinimizer.cc: 480 -- After fit, some parameters are found at the boundary (within ~1sigma)
INFO: (function: findCrossing) FitterAlgoBase.cc: 459 -- 1.120000    -0.18377  -1.79122    0.120000
INFO: (function: improveOnce) CascadeMinimizer.cc: 188 -- Minimisation configured with Type=Minuit2, Algo=Migrad, strategy=0, tolerance=0.1
INFO: (function: improveOnce) CascadeMinimizer.cc: 211 -- Minimisation finished with status=0
INFO: (function: improveOnce) CascadeMinimizer.cc: 216 -- Minimization success! status=0
INFO: (function: anyParameterAtBoundaries) utils.cc: 1039 -- Found parameter Background_Fail_LOW_bin_1-1 at boundary (within ~1sigma): 1.01765e-06+/-0.474186
INFO: (function: anyParameterAtBoundaries) utils.cc: 1039 -- Found parameter Background_Fail_LOW_bin_1-2 at boundary (within ~1sigma): 1.01071e-06+/-0.473191
INFO: (function: anyParameterAtBoundaries) utils.cc: 1039 -- Found parameter Background_Fail_LOW_bin_1-3 at boundary (within ~1sigma): 1e-06+/-0.472131
INFO: (function: anyParameterAtBoundaries) utils.cc: 1039 -- Found parameter Background_Fail_LOW_bin_1-4 at boundary (within ~1sigma): 1.01049e-06+/-0.471175
INFO: (function: anyParameterAtBoundaries) utils.cc: 1039 -- Found parameter Background_Fail_LOW_bin_1-5 at boundary (within ~1sigma): 1.0494e-06+/-0.470232
INFO: (function: anyParameterAtBoundaries) utils.cc: 1039 -- Found parameter Background_Fail_LOW_bin_1-6 at boundary (within ~1sigma): 1.01871e-06+/-0.469206
INFO: (function: anyParameterAtBoundaries) utils.cc: 1039 -- Found parameter Background_Fail_LOW_bin_1-7 at boundary (within ~1sigma): 1.02726e-06+/-0.467742
INFO: (function: minimize) CascadeMinimizer.cc: 480 -- After fit, some parameters are found at the boundary (within ~1sigma)
INFO: (function: findCrossing) FitterAlgoBase.cc: 459 -- 1.036000    +0.29174  -0.18377    0.036000
INFO: (function: improveOnce) CascadeMinimizer.cc: 188 -- Minimisation configured with Type=Minuit2, Algo=Migrad, strategy=0, tolerance=0.1
INFO: (function: improveOnce) CascadeMinimizer.cc: 211 -- Minimisation finished with status=0
INFO: (function: improveOnce) CascadeMinimizer.cc: 216 -- Minimization success! status=0
INFO: (function: anyParameterAtBoundaries) utils.cc: 1039 -- Found parameter Background_Fail_LOW_bin_1-1 at boundary (within ~1sigma): 1.05757e-06+/-0.474327
INFO: (function: anyParameterAtBoundaries) utils.cc: 1039 -- Found parameter Background_Fail_LOW_bin_1-2 at boundary (within ~1sigma): 1.00072e-06+/-0.473237
INFO: (function: anyParameterAtBoundaries) utils.cc: 1039 -- Found parameter Background_Fail_LOW_bin_1-3 at boundary (within ~1sigma): 1.00022e-06+/-0.47214
INFO: (function: anyParameterAtBoundaries) utils.cc: 1039 -- Found parameter Background_Fail_LOW_bin_1-4 at boundary (within ~1sigma): 1.0161e-06+/-0.471175
INFO: (function: anyParameterAtBoundaries) utils.cc: 1039 -- Found parameter Background_Fail_LOW_bin_1-5 at boundary (within ~1sigma): 1.00178e-06+/-0.470149
INFO: (function: anyParameterAtBoundaries) utils.cc: 1039 -- Found parameter Background_Fail_LOW_bin_1-6 at boundary (within ~1sigma): 1.00921e-06+/-0.46918
INFO: (function: anyParameterAtBoundaries) utils.cc: 1039 -- Found parameter Background_Fail_LOW_bin_1-7 at boundary (within ~1sigma): 1.14505e-06+/-0.467814
INFO: (function: minimize) CascadeMinimizer.cc: 480 -- After fit, some parameters are found at the boundary (within ~1sigma)
INFO: (function: findCrossing) FitterAlgoBase.cc: 459 -- 1.072000    +0.08833  +0.29174    0.036000
INFO: (function: improveOnce) CascadeMinimizer.cc: 188 -- Minimisation configured with Type=Minuit2, Algo=Migrad, strategy=0, tolerance=0.1
INFO: (function: improveOnce) CascadeMinimizer.cc: 211 -- Minimisation finished with status=0
INFO: (function: improveOnce) CascadeMinimizer.cc: 216 -- Minimization success! status=0
INFO: (function: anyParameterAtBoundaries) utils.cc: 1039 -- Found parameter Background_Fail_LOW_bin_1-1 at boundary (within ~1sigma): 1.01071e-06+/-0.474271
INFO: (function: anyParameterAtBoundaries) utils.cc: 1039 -- Found parameter Background_Fail_LOW_bin_1-2 at boundary (within ~1sigma): 1.0166e-06+/-0.473275
INFO: (function: anyParameterAtBoundaries) utils.cc: 1039 -- Found parameter Background_Fail_LOW_bin_1-3 at boundary (within ~1sigma): 1.0443e-06+/-0.472206
INFO: (function: anyParameterAtBoundaries) utils.cc: 1039 -- Found parameter Background_Fail_LOW_bin_1-4 at boundary (within ~1sigma): 1.01582e-06+/-0.471172
INFO: (function: anyParameterAtBoundaries) utils.cc: 1039 -- Found parameter Background_Fail_LOW_bin_1-5 at boundary (within ~1sigma): 1.00083e-06+/-0.470115
INFO: (function: anyParameterAtBoundaries) utils.cc: 1039 -- Found parameter Background_Fail_LOW_bin_1-6 at boundary (within ~1sigma): 1.00006e-06+/-0.469134
INFO: (function: anyParameterAtBoundaries) utils.cc: 1039 -- Found parameter Background_Fail_LOW_bin_1-7 at boundary (within ~1sigma): 1.00272e-06+/-0.467681
INFO: (function: minimize) CascadeMinimizer.cc: 480 -- After fit, some parameters are found at the boundary (within ~1sigma)
INFO: (function: findCrossing) FitterAlgoBase.cc: 459 -- 1.108000    -0.11569  +0.08833    0.036000
INFO: (function: improveOnce) CascadeMinimizer.cc: 188 -- Minimisation configured with Type=Minuit2, Algo=Migrad, strategy=0, tolerance=0.1
INFO: (function: improveOnce) CascadeMinimizer.cc: 211 -- Minimisation finished with status=0
INFO: (function: improveOnce) CascadeMinimizer.cc: 216 -- Minimization success! status=0
INFO: (function: anyParameterAtBoundaries) utils.cc: 1039 -- Found parameter Background_Fail_LOW_bin_1-1 at boundary (within ~1sigma): 1.00544e-06+/-0.474289
INFO: (function: anyParameterAtBoundaries) utils.cc: 1039 -- Found parameter Background_Fail_LOW_bin_1-2 at boundary (within ~1sigma): 1.03619e-06+/-0.473334
INFO: (function: anyParameterAtBoundaries) utils.cc: 1039 -- Found parameter Background_Fail_LOW_bin_1-3 at boundary (within ~1sigma): 1.00228e-06+/-0.472129
INFO: (function: anyParameterAtBoundaries) utils.cc: 1039 -- Found parameter Background_Fail_LOW_bin_1-4 at boundary (within ~1sigma): 1.08227e-06+/-0.471277
INFO: (function: anyParameterAtBoundaries) utils.cc: 1039 -- Found parameter Background_Fail_LOW_bin_1-5 at boundary (within ~1sigma): 1.0045e-06+/-0.470129
INFO: (function: anyParameterAtBoundaries) utils.cc: 1039 -- Found parameter Background_Fail_LOW_bin_1-6 at boundary (within ~1sigma): 1.01243e-06+/-0.469213
INFO: (function: anyParameterAtBoundaries) utils.cc: 1039 -- Found parameter Background_Fail_LOW_bin_1-7 at boundary (within ~1sigma): 1.01898e-06+/-0.467747
INFO: (function: minimize) CascadeMinimizer.cc: 480 -- After fit, some parameters are found at the boundary (within ~1sigma)
INFO: (function: findCrossing) FitterAlgoBase.cc: 459 -- 1.082800    +0.02721  -0.11569    0.010800
INFO: (function: improveOnce) CascadeMinimizer.cc: 188 -- Minimisation configured with Type=Minuit2, Algo=Migrad, strategy=0, tolerance=0.1
INFO: (function: improveOnce) CascadeMinimizer.cc: 211 -- Minimisation finished with status=0
INFO: (function: improveOnce) CascadeMinimizer.cc: 216 -- Minimization success! status=0
INFO: (function: anyParameterAtBoundaries) utils.cc: 1039 -- Found parameter Background_Fail_LOW_bin_1-1 at boundary (within ~1sigma): 1.02121e-06+/-0.474321
INFO: (function: anyParameterAtBoundaries) utils.cc: 1039 -- Found parameter Background_Fail_LOW_bin_1-2 at boundary (within ~1sigma): 1.02448e-06+/-0.473318
INFO: (function: anyParameterAtBoundaries) utils.cc: 1039 -- Found parameter Background_Fail_LOW_bin_1-3 at boundary (within ~1sigma): 1.0161e-06+/-0.472202
INFO: (function: anyParameterAtBoundaries) utils.cc: 1039 -- Found parameter Background_Fail_LOW_bin_1-4 at boundary (within ~1sigma): 1.06095e-06+/-0.471257
INFO: (function: anyParameterAtBoundaries) utils.cc: 1039 -- Found parameter Background_Fail_LOW_bin_1-5 at boundary (within ~1sigma): 1.01771e-06+/-0.470212
INFO: (function: anyParameterAtBoundaries) utils.cc: 1039 -- Found parameter Background_Fail_LOW_bin_1-6 at boundary (within ~1sigma): 1.00178e-06+/-0.469183
INFO: (function: anyParameterAtBoundaries) utils.cc: 1039 -- Found parameter Background_Fail_LOW_bin_1-7 at boundary (within ~1sigma): 1.0005e-06+/-0.46768
INFO: (function: minimize) CascadeMinimizer.cc: 480 -- After fit, some parameters are found at the boundary (within ~1sigma)
INFO: (function: findCrossing) FitterAlgoBase.cc: 459 -- 1.093600    -0.03397  +0.02721    0.010800
INFO: (function: improveOnce) CascadeMinimizer.cc: 188 -- Minimisation configured with Type=Minuit2, Algo=Migrad, strategy=0, tolerance=0.1
INFO: (function: improveOnce) CascadeMinimizer.cc: 211 -- Minimisation finished with status=0
INFO: (function: improveOnce) CascadeMinimizer.cc: 216 -- Minimization success! status=0
INFO: (function: anyParameterAtBoundaries) utils.cc: 1039 -- Found parameter Background_Fail_LOW_bin_1-1 at boundary (within ~1sigma): 1.00133e-06+/-0.474246
INFO: (function: anyParameterAtBoundaries) utils.cc: 1039 -- Found parameter Background_Fail_LOW_bin_1-2 at boundary (within ~1sigma): 1.00322e-06+/-0.473278
INFO: (function: anyParameterAtBoundaries) utils.cc: 1039 -- Found parameter Background_Fail_LOW_bin_1-3 at boundary (within ~1sigma): 1.00122e-06+/-0.472165
INFO: (function: anyParameterAtBoundaries) utils.cc: 1039 -- Found parameter Background_Fail_LOW_bin_1-4 at boundary (within ~1sigma): 1.0025e-06+/-0.471173
INFO: (function: anyParameterAtBoundaries) utils.cc: 1039 -- Found parameter Background_Fail_LOW_bin_1-5 at boundary (within ~1sigma): 1.03703e-06+/-0.470247
INFO: (function: anyParameterAtBoundaries) utils.cc: 1039 -- Found parameter Background_Fail_LOW_bin_1-6 at boundary (within ~1sigma): 1.03603e-06+/-0.469255
INFO: (function: anyParameterAtBoundaries) utils.cc: 1039 -- Found parameter Background_Fail_LOW_bin_1-7 at boundary (within ~1sigma): 1.01399e-06+/-0.467742
INFO: (function: minimize) CascadeMinimizer.cc: 480 -- After fit, some parameters are found at the boundary (within ~1sigma)
INFO: (function: findCrossing) FitterAlgoBase.cc: 459 -- 1.086040    +0.00887  -0.03397    0.003240
INFO: (function: improveOnce) CascadeMinimizer.cc: 188 -- Minimisation configured with Type=Minuit2, Algo=Migrad, strategy=0, tolerance=0.1
INFO: (function: improveOnce) CascadeMinimizer.cc: 211 -- Minimisation finished with status=0
INFO: (function: improveOnce) CascadeMinimizer.cc: 216 -- Minimization success! status=0
INFO: (function: anyParameterAtBoundaries) utils.cc: 1039 -- Found parameter Background_Fail_LOW_bin_1-1 at boundary (within ~1sigma): 1.0675e-06+/-0.47441
INFO: (function: anyParameterAtBoundaries) utils.cc: 1039 -- Found parameter Background_Fail_LOW_bin_1-2 at boundary (within ~1sigma): 1.07816e-06+/-0.473413
INFO: (function: anyParameterAtBoundaries) utils.cc: 1039 -- Found parameter Background_Fail_LOW_bin_1-3 at boundary (within ~1sigma): 1.1355e-06+/-0.472362
INFO: (function: anyParameterAtBoundaries) utils.cc: 1039 -- Found parameter Background_Fail_LOW_bin_1-4 at boundary (within ~1sigma): 1.13872e-06+/-0.471366
INFO: (function: anyParameterAtBoundaries) utils.cc: 1039 -- Found parameter Background_Fail_LOW_bin_1-5 at boundary (within ~1sigma): 1.15016e-06+/-0.470381
INFO: (function: anyParameterAtBoundaries) utils.cc: 1039 -- Found parameter Background_Fail_LOW_bin_1-6 at boundary (within ~1sigma): 1.17236e-06+/-0.469408
INFO: (function: anyParameterAtBoundaries) utils.cc: 1039 -- Found parameter Background_Fail_LOW_bin_1-7 at boundary (within ~1sigma): 1.23798e-06+/-0.467978
INFO: (function: minimize) CascadeMinimizer.cc: 480 -- After fit, some parameters are found at the boundary (within ~1sigma)
INFO: (function: findCrossing) FitterAlgoBase.cc: 459 -- 1.089280    -0.00947  +0.00887    0.003240
INFO: (function: improveOnce) CascadeMinimizer.cc: 188 -- Minimisation configured with Type=Minuit2, Algo=Migrad, strategy=0, tolerance=0.1
INFO: (function: improveOnce) CascadeMinimizer.cc: 211 -- Minimisation finished with status=0
INFO: (function: improveOnce) CascadeMinimizer.cc: 216 -- Minimization success! status=0
INFO: (function: anyParameterAtBoundaries) utils.cc: 1039 -- Found parameter Background_Fail_LOW_bin_1-1 at boundary (within ~1sigma): 1.00344e-06+/-0.474287
INFO: (function: anyParameterAtBoundaries) utils.cc: 1039 -- Found parameter Background_Fail_LOW_bin_1-2 at boundary (within ~1sigma): 1.00161e-06+/-0.473271
INFO: (function: anyParameterAtBoundaries) utils.cc: 1039 -- Found parameter Background_Fail_LOW_bin_1-3 at boundary (within ~1sigma): 1.06722e-06+/-0.472285
INFO: (function: anyParameterAtBoundaries) utils.cc: 1039 -- Found parameter Background_Fail_LOW_bin_1-4 at boundary (within ~1sigma): 1.00355e-06+/-0.471178
INFO: (function: anyParameterAtBoundaries) utils.cc: 1039 -- Found parameter Background_Fail_LOW_bin_1-5 at boundary (within ~1sigma): 1.00289e-06+/-0.470181
INFO: (function: anyParameterAtBoundaries) utils.cc: 1039 -- Found parameter Background_Fail_LOW_bin_1-6 at boundary (within ~1sigma): 1.00455e-06+/-0.469143
INFO: (function: anyParameterAtBoundaries) utils.cc: 1039 -- Found parameter Background_Fail_LOW_bin_1-7 at boundary (within ~1sigma): 1.05568e-06+/-0.467809
INFO: (function: minimize) CascadeMinimizer.cc: 480 -- After fit, some parameters are found at the boundary (within ~1sigma)
INFO: (function: findCrossing) FitterAlgoBase.cc: 459 -- 1.087012    +0.00338  -0.00947    0.000972
INFO: (function: improveOnce) CascadeMinimizer.cc: 188 -- Minimisation configured with Type=Minuit2, Algo=Migrad, strategy=0, tolerance=0.1
INFO: (function: improveOnce) CascadeMinimizer.cc: 211 -- Minimisation finished with status=0
INFO: (function: improveOnce) CascadeMinimizer.cc: 216 -- Minimization success! status=0
INFO: (function: anyParameterAtBoundaries) utils.cc: 1039 -- Found parameter Background_Fail_LOW_bin_1-1 at boundary (within ~1sigma): 1.00033e-06+/-0.474262
INFO: (function: anyParameterAtBoundaries) utils.cc: 1039 -- Found parameter Background_Fail_LOW_bin_1-2 at boundary (within ~1sigma): 1.00233e-06+/-0.473268
INFO: (function: anyParameterAtBoundaries) utils.cc: 1039 -- Found parameter Background_Fail_LOW_bin_1-3 at boundary (within ~1sigma): 1.00078e-06+/-0.472156
INFO: (function: anyParameterAtBoundaries) utils.cc: 1039 -- Found parameter Background_Fail_LOW_bin_1-4 at boundary (within ~1sigma): 1.00605e-06+/-0.471116
INFO: (function: anyParameterAtBoundaries) utils.cc: 1039 -- Found parameter Background_Fail_LOW_bin_1-5 at boundary (within ~1sigma): 1.00511e-06+/-0.470124
INFO: (function: anyParameterAtBoundaries) utils.cc: 1039 -- Found parameter Background_Fail_LOW_bin_1-6 at boundary (within ~1sigma): 1.0015e-06+/-0.469146
INFO: (function: anyParameterAtBoundaries) utils.cc: 1039 -- Found parameter Background_Fail_LOW_bin_1-7 at boundary (within ~1sigma): 1.01338e-06+/-0.467735
INFO: (function: minimize) CascadeMinimizer.cc: 480 -- After fit, some parameters are found at the boundary (within ~1sigma)
INFO: (function: findCrossing) FitterAlgoBase.cc: 459 -- 1.087984    -0.00212  +0.00338    0.000972
INFO: (function: improveOnce) CascadeMinimizer.cc: 188 -- Minimisation configured with Type=Minuit2, Algo=Migrad, strategy=0, tolerance=0.1
INFO: (function: improveOnce) CascadeMinimizer.cc: 211 -- Minimisation finished with status=0
INFO: (function: improveOnce) CascadeMinimizer.cc: 216 -- Minimization success! status=0
INFO: (function: anyParameterAtBoundaries) utils.cc: 1039 -- Found parameter Background_Fail_LOW_bin_1-1 at boundary (within ~1sigma): 1.00139e-06+/-0.474274
INFO: (function: anyParameterAtBoundaries) utils.cc: 1039 -- Found parameter Background_Fail_LOW_bin_1-2 at boundary (within ~1sigma): 1.00011e-06+/-0.473255
INFO: (function: anyParameterAtBoundaries) utils.cc: 1039 -- Found parameter Background_Fail_LOW_bin_1-3 at boundary (within ~1sigma): 1.01404e-06+/-0.472202
INFO: (function: anyParameterAtBoundaries) utils.cc: 1039 -- Found parameter Background_Fail_LOW_bin_1-4 at boundary (within ~1sigma): 1.00078e-06+/-0.47116
INFO: (function: anyParameterAtBoundaries) utils.cc: 1039 -- Found parameter Background_Fail_LOW_bin_1-5 at boundary (within ~1sigma): 1.00633e-06+/-0.470125
INFO: (function: anyParameterAtBoundaries) utils.cc: 1039 -- Found parameter Background_Fail_LOW_bin_1-6 at boundary (within ~1sigma): 1.02931e-06+/-0.469247
INFO: (function: anyParameterAtBoundaries) utils.cc: 1039 -- Found parameter Background_Fail_LOW_bin_1-7 at boundary (within ~1sigma): 1.00022e-06+/-0.46768
INFO: (function: minimize) CascadeMinimizer.cc: 480 -- After fit, some parameters are found at the boundary (within ~1sigma)
INFO: (function: findCrossing) FitterAlgoBase.cc: 459 -- 1.087304    +0.00174  -0.00212    0.000292
INFO: (function: improveOnce) CascadeMinimizer.cc: 188 -- Minimisation configured with Type=Minuit2, Algo=Migrad, strategy=0, tolerance=0.1
INFO: (function: improveOnce) CascadeMinimizer.cc: 211 -- Minimisation finished with status=0
INFO: (function: improveOnce) CascadeMinimizer.cc: 216 -- Minimization success! status=0
INFO: (function: anyParameterAtBoundaries) utils.cc: 1039 -- Found parameter Background_Fail_LOW_bin_1-1 at boundary (within ~1sigma): 1.00289e-06+/-0.474287
INFO: (function: anyParameterAtBoundaries) utils.cc: 1039 -- Found parameter Background_Fail_LOW_bin_1-2 at boundary (within ~1sigma): 1.00028e-06+/-0.473262
INFO: (function: anyParameterAtBoundaries) utils.cc: 1039 -- Found parameter Background_Fail_LOW_bin_1-3 at boundary (within ~1sigma): 1.01166e-06+/-0.472202
INFO: (function: anyParameterAtBoundaries) utils.cc: 1039 -- Found parameter Background_Fail_LOW_bin_1-4 at boundary (within ~1sigma): 1.00172e-06+/-0.471171
INFO: (function: anyParameterAtBoundaries) utils.cc: 1039 -- Found parameter Background_Fail_LOW_bin_1-5 at boundary (within ~1sigma): 1.03303e-06+/-0.47025
INFO: (function: anyParameterAtBoundaries) utils.cc: 1039 -- Found parameter Background_Fail_LOW_bin_1-6 at boundary (within ~1sigma): 1.03453e-06+/-0.469262
INFO: (function: anyParameterAtBoundaries) utils.cc: 1039 -- Found parameter Background_Fail_LOW_bin_1-7 at boundary (within ~1sigma): 1.02048e-06+/-0.46776
INFO: (function: minimize) CascadeMinimizer.cc: 480 -- After fit, some parameters are found at the boundary (within ~1sigma)
INFO: (function: findCrossing) FitterAlgoBase.cc: 459 -- 1.087595    +0.00009  +0.00174    0.000292
INFO: (function: findCrossing) FitterAlgoBase.cc: 405 -- Searching for crossing at nll = -34970.3, in the interval 1 < r < 1
INFO: (function: improveOnce) CascadeMinimizer.cc: 188 -- Minimisation configured with Type=Minuit2, Algo=Migrad, strategy=0, tolerance=0.1
INFO: (function: improveOnce) CascadeMinimizer.cc: 211 -- Minimisation finished with status=0
INFO: (function: improveOnce) CascadeMinimizer.cc: 216 -- Minimization success! status=0
INFO: (function: anyParameterAtBoundaries) utils.cc: 1039 -- Found parameter Background_Fail_LOW_bin_1-1 at boundary (within ~1sigma): 1.02742e-06+/-0.474334
INFO: (function: anyParameterAtBoundaries) utils.cc: 1039 -- Found parameter Background_Fail_LOW_bin_1-2 at boundary (within ~1sigma): 1.00805e-06+/-0.473216
INFO: (function: anyParameterAtBoundaries) utils.cc: 1039 -- Found parameter Background_Fail_LOW_bin_1-3 at boundary (within ~1sigma): 1.01293e-06+/-0.472106
INFO: (function: anyParameterAtBoundaries) utils.cc: 1039 -- Found parameter Background_Fail_LOW_bin_1-4 at boundary (within ~1sigma): 1.01571e-06+/-0.471207
INFO: (function: anyParameterAtBoundaries) utils.cc: 1039 -- Found parameter Background_Fail_LOW_bin_1-5 at boundary (within ~1sigma): 1.0086e-06+/-0.470122
INFO: (function: anyParameterAtBoundaries) utils.cc: 1039 -- Found parameter Background_Fail_LOW_bin_1-6 at boundary (within ~1sigma): 1.00089e-06+/-0.46918
INFO: (function: anyParameterAtBoundaries) utils.cc: 1039 -- Found parameter Background_Fail_LOW_bin_1-7 at boundary (within ~1sigma): 1.01499e-06+/-0.467747
INFO: (function: minimize) CascadeMinimizer.cc: 480 -- After fit, some parameters are found at the boundary (within ~1sigma)
INFO: (function: findCrossing) FitterAlgoBase.cc: 426 -- r lvl-here lvl-there 	stepping 
INFO: (function: improveOnce) CascadeMinimizer.cc: 188 -- Minimisation configured with Type=Minuit2, Algo=Migrad, strategy=0, tolerance=0.1
INFO: (function: improveOnce) CascadeMinimizer.cc: 211 -- Minimisation finished with status=0
INFO: (function: improveOnce) CascadeMinimizer.cc: 216 -- Minimization success! status=0
INFO: (function: anyParameterAtBoundaries) utils.cc: 1039 -- Found parameter Background_Fail_LOW_bin_1-1 at boundary (within ~1sigma): 1.00244e-06+/-0.47428
INFO: (function: anyParameterAtBoundaries) utils.cc: 1039 -- Found parameter Background_Fail_LOW_bin_1-2 at boundary (within ~1sigma): 1.03131e-06+/-0.473317
INFO: (function: anyParameterAtBoundaries) utils.cc: 1039 -- Found parameter Background_Fail_LOW_bin_1-3 at boundary (within ~1sigma): 1e-06+/-0.472155
INFO: (function: anyParameterAtBoundaries) utils.cc: 1039 -- Found parameter Background_Fail_LOW_bin_1-4 at boundary (within ~1sigma): 1.03519e-06+/-0.47122
INFO: (function: anyParameterAtBoundaries) utils.cc: 1039 -- Found parameter Background_Fail_LOW_bin_1-5 at boundary (within ~1sigma): 1.01127e-06+/-0.470126
INFO: (function: anyParameterAtBoundaries) utils.cc: 1039 -- Found parameter Background_Fail_LOW_bin_1-6 at boundary (within ~1sigma): 1.03608e-06+/-0.469238
INFO: (function: anyParameterAtBoundaries) utils.cc: 1039 -- Found parameter Background_Fail_LOW_bin_1-7 at boundary (within ~1sigma): 1.00255e-06+/-0.467679
INFO: (function: minimize) CascadeMinimizer.cc: 480 -- After fit, some parameters are found at the boundary (within ~1sigma)
INFO: (function: findCrossing) FitterAlgoBase.cc: 459 -- 1.000000    +0.49457  +0.49454    -0.000000
ERROR: (function: findCrossing) FitterAlgoBase.cc: 517 -- Closed range without finding crossing! 
DEBUG: (function: runSpecific) FitDiagnostics.cc: 443 -- Fit S+B, status = 0, numBadNLL = 0, covariance quality = 3
