
>>> random number generator seed is 123456
   Options for Robust Minimizer :: 
        Tolerance  0.1
        Strategy   0
        Type,Algo  Minuit2,Migrad
>>> method used is FitDiagnostics
Set Default Value of Parameter r To : 1
>>> 0 out of 6 channels masked

>>> Channel masks:
  1) 0x5f6da50 RooRealVar::  mask_Loose_LOW = 0 C  L(-INF - +INF)  "mask_Loose_LOW"
  2) 0x5f6e4a0 RooRealVar::  mask_Loose_SIG = 0 C  L(-INF - +INF)  "mask_Loose_SIG"
  3) 0x5f6eff0 RooRealVar:: mask_Loose_HIGH = 0 C  L(-INF - +INF)  "mask_Loose_HIGH"
  4) 0x5f6fbc0 RooRealVar::   mask_Pass_LOW = 0 C  L(-INF - +INF)  "mask_Pass_LOW"
  5) 0x5f70710 RooRealVar::   mask_Pass_SIG = 0 C  L(-INF - +INF)  "mask_Pass_SIG"
  6) 0x5f71260 RooRealVar::  mask_Pass_HIGH = 0 C  L(-INF - +INF)  "mask_Pass_HIGH"
SimNLL created with 0 channels, 0 generic constraints, 16 fast gaussian constraints, 0 fast poisson constraints, 0 fast group constraints, 
Minuit2Minimizer: Minimize with max-calls 8000 convergence for edm < 0.1 strategy 0
Minuit2Minimizer::Minuit  - Changing default options
             StorageLevel :               0
MnSeedGenerator: for initial parameters FCN = 0
MnSeedGenerator: Initial state:   - FCN =                0 Edm =            0 NCalls =     65
VariableMetric: start iterating until Edm is < 0.0001
VariableMetric: Initial state   - FCN =                0 Edm =            0 NCalls =     65
VariableMetric: Iteration #   0 - FCN =                0 Edm =            0 NCalls =     65
Minuit2Minimizer : Valid minimum - status = 0
FVAL  = 0
Edm   = 0
Nfcn  = 65
F	  = 0	 +/-  1
JER	  = 0	 +/-  1
JES	  = 0	 +/-  1
JMR	  = 0	 +/-  1
JMS	  = 0	 +/-  1
PS_FSR	  = 0	 +/-  1
PS_ISR	  = 0	 +/-  1
R	  = 0	 +/-  1
RF	  = 0	 +/-  1
btag	  = 0	 +/-  1
lumi	  = 0	 +/-  1
pdf	  = 0	 +/-  1
pileup	  = 0	 +/-  1
prefire	  = 0	 +/-  1
top_ptrw	  = 0	 +/-  1
ttbar_xsec	  = 0	 +/-  1
SimNLL created with 6 channels, 0 generic constraints, 16 fast gaussian constraints, 0 fast poisson constraints, 0 fast group constraints, 

  RooFitResult: minimized FCN value: -0.00106227, estimated distance to minimum: 0.000146549
                covariance matrix quality: Full, accurate covariance matrix
                Status : MINIMIZE=0 HESSE=0 

    Constant Parameter    Value     
  --------------------  ------------
                  F_In    0.0000e+00
                JER_In    0.0000e+00
                JES_In    0.0000e+00
                JMR_In    0.0000e+00
                JMS_In    0.0000e+00
             PS_FSR_In    0.0000e+00
             PS_ISR_In    0.0000e+00
                 RF_In    0.0000e+00
                  R_In    0.0000e+00
               btag_In    0.0000e+00
               lumi_In    0.0000e+00
  n_exp_binLoose_HIGH_proc_Background    1.0000e+00
  n_exp_binLoose_LOW_proc_Background    1.0000e+00
  n_exp_binLoose_SIG_proc_Background    1.0000e+00
  n_exp_binPass_HIGH_proc_Background_0x1    1.0000e+00
  n_exp_binPass_LOW_proc_Background_0x1    1.0000e+00
  n_exp_binPass_SIG_proc_Background_0x1    1.0000e+00
                pdf_In    0.0000e+00
             pileup_In    0.0000e+00
            prefire_In    0.0000e+00
                     r    0.0000e+00
           top_ptrw_In    0.0000e+00
         ttbar_xsec_In    0.0000e+00

    Floating Parameter  InitialValue    FinalValue +/-  Error     GblCorr.
  --------------------  ------------  --------------------------  --------
  Background_Loose_HIGH_bin_1-1    4.4004e+03    4.4006e+03 +/-  6.35e+01  <none>
  Background_Loose_HIGH_bin_1-2    3.6916e+03    3.6916e+03 +/-  6.22e+01  <none>
  Background_Loose_HIGH_bin_1-3    2.3622e+03    2.3624e+03 +/-  5.25e+01  <none>
  Background_Loose_HIGH_bin_1-4    1.5587e+03    1.5588e+03 +/-  4.17e+01  <none>
  Background_Loose_HIGH_bin_1-5    5.7184e+02    5.7188e+02 +/-  2.53e+01  <none>
  Background_Loose_HIGH_bin_1-6    1.7684e+02    1.7684e+02 +/-  1.24e+01  <none>
  Background_Loose_HIGH_bin_1-7    6.3730e+01    6.3724e+01 +/-  7.50e+00  <none>
  Background_Loose_HIGH_bin_2-1    1.9854e+03    1.9854e+03 +/-  4.17e+01  <none>
  Background_Loose_HIGH_bin_2-2    1.6088e+03    1.6088e+03 +/-  4.00e+01  <none>
  Background_Loose_HIGH_bin_2-3    1.0178e+03    1.0179e+03 +/-  3.06e+01  <none>
  Background_Loose_HIGH_bin_2-4    6.2837e+02    6.2848e+02 +/-  2.84e+01  <none>
  Background_Loose_HIGH_bin_2-5    2.2725e+02    2.2720e+02 +/-  1.51e+01  <none>
  Background_Loose_HIGH_bin_2-6    8.5848e+01    8.5857e+01 +/-  8.59e+00  <none>
  Background_Loose_HIGH_bin_2-7    2.9967e+01    2.9973e+01 +/-  5.08e+00  <none>
  Background_Loose_HIGH_bin_3-1    8.6362e+02    8.6361e+02 +/-  2.73e+01  <none>
  Background_Loose_HIGH_bin_3-2    7.4782e+02    7.4783e+02 +/-  2.54e+01  <none>
  Background_Loose_HIGH_bin_3-3    5.0497e+02    5.0498e+02 +/-  2.21e+01  <none>
  Background_Loose_HIGH_bin_3-4    3.2443e+02    3.2441e+02 +/-  1.71e+01  <none>
  Background_Loose_HIGH_bin_3-5    1.1769e+02    1.1769e+02 +/-  1.01e+01  <none>
  Background_Loose_HIGH_bin_3-6    3.8624e+01    3.8630e+01 +/-  5.76e+00  <none>
  Background_Loose_HIGH_bin_3-7    1.0327e+01    1.0344e+01 +/-  3.56e+00  <none>
  Background_Loose_HIGH_bin_4-1    4.4169e+02    4.4171e+02 +/-  1.98e+01  <none>
  Background_Loose_HIGH_bin_4-2    3.4766e+02    3.4766e+02 +/-  1.73e+01  <none>
  Background_Loose_HIGH_bin_4-3    2.3801e+02    2.3804e+02 +/-  1.43e+01  <none>
  Background_Loose_HIGH_bin_4-4    1.4477e+02    1.4476e+02 +/-  1.16e+01  <none>
  Background_Loose_HIGH_bin_4-5    7.1297e+01    7.1298e+01 +/-  7.83e+00  <none>
  Background_Loose_HIGH_bin_4-6    1.8022e+01    1.8022e+01 +/-  3.94e+00  <none>
  Background_Loose_HIGH_bin_4-7    1.0246e+01    1.0249e+01 +/-  2.97e+00  <none>
  Background_Loose_HIGH_bin_5-1    1.9717e+02    1.9717e+02 +/-  1.30e+01  <none>
  Background_Loose_HIGH_bin_5-2    1.6694e+02    1.6694e+02 +/-  1.20e+01  <none>
  Background_Loose_HIGH_bin_5-3    9.2875e+01    9.2877e+01 +/-  8.94e+00  <none>
  Background_Loose_HIGH_bin_5-4    6.9616e+01    6.9618e+01 +/-  7.74e+00  <none>
  Background_Loose_HIGH_bin_5-5    2.4046e+01    2.4046e+01 +/-  4.55e+00  <none>
  Background_Loose_HIGH_bin_5-6    9.4329e+00    9.4354e+00 +/-  2.85e+00  <none>
  Background_Loose_HIGH_bin_5-7    5.1043e+00    5.1043e+00 +/-  2.10e+00  <none>
  Background_Loose_HIGH_bin_6-1    1.7132e+02    1.7132e+02 +/-  1.22e+01  <none>
  Background_Loose_HIGH_bin_6-2    1.3593e+02    1.3594e+02 +/-  1.08e+01  <none>
  Background_Loose_HIGH_bin_6-3    9.2856e+01    9.2858e+01 +/-  8.94e+00  <none>
  Background_Loose_HIGH_bin_6-4    4.3810e+01    4.3811e+01 +/-  6.14e+00  <none>
  Background_Loose_HIGH_bin_6-5    2.5745e+01    2.5746e+01 +/-  4.71e+00  <none>
  Background_Loose_HIGH_bin_6-6    1.1127e+01    1.1132e+01 +/-  3.10e+00  <none>
  Background_Loose_HIGH_bin_6-7    2.4512e+00    2.4505e+00 +/-  1.49e+00  <none>
  Background_Loose_LOW_bin_1-1    6.6308e+03    6.6309e+03 +/-  7.82e+01  <none>
  Background_Loose_LOW_bin_1-2    5.3910e+03    5.3912e+03 +/-  8.43e+01  <none>
  Background_Loose_LOW_bin_1-3    3.4296e+03    3.4297e+03 +/-  7.28e+01  <none>
  Background_Loose_LOW_bin_1-4    2.1059e+03    2.1060e+03 +/-  7.80e+01  <none>
  Background_Loose_LOW_bin_1-5    8.1761e+02    8.1762e+02 +/-  3.03e+01  <none>
  Background_Loose_LOW_bin_1-6    2.1298e+02    2.1302e+02 +/-  1.42e+01  <none>
  Background_Loose_LOW_bin_1-7    7.7013e+01    7.7033e+01 +/-  8.58e+00  <none>
  Background_Loose_SIG_bin_1-1    3.0963e+03    3.0962e+03 +/-  5.35e+01  <none>
  Background_Loose_SIG_bin_1-2    2.5140e+03    2.5140e+03 +/-  5.22e+01  <none>
  Background_Loose_SIG_bin_1-3    1.6358e+03    1.6358e+03 +/-  4.20e+01  <none>
  Background_Loose_SIG_bin_1-4    9.9091e+02    9.9097e+02 +/-  3.83e+01  <none>
  Background_Loose_SIG_bin_1-5    3.5188e+02    3.5190e+02 +/-  1.88e+01  <none>
  Background_Loose_SIG_bin_1-6    1.0647e+02    1.0647e+02 +/-  9.57e+00  <none>
  Background_Loose_SIG_bin_1-7    3.3429e+01    3.3427e+01 +/-  5.36e+00  <none>
  Background_Loose_SIG_bin_2-1    2.5518e+03    2.5518e+03 +/-  4.86e+01  <none>
  Background_Loose_SIG_bin_2-2    2.1486e+03    2.1486e+03 +/-  4.68e+01  <none>
  Background_Loose_SIG_bin_2-3    1.3499e+03    1.3499e+03 +/-  3.92e+01  <none>
  Background_Loose_SIG_bin_2-4    8.6466e+02    8.6475e+02 +/-  3.52e+01  <none>
  Background_Loose_SIG_bin_2-5    3.1508e+02    3.1510e+02 +/-  1.76e+01  <none>
  Background_Loose_SIG_bin_2-6    9.0156e+01    9.0156e+01 +/-  8.81e+00  <none>
  Background_Loose_SIG_bin_2-7    2.2279e+01    2.2280e+01 +/-  4.37e+00  <none>
  Background_Loose_SIG_bin_3-1    2.1143e+03    2.1143e+03 +/-  4.34e+01  <none>
  Background_Loose_SIG_bin_3-2    1.7127e+03    1.7126e+03 +/-  3.98e+01  <none>
  Background_Loose_SIG_bin_3-3    1.0929e+03    1.0930e+03 +/-  3.44e+01  <none>
  Background_Loose_SIG_bin_3-4    7.4516e+02    7.4508e+02 +/-  3.03e+01  <none>
  Background_Loose_SIG_bin_3-5    2.4797e+02    2.4791e+02 +/-  1.56e+01  <none>
  Background_Loose_SIG_bin_3-6    6.0963e+01    6.0961e+01 +/-  7.24e+00  <none>
  Background_Loose_SIG_bin_3-7    2.8282e+01    2.8282e+01 +/-  4.93e+00  <none>
  Background_Loose_SIG_bin_4-1    1.7823e+03    1.7824e+03 +/-  4.00e+01  <none>
  Background_Loose_SIG_bin_4-2    1.3809e+03    1.3810e+03 +/-  3.71e+01  <none>
  Background_Loose_SIG_bin_4-3    8.7967e+02    8.7963e+02 +/-  2.88e+01  <none>
  Background_Loose_SIG_bin_4-4    6.2911e+02    6.2916e+02 +/-  2.60e+01  <none>
  Background_Loose_SIG_bin_4-5    2.3273e+02    2.3271e+02 +/-  1.45e+01  <none>
  Background_Loose_SIG_bin_4-6    7.2124e+01    7.2124e+01 +/-  7.88e+00  <none>
  Background_Loose_SIG_bin_4-7    1.7991e+01    1.7992e+01 +/-  3.93e+00  <none>
  Background_Loose_SIG_bin_5-1    1.4039e+03    1.4039e+03 +/-  3.61e+01  <none>
  Background_Loose_SIG_bin_5-2    1.2030e+03    1.2030e+03 +/-  3.42e+01  <none>
  Background_Loose_SIG_bin_5-3    7.7963e+02    7.7966e+02 +/-  2.77e+01  <none>
  Background_Loose_SIG_bin_5-4    4.8776e+02    4.8781e+02 +/-  2.28e+01  <none>
  Background_Loose_SIG_bin_5-5    1.9387e+02    1.9389e+02 +/-  1.37e+01  <none>
  Background_Loose_SIG_bin_5-6    5.6668e+01    5.6668e+01 +/-  6.98e+00  <none>
  Background_Loose_SIG_bin_5-7    2.1686e+01    2.1680e+01 +/-  4.52e+00  <none>
  Background_rpf_0x1_par0    1.6115e-01    1.6114e-01 +/-  2.64e-03  <none>
  Background_rpf_0x1_par1    6.2814e-03    6.2904e-03 +/-  1.22e-02  <none>
                     F   -3.5158e-02   -3.2489e-02 +/-  4.37e-01  <none>
                   JER    3.0247e-02    2.7249e-02 +/-  3.33e-01  <none>
                   JES    3.9760e-02    3.8549e-02 +/-  6.78e-03  <none>
                   JMR    1.0681e+00    1.0699e+00 +/-  5.93e-01  <none>
                   JMS   -4.4570e-02   -4.2068e-02 +/-  8.94e-03  <none>
                PS_FSR   -2.2851e-01   -2.3081e-01 +/-  2.19e-01  <none>
                PS_ISR    1.4657e-01    1.5666e-01 +/-  4.50e-01  <none>
                     R    1.2061e-01    1.2217e-01 +/-  4.49e-01  <none>
                    RF    1.3944e-01    1.3520e-01 +/-  4.81e-01  <none>
                  btag    3.4447e-02    4.3866e-02 +/-  4.56e-01  <none>
                  lumi   -1.3471e-01   -1.3255e-01 +/-  9.98e-01  <none>
                   pdf   -1.7174e-01   -1.7599e-01 +/-  4.70e-01  <none>
                pileup   -5.0884e-01   -4.9776e-01 +/-  4.93e-01  <none>
               prefire   -1.7886e-02   -1.8609e-02 +/-  4.59e-01  <none>
              top_ptrw    0.0000e+00    0.0000e+00 +/-  4.59e-01  <none>
            ttbar_xsec   -1.2884e+00   -1.2872e+00 +/-  8.04e-01  <none>


  RooFitResult: minimized FCN value: -0.00106227, estimated distance to minimum: 0.000146549
                covariance matrix quality: Full, accurate covariance matrix
                Status : MINIMIZE=0 HESSE=0 

    Constant Parameter    Value     
  --------------------  ------------
                  F_In    0.0000e+00
                JER_In    0.0000e+00
                JES_In    0.0000e+00
                JMR_In    0.0000e+00
                JMS_In    0.0000e+00
             PS_FSR_In    0.0000e+00
             PS_ISR_In    0.0000e+00
                 RF_In    0.0000e+00
                  R_In    0.0000e+00
               btag_In    0.0000e+00
               lumi_In    0.0000e+00
  n_exp_binLoose_HIGH_proc_Background    1.0000e+00
  n_exp_binLoose_LOW_proc_Background    1.0000e+00
  n_exp_binLoose_SIG_proc_Background    1.0000e+00
  n_exp_binPass_HIGH_proc_Background_0x1    1.0000e+00
  n_exp_binPass_LOW_proc_Background_0x1    1.0000e+00
  n_exp_binPass_SIG_proc_Background_0x1    1.0000e+00
                pdf_In    0.0000e+00
             pileup_In    0.0000e+00
            prefire_In    0.0000e+00
                     r    0.0000e+00
           top_ptrw_In    0.0000e+00
         ttbar_xsec_In    0.0000e+00

    Floating Parameter  InitialValue    FinalValue +/-  Error     GblCorr.
  --------------------  ------------  --------------------------  --------
  Background_Loose_HIGH_bin_1-1    4.4004e+03    4.4006e+03 +/-  6.35e+01  <none>
  Background_Loose_HIGH_bin_1-2    3.6916e+03    3.6916e+03 +/-  6.22e+01  <none>
  Background_Loose_HIGH_bin_1-3    2.3622e+03    2.3624e+03 +/-  5.25e+01  <none>
  Background_Loose_HIGH_bin_1-4    1.5587e+03    1.5588e+03 +/-  4.17e+01  <none>
  Background_Loose_HIGH_bin_1-5    5.7184e+02    5.7188e+02 +/-  2.53e+01  <none>
  Background_Loose_HIGH_bin_1-6    1.7684e+02    1.7684e+02 +/-  1.24e+01  <none>
  Background_Loose_HIGH_bin_1-7    6.3730e+01    6.3724e+01 +/-  7.50e+00  <none>
  Background_Loose_HIGH_bin_2-1    1.9854e+03    1.9854e+03 +/-  4.17e+01  <none>
  Background_Loose_HIGH_bin_2-2    1.6088e+03    1.6088e+03 +/-  4.00e+01  <none>
  Background_Loose_HIGH_bin_2-3    1.0178e+03    1.0179e+03 +/-  3.06e+01  <none>
  Background_Loose_HIGH_bin_2-4    6.2837e+02    6.2848e+02 +/-  2.84e+01  <none>
  Background_Loose_HIGH_bin_2-5    2.2725e+02    2.2720e+02 +/-  1.51e+01  <none>
  Background_Loose_HIGH_bin_2-6    8.5848e+01    8.5857e+01 +/-  8.59e+00  <none>
  Background_Loose_HIGH_bin_2-7    2.9967e+01    2.9973e+01 +/-  5.08e+00  <none>
  Background_Loose_HIGH_bin_3-1    8.6362e+02    8.6361e+02 +/-  2.73e+01  <none>
  Background_Loose_HIGH_bin_3-2    7.4782e+02    7.4783e+02 +/-  2.54e+01  <none>
  Background_Loose_HIGH_bin_3-3    5.0497e+02    5.0498e+02 +/-  2.21e+01  <none>
  Background_Loose_HIGH_bin_3-4    3.2443e+02    3.2441e+02 +/-  1.71e+01  <none>
  Background_Loose_HIGH_bin_3-5    1.1769e+02    1.1769e+02 +/-  1.01e+01  <none>
  Background_Loose_HIGH_bin_3-6    3.8624e+01    3.8630e+01 +/-  5.76e+00  <none>
  Background_Loose_HIGH_bin_3-7    1.0327e+01    1.0344e+01 +/-  3.56e+00  <none>
  Background_Loose_HIGH_bin_4-1    4.4169e+02    4.4171e+02 +/-  1.98e+01  <none>
  Background_Loose_HIGH_bin_4-2    3.4766e+02    3.4766e+02 +/-  1.73e+01  <none>
  Background_Loose_HIGH_bin_4-3    2.3801e+02    2.3804e+02 +/-  1.43e+01  <none>
  Background_Loose_HIGH_bin_4-4    1.4477e+02    1.4476e+02 +/-  1.16e+01  <none>
  Background_Loose_HIGH_bin_4-5    7.1297e+01    7.1298e+01 +/-  7.83e+00  <none>
  Background_Loose_HIGH_bin_4-6    1.8022e+01    1.8022e+01 +/-  3.94e+00  <none>
  Background_Loose_HIGH_bin_4-7    1.0246e+01    1.0249e+01 +/-  2.97e+00  <none>
  Background_Loose_HIGH_bin_5-1    1.9717e+02    1.9717e+02 +/-  1.30e+01  <none>
  Background_Loose_HIGH_bin_5-2    1.6694e+02    1.6694e+02 +/-  1.20e+01  <none>
  Background_Loose_HIGH_bin_5-3    9.2875e+01    9.2877e+01 +/-  8.94e+00  <none>
  Background_Loose_HIGH_bin_5-4    6.9616e+01    6.9618e+01 +/-  7.74e+00  <none>
  Background_Loose_HIGH_bin_5-5    2.4046e+01    2.4046e+01 +/-  4.55e+00  <none>
  Background_Loose_HIGH_bin_5-6    9.4329e+00    9.4354e+00 +/-  2.85e+00  <none>
  Background_Loose_HIGH_bin_5-7    5.1043e+00    5.1043e+00 +/-  2.10e+00  <none>
  Background_Loose_HIGH_bin_6-1    1.7132e+02    1.7132e+02 +/-  1.22e+01  <none>
  Background_Loose_HIGH_bin_6-2    1.3593e+02    1.3594e+02 +/-  1.08e+01  <none>
  Background_Loose_HIGH_bin_6-3    9.2856e+01    9.2858e+01 +/-  8.94e+00  <none>
  Background_Loose_HIGH_bin_6-4    4.3810e+01    4.3811e+01 +/-  6.14e+00  <none>
  Background_Loose_HIGH_bin_6-5    2.5745e+01    2.5746e+01 +/-  4.71e+00  <none>
  Background_Loose_HIGH_bin_6-6    1.1127e+01    1.1132e+01 +/-  3.10e+00  <none>
  Background_Loose_HIGH_bin_6-7    2.4512e+00    2.4505e+00 +/-  1.49e+00  <none>
  Background_Loose_LOW_bin_1-1    6.6308e+03    6.6309e+03 +/-  7.82e+01  <none>
  Background_Loose_LOW_bin_1-2    5.3910e+03    5.3912e+03 +/-  8.43e+01  <none>
  Background_Loose_LOW_bin_1-3    3.4296e+03    3.4297e+03 +/-  7.28e+01  <none>
  Background_Loose_LOW_bin_1-4    2.1059e+03    2.1060e+03 +/-  7.80e+01  <none>
  Background_Loose_LOW_bin_1-5    8.1761e+02    8.1762e+02 +/-  3.03e+01  <none>
  Background_Loose_LOW_bin_1-6    2.1298e+02    2.1302e+02 +/-  1.42e+01  <none>
  Background_Loose_LOW_bin_1-7    7.7013e+01    7.7033e+01 +/-  8.58e+00  <none>
  Background_Loose_SIG_bin_1-1    3.0963e+03    3.0962e+03 +/-  5.35e+01  <none>
  Background_Loose_SIG_bin_1-2    2.5140e+03    2.5140e+03 +/-  5.22e+01  <none>
  Background_Loose_SIG_bin_1-3    1.6358e+03    1.6358e+03 +/-  4.20e+01  <none>
  Background_Loose_SIG_bin_1-4    9.9091e+02    9.9097e+02 +/-  3.83e+01  <none>
  Background_Loose_SIG_bin_1-5    3.5188e+02    3.5190e+02 +/-  1.88e+01  <none>
  Background_Loose_SIG_bin_1-6    1.0647e+02    1.0647e+02 +/-  9.57e+00  <none>
  Background_Loose_SIG_bin_1-7    3.3429e+01    3.3427e+01 +/-  5.36e+00  <none>
  Background_Loose_SIG_bin_2-1    2.5518e+03    2.5518e+03 +/-  4.86e+01  <none>
  Background_Loose_SIG_bin_2-2    2.1486e+03    2.1486e+03 +/-  4.68e+01  <none>
  Background_Loose_SIG_bin_2-3    1.3499e+03    1.3499e+03 +/-  3.92e+01  <none>
  Background_Loose_SIG_bin_2-4    8.6466e+02    8.6475e+02 +/-  3.52e+01  <none>
  Background_Loose_SIG_bin_2-5    3.1508e+02    3.1510e+02 +/-  1.76e+01  <none>
  Background_Loose_SIG_bin_2-6    9.0156e+01    9.0156e+01 +/-  8.81e+00  <none>
  Background_Loose_SIG_bin_2-7    2.2279e+01    2.2280e+01 +/-  4.37e+00  <none>
  Background_Loose_SIG_bin_3-1    2.1143e+03    2.1143e+03 +/-  4.34e+01  <none>
  Background_Loose_SIG_bin_3-2    1.7127e+03    1.7126e+03 +/-  3.98e+01  <none>
  Background_Loose_SIG_bin_3-3    1.0929e+03    1.0930e+03 +/-  3.44e+01  <none>
  Background_Loose_SIG_bin_3-4    7.4516e+02    7.4508e+02 +/-  3.03e+01  <none>
  Background_Loose_SIG_bin_3-5    2.4797e+02    2.4791e+02 +/-  1.56e+01  <none>
  Background_Loose_SIG_bin_3-6    6.0963e+01    6.0961e+01 +/-  7.24e+00  <none>
  Background_Loose_SIG_bin_3-7    2.8282e+01    2.8282e+01 +/-  4.93e+00  <none>
  Background_Loose_SIG_bin_4-1    1.7823e+03    1.7824e+03 +/-  4.00e+01  <none>
  Background_Loose_SIG_bin_4-2    1.3809e+03    1.3810e+03 +/-  3.71e+01  <none>
  Background_Loose_SIG_bin_4-3    8.7967e+02    8.7963e+02 +/-  2.88e+01  <none>
  Background_Loose_SIG_bin_4-4    6.2911e+02    6.2916e+02 +/-  2.60e+01  <none>
  Background_Loose_SIG_bin_4-5    2.3273e+02    2.3271e+02 +/-  1.45e+01  <none>
  Background_Loose_SIG_bin_4-6    7.2124e+01    7.2124e+01 +/-  7.88e+00  <none>
  Background_Loose_SIG_bin_4-7    1.7991e+01    1.7992e+01 +/-  3.93e+00  <none>
  Background_Loose_SIG_bin_5-1    1.4039e+03    1.4039e+03 +/-  3.61e+01  <none>
  Background_Loose_SIG_bin_5-2    1.2030e+03    1.2030e+03 +/-  3.42e+01  <none>
  Background_Loose_SIG_bin_5-3    7.7963e+02    7.7966e+02 +/-  2.77e+01  <none>
  Background_Loose_SIG_bin_5-4    4.8776e+02    4.8781e+02 +/-  2.28e+01  <none>
  Background_Loose_SIG_bin_5-5    1.9387e+02    1.9389e+02 +/-  1.37e+01  <none>
  Background_Loose_SIG_bin_5-6    5.6668e+01    5.6668e+01 +/-  6.98e+00  <none>
  Background_Loose_SIG_bin_5-7    2.1686e+01    2.1680e+01 +/-  4.52e+00  <none>
  Background_rpf_0x1_par0    1.6115e-01    1.6114e-01 +/-  2.64e-03  <none>
  Background_rpf_0x1_par1    6.2814e-03    6.2904e-03 +/-  1.22e-02  <none>
                     F   -3.5158e-02   -3.2489e-02 +/-  4.37e-01  <none>
                   JER    3.0247e-02    2.7249e-02 +/-  3.33e-01  <none>
                   JES    3.9760e-02    3.8549e-02 +/-  6.78e-03  <none>
                   JMR    1.0681e+00    1.0699e+00 +/-  5.93e-01  <none>
                   JMS   -4.4570e-02   -4.2068e-02 +/-  8.94e-03  <none>
                PS_FSR   -2.2851e-01   -2.3081e-01 +/-  2.19e-01  <none>
                PS_ISR    1.4657e-01    1.5666e-01 +/-  4.50e-01  <none>
                     R    1.2061e-01    1.2217e-01 +/-  4.49e-01  <none>
                    RF    1.3944e-01    1.3520e-01 +/-  4.81e-01  <none>
                  btag    3.4447e-02    4.3866e-02 +/-  4.56e-01  <none>
                  lumi   -1.3471e-01   -1.3255e-01 +/-  9.98e-01  <none>
                   pdf   -1.7174e-01   -1.7599e-01 +/-  4.70e-01  <none>
                pileup   -5.0884e-01   -4.9776e-01 +/-  4.93e-01  <none>
               prefire   -1.7886e-02   -1.8609e-02 +/-  4.59e-01  <none>
              top_ptrw    0.0000e+00    0.0000e+00 +/-  4.59e-01  <none>
            ttbar_xsec   -1.2884e+00   -1.2872e+00 +/-  8.04e-01  <none>


 --- FitDiagnostics ---
Fit failed.
Done in 0.01 min (cpu), 0.01 min (real)
Printing Message Summary From ... combine_logger.out
----------------------------------------------
Messages of type INFO : 15
Messages of type DEBUG : 2
Messages of type ERROR : 0
----------------------------------------------
INFO: (function: applyOptionsBase) FitterAlgoBase.cc: 113 -- Setting robust fit options to Tolerance=0.1 / Strategy=0 / Type,Algo=Minuit2,Migrad (note that defaults of CascadeMinimizer were taken where option not specified)
INFO: (function: improveOnce) CascadeMinimizer.cc: 188 -- Minimisation configured with Type=Minuit2, Algo=Migrad, strategy=0, tolerance=0.1
INFO: (function: improveOnce) CascadeMinimizer.cc: 211 -- Minimisation finished with status=0
INFO: (function: improveOnce) CascadeMinimizer.cc: 216 -- Minimization success! status=0
INFO: (function: improveOnce) CascadeMinimizer.cc: 188 -- Minimisation configured with Type=Minuit2, Algo=Migrad, strategy=0, tolerance=0.1
INFO: (function: improveOnce) CascadeMinimizer.cc: 211 -- Minimisation finished with status=0
INFO: (function: improveOnce) CascadeMinimizer.cc: 216 -- Minimization success! status=0
INFO: (function: improveOnce) CascadeMinimizer.cc: 188 -- Minimisation configured with Type=Minuit2, Algo=Migrad, strategy=0, tolerance=0.1
INFO: (function: improveOnce) CascadeMinimizer.cc: 211 -- Minimisation finished with status=0
INFO: (function: improveOnce) CascadeMinimizer.cc: 216 -- Minimization success! status=0
INFO: (function: improveOnce) CascadeMinimizer.cc: 188 -- Minimisation configured with Type=Minuit2, Algo=Migrad, strategy=0, tolerance=0.1
INFO: (function: improveOnce) CascadeMinimizer.cc: 211 -- Minimisation finished with status=0
INFO: (function: improveOnce) CascadeMinimizer.cc: 216 -- Minimization success! status=0
DEBUG: (function: runSpecific) FitDiagnostics.cc: 318 -- Fit B-only, status = 0, numBadNLL = 0, covariance quality = 3
INFO: (function: improveOnce) CascadeMinimizer.cc: 188 -- Minimisation configured with Type=Minuit2, Algo=Migrad, strategy=0, tolerance=0.1
INFO: (function: improveOnce) CascadeMinimizer.cc: 211 -- Minimisation finished with status=-1
DEBUG: (function: improveOnce) CascadeMinimizer.cc: 217 -- Minimization ended with latest status != 0 or 1
