
>>> random number generator seed is 123456
   Options for Robust Minimizer :: 
        Tolerance  0.1
        Strategy   0
        Type,Algo  Minuit2,Migrad
>>> method used is FitDiagnostics
Set Default Value of Parameter r To : 1
>>> 0 out of 6 channels masked

>>> Channel masks:
  1) 0x54778c0 RooRealVar::  mask_Loose_LOW = 0 C  L(-INF - +INF)  "mask_Loose_LOW"
  2) 0x5478310 RooRealVar::  mask_Loose_SIG = 0 C  L(-INF - +INF)  "mask_Loose_SIG"
  3) 0x5478e60 RooRealVar:: mask_Loose_HIGH = 0 C  L(-INF - +INF)  "mask_Loose_HIGH"
  4) 0x5479a30 RooRealVar::   mask_Pass_LOW = 0 C  L(-INF - +INF)  "mask_Pass_LOW"
  5) 0x547a580 RooRealVar::   mask_Pass_SIG = 0 C  L(-INF - +INF)  "mask_Pass_SIG"
  6) 0x547b0d0 RooRealVar::  mask_Pass_HIGH = 0 C  L(-INF - +INF)  "mask_Pass_HIGH"
SimNLL created with 0 channels, 0 generic constraints, 16 fast gaussian constraints, 0 fast poisson constraints, 0 fast group constraints, 
Minuit2Minimizer: Minimize with max-calls 8000 convergence for edm < 0.1 strategy 0
Minuit2Minimizer::Minuit  - Changing default options
             StorageLevel :               0
MnSeedGenerator: for initial parameters FCN = 0
MnSeedGenerator: Initial state:   - FCN =                0 Edm =            0 NCalls =     65
VariableMetric: start iterating until Edm is < 0.0001
VariableMetric: Initial state   - FCN =                0 Edm =            0 NCalls =     65
VariableMetric: Iteration #   0 - FCN =                0 Edm =            0 NCalls =     65
Minuit2Minimizer : Valid minimum - status = 0
FVAL  = 0
Edm   = 0
Nfcn  = 65
F	  = 0	 +/-  1
JER	  = 0	 +/-  1
JES	  = 0	 +/-  1
JMR	  = 0	 +/-  1
JMS	  = 0	 +/-  1
PS_FSR	  = 0	 +/-  1
PS_ISR	  = 0	 +/-  1
R	  = 0	 +/-  1
RF	  = 0	 +/-  1
btag	  = 0	 +/-  1
lumi	  = 0	 +/-  1
pdf	  = 0	 +/-  1
pileup	  = 0	 +/-  1
prefire	  = 0	 +/-  1
top_ptrw	  = 0	 +/-  1
ttbar_xsec	  = 0	 +/-  1
SimNLL created with 6 channels, 0 generic constraints, 16 fast gaussian constraints, 0 fast poisson constraints, 0 fast group constraints, 

  RooFitResult: minimized FCN value: -0.0727658, estimated distance to minimum: 3.4125e-06
                covariance matrix quality: Full matrix, but forced positive-definite
                Status : MINIMIZE=-1 HESSE=3 

    Constant Parameter    Value     
  --------------------  ------------
                  F_In    0.0000e+00
                JER_In    0.0000e+00
                JES_In    0.0000e+00
                JMR_In    0.0000e+00
                JMS_In    0.0000e+00
             PS_FSR_In    0.0000e+00
             PS_ISR_In    0.0000e+00
                 RF_In    0.0000e+00
                  R_In    0.0000e+00
               btag_In    0.0000e+00
               lumi_In    0.0000e+00
  n_exp_binLoose_HIGH_proc_Background    1.0000e+00
  n_exp_binLoose_LOW_proc_Background    1.0000e+00
  n_exp_binLoose_SIG_proc_Background    1.0000e+00
  n_exp_binPass_HIGH_proc_Background_2x0    1.0000e+00
  n_exp_binPass_LOW_proc_Background_2x0    1.0000e+00
  n_exp_binPass_SIG_proc_Background_2x0    1.0000e+00
                pdf_In    0.0000e+00
             pileup_In    0.0000e+00
            prefire_In    0.0000e+00
                     r    0.0000e+00
           top_ptrw_In    0.0000e+00
         ttbar_xsec_In    0.0000e+00

    Floating Parameter  InitialValue    FinalValue +/-  Error     GblCorr.
  --------------------  ------------  --------------------------  --------
  Background_Loose_HIGH_bin_1-1    4.4299e+03    4.4282e+03 +/-  2.04e+01  <none>
  Background_Loose_HIGH_bin_1-2    3.7394e+03    3.7382e+03 +/-  1.89e+01  <none>
  Background_Loose_HIGH_bin_1-3    2.4155e+03    2.4143e+03 +/-  1.51e+01  <none>
  Background_Loose_HIGH_bin_1-4    1.5770e+03    1.5770e+03 +/-  1.24e+01  <none>
  Background_Loose_HIGH_bin_1-5    5.9051e+02    5.9045e+02 +/-  7.58e+00  <none>
  Background_Loose_HIGH_bin_1-6    1.7721e+02    1.7724e+02 +/-  4.07e+00  <none>
  Background_Loose_HIGH_bin_1-7    6.3704e+01    6.3724e+01 +/-  2.47e+00  <none>
  Background_Loose_HIGH_bin_2-1    1.9979e+03    1.9980e+03 +/-  1.37e+01  <none>
  Background_Loose_HIGH_bin_2-2    1.6452e+03    1.6438e+03 +/-  1.25e+01  <none>
  Background_Loose_HIGH_bin_2-3    1.0350e+03    1.0350e+03 +/-  9.92e+00  <none>
  Background_Loose_HIGH_bin_2-4    6.5801e+02    6.5583e+02 +/-  8.16e+00  <none>
  Background_Loose_HIGH_bin_2-5    2.2819e+02    2.2861e+02 +/-  4.76e+00  <none>
  Background_Loose_HIGH_bin_2-6    8.6656e+01    8.6660e+01 +/-  2.84e+00  <none>
  Background_Loose_HIGH_bin_2-7    3.0304e+01    3.0305e+01 +/-  1.68e+00  <none>
  Background_Loose_HIGH_bin_3-1    8.7287e+02    8.7292e+02 +/-  9.05e+00  <none>
  Background_Loose_HIGH_bin_3-2    7.5625e+02    7.5629e+02 +/-  8.42e+00  <none>
  Background_Loose_HIGH_bin_3-3    5.2058e+02    5.1989e+02 +/-  7.07e+00  <none>
  Background_Loose_HIGH_bin_3-4    3.2880e+02    3.2879e+02 +/-  5.62e+00  <none>
  Background_Loose_HIGH_bin_3-5    1.1922e+02    1.1923e+02 +/-  3.34e+00  <none>
  Background_Loose_HIGH_bin_3-6    3.9155e+01    3.9157e+01 +/-  1.92e+00  <none>
  Background_Loose_HIGH_bin_3-7    1.3029e+01    1.3025e+01 +/-  1.11e+00  <none>
  Background_Loose_HIGH_bin_4-1    4.5234e+02    4.5211e+02 +/-  6.55e+00  <none>
  Background_Loose_HIGH_bin_4-2    3.5301e+02    3.5303e+02 +/-  5.76e+00  <none>
  Background_Loose_HIGH_bin_4-3    2.4204e+02    2.4173e+02 +/-  4.77e+00  <none>
  Background_Loose_HIGH_bin_4-4    1.4909e+02    1.4880e+02 +/-  3.80e+00  <none>
  Background_Loose_HIGH_bin_4-5    7.2520e+01    7.2523e+01 +/-  2.61e+00  <none>
  Background_Loose_HIGH_bin_4-6    1.8344e+01    1.8344e+01 +/-  1.31e+00  <none>
  Background_Loose_HIGH_bin_4-7    1.0456e+01    1.0455e+01 +/-  9.94e-01  <none>
  Background_Loose_HIGH_bin_5-1    2.0088e+02    2.0090e+02 +/-  4.36e+00  <none>
  Background_Loose_HIGH_bin_5-2    1.7018e+02    1.7019e+02 +/-  4.01e+00  <none>
  Background_Loose_HIGH_bin_5-3    9.4737e+01    9.4742e+01 +/-  2.99e+00  <none>
  Background_Loose_HIGH_bin_5-4    7.1051e+01    7.1054e+01 +/-  2.59e+00  <none>
  Background_Loose_HIGH_bin_5-5    2.4556e+01    2.4557e+01 +/-  1.52e+00  <none>
  Background_Loose_HIGH_bin_5-6    9.6429e+00    9.6429e+00 +/-  9.55e-01  <none>
  Background_Loose_HIGH_bin_5-7    5.2341e+00    5.2332e+00 +/-  7.05e-01  <none>
  Background_Loose_HIGH_bin_6-1    1.7586e+02    1.7587e+02 +/-  4.09e+00  <none>
  Background_Loose_HIGH_bin_6-2    1.3962e+02    1.3962e+02 +/-  3.65e+00  <none>
  Background_Loose_HIGH_bin_6-3    9.5432e+01    9.5436e+01 +/-  3.01e+00  <none>
  Background_Loose_HIGH_bin_6-4    4.5054e+01    4.5056e+01 +/-  2.07e+00  <none>
  Background_Loose_HIGH_bin_6-5    2.6496e+01    2.6496e+01 +/-  1.59e+00  <none>
  Background_Loose_HIGH_bin_6-6    1.1466e+01    1.1466e+01 +/-  1.05e+00  <none>
  Background_Loose_HIGH_bin_6-7    2.5614e+00    2.5573e+00 +/-  5.02e-01  <none>
  Background_Loose_LOW_bin_1-1    6.5962e+03    6.5978e+03 +/-  2.48e+01  <none>
  Background_Loose_LOW_bin_1-2    5.4334e+03    5.4327e+03 +/-  2.27e+01  <none>
  Background_Loose_LOW_bin_1-3    3.4867e+03    3.4862e+03 +/-  1.84e+01  <none>
  Background_Loose_LOW_bin_1-4    2.2129e+03    2.2111e+03 +/-  1.49e+01  <none>
  Background_Loose_LOW_bin_1-5    8.2604e+02    8.2619e+02 +/-  8.96e+00  <none>
  Background_Loose_LOW_bin_1-6    2.1520e+02    2.1516e+02 +/-  4.53e+00  <none>
  Background_Loose_LOW_bin_1-7    7.8199e+01    7.8561e+01 +/-  2.75e+00  <none>
  Background_Loose_SIG_bin_1-1    3.0968e+03    3.0960e+03 +/-  1.70e+01  <none>
  Background_Loose_SIG_bin_1-2    2.5442e+03    2.5419e+03 +/-  1.56e+01  <none>
  Background_Loose_SIG_bin_1-3    1.6514e+03    1.6505e+03 +/-  1.26e+01  <none>
  Background_Loose_SIG_bin_1-4    1.0004e+03    1.0002e+03 +/-  1.02e+01  <none>
  Background_Loose_SIG_bin_1-5    3.6019e+02    3.5880e+02 +/-  5.92e+00  <none>
  Background_Loose_SIG_bin_1-6    1.0633e+02    1.0633e+02 +/-  3.13e+00  <none>
  Background_Loose_SIG_bin_1-7    3.3430e+01    3.3432e+01 +/-  1.76e+00  <none>
  Background_Loose_SIG_bin_2-1    2.5612e+03    2.5611e+03 +/-  1.54e+01  <none>
  Background_Loose_SIG_bin_2-2    2.1718e+03    2.1705e+03 +/-  1.44e+01  <none>
  Background_Loose_SIG_bin_2-3    1.3803e+03    1.3792e+03 +/-  1.15e+01  <none>
  Background_Loose_SIG_bin_2-4    8.9525e+02    8.9101e+02 +/-  9.38e+00  <none>
  Background_Loose_SIG_bin_2-5    3.2000e+02    3.2037e+02 +/-  5.55e+00  <none>
  Background_Loose_SIG_bin_2-6    9.0117e+01    9.0119e+01 +/-  2.89e+00  <none>
  Background_Loose_SIG_bin_2-7    2.2305e+01    2.2305e+01 +/-  1.44e+00  <none>
  Background_Loose_SIG_bin_3-1    2.1191e+03    2.1171e+03 +/-  1.41e+01  <none>
  Background_Loose_SIG_bin_3-2    1.7254e+03    1.7238e+03 +/-  1.27e+01  <none>
  Background_Loose_SIG_bin_3-3    1.1109e+03    1.1082e+03 +/-  1.04e+01  <none>
  Background_Loose_SIG_bin_3-4    7.6717e+02    7.6647e+02 +/-  8.62e+00  <none>
  Background_Loose_SIG_bin_3-5    2.5294e+02    2.5267e+02 +/-  4.96e+00  <none>
  Background_Loose_SIG_bin_3-6    6.0988e+01    6.0992e+01 +/-  2.38e+00  <none>
  Background_Loose_SIG_bin_3-7    2.8338e+01    2.8338e+01 +/-  1.62e+00  <none>
  Background_Loose_SIG_bin_4-1    1.7852e+03    1.7852e+03 +/-  1.29e+01  <none>
  Background_Loose_SIG_bin_4-2    1.3960e+03    1.3957e+03 +/-  1.16e+01  <none>
  Background_Loose_SIG_bin_4-3    8.8084e+02    8.8125e+02 +/-  9.20e+00  <none>
  Background_Loose_SIG_bin_4-4    6.3498e+02    6.3578e+02 +/-  7.93e+00  <none>
  Background_Loose_SIG_bin_4-5    2.3299e+02    2.3302e+02 +/-  4.65e+00  <none>
  Background_Loose_SIG_bin_4-6    7.2223e+01    7.2225e+01 +/-  2.59e+00  <none>
  Background_Loose_SIG_bin_4-7    1.8046e+01    1.8046e+01 +/-  1.29e+00  <none>
  Background_Loose_SIG_bin_5-1    1.4157e+03    1.4157e+03 +/-  1.15e+01  <none>
  Background_Loose_SIG_bin_5-2    1.2061e+03    1.2061e+03 +/-  1.08e+01  <none>
  Background_Loose_SIG_bin_5-3    8.0146e+02    8.0018e+02 +/-  8.65e+00  <none>
  Background_Loose_SIG_bin_5-4    4.9920e+02    4.9757e+02 +/-  7.05e+00  <none>
  Background_Loose_SIG_bin_5-5    1.9542e+02    1.9536e+02 +/-  4.36e+00  <none>
  Background_Loose_SIG_bin_5-6    5.6797e+01    5.6799e+01 +/-  2.29e+00  <none>
  Background_Loose_SIG_bin_5-7    2.1456e+01    2.1522e+01 +/-  1.49e+00  <none>
  Background_rpf_2x0_par0    5.2654e-01    5.2654e-01 +/-  1.53e-03  <none>
  Background_rpf_2x0_par1   -1.6840e-01   -1.6905e-01 +/-  6.51e-03  <none>
  Background_rpf_2x0_par2    2.5966e-02    2.6569e-02 +/-  1.40e-02  <none>
  Background_rpf_2x0_par3    3.2690e-01    3.2691e-01 +/-  1.00e-03  <none>
                     F    3.8851e-01    3.4910e-01 +/-  1.46e-03  <none>
                   JER    1.6145e-02    9.4177e-03 +/-  6.59e-01  <none>
                   JES   -6.8912e-02    7.6408e-02 +/-  1.37e-03  <none>
                   JMR    1.5582e+00    1.5264e+00 +/-  1.82e-03  <none>
                   JMS   -1.4841e-01   -1.0316e-01 +/-  3.56e-03  <none>
                PS_FSR   -4.8923e-01   -4.5481e-01 +/-  1.75e-03  <none>
                PS_ISR    1.6553e-01    2.1938e-01 +/-  2.65e-03  <none>
                     R    4.3637e-02    6.9682e-02 +/-  4.85e-03  <none>
                    RF    4.7202e-01    4.6705e-01 +/-  2.05e-02  <none>
                  btag   -5.5800e-01   -5.2153e-01 +/-  1.33e-03  <none>
                  lumi   -1.1814e-01   -1.1937e-01 +/-  2.42e-01  <none>
                   pdf   -1.1360e-02    1.2455e-01 +/-  1.00e-02  <none>
                pileup    4.7511e-02    2.4035e-02 +/-  4.52e-03  <none>
               prefire   -4.4801e-02   -3.8668e-02 +/-  7.64e-03  <none>
              top_ptrw    0.0000e+00    0.0000e+00 +/-  1.25e+00  <none>
            ttbar_xsec   -1.1183e+00   -1.1535e+00 +/-  1.35e-01  <none>


  RooFitResult: minimized FCN value: -0.0727658, estimated distance to minimum: 3.4125e-06
                covariance matrix quality: Full matrix, but forced positive-definite
                Status : MINIMIZE=-1 HESSE=3 

    Constant Parameter    Value     
  --------------------  ------------
                  F_In    0.0000e+00
                JER_In    0.0000e+00
                JES_In    0.0000e+00
                JMR_In    0.0000e+00
                JMS_In    0.0000e+00
             PS_FSR_In    0.0000e+00
             PS_ISR_In    0.0000e+00
                 RF_In    0.0000e+00
                  R_In    0.0000e+00
               btag_In    0.0000e+00
               lumi_In    0.0000e+00
  n_exp_binLoose_HIGH_proc_Background    1.0000e+00
  n_exp_binLoose_LOW_proc_Background    1.0000e+00
  n_exp_binLoose_SIG_proc_Background    1.0000e+00
  n_exp_binPass_HIGH_proc_Background_2x0    1.0000e+00
  n_exp_binPass_LOW_proc_Background_2x0    1.0000e+00
  n_exp_binPass_SIG_proc_Background_2x0    1.0000e+00
                pdf_In    0.0000e+00
             pileup_In    0.0000e+00
            prefire_In    0.0000e+00
                     r    0.0000e+00
           top_ptrw_In    0.0000e+00
         ttbar_xsec_In    0.0000e+00

    Floating Parameter  InitialValue    FinalValue +/-  Error     GblCorr.
  --------------------  ------------  --------------------------  --------
  Background_Loose_HIGH_bin_1-1    4.4299e+03    4.4282e+03 +/-  2.04e+01  <none>
  Background_Loose_HIGH_bin_1-2    3.7394e+03    3.7382e+03 +/-  1.89e+01  <none>
  Background_Loose_HIGH_bin_1-3    2.4155e+03    2.4143e+03 +/-  1.51e+01  <none>
  Background_Loose_HIGH_bin_1-4    1.5770e+03    1.5770e+03 +/-  1.24e+01  <none>
  Background_Loose_HIGH_bin_1-5    5.9051e+02    5.9045e+02 +/-  7.58e+00  <none>
  Background_Loose_HIGH_bin_1-6    1.7721e+02    1.7724e+02 +/-  4.07e+00  <none>
  Background_Loose_HIGH_bin_1-7    6.3704e+01    6.3724e+01 +/-  2.47e+00  <none>
  Background_Loose_HIGH_bin_2-1    1.9979e+03    1.9980e+03 +/-  1.37e+01  <none>
  Background_Loose_HIGH_bin_2-2    1.6452e+03    1.6438e+03 +/-  1.25e+01  <none>
  Background_Loose_HIGH_bin_2-3    1.0350e+03    1.0350e+03 +/-  9.92e+00  <none>
  Background_Loose_HIGH_bin_2-4    6.5801e+02    6.5583e+02 +/-  8.16e+00  <none>
  Background_Loose_HIGH_bin_2-5    2.2819e+02    2.2861e+02 +/-  4.76e+00  <none>
  Background_Loose_HIGH_bin_2-6    8.6656e+01    8.6660e+01 +/-  2.84e+00  <none>
  Background_Loose_HIGH_bin_2-7    3.0304e+01    3.0305e+01 +/-  1.68e+00  <none>
  Background_Loose_HIGH_bin_3-1    8.7287e+02    8.7292e+02 +/-  9.05e+00  <none>
  Background_Loose_HIGH_bin_3-2    7.5625e+02    7.5629e+02 +/-  8.42e+00  <none>
  Background_Loose_HIGH_bin_3-3    5.2058e+02    5.1989e+02 +/-  7.07e+00  <none>
  Background_Loose_HIGH_bin_3-4    3.2880e+02    3.2879e+02 +/-  5.62e+00  <none>
  Background_Loose_HIGH_bin_3-5    1.1922e+02    1.1923e+02 +/-  3.34e+00  <none>
  Background_Loose_HIGH_bin_3-6    3.9155e+01    3.9157e+01 +/-  1.92e+00  <none>
  Background_Loose_HIGH_bin_3-7    1.3029e+01    1.3025e+01 +/-  1.11e+00  <none>
  Background_Loose_HIGH_bin_4-1    4.5234e+02    4.5211e+02 +/-  6.55e+00  <none>
  Background_Loose_HIGH_bin_4-2    3.5301e+02    3.5303e+02 +/-  5.76e+00  <none>
  Background_Loose_HIGH_bin_4-3    2.4204e+02    2.4173e+02 +/-  4.77e+00  <none>
  Background_Loose_HIGH_bin_4-4    1.4909e+02    1.4880e+02 +/-  3.80e+00  <none>
  Background_Loose_HIGH_bin_4-5    7.2520e+01    7.2523e+01 +/-  2.61e+00  <none>
  Background_Loose_HIGH_bin_4-6    1.8344e+01    1.8344e+01 +/-  1.31e+00  <none>
  Background_Loose_HIGH_bin_4-7    1.0456e+01    1.0455e+01 +/-  9.94e-01  <none>
  Background_Loose_HIGH_bin_5-1    2.0088e+02    2.0090e+02 +/-  4.36e+00  <none>
  Background_Loose_HIGH_bin_5-2    1.7018e+02    1.7019e+02 +/-  4.01e+00  <none>
  Background_Loose_HIGH_bin_5-3    9.4737e+01    9.4742e+01 +/-  2.99e+00  <none>
  Background_Loose_HIGH_bin_5-4    7.1051e+01    7.1054e+01 +/-  2.59e+00  <none>
  Background_Loose_HIGH_bin_5-5    2.4556e+01    2.4557e+01 +/-  1.52e+00  <none>
  Background_Loose_HIGH_bin_5-6    9.6429e+00    9.6429e+00 +/-  9.55e-01  <none>
  Background_Loose_HIGH_bin_5-7    5.2341e+00    5.2332e+00 +/-  7.05e-01  <none>
  Background_Loose_HIGH_bin_6-1    1.7586e+02    1.7587e+02 +/-  4.09e+00  <none>
  Background_Loose_HIGH_bin_6-2    1.3962e+02    1.3962e+02 +/-  3.65e+00  <none>
  Background_Loose_HIGH_bin_6-3    9.5432e+01    9.5436e+01 +/-  3.01e+00  <none>
  Background_Loose_HIGH_bin_6-4    4.5054e+01    4.5056e+01 +/-  2.07e+00  <none>
  Background_Loose_HIGH_bin_6-5    2.6496e+01    2.6496e+01 +/-  1.59e+00  <none>
  Background_Loose_HIGH_bin_6-6    1.1466e+01    1.1466e+01 +/-  1.05e+00  <none>
  Background_Loose_HIGH_bin_6-7    2.5614e+00    2.5573e+00 +/-  5.02e-01  <none>
  Background_Loose_LOW_bin_1-1    6.5962e+03    6.5978e+03 +/-  2.48e+01  <none>
  Background_Loose_LOW_bin_1-2    5.4334e+03    5.4327e+03 +/-  2.27e+01  <none>
  Background_Loose_LOW_bin_1-3    3.4867e+03    3.4862e+03 +/-  1.84e+01  <none>
  Background_Loose_LOW_bin_1-4    2.2129e+03    2.2111e+03 +/-  1.49e+01  <none>
  Background_Loose_LOW_bin_1-5    8.2604e+02    8.2619e+02 +/-  8.96e+00  <none>
  Background_Loose_LOW_bin_1-6    2.1520e+02    2.1516e+02 +/-  4.53e+00  <none>
  Background_Loose_LOW_bin_1-7    7.8199e+01    7.8561e+01 +/-  2.75e+00  <none>
  Background_Loose_SIG_bin_1-1    3.0968e+03    3.0960e+03 +/-  1.70e+01  <none>
  Background_Loose_SIG_bin_1-2    2.5442e+03    2.5419e+03 +/-  1.56e+01  <none>
  Background_Loose_SIG_bin_1-3    1.6514e+03    1.6505e+03 +/-  1.26e+01  <none>
  Background_Loose_SIG_bin_1-4    1.0004e+03    1.0002e+03 +/-  1.02e+01  <none>
  Background_Loose_SIG_bin_1-5    3.6019e+02    3.5880e+02 +/-  5.92e+00  <none>
  Background_Loose_SIG_bin_1-6    1.0633e+02    1.0633e+02 +/-  3.13e+00  <none>
  Background_Loose_SIG_bin_1-7    3.3430e+01    3.3432e+01 +/-  1.76e+00  <none>
  Background_Loose_SIG_bin_2-1    2.5612e+03    2.5611e+03 +/-  1.54e+01  <none>
  Background_Loose_SIG_bin_2-2    2.1718e+03    2.1705e+03 +/-  1.44e+01  <none>
  Background_Loose_SIG_bin_2-3    1.3803e+03    1.3792e+03 +/-  1.15e+01  <none>
  Background_Loose_SIG_bin_2-4    8.9525e+02    8.9101e+02 +/-  9.38e+00  <none>
  Background_Loose_SIG_bin_2-5    3.2000e+02    3.2037e+02 +/-  5.55e+00  <none>
  Background_Loose_SIG_bin_2-6    9.0117e+01    9.0119e+01 +/-  2.89e+00  <none>
  Background_Loose_SIG_bin_2-7    2.2305e+01    2.2305e+01 +/-  1.44e+00  <none>
  Background_Loose_SIG_bin_3-1    2.1191e+03    2.1171e+03 +/-  1.41e+01  <none>
  Background_Loose_SIG_bin_3-2    1.7254e+03    1.7238e+03 +/-  1.27e+01  <none>
  Background_Loose_SIG_bin_3-3    1.1109e+03    1.1082e+03 +/-  1.04e+01  <none>
  Background_Loose_SIG_bin_3-4    7.6717e+02    7.6647e+02 +/-  8.62e+00  <none>
  Background_Loose_SIG_bin_3-5    2.5294e+02    2.5267e+02 +/-  4.96e+00  <none>
  Background_Loose_SIG_bin_3-6    6.0988e+01    6.0992e+01 +/-  2.38e+00  <none>
  Background_Loose_SIG_bin_3-7    2.8338e+01    2.8338e+01 +/-  1.62e+00  <none>
  Background_Loose_SIG_bin_4-1    1.7852e+03    1.7852e+03 +/-  1.29e+01  <none>
  Background_Loose_SIG_bin_4-2    1.3960e+03    1.3957e+03 +/-  1.16e+01  <none>
  Background_Loose_SIG_bin_4-3    8.8084e+02    8.8125e+02 +/-  9.20e+00  <none>
  Background_Loose_SIG_bin_4-4    6.3498e+02    6.3578e+02 +/-  7.93e+00  <none>
  Background_Loose_SIG_bin_4-5    2.3299e+02    2.3302e+02 +/-  4.65e+00  <none>
  Background_Loose_SIG_bin_4-6    7.2223e+01    7.2225e+01 +/-  2.59e+00  <none>
  Background_Loose_SIG_bin_4-7    1.8046e+01    1.8046e+01 +/-  1.29e+00  <none>
  Background_Loose_SIG_bin_5-1    1.4157e+03    1.4157e+03 +/-  1.15e+01  <none>
  Background_Loose_SIG_bin_5-2    1.2061e+03    1.2061e+03 +/-  1.08e+01  <none>
  Background_Loose_SIG_bin_5-3    8.0146e+02    8.0018e+02 +/-  8.65e+00  <none>
  Background_Loose_SIG_bin_5-4    4.9920e+02    4.9757e+02 +/-  7.05e+00  <none>
  Background_Loose_SIG_bin_5-5    1.9542e+02    1.9536e+02 +/-  4.36e+00  <none>
  Background_Loose_SIG_bin_5-6    5.6797e+01    5.6799e+01 +/-  2.29e+00  <none>
  Background_Loose_SIG_bin_5-7    2.1456e+01    2.1522e+01 +/-  1.49e+00  <none>
  Background_rpf_2x0_par0    5.2654e-01    5.2654e-01 +/-  1.53e-03  <none>
  Background_rpf_2x0_par1   -1.6840e-01   -1.6905e-01 +/-  6.51e-03  <none>
  Background_rpf_2x0_par2    2.5966e-02    2.6569e-02 +/-  1.40e-02  <none>
  Background_rpf_2x0_par3    3.2690e-01    3.2691e-01 +/-  1.00e-03  <none>
                     F    3.8851e-01    3.4910e-01 +/-  1.46e-03  <none>
                   JER    1.6145e-02    9.4177e-03 +/-  6.59e-01  <none>
                   JES   -6.8912e-02    7.6408e-02 +/-  1.37e-03  <none>
                   JMR    1.5582e+00    1.5264e+00 +/-  1.82e-03  <none>
                   JMS   -1.4841e-01   -1.0316e-01 +/-  3.56e-03  <none>
                PS_FSR   -4.8923e-01   -4.5481e-01 +/-  1.75e-03  <none>
                PS_ISR    1.6553e-01    2.1938e-01 +/-  2.65e-03  <none>
                     R    4.3637e-02    6.9682e-02 +/-  4.85e-03  <none>
                    RF    4.7202e-01    4.6705e-01 +/-  2.05e-02  <none>
                  btag   -5.5800e-01   -5.2153e-01 +/-  1.33e-03  <none>
                  lumi   -1.1814e-01   -1.1937e-01 +/-  2.42e-01  <none>
                   pdf   -1.1360e-02    1.2455e-01 +/-  1.00e-02  <none>
                pileup    4.7511e-02    2.4035e-02 +/-  4.52e-03  <none>
               prefire   -4.4801e-02   -3.8668e-02 +/-  7.64e-03  <none>
              top_ptrw    0.0000e+00    0.0000e+00 +/-  1.25e+00  <none>
            ttbar_xsec   -1.1183e+00   -1.1535e+00 +/-  1.35e-01  <none>


  RooFitResult: minimized FCN value: -0.00810377, estimated distance to minimum: 0.320863
                covariance matrix quality: Full matrix, but forced positive-definite
                Status : MINIMIZE=0 HESSE=0 

    Constant Parameter    Value     
  --------------------  ------------
                  F_In    0.0000e+00
                JER_In    0.0000e+00
                JES_In    0.0000e+00
                JMR_In    0.0000e+00
                JMS_In    0.0000e+00
             PS_FSR_In    0.0000e+00
             PS_ISR_In    0.0000e+00
                 RF_In    0.0000e+00
                  R_In    0.0000e+00
               btag_In    0.0000e+00
               lumi_In    0.0000e+00
  n_exp_binLoose_HIGH_proc_Background    1.0000e+00
  n_exp_binLoose_LOW_proc_Background    1.0000e+00
  n_exp_binLoose_SIG_proc_Background    1.0000e+00
  n_exp_binPass_HIGH_proc_Background_2x0    1.0000e+00
  n_exp_binPass_LOW_proc_Background_2x0    1.0000e+00
  n_exp_binPass_SIG_proc_Background_2x0    1.0000e+00
                pdf_In    0.0000e+00
             pileup_In    0.0000e+00
            prefire_In    0.0000e+00
           top_ptrw_In    0.0000e+00
         ttbar_xsec_In    0.0000e+00

    Floating Parameter  InitialValue    FinalValue +/-  Error     GblCorr.
  --------------------  ------------  --------------------------  --------
  Background_Loose_HIGH_bin_1-1    4.4275e+03    4.4275e+03 +/-  6.35e+01  <none>
  Background_Loose_HIGH_bin_1-2    3.7375e+03    3.7377e+03 +/-  6.40e+01  <none>
  Background_Loose_HIGH_bin_1-3    2.4132e+03    2.4129e+03 +/-  5.29e+01  <none>
  Background_Loose_HIGH_bin_1-4    1.5775e+03    1.5777e+03 +/-  4.19e+01  <none>
  Background_Loose_HIGH_bin_1-5    5.9066e+02    5.9052e+02 +/-  2.81e+01  <none>
  Background_Loose_HIGH_bin_1-6    1.7718e+02    1.7720e+02 +/-  1.24e+01  <none>
  Background_Loose_HIGH_bin_1-7    6.3654e+01    6.3688e+01 +/-  7.51e+00  <none>
  Background_Loose_HIGH_bin_2-1    1.9985e+03    1.9985e+03 +/-  4.19e+01  <none>
  Background_Loose_HIGH_bin_2-2    1.6439e+03    1.6439e+03 +/-  4.23e+01  <none>
  Background_Loose_HIGH_bin_2-3    1.0355e+03    1.0355e+03 +/-  3.09e+01  <none>
  Background_Loose_HIGH_bin_2-4    6.5552e+02    6.5542e+02 +/-  3.02e+01  <none>
  Background_Loose_HIGH_bin_2-5    2.2873e+02    2.2877e+02 +/-  1.63e+01  <none>
  Background_Loose_HIGH_bin_2-6    8.6691e+01    8.6688e+01 +/-  8.64e+00  <none>
  Background_Loose_HIGH_bin_2-7    3.0315e+01    3.0314e+01 +/-  5.11e+00  <none>
  Background_Loose_HIGH_bin_3-1    8.7378e+02    8.7375e+02 +/-  2.76e+01  <none>
  Background_Loose_HIGH_bin_3-2    7.5697e+02    7.5694e+02 +/-  2.57e+01  <none>
  Background_Loose_HIGH_bin_3-3    5.2030e+02    5.2029e+02 +/-  2.21e+01  <none>
  Background_Loose_HIGH_bin_3-4    3.2909e+02    3.2910e+02 +/-  1.75e+01  <none>
  Background_Loose_HIGH_bin_3-5    1.1932e+02    1.1932e+02 +/-  1.02e+01  <none>
  Background_Loose_HIGH_bin_3-6    3.9169e+01    3.9167e+01 +/-  5.82e+00  <none>
  Background_Loose_HIGH_bin_3-7    1.3031e+01    1.3027e+01 +/-  3.76e+00  <none>
  Background_Loose_HIGH_bin_4-1    4.5278e+02    4.5279e+02 +/-  2.01e+01  <none>
  Background_Loose_HIGH_bin_4-2    3.5336e+02    3.5335e+02 +/-  1.76e+01  <none>
  Background_Loose_HIGH_bin_4-3    2.4197e+02    2.4195e+02 +/-  1.48e+01  <none>
  Background_Loose_HIGH_bin_4-4    1.4881e+02    1.4881e+02 +/-  1.18e+01  <none>
  Background_Loose_HIGH_bin_4-5    7.2331e+01    7.2327e+01 +/-  7.95e+00  <none>
  Background_Loose_HIGH_bin_4-6    1.8109e+01    1.8107e+01 +/-  4.00e+00  <none>
  Background_Loose_HIGH_bin_4-7    1.0058e+01    1.0056e+01 +/-  3.02e+00  <none>
  Background_Loose_HIGH_bin_5-1    2.0147e+02    2.0147e+02 +/-  1.33e+01  <none>
  Background_Loose_HIGH_bin_5-2    1.6976e+02    1.6975e+02 +/-  1.22e+01  <none>
  Background_Loose_HIGH_bin_5-3    9.4823e+01    9.4819e+01 +/-  9.12e+00  <none>
  Background_Loose_HIGH_bin_5-4    7.0463e+01    7.0458e+01 +/-  7.90e+00  <none>
  Background_Loose_HIGH_bin_5-5    2.2748e+01    2.2743e+01 +/-  4.66e+00  <none>
  Background_Loose_HIGH_bin_5-6    7.4058e+00    7.4020e+00 +/-  2.81e+00  <none>
  Background_Loose_HIGH_bin_5-7    3.4532e+00    3.4512e+00 +/-  1.99e+00  <none>
  Background_Loose_HIGH_bin_6-1    1.7693e+02    1.7694e+02 +/-  1.27e+01  <none>
  Background_Loose_HIGH_bin_6-2    1.4031e+02    1.4031e+02 +/-  1.12e+01  <none>
  Background_Loose_HIGH_bin_6-3    9.5976e+01    9.5975e+01 +/-  9.27e+00  <none>
  Background_Loose_HIGH_bin_6-4    4.5203e+01    4.5203e+01 +/-  6.35e+00  <none>
  Background_Loose_HIGH_bin_6-5    2.6482e+01    2.6482e+01 +/-  4.86e+00  <none>
  Background_Loose_HIGH_bin_6-6    1.0259e+01    1.0254e+01 +/-  3.21e+00  <none>
  Background_Loose_HIGH_bin_6-7    1.5115e+00    1.5074e+00 +/-  1.38e+00  <none>
  Background_Loose_LOW_bin_1-1    6.5976e+03    6.5979e+03 +/-  7.77e+01  <none>
  Background_Loose_LOW_bin_1-2    5.4305e+03    5.4309e+03 +/-  8.57e+01  <none>
  Background_Loose_LOW_bin_1-3    3.4846e+03    3.4848e+03 +/-  8.19e+01  <none>
  Background_Loose_LOW_bin_1-4    2.2073e+03    2.2075e+03 +/-  8.95e+01  <none>
  Background_Loose_LOW_bin_1-5    8.2647e+02    8.2658e+02 +/-  3.12e+01  <none>
  Background_Loose_LOW_bin_1-6    2.1519e+02    2.1520e+02 +/-  1.39e+01  <none>
  Background_Loose_LOW_bin_1-7    7.8479e+01    7.8490e+01 +/-  8.65e+00  <none>
  Background_Loose_SIG_bin_1-1    3.0957e+03    3.0959e+03 +/-  5.28e+01  <none>
  Background_Loose_SIG_bin_1-2    2.5413e+03    2.5415e+03 +/-  5.57e+01  <none>
  Background_Loose_SIG_bin_1-3    1.6496e+03    1.6498e+03 +/-  4.13e+01  <none>
  Background_Loose_SIG_bin_1-4    9.9972e+02    1.0002e+03 +/-  3.85e+01  <none>
  Background_Loose_SIG_bin_1-5    3.5869e+02    3.5879e+02 +/-  1.94e+01  <none>
  Background_Loose_SIG_bin_1-6    1.0632e+02    1.0632e+02 +/-  9.51e+00  <none>
  Background_Loose_SIG_bin_1-7    3.3436e+01    3.3428e+01 +/-  5.33e+00  <none>
  Background_Loose_SIG_bin_2-1    2.5614e+03    2.5614e+03 +/-  4.83e+01  <none>
  Background_Loose_SIG_bin_2-2    2.1689e+03    2.1691e+03 +/-  4.73e+01  <none>
  Background_Loose_SIG_bin_2-3    1.3794e+03    1.3792e+03 +/-  4.02e+01  <none>
  Background_Loose_SIG_bin_2-4    8.8964e+02    8.8960e+02 +/-  3.97e+01  <none>
  Background_Loose_SIG_bin_2-5    3.2060e+02    3.2062e+02 +/-  1.75e+01  <none>
  Background_Loose_SIG_bin_2-6    9.0106e+01    9.0106e+01 +/-  8.76e+00  <none>
  Background_Loose_SIG_bin_2-7    2.2302e+01    2.2301e+01 +/-  4.36e+00  <none>
  Background_Loose_SIG_bin_3-1    2.1169e+03    2.1169e+03 +/-  4.35e+01  <none>
  Background_Loose_SIG_bin_3-2    1.7236e+03    1.7237e+03 +/-  3.98e+01  <none>
  Background_Loose_SIG_bin_3-3    1.1081e+03    1.1081e+03 +/-  3.48e+01  <none>
  Background_Loose_SIG_bin_3-4    7.6485e+02    7.6534e+02 +/-  2.90e+01  <none>
  Background_Loose_SIG_bin_3-5    2.5242e+02    2.5252e+02 +/-  1.63e+01  <none>
  Background_Loose_SIG_bin_3-6    6.0989e+01    6.0983e+01 +/-  7.21e+00  <none>
  Background_Loose_SIG_bin_3-7    2.8333e+01    2.8332e+01 +/-  4.91e+00  <none>
  Background_Loose_SIG_bin_4-1    1.7850e+03    1.7851e+03 +/-  3.97e+01  <none>
  Background_Loose_SIG_bin_4-2    1.3951e+03    1.3954e+03 +/-  3.77e+01  <none>
  Background_Loose_SIG_bin_4-3    8.8095e+02    8.8110e+02 +/-  2.93e+01  <none>
  Background_Loose_SIG_bin_4-4    6.3519e+02    6.3533e+02 +/-  2.64e+01  <none>
  Background_Loose_SIG_bin_4-5    2.3299e+02    2.3298e+02 +/-  1.41e+01  <none>
  Background_Loose_SIG_bin_4-6    7.2215e+01    7.2214e+01 +/-  7.85e+00  <none>
  Background_Loose_SIG_bin_4-7    1.8043e+01    1.8043e+01 +/-  3.92e+00  <none>
  Background_Loose_SIG_bin_5-1    1.4156e+03    1.4155e+03 +/-  3.48e+01  <none>
  Background_Loose_SIG_bin_5-2    1.2058e+03    1.2059e+03 +/-  3.48e+01  <none>
  Background_Loose_SIG_bin_5-3    7.9998e+02    7.9979e+02 +/-  2.94e+01  <none>
  Background_Loose_SIG_bin_5-4    4.9729e+02    4.9736e+02 +/-  2.30e+01  <none>
  Background_Loose_SIG_bin_5-5    1.9566e+02    1.9568e+02 +/-  1.37e+01  <none>
  Background_Loose_SIG_bin_5-6    5.6792e+01    5.6791e+01 +/-  6.96e+00  <none>
  Background_Loose_SIG_bin_5-7    2.1472e+01    2.1513e+01 +/-  4.57e+00  <none>
  Background_rpf_2x0_par0    4.9251e-01    4.9245e-01 +/-  3.43e-02  <none>
  Background_rpf_2x0_par1   -1.4624e-01   -1.4531e-01 +/-  7.66e-02  <none>
  Background_rpf_2x0_par2   -1.6349e-02   -1.7514e-02 +/-  1.16e-01  <none>
  Background_rpf_2x0_par3    3.4923e-01    3.4917e-01 +/-  2.45e-02  <none>
                     F    3.5201e-01    3.5206e-01 +/-  7.41e-01  <none>
                   JER    2.8047e-02    2.8089e-02 +/-  5.09e-01  <none>
                   JES    8.6304e-02    8.6992e-02 +/-  5.86e-01  <none>
                   JMR    1.4329e+00    1.4332e+00 +/-  7.20e-01  <none>
                   JMS   -1.3167e-01   -1.3118e-01 +/-  6.08e-01  <none>
                PS_FSR   -4.5039e-01   -4.5008e-01 +/-  4.09e-01  <none>
                PS_ISR    1.1468e-01    1.1558e-01 +/-  7.36e-01  <none>
                     R    8.0884e-02    8.0825e-02 +/-  7.22e-01  <none>
                    RF    5.2840e-01    5.2841e-01 +/-  7.77e-01  <none>
                  btag   -5.5202e-01   -5.5209e-01 +/-  8.17e-01  <none>
                  lumi   -1.1489e-01   -1.2095e-01 +/-  9.94e-01  <none>
                   pdf    5.1766e-02    5.9148e-02 +/-  7.45e-01  <none>
                pileup    1.5229e-01    1.0489e-01 +/-  7.31e-01  <none>
               prefire   -1.5758e-02   -2.2442e-02 +/-  7.68e-01  <none>
                     r    1.8185e-01    1.8177e-01 +/-  9.96e-02  <none>
              top_ptrw    0.0000e+00    0.0000e+00 +/-  7.65e-01  <none>
            ttbar_xsec   -1.1254e+00   -1.1631e+00 +/-  8.26e-01  <none>

Robus Fit for POI 
Set default minimizer to Minuit2, algorithm Migrad, tolerance 0.1
Searching for crossing at nll = -14351.2 in the interval 0.18177, 20
Error: minimization failed at r = 0.18177
Set default minimizer to Minuit2, algorithm Migrad, tolerance 0.1
Searching for crossing at nll = -14351.2 in the interval 0.18177, -5
Error: minimization failed at r = 0.18177

  RooFitResult: minimized FCN value: -0.00810377, estimated distance to minimum: 0.320863
                covariance matrix quality: Full matrix, but forced positive-definite
                Status : MINIMIZE=0 HESSE=0 

    Constant Parameter    Value     
  --------------------  ------------
                  F_In    0.0000e+00
                JER_In    0.0000e+00
                JES_In    0.0000e+00
                JMR_In    0.0000e+00
                JMS_In    0.0000e+00
             PS_FSR_In    0.0000e+00
             PS_ISR_In    0.0000e+00
                 RF_In    0.0000e+00
                  R_In    0.0000e+00
               btag_In    0.0000e+00
               lumi_In    0.0000e+00
  n_exp_binLoose_HIGH_proc_Background    1.0000e+00
  n_exp_binLoose_LOW_proc_Background    1.0000e+00
  n_exp_binLoose_SIG_proc_Background    1.0000e+00
  n_exp_binPass_HIGH_proc_Background_2x0    1.0000e+00
  n_exp_binPass_LOW_proc_Background_2x0    1.0000e+00
  n_exp_binPass_SIG_proc_Background_2x0    1.0000e+00
                pdf_In    0.0000e+00
             pileup_In    0.0000e+00
            prefire_In    0.0000e+00
           top_ptrw_In    0.0000e+00
         ttbar_xsec_In    0.0000e+00

    Floating Parameter  InitialValue    FinalValue (+HiError,-LoError)    GblCorr.
  --------------------  ------------  ----------------------------------  --------
  Background_Loose_HIGH_bin_1-1    4.4275e+03    4.4275e+03         +/-  6.35e+01  <none>
  Background_Loose_HIGH_bin_1-2    3.7375e+03    3.7377e+03         +/-  6.40e+01  <none>
  Background_Loose_HIGH_bin_1-3    2.4132e+03    2.4129e+03         +/-  5.29e+01  <none>
  Background_Loose_HIGH_bin_1-4    1.5775e+03    1.5777e+03         +/-  4.19e+01  <none>
  Background_Loose_HIGH_bin_1-5    5.9066e+02    5.9052e+02         +/-  2.81e+01  <none>
  Background_Loose_HIGH_bin_1-6    1.7718e+02    1.7720e+02         +/-  1.24e+01  <none>
  Background_Loose_HIGH_bin_1-7    6.3654e+01    6.3688e+01         +/-  7.51e+00  <none>
  Background_Loose_HIGH_bin_2-1    1.9985e+03    1.9985e+03         +/-  4.19e+01  <none>
  Background_Loose_HIGH_bin_2-2    1.6439e+03    1.6439e+03         +/-  4.23e+01  <none>
  Background_Loose_HIGH_bin_2-3    1.0355e+03    1.0355e+03         +/-  3.09e+01  <none>
  Background_Loose_HIGH_bin_2-4    6.5552e+02    6.5542e+02         +/-  3.02e+01  <none>
  Background_Loose_HIGH_bin_2-5    2.2873e+02    2.2877e+02         +/-  1.63e+01  <none>
  Background_Loose_HIGH_bin_2-6    8.6691e+01    8.6688e+01         +/-  8.64e+00  <none>
  Background_Loose_HIGH_bin_2-7    3.0315e+01    3.0314e+01         +/-  5.11e+00  <none>
  Background_Loose_HIGH_bin_3-1    8.7378e+02    8.7375e+02         +/-  2.76e+01  <none>
  Background_Loose_HIGH_bin_3-2    7.5697e+02    7.5694e+02         +/-  2.57e+01  <none>
  Background_Loose_HIGH_bin_3-3    5.2030e+02    5.2029e+02         +/-  2.21e+01  <none>
  Background_Loose_HIGH_bin_3-4    3.2909e+02    3.2910e+02         +/-  1.75e+01  <none>
  Background_Loose_HIGH_bin_3-5    1.1932e+02    1.1932e+02         +/-  1.02e+01  <none>
  Background_Loose_HIGH_bin_3-6    3.9169e+01    3.9167e+01         +/-  5.82e+00  <none>
  Background_Loose_HIGH_bin_3-7    1.3031e+01    1.3027e+01         +/-  3.76e+00  <none>
  Background_Loose_HIGH_bin_4-1    4.5278e+02    4.5279e+02         +/-  2.01e+01  <none>
  Background_Loose_HIGH_bin_4-2    3.5336e+02    3.5335e+02         +/-  1.76e+01  <none>
  Background_Loose_HIGH_bin_4-3    2.4197e+02    2.4195e+02         +/-  1.48e+01  <none>
  Background_Loose_HIGH_bin_4-4    1.4881e+02    1.4881e+02         +/-  1.18e+01  <none>
  Background_Loose_HIGH_bin_4-5    7.2331e+01    7.2327e+01         +/-  7.95e+00  <none>
  Background_Loose_HIGH_bin_4-6    1.8109e+01    1.8107e+01         +/-  4.00e+00  <none>
  Background_Loose_HIGH_bin_4-7    1.0058e+01    1.0056e+01         +/-  3.02e+00  <none>
  Background_Loose_HIGH_bin_5-1    2.0147e+02    2.0147e+02         +/-  1.33e+01  <none>
  Background_Loose_HIGH_bin_5-2    1.6976e+02    1.6975e+02         +/-  1.22e+01  <none>
  Background_Loose_HIGH_bin_5-3    9.4823e+01    9.4819e+01         +/-  9.12e+00  <none>
  Background_Loose_HIGH_bin_5-4    7.0463e+01    7.0458e+01         +/-  7.90e+00  <none>
  Background_Loose_HIGH_bin_5-5    2.2748e+01    2.2743e+01         +/-  4.66e+00  <none>
  Background_Loose_HIGH_bin_5-6    7.4058e+00    7.4020e+00         +/-  2.81e+00  <none>
  Background_Loose_HIGH_bin_5-7    3.4532e+00    3.4512e+00         +/-  1.99e+00  <none>
  Background_Loose_HIGH_bin_6-1    1.7693e+02    1.7694e+02         +/-  1.27e+01  <none>
  Background_Loose_HIGH_bin_6-2    1.4031e+02    1.4031e+02         +/-  1.12e+01  <none>
  Background_Loose_HIGH_bin_6-3    9.5976e+01    9.5975e+01         +/-  9.27e+00  <none>
  Background_Loose_HIGH_bin_6-4    4.5203e+01    4.5203e+01         +/-  6.35e+00  <none>
  Background_Loose_HIGH_bin_6-5    2.6482e+01    2.6482e+01         +/-  4.86e+00  <none>
  Background_Loose_HIGH_bin_6-6    1.0259e+01    1.0254e+01         +/-  3.21e+00  <none>
  Background_Loose_HIGH_bin_6-7    1.5115e+00    1.5074e+00         +/-  1.38e+00  <none>
  Background_Loose_LOW_bin_1-1    6.5976e+03    6.5979e+03         +/-  7.77e+01  <none>
  Background_Loose_LOW_bin_1-2    5.4305e+03    5.4309e+03         +/-  8.57e+01  <none>
  Background_Loose_LOW_bin_1-3    3.4846e+03    3.4848e+03         +/-  8.19e+01  <none>
  Background_Loose_LOW_bin_1-4    2.2073e+03    2.2075e+03         +/-  8.95e+01  <none>
  Background_Loose_LOW_bin_1-5    8.2647e+02    8.2658e+02         +/-  3.12e+01  <none>
  Background_Loose_LOW_bin_1-6    2.1519e+02    2.1520e+02         +/-  1.39e+01  <none>
  Background_Loose_LOW_bin_1-7    7.8479e+01    7.8490e+01         +/-  8.65e+00  <none>
  Background_Loose_SIG_bin_1-1    3.0957e+03    3.0959e+03         +/-  5.28e+01  <none>
  Background_Loose_SIG_bin_1-2    2.5413e+03    2.5415e+03         +/-  5.57e+01  <none>
  Background_Loose_SIG_bin_1-3    1.6496e+03    1.6498e+03         +/-  4.13e+01  <none>
  Background_Loose_SIG_bin_1-4    9.9972e+02    1.0002e+03         +/-  3.85e+01  <none>
  Background_Loose_SIG_bin_1-5    3.5869e+02    3.5879e+02         +/-  1.94e+01  <none>
  Background_Loose_SIG_bin_1-6    1.0632e+02    1.0632e+02         +/-  9.51e+00  <none>
  Background_Loose_SIG_bin_1-7    3.3436e+01    3.3428e+01         +/-  5.33e+00  <none>
  Background_Loose_SIG_bin_2-1    2.5614e+03    2.5614e+03         +/-  4.83e+01  <none>
  Background_Loose_SIG_bin_2-2    2.1689e+03    2.1691e+03         +/-  4.73e+01  <none>
  Background_Loose_SIG_bin_2-3    1.3794e+03    1.3792e+03         +/-  4.02e+01  <none>
  Background_Loose_SIG_bin_2-4    8.8964e+02    8.8960e+02         +/-  3.97e+01  <none>
  Background_Loose_SIG_bin_2-5    3.2060e+02    3.2062e+02         +/-  1.75e+01  <none>
  Background_Loose_SIG_bin_2-6    9.0106e+01    9.0106e+01         +/-  8.76e+00  <none>
  Background_Loose_SIG_bin_2-7    2.2302e+01    2.2301e+01         +/-  4.36e+00  <none>
  Background_Loose_SIG_bin_3-1    2.1169e+03    2.1169e+03         +/-  4.35e+01  <none>
  Background_Loose_SIG_bin_3-2    1.7236e+03    1.7237e+03         +/-  3.98e+01  <none>
  Background_Loose_SIG_bin_3-3    1.1081e+03    1.1081e+03         +/-  3.48e+01  <none>
  Background_Loose_SIG_bin_3-4    7.6485e+02    7.6534e+02         +/-  2.90e+01  <none>
  Background_Loose_SIG_bin_3-5    2.5242e+02    2.5252e+02         +/-  1.63e+01  <none>
  Background_Loose_SIG_bin_3-6    6.0989e+01    6.0983e+01         +/-  7.21e+00  <none>
  Background_Loose_SIG_bin_3-7    2.8333e+01    2.8332e+01         +/-  4.91e+00  <none>
  Background_Loose_SIG_bin_4-1    1.7850e+03    1.7851e+03         +/-  3.97e+01  <none>
  Background_Loose_SIG_bin_4-2    1.3951e+03    1.3954e+03         +/-  3.77e+01  <none>
  Background_Loose_SIG_bin_4-3    8.8095e+02    8.8110e+02         +/-  2.93e+01  <none>
  Background_Loose_SIG_bin_4-4    6.3519e+02    6.3533e+02         +/-  2.64e+01  <none>
  Background_Loose_SIG_bin_4-5    2.3299e+02    2.3298e+02         +/-  1.41e+01  <none>
  Background_Loose_SIG_bin_4-6    7.2215e+01    7.2214e+01         +/-  7.85e+00  <none>
  Background_Loose_SIG_bin_4-7    1.8043e+01    1.8043e+01         +/-  3.92e+00  <none>
  Background_Loose_SIG_bin_5-1    1.4156e+03    1.4155e+03         +/-  3.48e+01  <none>
  Background_Loose_SIG_bin_5-2    1.2058e+03    1.2059e+03         +/-  3.48e+01  <none>
  Background_Loose_SIG_bin_5-3    7.9998e+02    7.9979e+02         +/-  2.94e+01  <none>
  Background_Loose_SIG_bin_5-4    4.9729e+02    4.9736e+02         +/-  2.30e+01  <none>
  Background_Loose_SIG_bin_5-5    1.9566e+02    1.9568e+02         +/-  1.37e+01  <none>
  Background_Loose_SIG_bin_5-6    5.6792e+01    5.6791e+01         +/-  6.96e+00  <none>
  Background_Loose_SIG_bin_5-7    2.1472e+01    2.1513e+01         +/-  4.57e+00  <none>
  Background_rpf_2x0_par0    4.9251e-01    4.9245e-01         +/-  3.43e-02  <none>
  Background_rpf_2x0_par1   -1.4624e-01   -1.4531e-01         +/-  7.66e-02  <none>
  Background_rpf_2x0_par2   -1.6349e-02   -1.7514e-02         +/-  1.16e-01  <none>
  Background_rpf_2x0_par3    3.4923e-01    3.4917e-01         +/-  2.45e-02  <none>
                     F    3.5201e-01    3.5206e-01         +/-  7.41e-01  <none>
                   JER    2.8047e-02    2.8089e-02         +/-  5.09e-01  <none>
                   JES    8.6304e-02    8.6992e-02         +/-  5.86e-01  <none>
                   JMR    1.4329e+00    1.4332e+00         +/-  7.20e-01  <none>
                   JMS   -1.3167e-01   -1.3118e-01         +/-  6.08e-01  <none>
                PS_FSR   -4.5039e-01   -4.5008e-01         +/-  4.09e-01  <none>
                PS_ISR    1.1468e-01    1.1558e-01         +/-  7.36e-01  <none>
                     R    8.0884e-02    8.0825e-02         +/-  7.22e-01  <none>
                    RF    5.2840e-01    5.2841e-01         +/-  7.77e-01  <none>
                  btag   -5.5202e-01   -5.5209e-01         +/-  8.17e-01  <none>
                  lumi   -1.1489e-01   -1.2095e-01         +/-  9.94e-01  <none>
                   pdf    5.1766e-02    5.9148e-02         +/-  7.45e-01  <none>
                pileup    1.5229e-01    1.0489e-01         +/-  7.31e-01  <none>
               prefire   -1.5758e-02   -2.2442e-02         +/-  7.68e-01  <none>
                     r    1.8185e-01    1.8177e-01 (+0.00e+00,--0.00e+00)  <none>
              top_ptrw    0.0000e+00    0.0000e+00         +/-  7.65e-01  <none>
            ttbar_xsec   -1.1254e+00   -1.1631e+00         +/-  8.26e-01  <none>


 --- FitDiagnostics ---
Best fit r: 0.18177  -5.18177/+19.8182  (68% CL)
Done in 0.03 min (cpu), 0.03 min (real)
Printing Message Summary From ... combine_logger.out
----------------------------------------------
Messages of type INFO : 25
Messages of type DEBUG : 5
Messages of type ERROR : 4
----------------------------------------------
INFO: (function: applyOptionsBase) FitterAlgoBase.cc: 113 -- Setting robust fit options to Tolerance=0.1 / Strategy=0 / Type,Algo=Minuit2,Migrad (note that defaults of CascadeMinimizer were taken where option not specified)
INFO: (function: improveOnce) CascadeMinimizer.cc: 188 -- Minimisation configured with Type=Minuit2, Algo=Migrad, strategy=0, tolerance=0.1
INFO: (function: improveOnce) CascadeMinimizer.cc: 211 -- Minimisation finished with status=0
INFO: (function: improveOnce) CascadeMinimizer.cc: 216 -- Minimization success! status=0
INFO: (function: improveOnce) CascadeMinimizer.cc: 188 -- Minimisation configured with Type=Minuit2, Algo=Migrad, strategy=0, tolerance=0.1
INFO: (function: improveOnce) CascadeMinimizer.cc: 211 -- Minimisation finished with status=0
INFO: (function: improveOnce) CascadeMinimizer.cc: 216 -- Minimization success! status=0
INFO: (function: improveOnce) CascadeMinimizer.cc: 188 -- Minimisation configured with Type=Minuit2, Algo=Migrad, strategy=0, tolerance=0.1
INFO: (function: improveOnce) CascadeMinimizer.cc: 211 -- Minimisation finished with status=0
INFO: (function: improveOnce) CascadeMinimizer.cc: 216 -- Minimization success! status=0
INFO: (function: improveOnce) CascadeMinimizer.cc: 188 -- Minimisation configured with Type=Minuit2, Algo=Migrad, strategy=0, tolerance=0.1
INFO: (function: improveOnce) CascadeMinimizer.cc: 211 -- Minimisation finished with status=-1
DEBUG: (function: improveOnce) CascadeMinimizer.cc: 217 -- Minimization ended with latest status != 0 or 1
ERROR: (function: runSpecific) [WARNING]: Unable to determine uncertainties on all fit parameters in b-only fit. Have a look at https://cms-analysis.github.io/HiggsAnalysis-CombinedLimit/part3/nonstandard/#fit-parameter-uncertainties for more information.
DEBUG: (function: runSpecific) FitDiagnostics.cc: 318 -- Fit B-only, status = 3, numBadNLL = 0, covariance quality = 2
INFO: (function: improveOnce) CascadeMinimizer.cc: 188 -- Minimisation configured with Type=Minuit2, Algo=Migrad, strategy=0, tolerance=0.1
INFO: (function: improveOnce) CascadeMinimizer.cc: 211 -- Minimisation finished with status=0
INFO: (function: improveOnce) CascadeMinimizer.cc: 216 -- Minimization success! status=0
INFO: (function: improveOnce) CascadeMinimizer.cc: 188 -- Minimisation configured with Type=Minuit2, Algo=Migrad, strategy=0, tolerance=0.1
INFO: (function: improveOnce) CascadeMinimizer.cc: 211 -- Minimisation finished with status=0
INFO: (function: improveOnce) CascadeMinimizer.cc: 216 -- Minimization success! status=0
INFO: (function: doFit) FitterAlgoBase.cc: 359 -- Running RobustFit for POI r. Configured with strategy 0  
INFO: (function: findCrossing) FitterAlgoBase.cc: 405 -- Searching for crossing at nll = -14351.2, in the interval 0.18177 < r < 20
INFO: (function: improveOnce) CascadeMinimizer.cc: 188 -- Minimisation configured with Type=Minuit2, Algo=Migrad, strategy=0, tolerance=0.1
INFO: (function: improveOnce) CascadeMinimizer.cc: 211 -- Minimisation finished with status=-1
DEBUG: (function: improveOnce) CascadeMinimizer.cc: 217 -- Minimization ended with latest status != 0 or 1
ERROR: (function: findCrossing) FitterAlgoBase.cc: 419 -- Minimization failed at r = 0.18177
INFO: (function: findCrossing) FitterAlgoBase.cc: 405 -- Searching for crossing at nll = -14351.2, in the interval 0.18177 < r < -5
INFO: (function: improveOnce) CascadeMinimizer.cc: 188 -- Minimisation configured with Type=Minuit2, Algo=Migrad, strategy=0, tolerance=0.1
INFO: (function: improveOnce) CascadeMinimizer.cc: 211 -- Minimisation finished with status=-1
DEBUG: (function: improveOnce) CascadeMinimizer.cc: 217 -- Minimization ended with latest status != 0 or 1
ERROR: (function: findCrossing) FitterAlgoBase.cc: 419 -- Minimization failed at r = 0.18177
ERROR: (function: runSpecific) [WARNING]: Unable to determine uncertainties on all fit parameters in s+b fit. Have a look at https://cms-analysis.github.io/HiggsAnalysis-CombinedLimit/part3/nonstandard/#fit-parameter-uncertainties for more information.
DEBUG: (function: runSpecific) FitDiagnostics.cc: 443 -- Fit S+B, status = 0, numBadNLL = 0, covariance quality = 2
