
>>> random number generator seed is 123456
   Options for Robust Minimizer :: 
        Tolerance  0.1
        Strategy   0
        Type,Algo  Minuit2,Migrad
>>> method used is FitDiagnostics
Set Default Value of Parameter r To : 1
>>> 0 out of 6 channels masked

>>> Channel masks:
  1) 0x6630a80 RooRealVar::   mask_Fail_LOW = 0 C  L(-INF - +INF)  "mask_Fail_LOW"
  2) 0x66314d0 RooRealVar::   mask_Fail_SIG = 0 C  L(-INF - +INF)  "mask_Fail_SIG"
  3) 0x6632020 RooRealVar::  mask_Fail_HIGH = 0 C  L(-INF - +INF)  "mask_Fail_HIGH"
  4) 0x6632b70 RooRealVar::  mask_Loose_LOW = 0 C  L(-INF - +INF)  "mask_Loose_LOW"
  5) 0x66336c0 RooRealVar::  mask_Loose_SIG = 0 C  L(-INF - +INF)  "mask_Loose_SIG"
  6) 0x6634210 RooRealVar:: mask_Loose_HIGH = 0 C  L(-INF - +INF)  "mask_Loose_HIGH"
SimNLL created with 0 channels, 0 generic constraints, 16 fast gaussian constraints, 0 fast poisson constraints, 0 fast group constraints, 
Minuit2Minimizer: Minimize with max-calls 8000 convergence for edm < 0.1 strategy 0
Minuit2Minimizer::Minuit  - Changing default options
             StorageLevel :               0
MnSeedGenerator: for initial parameters FCN = 0
MnSeedGenerator: Initial state:   - FCN =                0 Edm =            0 NCalls =     65
VariableMetric: start iterating until Edm is < 0.0001
VariableMetric: Initial state   - FCN =                0 Edm =            0 NCalls =     65
VariableMetric: Iteration #   0 - FCN =                0 Edm =            0 NCalls =     65
Minuit2Minimizer : Valid minimum - status = 0
FVAL  = 0
Edm   = 0
Nfcn  = 65
F	  = 0	 +/-  1
JER	  = 0	 +/-  1
JES	  = 0	 +/-  1
JMR	  = 0	 +/-  1
JMS	  = 0	 +/-  1
PS_FSR	  = 0	 +/-  1
PS_ISR	  = 0	 +/-  1
R	  = 0	 +/-  1
RF	  = 0	 +/-  1
btag	  = 0	 +/-  1
lumi	  = 0	 +/-  1
pdf	  = 0	 +/-  1
pileup	  = 0	 +/-  1
prefire	  = 0	 +/-  1
top_ptrw	  = 0	 +/-  1
ttbar_xsec	  = 0	 +/-  1
SimNLL created with 6 channels, 0 generic constraints, 16 fast gaussian constraints, 0 fast poisson constraints, 0 fast group constraints, 
  [WARNING] Found [Background_Fail_LOW_bin_1-1] at boundary. 
  [WARNING] Found [Background_Fail_LOW_bin_1-2] at boundary. 
  [WARNING] Found [Background_Fail_LOW_bin_1-3] at boundary. 
  [WARNING] Found [Background_Fail_LOW_bin_1-4] at boundary. 
  [WARNING] Found [Background_Fail_LOW_bin_1-5] at boundary. 
  [WARNING] Found [Background_Fail_LOW_bin_1-6] at boundary. 
  [WARNING] Found [Background_Fail_LOW_bin_1-7] at boundary. 
 [WARNING] After the fit some parameters are at their boundary.
 [WARNING] Are you sure your model is correct?

  RooFitResult: minimized FCN value: -0.00200333, estimated distance to minimum: 4.0338e-05
                covariance matrix quality: Full, accurate covariance matrix
                Status : MINIMIZE=0 HESSE=0 

    Constant Parameter    Value     
  --------------------  ------------
                  F_In    0.0000e+00
                JER_In    0.0000e+00
                JES_In    0.0000e+00
                JMR_In    0.0000e+00
                JMS_In    0.0000e+00
             PS_FSR_In    0.0000e+00
             PS_ISR_In    0.0000e+00
                 RF_In    0.0000e+00
                  R_In    0.0000e+00
               btag_In    0.0000e+00
               lumi_In    0.0000e+00
  n_exp_binFail_HIGH_proc_Background    1.0000e+00
  n_exp_binFail_LOW_proc_Background    1.0000e+00
  n_exp_binFail_SIG_proc_Background    1.0000e+00
  n_exp_binLoose_HIGH_proc_Background_2x0    1.0000e+00
  n_exp_binLoose_LOW_proc_Background_2x0    1.0000e+00
  n_exp_binLoose_SIG_proc_Background_2x0    1.0000e+00
                pdf_In    0.0000e+00
             pileup_In    0.0000e+00
            prefire_In    0.0000e+00
                     r    1.0000e+00
           top_ptrw_In    0.0000e+00
         ttbar_xsec_In    0.0000e+00

    Floating Parameter  InitialValue    FinalValue +/-  Error     GblCorr.
  --------------------  ------------  --------------------------  --------
  Background_Fail_HIGH_bin_1-1    9.4508e+04    9.4508e+04 +/-  3.03e+02  <none>
  Background_Fail_HIGH_bin_1-2    7.0699e+04    7.0698e+04 +/-  2.64e+02  <none>
  Background_Fail_HIGH_bin_1-3    4.2964e+04    4.2964e+04 +/-  2.06e+02  <none>
  Background_Fail_HIGH_bin_1-4    2.6935e+04    2.6935e+04 +/-  1.63e+02  <none>
  Background_Fail_HIGH_bin_1-5    1.0880e+04    1.0880e+04 +/-  1.03e+02  <none>
  Background_Fail_HIGH_bin_1-6    3.8375e+03    3.8374e+03 +/-  6.06e+01  <none>
  Background_Fail_HIGH_bin_1-7    1.3473e+03    1.3472e+03 +/-  3.64e+01  <none>
  Background_Fail_HIGH_bin_1-8    4.4656e+01    4.4654e+01 +/-  6.54e+00  <none>
  Background_Fail_HIGH_bin_2-1    4.5077e+04    4.5077e+04 +/-  2.09e+02  <none>
  Background_Fail_HIGH_bin_2-2    3.2683e+04    3.2683e+04 +/-  1.79e+02  <none>
  Background_Fail_HIGH_bin_2-3    1.9420e+04    1.9420e+04 +/-  1.38e+02  <none>
  Background_Fail_HIGH_bin_2-4    1.2228e+04    1.2228e+04 +/-  1.10e+02  <none>
  Background_Fail_HIGH_bin_2-5    5.3506e+03    5.3506e+03 +/-  7.24e+01  <none>
  Background_Fail_HIGH_bin_2-6    2.2451e+03    2.2451e+03 +/-  4.64e+01  <none>
  Background_Fail_HIGH_bin_2-7    1.2272e+03    1.2272e+03 +/-  3.43e+01  <none>
  Background_Fail_HIGH_bin_2-8    9.7447e+01    9.7445e+01 +/-  9.66e+00  <none>
  Background_Fail_HIGH_bin_3-1    2.2460e+04    2.2460e+04 +/-  1.47e+02  <none>
  Background_Fail_HIGH_bin_3-2    1.6106e+04    1.6106e+04 +/-  1.25e+02  <none>
  Background_Fail_HIGH_bin_3-3    9.3338e+03    9.3335e+03 +/-  9.73e+01  <none>
  Background_Fail_HIGH_bin_3-4    6.1982e+03    6.1982e+03 +/-  7.85e+01  <none>
  Background_Fail_HIGH_bin_3-5    2.6930e+03    2.6930e+03 +/-  5.08e+01  <none>
  Background_Fail_HIGH_bin_3-6    1.0970e+03    1.0970e+03 +/-  3.27e+01  <none>
  Background_Fail_HIGH_bin_3-7    7.8904e+02    7.8904e+02 +/-  2.75e+01  <none>
  Background_Fail_HIGH_bin_3-8    1.2647e+02    1.2647e+02 +/-  1.10e+01  <none>
  Background_Fail_HIGH_bin_4-1    1.1606e+04    1.1605e+04 +/-  1.06e+02  <none>
  Background_Fail_HIGH_bin_4-2    8.1093e+03    8.1093e+03 +/-  8.83e+01  <none>
  Background_Fail_HIGH_bin_4-3    4.7759e+03    4.7758e+03 +/-  6.79e+01  <none>
  Background_Fail_HIGH_bin_4-4    3.0402e+03    3.0401e+03 +/-  5.48e+01  <none>
  Background_Fail_HIGH_bin_4-5    1.4216e+03    1.4216e+03 +/-  3.70e+01  <none>
  Background_Fail_HIGH_bin_4-6    6.1753e+02    6.1753e+02 +/-  2.44e+01  <none>
  Background_Fail_HIGH_bin_4-7    4.7170e+02    4.7170e+02 +/-  2.13e+01  <none>
  Background_Fail_HIGH_bin_4-8    1.2387e+02    1.2386e+02 +/-  1.09e+01  <none>
  Background_Fail_HIGH_bin_5-1    6.0080e+03    6.0080e+03 +/-  7.62e+01  <none>
  Background_Fail_HIGH_bin_5-2    4.1212e+03    4.1212e+03 +/-  6.31e+01  <none>
  Background_Fail_HIGH_bin_5-3    2.3175e+03    2.3175e+03 +/-  4.75e+01  <none>
  Background_Fail_HIGH_bin_5-4    1.5645e+03    1.5645e+03 +/-  3.88e+01  <none>
  Background_Fail_HIGH_bin_5-5    7.3934e+02    7.3934e+02 +/-  2.67e+01  <none>
  Background_Fail_HIGH_bin_5-6    3.2238e+02    3.2238e+02 +/-  1.77e+01  <none>
  Background_Fail_HIGH_bin_5-7    2.7876e+02    2.7875e+02 +/-  1.64e+01  <none>
  Background_Fail_HIGH_bin_5-8    8.1792e+01    8.1790e+01 +/-  8.89e+00  <none>
  Background_Fail_HIGH_bin_6-1    3.2053e+03    3.2053e+03 +/-  5.57e+01  <none>
  Background_Fail_HIGH_bin_6-2    2.1311e+03    2.1311e+03 +/-  4.54e+01  <none>
  Background_Fail_HIGH_bin_6-3    1.2254e+03    1.2254e+03 +/-  3.44e+01  <none>
  Background_Fail_HIGH_bin_6-4    8.3908e+02    8.3908e+02 +/-  2.85e+01  <none>
  Background_Fail_HIGH_bin_6-5    3.6897e+02    3.6897e+02 +/-  1.89e+01  <none>
  Background_Fail_HIGH_bin_6-6    2.0880e+02    2.0880e+02 +/-  1.42e+01  <none>
  Background_Fail_HIGH_bin_6-7    1.5993e+02    1.5993e+02 +/-  1.24e+01  <none>
  Background_Fail_HIGH_bin_6-8    6.1707e+01    6.1705e+01 +/-  7.72e+00  <none>
  Background_Fail_HIGH_bin_7-1    2.4880e+03    2.4880e+03 +/-  4.92e+01  <none>
  Background_Fail_HIGH_bin_7-2    1.5754e+03    1.5754e+03 +/-  3.95e+01  <none>
  Background_Fail_HIGH_bin_7-3    9.0124e+02    9.0124e+02 +/-  2.96e+01  <none>
  Background_Fail_HIGH_bin_7-4    6.5798e+02    6.5798e+02 +/-  2.53e+01  <none>
  Background_Fail_HIGH_bin_7-5    3.4005e+02    3.4005e+02 +/-  1.82e+01  <none>
  Background_Fail_HIGH_bin_7-6    1.6173e+02    1.6173e+02 +/-  1.25e+01  <none>
  Background_Fail_HIGH_bin_7-7    1.4996e+02    1.4996e+02 +/-  1.21e+01  <none>
  Background_Fail_HIGH_bin_7-8    3.7594e+01    3.7593e+01 +/-  6.05e+00  <none>
  Background_Fail_LOW_bin_1-1    1.0004e-06    1.0018e-06 +/-  4.76e-01  <none>
  Background_Fail_LOW_bin_1-2    1.0004e-06    1.0018e-06 +/-  4.76e-01  <none>
  Background_Fail_LOW_bin_1-3    1.0004e-06    1.0024e-06 +/-  4.76e-01  <none>
  Background_Fail_LOW_bin_1-4    1.0004e-06    1.0036e-06 +/-  4.76e-01  <none>
  Background_Fail_LOW_bin_1-5    1.0004e-06    1.0029e-06 +/-  4.75e-01  <none>
  Background_Fail_LOW_bin_1-6    1.0004e-06    1.0001e-06 +/-  4.75e-01  <none>
  Background_Fail_LOW_bin_1-7    1.0004e-06    1.0001e-06 +/-  4.75e-01  <none>
  Background_Fail_LOW_bin_2-1    1.2269e+05    1.2269e+05 +/-  3.46e+02  <none>
  Background_Fail_LOW_bin_2-2    9.5363e+04    9.5363e+04 +/-  3.09e+02  <none>
  Background_Fail_LOW_bin_2-3    5.7873e+04    5.7874e+04 +/-  2.41e+02  <none>
  Background_Fail_LOW_bin_2-4    3.2795e+04    3.2796e+04 +/-  1.86e+02  <none>
  Background_Fail_LOW_bin_2-5    9.5919e+03    9.5917e+03 +/-  9.84e+01  <none>
  Background_Fail_LOW_bin_2-6    1.4284e+03    1.4284e+03 +/-  3.77e+01  <none>
  Background_Fail_LOW_bin_2-7    1.2716e+02    1.2715e+02 +/-  1.17e+01  <none>
  Background_Fail_SIG_bin_1-1    5.8321e+04    5.8321e+04 +/-  2.37e+02  <none>
  Background_Fail_SIG_bin_1-2    4.4438e+04    4.4437e+04 +/-  2.10e+02  <none>
  Background_Fail_SIG_bin_1-3    2.6858e+04    2.6859e+04 +/-  1.65e+02  <none>
  Background_Fail_SIG_bin_1-4    1.5626e+04    1.5626e+04 +/-  1.26e+02  <none>
  Background_Fail_SIG_bin_1-5    5.1871e+03    5.1870e+03 +/-  7.11e+01  <none>
  Background_Fail_SIG_bin_1-6    1.0316e+03    1.0318e+03 +/-  3.29e+01  <none>
  Background_Fail_SIG_bin_1-7    1.1358e+02    1.1357e+02 +/-  1.12e+01  <none>
  Background_Fail_SIG_bin_1-8    5.3085e+00    5.3087e+00 +/-  2.33e+00  <none>
  Background_Fail_SIG_bin_2-1    4.8724e+04    4.8724e+04 +/-  2.17e+02  <none>
  Background_Fail_SIG_bin_2-2    3.7145e+04    3.7145e+04 +/-  1.91e+02  <none>
  Background_Fail_SIG_bin_2-3    2.2834e+04    2.2835e+04 +/-  1.52e+02  <none>
  Background_Fail_SIG_bin_2-4    1.3652e+04    1.3652e+04 +/-  1.21e+02  <none>
  Background_Fail_SIG_bin_2-5    4.7468e+03    4.7468e+03 +/-  6.91e+01  <none>
  Background_Fail_SIG_bin_2-6    1.0696e+03    1.0696e+03 +/-  3.19e+01  <none>
  Background_Fail_SIG_bin_2-7    1.3011e+02    1.3011e+02 +/-  1.19e+01  <none>
  Background_Fail_SIG_bin_2-8    3.3257e+00    3.3249e+00 +/-  1.90e+00  <none>
  Background_Fail_SIG_bin_3-1    4.1018e+04    4.1017e+04 +/-  1.99e+02  <none>
  Background_Fail_SIG_bin_3-2    3.1470e+04    3.1470e+04 +/-  1.75e+02  <none>
  Background_Fail_SIG_bin_3-3    1.8853e+04    1.8852e+04 +/-  1.38e+02  <none>
  Background_Fail_SIG_bin_3-4    1.1471e+04    1.1471e+04 +/-  1.08e+02  <none>
  Background_Fail_SIG_bin_3-5    4.2123e+03    4.2122e+03 +/-  6.41e+01  <none>
  Background_Fail_SIG_bin_3-6    1.0499e+03    1.0499e+03 +/-  3.17e+01  <none>
  Background_Fail_SIG_bin_3-7    1.4894e+02    1.4894e+02 +/-  1.28e+01  <none>
  Background_Fail_SIG_bin_3-8    3.4468e+00    3.4452e+00 +/-  1.90e+00  <none>
  Background_Fail_SIG_bin_4-1    3.4401e+04    3.4400e+04 +/-  1.82e+02  <none>
  Background_Fail_SIG_bin_4-2    2.6218e+04    2.6218e+04 +/-  1.61e+02  <none>
  Background_Fail_SIG_bin_4-3    1.6109e+04    1.6109e+04 +/-  1.26e+02  <none>
  Background_Fail_SIG_bin_4-4    9.7049e+03    9.7051e+03 +/-  9.86e+01  <none>
  Background_Fail_SIG_bin_4-5    3.6624e+03    3.6624e+03 +/-  5.96e+01  <none>
  Background_Fail_SIG_bin_4-6    1.0754e+03    1.0754e+03 +/-  3.20e+01  <none>
  Background_Fail_SIG_bin_4-7    2.1520e+02    2.1520e+02 +/-  1.43e+01  <none>
  Background_Fail_SIG_bin_4-8    6.5096e+00    6.5081e+00 +/-  2.52e+00  <none>
  Background_Fail_SIG_bin_5-1    2.9437e+04    2.9437e+04 +/-  1.68e+02  <none>
  Background_Fail_SIG_bin_5-2    2.2675e+04    2.2675e+04 +/-  1.49e+02  <none>
  Background_Fail_SIG_bin_5-3    1.3638e+04    1.3637e+04 +/-  1.17e+02  <none>
  Background_Fail_SIG_bin_5-4    8.3214e+03    8.3213e+03 +/-  9.10e+01  <none>
  Background_Fail_SIG_bin_5-5    3.1832e+03    3.1832e+03 +/-  5.59e+01  <none>
  Background_Fail_SIG_bin_5-6    1.0359e+03    1.0359e+03 +/-  3.14e+01  <none>
  Background_Fail_SIG_bin_5-7    2.7084e+02    2.7083e+02 +/-  1.62e+01  <none>
  Background_Fail_SIG_bin_5-8    6.4476e+00    6.4456e+00 +/-  2.52e+00  <none>
  Background_rpf_2x0_par0    2.8520e-01    2.8520e-01 +/-  3.90e-02  <none>
  Background_rpf_2x0_par1   -1.3062e-01   -1.3062e-01 +/-  2.86e-02  <none>
  Background_rpf_2x0_par2   -3.9480e-04   -3.9638e-04 +/-  2.99e-02  <none>
  Background_rpf_2x0_par3    1.8948e-01    1.8948e-01 +/-  2.59e-02  <none>
                     F   -9.7704e-03   -9.4021e-03 +/-  1.35e-01  <none>
                   JER   -7.1599e-01   -7.1090e-01 +/-  1.59e-01  <none>
                   JES    2.1262e-02    2.4645e-02 +/-  1.22e-01  <none>
                   JMR    1.6916e+00    1.6962e+00 +/-  2.28e-01  <none>
                   JMS    1.7659e-01    1.7450e-01 +/-  9.84e-02  <none>
                PS_FSR   -1.6310e-02   -1.6035e-02 +/-  6.26e-02  <none>
                PS_ISR   -1.5138e-01   -1.5213e-01 +/-  1.72e-01  <none>
                     R   -1.0492e-01   -1.0723e-01 +/-  1.55e-01  <none>
                    RF   -4.9615e-01   -4.9826e-01 +/-  1.65e-01  <none>
                  btag    6.1006e-02    6.1045e-02 +/-  1.43e-01  <none>
                  lumi    4.8575e-01    4.8490e-01 +/-  9.90e-01  <none>
                   pdf   -2.0264e-02   -1.8939e-02 +/-  1.39e-01  <none>
                pileup   -1.8169e-02   -1.2819e-02 +/-  1.30e-01  <none>
               prefire   -4.6851e-03   -4.0073e-03 +/-  1.39e-01  <none>
              top_ptrw    0.0000e+00    0.0000e+00 +/-  1.33e-01  <none>
            ttbar_xsec    5.6542e+00    5.6547e+00 +/-  3.02e-01  <none>


  RooFitResult: minimized FCN value: -0.00200333, estimated distance to minimum: 4.0338e-05
                covariance matrix quality: Full, accurate covariance matrix
                Status : MINIMIZE=0 HESSE=0 

    Constant Parameter    Value     
  --------------------  ------------
                  F_In    0.0000e+00
                JER_In    0.0000e+00
                JES_In    0.0000e+00
                JMR_In    0.0000e+00
                JMS_In    0.0000e+00
             PS_FSR_In    0.0000e+00
             PS_ISR_In    0.0000e+00
                 RF_In    0.0000e+00
                  R_In    0.0000e+00
               btag_In    0.0000e+00
               lumi_In    0.0000e+00
  n_exp_binFail_HIGH_proc_Background    1.0000e+00
  n_exp_binFail_LOW_proc_Background    1.0000e+00
  n_exp_binFail_SIG_proc_Background    1.0000e+00
  n_exp_binLoose_HIGH_proc_Background_2x0    1.0000e+00
  n_exp_binLoose_LOW_proc_Background_2x0    1.0000e+00
  n_exp_binLoose_SIG_proc_Background_2x0    1.0000e+00
                pdf_In    0.0000e+00
             pileup_In    0.0000e+00
            prefire_In    0.0000e+00
                     r    1.0000e+00
           top_ptrw_In    0.0000e+00
         ttbar_xsec_In    0.0000e+00

    Floating Parameter  InitialValue    FinalValue +/-  Error     GblCorr.
  --------------------  ------------  --------------------------  --------
  Background_Fail_HIGH_bin_1-1    9.4508e+04    9.4508e+04 +/-  3.03e+02  <none>
  Background_Fail_HIGH_bin_1-2    7.0699e+04    7.0698e+04 +/-  2.64e+02  <none>
  Background_Fail_HIGH_bin_1-3    4.2964e+04    4.2964e+04 +/-  2.06e+02  <none>
  Background_Fail_HIGH_bin_1-4    2.6935e+04    2.6935e+04 +/-  1.63e+02  <none>
  Background_Fail_HIGH_bin_1-5    1.0880e+04    1.0880e+04 +/-  1.03e+02  <none>
  Background_Fail_HIGH_bin_1-6    3.8375e+03    3.8374e+03 +/-  6.06e+01  <none>
  Background_Fail_HIGH_bin_1-7    1.3473e+03    1.3472e+03 +/-  3.64e+01  <none>
  Background_Fail_HIGH_bin_1-8    4.4656e+01    4.4654e+01 +/-  6.54e+00  <none>
  Background_Fail_HIGH_bin_2-1    4.5077e+04    4.5077e+04 +/-  2.09e+02  <none>
  Background_Fail_HIGH_bin_2-2    3.2683e+04    3.2683e+04 +/-  1.79e+02  <none>
  Background_Fail_HIGH_bin_2-3    1.9420e+04    1.9420e+04 +/-  1.38e+02  <none>
  Background_Fail_HIGH_bin_2-4    1.2228e+04    1.2228e+04 +/-  1.10e+02  <none>
  Background_Fail_HIGH_bin_2-5    5.3506e+03    5.3506e+03 +/-  7.24e+01  <none>
  Background_Fail_HIGH_bin_2-6    2.2451e+03    2.2451e+03 +/-  4.64e+01  <none>
  Background_Fail_HIGH_bin_2-7    1.2272e+03    1.2272e+03 +/-  3.43e+01  <none>
  Background_Fail_HIGH_bin_2-8    9.7447e+01    9.7445e+01 +/-  9.66e+00  <none>
  Background_Fail_HIGH_bin_3-1    2.2460e+04    2.2460e+04 +/-  1.47e+02  <none>
  Background_Fail_HIGH_bin_3-2    1.6106e+04    1.6106e+04 +/-  1.25e+02  <none>
  Background_Fail_HIGH_bin_3-3    9.3338e+03    9.3335e+03 +/-  9.73e+01  <none>
  Background_Fail_HIGH_bin_3-4    6.1982e+03    6.1982e+03 +/-  7.85e+01  <none>
  Background_Fail_HIGH_bin_3-5    2.6930e+03    2.6930e+03 +/-  5.08e+01  <none>
  Background_Fail_HIGH_bin_3-6    1.0970e+03    1.0970e+03 +/-  3.27e+01  <none>
  Background_Fail_HIGH_bin_3-7    7.8904e+02    7.8904e+02 +/-  2.75e+01  <none>
  Background_Fail_HIGH_bin_3-8    1.2647e+02    1.2647e+02 +/-  1.10e+01  <none>
  Background_Fail_HIGH_bin_4-1    1.1606e+04    1.1605e+04 +/-  1.06e+02  <none>
  Background_Fail_HIGH_bin_4-2    8.1093e+03    8.1093e+03 +/-  8.83e+01  <none>
  Background_Fail_HIGH_bin_4-3    4.7759e+03    4.7758e+03 +/-  6.79e+01  <none>
  Background_Fail_HIGH_bin_4-4    3.0402e+03    3.0401e+03 +/-  5.48e+01  <none>
  Background_Fail_HIGH_bin_4-5    1.4216e+03    1.4216e+03 +/-  3.70e+01  <none>
  Background_Fail_HIGH_bin_4-6    6.1753e+02    6.1753e+02 +/-  2.44e+01  <none>
  Background_Fail_HIGH_bin_4-7    4.7170e+02    4.7170e+02 +/-  2.13e+01  <none>
  Background_Fail_HIGH_bin_4-8    1.2387e+02    1.2386e+02 +/-  1.09e+01  <none>
  Background_Fail_HIGH_bin_5-1    6.0080e+03    6.0080e+03 +/-  7.62e+01  <none>
  Background_Fail_HIGH_bin_5-2    4.1212e+03    4.1212e+03 +/-  6.31e+01  <none>
  Background_Fail_HIGH_bin_5-3    2.3175e+03    2.3175e+03 +/-  4.75e+01  <none>
  Background_Fail_HIGH_bin_5-4    1.5645e+03    1.5645e+03 +/-  3.88e+01  <none>
  Background_Fail_HIGH_bin_5-5    7.3934e+02    7.3934e+02 +/-  2.67e+01  <none>
  Background_Fail_HIGH_bin_5-6    3.2238e+02    3.2238e+02 +/-  1.77e+01  <none>
  Background_Fail_HIGH_bin_5-7    2.7876e+02    2.7875e+02 +/-  1.64e+01  <none>
  Background_Fail_HIGH_bin_5-8    8.1792e+01    8.1790e+01 +/-  8.89e+00  <none>
  Background_Fail_HIGH_bin_6-1    3.2053e+03    3.2053e+03 +/-  5.57e+01  <none>
  Background_Fail_HIGH_bin_6-2    2.1311e+03    2.1311e+03 +/-  4.54e+01  <none>
  Background_Fail_HIGH_bin_6-3    1.2254e+03    1.2254e+03 +/-  3.44e+01  <none>
  Background_Fail_HIGH_bin_6-4    8.3908e+02    8.3908e+02 +/-  2.85e+01  <none>
  Background_Fail_HIGH_bin_6-5    3.6897e+02    3.6897e+02 +/-  1.89e+01  <none>
  Background_Fail_HIGH_bin_6-6    2.0880e+02    2.0880e+02 +/-  1.42e+01  <none>
  Background_Fail_HIGH_bin_6-7    1.5993e+02    1.5993e+02 +/-  1.24e+01  <none>
  Background_Fail_HIGH_bin_6-8    6.1707e+01    6.1705e+01 +/-  7.72e+00  <none>
  Background_Fail_HIGH_bin_7-1    2.4880e+03    2.4880e+03 +/-  4.92e+01  <none>
  Background_Fail_HIGH_bin_7-2    1.5754e+03    1.5754e+03 +/-  3.95e+01  <none>
  Background_Fail_HIGH_bin_7-3    9.0124e+02    9.0124e+02 +/-  2.96e+01  <none>
  Background_Fail_HIGH_bin_7-4    6.5798e+02    6.5798e+02 +/-  2.53e+01  <none>
  Background_Fail_HIGH_bin_7-5    3.4005e+02    3.4005e+02 +/-  1.82e+01  <none>
  Background_Fail_HIGH_bin_7-6    1.6173e+02    1.6173e+02 +/-  1.25e+01  <none>
  Background_Fail_HIGH_bin_7-7    1.4996e+02    1.4996e+02 +/-  1.21e+01  <none>
  Background_Fail_HIGH_bin_7-8    3.7594e+01    3.7593e+01 +/-  6.05e+00  <none>
  Background_Fail_LOW_bin_1-1    1.0004e-06    1.0018e-06 +/-  4.76e-01  <none>
  Background_Fail_LOW_bin_1-2    1.0004e-06    1.0018e-06 +/-  4.76e-01  <none>
  Background_Fail_LOW_bin_1-3    1.0004e-06    1.0024e-06 +/-  4.76e-01  <none>
  Background_Fail_LOW_bin_1-4    1.0004e-06    1.0036e-06 +/-  4.76e-01  <none>
  Background_Fail_LOW_bin_1-5    1.0004e-06    1.0029e-06 +/-  4.75e-01  <none>
  Background_Fail_LOW_bin_1-6    1.0004e-06    1.0001e-06 +/-  4.75e-01  <none>
  Background_Fail_LOW_bin_1-7    1.0004e-06    1.0001e-06 +/-  4.75e-01  <none>
  Background_Fail_LOW_bin_2-1    1.2269e+05    1.2269e+05 +/-  3.46e+02  <none>
  Background_Fail_LOW_bin_2-2    9.5363e+04    9.5363e+04 +/-  3.09e+02  <none>
  Background_Fail_LOW_bin_2-3    5.7873e+04    5.7874e+04 +/-  2.41e+02  <none>
  Background_Fail_LOW_bin_2-4    3.2795e+04    3.2796e+04 +/-  1.86e+02  <none>
  Background_Fail_LOW_bin_2-5    9.5919e+03    9.5917e+03 +/-  9.84e+01  <none>
  Background_Fail_LOW_bin_2-6    1.4284e+03    1.4284e+03 +/-  3.77e+01  <none>
  Background_Fail_LOW_bin_2-7    1.2716e+02    1.2715e+02 +/-  1.17e+01  <none>
  Background_Fail_SIG_bin_1-1    5.8321e+04    5.8321e+04 +/-  2.37e+02  <none>
  Background_Fail_SIG_bin_1-2    4.4438e+04    4.4437e+04 +/-  2.10e+02  <none>
  Background_Fail_SIG_bin_1-3    2.6858e+04    2.6859e+04 +/-  1.65e+02  <none>
  Background_Fail_SIG_bin_1-4    1.5626e+04    1.5626e+04 +/-  1.26e+02  <none>
  Background_Fail_SIG_bin_1-5    5.1871e+03    5.1870e+03 +/-  7.11e+01  <none>
  Background_Fail_SIG_bin_1-6    1.0316e+03    1.0318e+03 +/-  3.29e+01  <none>
  Background_Fail_SIG_bin_1-7    1.1358e+02    1.1357e+02 +/-  1.12e+01  <none>
  Background_Fail_SIG_bin_1-8    5.3085e+00    5.3087e+00 +/-  2.33e+00  <none>
  Background_Fail_SIG_bin_2-1    4.8724e+04    4.8724e+04 +/-  2.17e+02  <none>
  Background_Fail_SIG_bin_2-2    3.7145e+04    3.7145e+04 +/-  1.91e+02  <none>
  Background_Fail_SIG_bin_2-3    2.2834e+04    2.2835e+04 +/-  1.52e+02  <none>
  Background_Fail_SIG_bin_2-4    1.3652e+04    1.3652e+04 +/-  1.21e+02  <none>
  Background_Fail_SIG_bin_2-5    4.7468e+03    4.7468e+03 +/-  6.91e+01  <none>
  Background_Fail_SIG_bin_2-6    1.0696e+03    1.0696e+03 +/-  3.19e+01  <none>
  Background_Fail_SIG_bin_2-7    1.3011e+02    1.3011e+02 +/-  1.19e+01  <none>
  Background_Fail_SIG_bin_2-8    3.3257e+00    3.3249e+00 +/-  1.90e+00  <none>
  Background_Fail_SIG_bin_3-1    4.1018e+04    4.1017e+04 +/-  1.99e+02  <none>
  Background_Fail_SIG_bin_3-2    3.1470e+04    3.1470e+04 +/-  1.75e+02  <none>
  Background_Fail_SIG_bin_3-3    1.8853e+04    1.8852e+04 +/-  1.38e+02  <none>
  Background_Fail_SIG_bin_3-4    1.1471e+04    1.1471e+04 +/-  1.08e+02  <none>
  Background_Fail_SIG_bin_3-5    4.2123e+03    4.2122e+03 +/-  6.41e+01  <none>
  Background_Fail_SIG_bin_3-6    1.0499e+03    1.0499e+03 +/-  3.17e+01  <none>
  Background_Fail_SIG_bin_3-7    1.4894e+02    1.4894e+02 +/-  1.28e+01  <none>
  Background_Fail_SIG_bin_3-8    3.4468e+00    3.4452e+00 +/-  1.90e+00  <none>
  Background_Fail_SIG_bin_4-1    3.4401e+04    3.4400e+04 +/-  1.82e+02  <none>
  Background_Fail_SIG_bin_4-2    2.6218e+04    2.6218e+04 +/-  1.61e+02  <none>
  Background_Fail_SIG_bin_4-3    1.6109e+04    1.6109e+04 +/-  1.26e+02  <none>
  Background_Fail_SIG_bin_4-4    9.7049e+03    9.7051e+03 +/-  9.86e+01  <none>
  Background_Fail_SIG_bin_4-5    3.6624e+03    3.6624e+03 +/-  5.96e+01  <none>
  Background_Fail_SIG_bin_4-6    1.0754e+03    1.0754e+03 +/-  3.20e+01  <none>
  Background_Fail_SIG_bin_4-7    2.1520e+02    2.1520e+02 +/-  1.43e+01  <none>
  Background_Fail_SIG_bin_4-8    6.5096e+00    6.5081e+00 +/-  2.52e+00  <none>
  Background_Fail_SIG_bin_5-1    2.9437e+04    2.9437e+04 +/-  1.68e+02  <none>
  Background_Fail_SIG_bin_5-2    2.2675e+04    2.2675e+04 +/-  1.49e+02  <none>
  Background_Fail_SIG_bin_5-3    1.3638e+04    1.3637e+04 +/-  1.17e+02  <none>
  Background_Fail_SIG_bin_5-4    8.3214e+03    8.3213e+03 +/-  9.10e+01  <none>
  Background_Fail_SIG_bin_5-5    3.1832e+03    3.1832e+03 +/-  5.59e+01  <none>
  Background_Fail_SIG_bin_5-6    1.0359e+03    1.0359e+03 +/-  3.14e+01  <none>
  Background_Fail_SIG_bin_5-7    2.7084e+02    2.7083e+02 +/-  1.62e+01  <none>
  Background_Fail_SIG_bin_5-8    6.4476e+00    6.4456e+00 +/-  2.52e+00  <none>
  Background_rpf_2x0_par0    2.8520e-01    2.8520e-01 +/-  3.90e-02  <none>
  Background_rpf_2x0_par1   -1.3062e-01   -1.3062e-01 +/-  2.86e-02  <none>
  Background_rpf_2x0_par2   -3.9480e-04   -3.9638e-04 +/-  2.99e-02  <none>
  Background_rpf_2x0_par3    1.8948e-01    1.8948e-01 +/-  2.59e-02  <none>
                     F   -9.7704e-03   -9.4021e-03 +/-  1.35e-01  <none>
                   JER   -7.1599e-01   -7.1090e-01 +/-  1.59e-01  <none>
                   JES    2.1262e-02    2.4645e-02 +/-  1.22e-01  <none>
                   JMR    1.6916e+00    1.6962e+00 +/-  2.28e-01  <none>
                   JMS    1.7659e-01    1.7450e-01 +/-  9.84e-02  <none>
                PS_FSR   -1.6310e-02   -1.6035e-02 +/-  6.26e-02  <none>
                PS_ISR   -1.5138e-01   -1.5213e-01 +/-  1.72e-01  <none>
                     R   -1.0492e-01   -1.0723e-01 +/-  1.55e-01  <none>
                    RF   -4.9615e-01   -4.9826e-01 +/-  1.65e-01  <none>
                  btag    6.1006e-02    6.1045e-02 +/-  1.43e-01  <none>
                  lumi    4.8575e-01    4.8490e-01 +/-  9.90e-01  <none>
                   pdf   -2.0264e-02   -1.8939e-02 +/-  1.39e-01  <none>
                pileup   -1.8169e-02   -1.2819e-02 +/-  1.30e-01  <none>
               prefire   -4.6851e-03   -4.0073e-03 +/-  1.39e-01  <none>
              top_ptrw    0.0000e+00    0.0000e+00 +/-  1.33e-01  <none>
            ttbar_xsec    5.6542e+00    5.6547e+00 +/-  3.02e-01  <none>

  [WARNING] Found [Background_Fail_LOW_bin_1-1] at boundary. 
  [WARNING] Found [Background_Fail_LOW_bin_1-2] at boundary. 
  [WARNING] Found [Background_Fail_LOW_bin_1-3] at boundary. 
  [WARNING] Found [Background_Fail_LOW_bin_1-4] at boundary. 
  [WARNING] Found [Background_Fail_LOW_bin_1-5] at boundary. 
  [WARNING] Found [Background_Fail_LOW_bin_1-6] at boundary. 
  [WARNING] Found [Background_Fail_LOW_bin_1-7] at boundary. 
 [WARNING] After the fit some parameters are at their boundary.
 [WARNING] Are you sure your model is correct?

  RooFitResult: minimized FCN value: -0.0049935, estimated distance to minimum: 7.92012e-05
                covariance matrix quality: Full, accurate covariance matrix
                Status : MINIMIZE=0 HESSE=0 

    Constant Parameter    Value     
  --------------------  ------------
                  F_In    0.0000e+00
                JER_In    0.0000e+00
                JES_In    0.0000e+00
                JMR_In    0.0000e+00
                JMS_In    0.0000e+00
             PS_FSR_In    0.0000e+00
             PS_ISR_In    0.0000e+00
                 RF_In    0.0000e+00
                  R_In    0.0000e+00
               btag_In    0.0000e+00
               lumi_In    0.0000e+00
  n_exp_binFail_HIGH_proc_Background    1.0000e+00
  n_exp_binFail_LOW_proc_Background    1.0000e+00
  n_exp_binFail_SIG_proc_Background    1.0000e+00
  n_exp_binLoose_HIGH_proc_Background_2x0    1.0000e+00
  n_exp_binLoose_LOW_proc_Background_2x0    1.0000e+00
  n_exp_binLoose_SIG_proc_Background_2x0    1.0000e+00
                pdf_In    0.0000e+00
             pileup_In    0.0000e+00
            prefire_In    0.0000e+00
           top_ptrw_In    0.0000e+00
         ttbar_xsec_In    0.0000e+00

    Floating Parameter  InitialValue    FinalValue +/-  Error     GblCorr.
  --------------------  ------------  --------------------------  --------
  Background_Fail_HIGH_bin_1-1    9.4525e+04    9.4524e+04 +/-  3.03e+02  <none>
  Background_Fail_HIGH_bin_1-2    7.0713e+04    7.0713e+04 +/-  2.65e+02  <none>
  Background_Fail_HIGH_bin_1-3    4.2966e+04    4.2965e+04 +/-  2.07e+02  <none>
  Background_Fail_HIGH_bin_1-4    2.6938e+04    2.6938e+04 +/-  1.63e+02  <none>
  Background_Fail_HIGH_bin_1-5    1.0879e+04    1.0879e+04 +/-  1.03e+02  <none>
  Background_Fail_HIGH_bin_1-6    3.8406e+03    3.8403e+03 +/-  6.07e+01  <none>
  Background_Fail_HIGH_bin_1-7    1.3497e+03    1.3499e+03 +/-  3.65e+01  <none>
  Background_Fail_HIGH_bin_1-8    4.4657e+01    4.4655e+01 +/-  6.54e+00  <none>
  Background_Fail_HIGH_bin_2-1    4.5088e+04    4.5087e+04 +/-  2.09e+02  <none>
  Background_Fail_HIGH_bin_2-2    3.2687e+04    3.2687e+04 +/-  1.80e+02  <none>
  Background_Fail_HIGH_bin_2-3    1.9424e+04    1.9424e+04 +/-  1.38e+02  <none>
  Background_Fail_HIGH_bin_2-4    1.2231e+04    1.2232e+04 +/-  1.10e+02  <none>
  Background_Fail_HIGH_bin_2-5    5.3611e+03    5.3608e+03 +/-  7.24e+01  <none>
  Background_Fail_HIGH_bin_2-6    2.2449e+03    2.2448e+03 +/-  4.64e+01  <none>
  Background_Fail_HIGH_bin_2-7    1.2271e+03    1.2271e+03 +/-  3.43e+01  <none>
  Background_Fail_HIGH_bin_2-8    9.7441e+01    9.7439e+01 +/-  9.67e+00  <none>
  Background_Fail_HIGH_bin_3-1    2.2460e+04    2.2460e+04 +/-  1.47e+02  <none>
  Background_Fail_HIGH_bin_3-2    1.6105e+04    1.6105e+04 +/-  1.25e+02  <none>
  Background_Fail_HIGH_bin_3-3    9.3477e+03    9.3476e+03 +/-  9.75e+01  <none>
  Background_Fail_HIGH_bin_3-4    6.1960e+03    6.1959e+03 +/-  7.87e+01  <none>
  Background_Fail_HIGH_bin_3-5    2.6950e+03    2.6950e+03 +/-  5.09e+01  <none>
  Background_Fail_HIGH_bin_3-6    1.0969e+03    1.0969e+03 +/-  3.27e+01  <none>
  Background_Fail_HIGH_bin_3-7    7.8897e+02    7.8897e+02 +/-  2.75e+01  <none>
  Background_Fail_HIGH_bin_3-8    1.2646e+02    1.2646e+02 +/-  1.10e+01  <none>
  Background_Fail_HIGH_bin_4-1    1.1606e+04    1.1606e+04 +/-  1.06e+02  <none>
  Background_Fail_HIGH_bin_4-2    8.1088e+03    8.1088e+03 +/-  8.83e+01  <none>
  Background_Fail_HIGH_bin_4-3    4.7761e+03    4.7761e+03 +/-  6.78e+01  <none>
  Background_Fail_HIGH_bin_4-4    3.0435e+03    3.0435e+03 +/-  5.48e+01  <none>
  Background_Fail_HIGH_bin_4-5    1.4215e+03    1.4215e+03 +/-  3.70e+01  <none>
  Background_Fail_HIGH_bin_4-6    6.1749e+02    6.1749e+02 +/-  2.44e+01  <none>
  Background_Fail_HIGH_bin_4-7    4.7168e+02    4.7167e+02 +/-  2.13e+01  <none>
  Background_Fail_HIGH_bin_4-8    1.2386e+02    1.2386e+02 +/-  1.09e+01  <none>
  Background_Fail_HIGH_bin_5-1    6.0079e+03    6.0079e+03 +/-  7.61e+01  <none>
  Background_Fail_HIGH_bin_5-2    4.1211e+03    4.1211e+03 +/-  6.31e+01  <none>
  Background_Fail_HIGH_bin_5-3    2.3180e+03    2.3180e+03 +/-  4.75e+01  <none>
  Background_Fail_HIGH_bin_5-4    1.5645e+03    1.5645e+03 +/-  3.89e+01  <none>
  Background_Fail_HIGH_bin_5-5    7.3931e+02    7.3930e+02 +/-  2.68e+01  <none>
  Background_Fail_HIGH_bin_5-6    3.2235e+02    3.2234e+02 +/-  1.77e+01  <none>
  Background_Fail_HIGH_bin_5-7    2.7876e+02    2.7876e+02 +/-  1.64e+01  <none>
  Background_Fail_HIGH_bin_5-8    8.1793e+01    8.1791e+01 +/-  8.89e+00  <none>
  Background_Fail_HIGH_bin_6-1    3.2054e+03    3.2054e+03 +/-  5.58e+01  <none>
  Background_Fail_HIGH_bin_6-2    2.1311e+03    2.1311e+03 +/-  4.54e+01  <none>
  Background_Fail_HIGH_bin_6-3    1.2254e+03    1.2254e+03 +/-  3.44e+01  <none>
  Background_Fail_HIGH_bin_6-4    8.3911e+02    8.3911e+02 +/-  2.85e+01  <none>
  Background_Fail_HIGH_bin_6-5    3.6902e+02    3.6901e+02 +/-  1.89e+01  <none>
  Background_Fail_HIGH_bin_6-6    2.0883e+02    2.0883e+02 +/-  1.42e+01  <none>
  Background_Fail_HIGH_bin_6-7    1.5995e+02    1.5994e+02 +/-  1.25e+01  <none>
  Background_Fail_HIGH_bin_6-8    6.1711e+01    6.1710e+01 +/-  7.72e+00  <none>
  Background_Fail_HIGH_bin_7-1    2.4882e+03    2.4883e+03 +/-  4.93e+01  <none>
  Background_Fail_HIGH_bin_7-2    1.5758e+03    1.5758e+03 +/-  3.96e+01  <none>
  Background_Fail_HIGH_bin_7-3    9.0134e+02    9.0134e+02 +/-  2.96e+01  <none>
  Background_Fail_HIGH_bin_7-4    6.5805e+02    6.5805e+02 +/-  2.53e+01  <none>
  Background_Fail_HIGH_bin_7-5    3.4009e+02    3.4009e+02 +/-  1.82e+01  <none>
  Background_Fail_HIGH_bin_7-6    1.6175e+02    1.6175e+02 +/-  1.25e+01  <none>
  Background_Fail_HIGH_bin_7-7    1.4999e+02    1.4999e+02 +/-  1.21e+01  <none>
  Background_Fail_HIGH_bin_7-8    3.7604e+01    3.7603e+01 +/-  6.06e+00  <none>
  Background_Fail_LOW_bin_1-1    1.0006e-06    1.0140e-06 +/-  4.76e-01  <none>
  Background_Fail_LOW_bin_1-2    1.0006e-06    1.0140e-06 +/-  4.76e-01  <none>
  Background_Fail_LOW_bin_1-3    1.0006e-06    1.0346e-06 +/-  4.76e-01  <none>
  Background_Fail_LOW_bin_1-4    1.0006e-06    1.0010e-06 +/-  4.75e-01  <none>
  Background_Fail_LOW_bin_1-5    1.0006e-06    1.0010e-06 +/-  4.75e-01  <none>
  Background_Fail_LOW_bin_1-6    1.0006e-06    1.0001e-06 +/-  4.75e-01  <none>
  Background_Fail_LOW_bin_1-7    1.0006e-06    1.0002e-06 +/-  4.76e-01  <none>
  Background_Fail_LOW_bin_2-1    1.2268e+05    1.2268e+05 +/-  3.46e+02  <none>
  Background_Fail_LOW_bin_2-2    9.5366e+04    9.5364e+04 +/-  3.09e+02  <none>
  Background_Fail_LOW_bin_2-3    5.7865e+04    5.7867e+04 +/-  2.40e+02  <none>
  Background_Fail_LOW_bin_2-4    3.2799e+04    3.2799e+04 +/-  1.86e+02  <none>
  Background_Fail_LOW_bin_2-5    9.5955e+03    9.5962e+03 +/-  9.82e+01  <none>
  Background_Fail_LOW_bin_2-6    1.4284e+03    1.4284e+03 +/-  3.78e+01  <none>
  Background_Fail_LOW_bin_2-7    1.2521e+02    1.2522e+02 +/-  1.16e+01  <none>
  Background_Fail_SIG_bin_1-1    5.8335e+04    5.8335e+04 +/-  2.36e+02  <none>
  Background_Fail_SIG_bin_1-2    4.4439e+04    4.4438e+04 +/-  2.10e+02  <none>
  Background_Fail_SIG_bin_1-3    2.6851e+04    2.6852e+04 +/-  1.65e+02  <none>
  Background_Fail_SIG_bin_1-4    1.5631e+04    1.5632e+04 +/-  1.26e+02  <none>
  Background_Fail_SIG_bin_1-5    5.1979e+03    5.1978e+03 +/-  7.13e+01  <none>
  Background_Fail_SIG_bin_1-6    1.0304e+03    1.0302e+03 +/-  3.31e+01  <none>
  Background_Fail_SIG_bin_1-7    1.2255e+02    1.2255e+02 +/-  1.08e+01  <none>
  Background_Fail_SIG_bin_1-8    5.3195e+00    5.3190e+00 +/-  2.33e+00  <none>
  Background_Fail_SIG_bin_2-1    4.8720e+04    4.8720e+04 +/-  2.16e+02  <none>
  Background_Fail_SIG_bin_2-2    3.7160e+04    3.7159e+04 +/-  1.91e+02  <none>
  Background_Fail_SIG_bin_2-3    2.2850e+04    2.2850e+04 +/-  1.51e+02  <none>
  Background_Fail_SIG_bin_2-4    1.3659e+04    1.3660e+04 +/-  1.22e+02  <none>
  Background_Fail_SIG_bin_2-5    4.7563e+03    4.7560e+03 +/-  6.92e+01  <none>
  Background_Fail_SIG_bin_2-6    1.0695e+03    1.0695e+03 +/-  3.19e+01  <none>
  Background_Fail_SIG_bin_2-7    1.3064e+02    1.3065e+02 +/-  1.19e+01  <none>
  Background_Fail_SIG_bin_2-8    3.3374e+00    3.3379e+00 +/-  1.90e+00  <none>
  Background_Fail_SIG_bin_3-1    4.1030e+04    4.1029e+04 +/-  1.99e+02  <none>
  Background_Fail_SIG_bin_3-2    3.1479e+04    3.1478e+04 +/-  1.75e+02  <none>
  Background_Fail_SIG_bin_3-3    1.8867e+04    1.8868e+04 +/-  1.38e+02  <none>
  Background_Fail_SIG_bin_3-4    1.1496e+04    1.1496e+04 +/-  1.08e+02  <none>
  Background_Fail_SIG_bin_3-5    4.2092e+03    4.2091e+03 +/-  6.40e+01  <none>
  Background_Fail_SIG_bin_3-6    1.0538e+03    1.0538e+03 +/-  3.17e+01  <none>
  Background_Fail_SIG_bin_3-7    1.4939e+02    1.4938e+02 +/-  1.28e+01  <none>
  Background_Fail_SIG_bin_3-8    3.4555e+00    3.4546e+00 +/-  1.90e+00  <none>
  Background_Fail_SIG_bin_4-1    3.4413e+04    3.4412e+04 +/-  1.83e+02  <none>
  Background_Fail_SIG_bin_4-2    2.6221e+04    2.6221e+04 +/-  1.61e+02  <none>
  Background_Fail_SIG_bin_4-3    1.6113e+04    1.6113e+04 +/-  1.26e+02  <none>
  Background_Fail_SIG_bin_4-4    9.7037e+03    9.7044e+03 +/-  9.84e+01  <none>
  Background_Fail_SIG_bin_4-5    3.6589e+03    3.6588e+03 +/-  5.97e+01  <none>
  Background_Fail_SIG_bin_4-6    1.0753e+03    1.0753e+03 +/-  3.20e+01  <none>
  Background_Fail_SIG_bin_4-7    2.1519e+02    2.1518e+02 +/-  1.43e+01  <none>
  Background_Fail_SIG_bin_4-8    6.5128e+00    6.5115e+00 +/-  2.52e+00  <none>
  Background_Fail_SIG_bin_5-1    2.9431e+04    2.9430e+04 +/-  1.68e+02  <none>
  Background_Fail_SIG_bin_5-2    2.2671e+04    2.2670e+04 +/-  1.49e+02  <none>
  Background_Fail_SIG_bin_5-3    1.3639e+04    1.3638e+04 +/-  1.17e+02  <none>
  Background_Fail_SIG_bin_5-4    8.3306e+03    8.3311e+03 +/-  9.06e+01  <none>
  Background_Fail_SIG_bin_5-5    3.1872e+03    3.1875e+03 +/-  5.59e+01  <none>
  Background_Fail_SIG_bin_5-6    1.0358e+03    1.0358e+03 +/-  3.14e+01  <none>
  Background_Fail_SIG_bin_5-7    2.7087e+02    2.7088e+02 +/-  1.62e+01  <none>
  Background_Fail_SIG_bin_5-8    6.4579e+00    6.4508e+00 +/-  2.52e+00  <none>
  Background_rpf_2x0_par0    2.9560e-01    2.9560e-01 +/-  4.07e-02  <none>
  Background_rpf_2x0_par1   -1.3356e-01   -1.3353e-01 +/-  2.97e-02  <none>
  Background_rpf_2x0_par2   -3.3953e-03   -3.4853e-03 +/-  3.08e-02  <none>
  Background_rpf_2x0_par3    1.8302e-01    1.8303e-01 +/-  2.51e-02  <none>
                     F   -1.3526e-02   -8.1753e-03 +/-  1.44e-01  <none>
                   JER   -6.7863e-01   -6.7753e-01 +/-  1.70e-01  <none>
                   JES   -1.4070e-01   -1.4100e-01 +/-  9.05e-02  <none>
                   JMR    1.8059e+00    1.7896e+00 +/-  2.38e-01  <none>
                   JMS   -1.0471e-01   -1.0449e-01 +/-  9.09e-02  <none>
                PS_FSR   -2.8099e-02   -2.7460e-02 +/-  6.37e-02  <none>
                PS_ISR   -1.5403e-01   -1.4619e-01 +/-  1.77e-01  <none>
                     R   -1.0945e-01   -1.0830e-01 +/-  1.64e-01  <none>
                    RF   -4.3080e-01   -4.4244e-01 +/-  2.32e-01  <none>
                  btag    6.8566e-02    7.2325e-02 +/-  1.48e-01  <none>
                  lumi    4.6742e-01    4.8361e-01 +/-  9.89e-01  <none>
                   pdf   -1.8761e-02   -1.8484e-02 +/-  1.43e-01  <none>
                pileup   -1.3175e-02   -1.4168e-02 +/-  1.34e-01  <none>
               prefire   -5.3255e-03   -5.5481e-03 +/-  1.42e-01  <none>
                     r    1.0000e+00    1.0000e+00 +/-  9.54e-02  <none>
              top_ptrw    0.0000e+00    0.0000e+00 +/-  1.37e-01  <none>
            ttbar_xsec    5.6293e+00    5.6079e+00 +/-  2.96e-01  <none>

Robus Fit for POI 
Set default minimizer to Minuit2, algorithm Migrad, tolerance 0.1
Searching for crossing at nll = -40503.9 in the interval 1, 5
  [WARNING] Found [Background_Fail_LOW_bin_1-1] at boundary. 
  [WARNING] Found [Background_Fail_LOW_bin_1-2] at boundary. 
  [WARNING] Found [Background_Fail_LOW_bin_1-3] at boundary. 
  [WARNING] Found [Background_Fail_LOW_bin_1-4] at boundary. 
  [WARNING] Found [Background_Fail_LOW_bin_1-5] at boundary. 
  [WARNING] Found [Background_Fail_LOW_bin_1-6] at boundary. 
  [WARNING] Found [Background_Fail_LOW_bin_1-7] at boundary. 
 [WARNING] After the fit some parameters are at their boundary.
 [WARNING] Are you sure your model is correct?
      r      lvl-here  lvl-there   stepping
 [WARNING] After the fit some parameters are at their boundary.
 [WARNING] Are you sure your model is correct?
1.400000    -1.64954  +0.49451    0.400000
 [WARNING] After the fit some parameters are at their boundary.
 [WARNING] Are you sure your model is correct?
1.120000    -0.13715  -1.64954    0.120000
 [WARNING] After the fit some parameters are at their boundary.
 [WARNING] Are you sure your model is correct?
1.036000    +0.30611  -0.13715    0.036000
 [WARNING] After the fit some parameters are at their boundary.
 [WARNING] Are you sure your model is correct?
1.072000    +0.11678  +0.30611    0.036000
 [WARNING] After the fit some parameters are at their boundary.
 [WARNING] Are you sure your model is correct?
1.108000    -0.07348  +0.11678    0.036000
 [WARNING] After the fit some parameters are at their boundary.
 [WARNING] Are you sure your model is correct?
1.082800    +0.05982  -0.07348    0.010800
 [WARNING] After the fit some parameters are at their boundary.
 [WARNING] Are you sure your model is correct?
1.093600    +0.00277  +0.05982    0.010800
 [WARNING] After the fit some parameters are at their boundary.
 [WARNING] Are you sure your model is correct?
1.104400    -0.05437  +0.00277    0.010800
 [WARNING] After the fit some parameters are at their boundary.
 [WARNING] Are you sure your model is correct?
1.096840    -0.01435  -0.05437    0.003240
 [WARNING] After the fit some parameters are at their boundary.
 [WARNING] Are you sure your model is correct?
1.094572    -0.00236  -0.01435    0.000972
 [WARNING] After the fit some parameters are at their boundary.
 [WARNING] Are you sure your model is correct?
1.093892    +0.00124  -0.00236    0.000292
 [WARNING] After the fit some parameters are at their boundary.
 [WARNING] Are you sure your model is correct?
1.094183    -0.00029  +0.00124    0.000292
Set default minimizer to Minuit2, algorithm Migrad, tolerance 0.1
Searching for crossing at nll = -40503.9 in the interval 1, 1
 [WARNING] After the fit some parameters are at their boundary.
 [WARNING] Are you sure your model is correct?
      r      lvl-here  lvl-there   stepping
 [WARNING] After the fit some parameters are at their boundary.
 [WARNING] Are you sure your model is correct?
1.000000    +0.49452  +0.49451    -0.000000
Error: closed range without finding crossing.

  RooFitResult: minimized FCN value: -0.0049935, estimated distance to minimum: 7.92012e-05
                covariance matrix quality: Full, accurate covariance matrix
                Status : MINIMIZE=0 HESSE=0 

    Constant Parameter    Value     
  --------------------  ------------
                  F_In    0.0000e+00
                JER_In    0.0000e+00
                JES_In    0.0000e+00
                JMR_In    0.0000e+00
                JMS_In    0.0000e+00
             PS_FSR_In    0.0000e+00
             PS_ISR_In    0.0000e+00
                 RF_In    0.0000e+00
                  R_In    0.0000e+00
               btag_In    0.0000e+00
               lumi_In    0.0000e+00
  n_exp_binFail_HIGH_proc_Background    1.0000e+00
  n_exp_binFail_LOW_proc_Background    1.0000e+00
  n_exp_binFail_SIG_proc_Background    1.0000e+00
  n_exp_binLoose_HIGH_proc_Background_2x0    1.0000e+00
  n_exp_binLoose_LOW_proc_Background_2x0    1.0000e+00
  n_exp_binLoose_SIG_proc_Background_2x0    1.0000e+00
                pdf_In    0.0000e+00
             pileup_In    0.0000e+00
            prefire_In    0.0000e+00
           top_ptrw_In    0.0000e+00
         ttbar_xsec_In    0.0000e+00

    Floating Parameter  InitialValue    FinalValue (+HiError,-LoError)    GblCorr.
  --------------------  ------------  ----------------------------------  --------
  Background_Fail_HIGH_bin_1-1    9.4525e+04    9.4524e+04         +/-  3.03e+02  <none>
  Background_Fail_HIGH_bin_1-2    7.0713e+04    7.0713e+04         +/-  2.65e+02  <none>
  Background_Fail_HIGH_bin_1-3    4.2966e+04    4.2965e+04         +/-  2.07e+02  <none>
  Background_Fail_HIGH_bin_1-4    2.6938e+04    2.6938e+04         +/-  1.63e+02  <none>
  Background_Fail_HIGH_bin_1-5    1.0879e+04    1.0879e+04         +/-  1.03e+02  <none>
  Background_Fail_HIGH_bin_1-6    3.8406e+03    3.8403e+03         +/-  6.07e+01  <none>
  Background_Fail_HIGH_bin_1-7    1.3497e+03    1.3499e+03         +/-  3.65e+01  <none>
  Background_Fail_HIGH_bin_1-8    4.4657e+01    4.4655e+01         +/-  6.54e+00  <none>
  Background_Fail_HIGH_bin_2-1    4.5088e+04    4.5087e+04         +/-  2.09e+02  <none>
  Background_Fail_HIGH_bin_2-2    3.2687e+04    3.2687e+04         +/-  1.80e+02  <none>
  Background_Fail_HIGH_bin_2-3    1.9424e+04    1.9424e+04         +/-  1.38e+02  <none>
  Background_Fail_HIGH_bin_2-4    1.2231e+04    1.2232e+04         +/-  1.10e+02  <none>
  Background_Fail_HIGH_bin_2-5    5.3611e+03    5.3608e+03         +/-  7.24e+01  <none>
  Background_Fail_HIGH_bin_2-6    2.2449e+03    2.2448e+03         +/-  4.64e+01  <none>
  Background_Fail_HIGH_bin_2-7    1.2271e+03    1.2271e+03         +/-  3.43e+01  <none>
  Background_Fail_HIGH_bin_2-8    9.7441e+01    9.7439e+01         +/-  9.67e+00  <none>
  Background_Fail_HIGH_bin_3-1    2.2460e+04    2.2460e+04         +/-  1.47e+02  <none>
  Background_Fail_HIGH_bin_3-2    1.6105e+04    1.6105e+04         +/-  1.25e+02  <none>
  Background_Fail_HIGH_bin_3-3    9.3477e+03    9.3476e+03         +/-  9.75e+01  <none>
  Background_Fail_HIGH_bin_3-4    6.1960e+03    6.1959e+03         +/-  7.87e+01  <none>
  Background_Fail_HIGH_bin_3-5    2.6950e+03    2.6950e+03         +/-  5.09e+01  <none>
  Background_Fail_HIGH_bin_3-6    1.0969e+03    1.0969e+03         +/-  3.27e+01  <none>
  Background_Fail_HIGH_bin_3-7    7.8897e+02    7.8897e+02         +/-  2.75e+01  <none>
  Background_Fail_HIGH_bin_3-8    1.2646e+02    1.2646e+02         +/-  1.10e+01  <none>
  Background_Fail_HIGH_bin_4-1    1.1606e+04    1.1606e+04         +/-  1.06e+02  <none>
  Background_Fail_HIGH_bin_4-2    8.1088e+03    8.1088e+03         +/-  8.83e+01  <none>
  Background_Fail_HIGH_bin_4-3    4.7761e+03    4.7761e+03         +/-  6.78e+01  <none>
  Background_Fail_HIGH_bin_4-4    3.0435e+03    3.0435e+03         +/-  5.48e+01  <none>
  Background_Fail_HIGH_bin_4-5    1.4215e+03    1.4215e+03         +/-  3.70e+01  <none>
  Background_Fail_HIGH_bin_4-6    6.1749e+02    6.1749e+02         +/-  2.44e+01  <none>
  Background_Fail_HIGH_bin_4-7    4.7168e+02    4.7167e+02         +/-  2.13e+01  <none>
  Background_Fail_HIGH_bin_4-8    1.2386e+02    1.2386e+02         +/-  1.09e+01  <none>
  Background_Fail_HIGH_bin_5-1    6.0079e+03    6.0079e+03         +/-  7.61e+01  <none>
  Background_Fail_HIGH_bin_5-2    4.1211e+03    4.1211e+03         +/-  6.31e+01  <none>
  Background_Fail_HIGH_bin_5-3    2.3180e+03    2.3180e+03         +/-  4.75e+01  <none>
  Background_Fail_HIGH_bin_5-4    1.5645e+03    1.5645e+03         +/-  3.89e+01  <none>
  Background_Fail_HIGH_bin_5-5    7.3931e+02    7.3930e+02         +/-  2.68e+01  <none>
  Background_Fail_HIGH_bin_5-6    3.2235e+02    3.2234e+02         +/-  1.77e+01  <none>
  Background_Fail_HIGH_bin_5-7    2.7876e+02    2.7876e+02         +/-  1.64e+01  <none>
  Background_Fail_HIGH_bin_5-8    8.1793e+01    8.1791e+01         +/-  8.89e+00  <none>
  Background_Fail_HIGH_bin_6-1    3.2054e+03    3.2054e+03         +/-  5.58e+01  <none>
  Background_Fail_HIGH_bin_6-2    2.1311e+03    2.1311e+03         +/-  4.54e+01  <none>
  Background_Fail_HIGH_bin_6-3    1.2254e+03    1.2254e+03         +/-  3.44e+01  <none>
  Background_Fail_HIGH_bin_6-4    8.3911e+02    8.3911e+02         +/-  2.85e+01  <none>
  Background_Fail_HIGH_bin_6-5    3.6902e+02    3.6901e+02         +/-  1.89e+01  <none>
  Background_Fail_HIGH_bin_6-6    2.0883e+02    2.0883e+02         +/-  1.42e+01  <none>
  Background_Fail_HIGH_bin_6-7    1.5995e+02    1.5994e+02         +/-  1.25e+01  <none>
  Background_Fail_HIGH_bin_6-8    6.1711e+01    6.1710e+01         +/-  7.72e+00  <none>
  Background_Fail_HIGH_bin_7-1    2.4882e+03    2.4883e+03         +/-  4.93e+01  <none>
  Background_Fail_HIGH_bin_7-2    1.5758e+03    1.5758e+03         +/-  3.96e+01  <none>
  Background_Fail_HIGH_bin_7-3    9.0134e+02    9.0134e+02         +/-  2.96e+01  <none>
  Background_Fail_HIGH_bin_7-4    6.5805e+02    6.5805e+02         +/-  2.53e+01  <none>
  Background_Fail_HIGH_bin_7-5    3.4009e+02    3.4009e+02         +/-  1.82e+01  <none>
  Background_Fail_HIGH_bin_7-6    1.6175e+02    1.6175e+02         +/-  1.25e+01  <none>
  Background_Fail_HIGH_bin_7-7    1.4999e+02    1.4999e+02         +/-  1.21e+01  <none>
  Background_Fail_HIGH_bin_7-8    3.7604e+01    3.7603e+01         +/-  6.06e+00  <none>
  Background_Fail_LOW_bin_1-1    1.0006e-06    1.0140e-06         +/-  4.76e-01  <none>
  Background_Fail_LOW_bin_1-2    1.0006e-06    1.0140e-06         +/-  4.76e-01  <none>
  Background_Fail_LOW_bin_1-3    1.0006e-06    1.0346e-06         +/-  4.76e-01  <none>
  Background_Fail_LOW_bin_1-4    1.0006e-06    1.0010e-06         +/-  4.75e-01  <none>
  Background_Fail_LOW_bin_1-5    1.0006e-06    1.0010e-06         +/-  4.75e-01  <none>
  Background_Fail_LOW_bin_1-6    1.0006e-06    1.0001e-06         +/-  4.75e-01  <none>
  Background_Fail_LOW_bin_1-7    1.0006e-06    1.0002e-06         +/-  4.76e-01  <none>
  Background_Fail_LOW_bin_2-1    1.2268e+05    1.2268e+05         +/-  3.46e+02  <none>
  Background_Fail_LOW_bin_2-2    9.5366e+04    9.5364e+04         +/-  3.09e+02  <none>
  Background_Fail_LOW_bin_2-3    5.7865e+04    5.7867e+04         +/-  2.40e+02  <none>
  Background_Fail_LOW_bin_2-4    3.2799e+04    3.2799e+04         +/-  1.86e+02  <none>
  Background_Fail_LOW_bin_2-5    9.5955e+03    9.5962e+03         +/-  9.82e+01  <none>
  Background_Fail_LOW_bin_2-6    1.4284e+03    1.4284e+03         +/-  3.78e+01  <none>
  Background_Fail_LOW_bin_2-7    1.2521e+02    1.2522e+02         +/-  1.16e+01  <none>
  Background_Fail_SIG_bin_1-1    5.8335e+04    5.8335e+04         +/-  2.36e+02  <none>
  Background_Fail_SIG_bin_1-2    4.4439e+04    4.4438e+04         +/-  2.10e+02  <none>
  Background_Fail_SIG_bin_1-3    2.6851e+04    2.6852e+04         +/-  1.65e+02  <none>
  Background_Fail_SIG_bin_1-4    1.5631e+04    1.5632e+04         +/-  1.26e+02  <none>
  Background_Fail_SIG_bin_1-5    5.1979e+03    5.1978e+03         +/-  7.13e+01  <none>
  Background_Fail_SIG_bin_1-6    1.0304e+03    1.0302e+03         +/-  3.31e+01  <none>
  Background_Fail_SIG_bin_1-7    1.2255e+02    1.2255e+02         +/-  1.08e+01  <none>
  Background_Fail_SIG_bin_1-8    5.3195e+00    5.3190e+00         +/-  2.33e+00  <none>
  Background_Fail_SIG_bin_2-1    4.8720e+04    4.8720e+04         +/-  2.16e+02  <none>
  Background_Fail_SIG_bin_2-2    3.7160e+04    3.7159e+04         +/-  1.91e+02  <none>
  Background_Fail_SIG_bin_2-3    2.2850e+04    2.2850e+04         +/-  1.51e+02  <none>
  Background_Fail_SIG_bin_2-4    1.3659e+04    1.3660e+04         +/-  1.22e+02  <none>
  Background_Fail_SIG_bin_2-5    4.7563e+03    4.7560e+03         +/-  6.92e+01  <none>
  Background_Fail_SIG_bin_2-6    1.0695e+03    1.0695e+03         +/-  3.19e+01  <none>
  Background_Fail_SIG_bin_2-7    1.3064e+02    1.3065e+02         +/-  1.19e+01  <none>
  Background_Fail_SIG_bin_2-8    3.3374e+00    3.3379e+00         +/-  1.90e+00  <none>
  Background_Fail_SIG_bin_3-1    4.1030e+04    4.1029e+04         +/-  1.99e+02  <none>
  Background_Fail_SIG_bin_3-2    3.1479e+04    3.1478e+04         +/-  1.75e+02  <none>
  Background_Fail_SIG_bin_3-3    1.8867e+04    1.8868e+04         +/-  1.38e+02  <none>
  Background_Fail_SIG_bin_3-4    1.1496e+04    1.1496e+04         +/-  1.08e+02  <none>
  Background_Fail_SIG_bin_3-5    4.2092e+03    4.2091e+03         +/-  6.40e+01  <none>
  Background_Fail_SIG_bin_3-6    1.0538e+03    1.0538e+03         +/-  3.17e+01  <none>
  Background_Fail_SIG_bin_3-7    1.4939e+02    1.4938e+02         +/-  1.28e+01  <none>
  Background_Fail_SIG_bin_3-8    3.4555e+00    3.4546e+00         +/-  1.90e+00  <none>
  Background_Fail_SIG_bin_4-1    3.4413e+04    3.4412e+04         +/-  1.83e+02  <none>
  Background_Fail_SIG_bin_4-2    2.6221e+04    2.6221e+04         +/-  1.61e+02  <none>
  Background_Fail_SIG_bin_4-3    1.6113e+04    1.6113e+04         +/-  1.26e+02  <none>
  Background_Fail_SIG_bin_4-4    9.7037e+03    9.7044e+03         +/-  9.84e+01  <none>
  Background_Fail_SIG_bin_4-5    3.6589e+03    3.6588e+03         +/-  5.97e+01  <none>
  Background_Fail_SIG_bin_4-6    1.0753e+03    1.0753e+03         +/-  3.20e+01  <none>
  Background_Fail_SIG_bin_4-7    2.1519e+02    2.1518e+02         +/-  1.43e+01  <none>
  Background_Fail_SIG_bin_4-8    6.5128e+00    6.5115e+00         +/-  2.52e+00  <none>
  Background_Fail_SIG_bin_5-1    2.9431e+04    2.9430e+04         +/-  1.68e+02  <none>
  Background_Fail_SIG_bin_5-2    2.2671e+04    2.2670e+04         +/-  1.49e+02  <none>
  Background_Fail_SIG_bin_5-3    1.3639e+04    1.3638e+04         +/-  1.17e+02  <none>
  Background_Fail_SIG_bin_5-4    8.3306e+03    8.3311e+03         +/-  9.06e+01  <none>
  Background_Fail_SIG_bin_5-5    3.1872e+03    3.1875e+03         +/-  5.59e+01  <none>
  Background_Fail_SIG_bin_5-6    1.0358e+03    1.0358e+03         +/-  3.14e+01  <none>
  Background_Fail_SIG_bin_5-7    2.7087e+02    2.7088e+02         +/-  1.62e+01  <none>
  Background_Fail_SIG_bin_5-8    6.4579e+00    6.4508e+00         +/-  2.52e+00  <none>
  Background_rpf_2x0_par0    2.9560e-01    2.9560e-01         +/-  4.07e-02  <none>
  Background_rpf_2x0_par1   -1.3356e-01   -1.3353e-01         +/-  2.97e-02  <none>
  Background_rpf_2x0_par2   -3.3953e-03   -3.4853e-03         +/-  3.08e-02  <none>
  Background_rpf_2x0_par3    1.8302e-01    1.8303e-01         +/-  2.51e-02  <none>
                     F   -1.3526e-02   -8.1753e-03         +/-  1.44e-01  <none>
                   JER   -6.7863e-01   -6.7753e-01         +/-  1.70e-01  <none>
                   JES   -1.4070e-01   -1.4100e-01         +/-  9.05e-02  <none>
                   JMR    1.8059e+00    1.7896e+00         +/-  2.38e-01  <none>
                   JMS   -1.0471e-01   -1.0449e-01         +/-  9.09e-02  <none>
                PS_FSR   -2.8099e-02   -2.7460e-02         +/-  6.37e-02  <none>
                PS_ISR   -1.5403e-01   -1.4619e-01         +/-  1.77e-01  <none>
                     R   -1.0945e-01   -1.0830e-01         +/-  1.64e-01  <none>
                    RF   -4.3080e-01   -4.4244e-01         +/-  2.32e-01  <none>
                  btag    6.8566e-02    7.2325e-02         +/-  1.48e-01  <none>
                  lumi    4.6742e-01    4.8361e-01         +/-  9.89e-01  <none>
                   pdf   -1.8761e-02   -1.8484e-02         +/-  1.43e-01  <none>
                pileup   -1.3175e-02   -1.4168e-02         +/-  1.34e-01  <none>
               prefire   -5.3255e-03   -5.5481e-03         +/-  1.42e-01  <none>
                     r    1.0000e+00    1.0000e+00 (+9.39e-02,--0.00e+00)  <none>
              top_ptrw    0.0000e+00    0.0000e+00         +/-  1.37e-01  <none>
            ttbar_xsec    5.6293e+00    5.6079e+00         +/-  2.96e-01  <none>


 --- FitDiagnostics ---
Best fit r: 1  -5.59552e-14/+0.0939466  (68% CL)
Done in 0.07 min (cpu), 0.07 min (real)
Printing Message Summary From ... combine_logger.out
----------------------------------------------
Messages of type INFO : 218
Messages of type DEBUG : 2
Messages of type ERROR : 1
----------------------------------------------
INFO: (function: applyOptionsBase) FitterAlgoBase.cc: 113 -- Setting robust fit options to Tolerance=0.1 / Strategy=0 / Type,Algo=Minuit2,Migrad (note that defaults of CascadeMinimizer were taken where option not specified)
INFO: (function: improveOnce) CascadeMinimizer.cc: 188 -- Minimisation configured with Type=Minuit2, Algo=Migrad, strategy=0, tolerance=0.1
INFO: (function: improveOnce) CascadeMinimizer.cc: 211 -- Minimisation finished with status=0
INFO: (function: improveOnce) CascadeMinimizer.cc: 216 -- Minimization success! status=0
INFO: (function: improveOnce) CascadeMinimizer.cc: 188 -- Minimisation configured with Type=Minuit2, Algo=Migrad, strategy=0, tolerance=0.1
INFO: (function: improveOnce) CascadeMinimizer.cc: 211 -- Minimisation finished with status=0
INFO: (function: improveOnce) CascadeMinimizer.cc: 216 -- Minimization success! status=0
INFO: (function: improveOnce) CascadeMinimizer.cc: 188 -- Minimisation configured with Type=Minuit2, Algo=Migrad, strategy=0, tolerance=0.1
INFO: (function: improveOnce) CascadeMinimizer.cc: 211 -- Minimisation finished with status=0
INFO: (function: improveOnce) CascadeMinimizer.cc: 216 -- Minimization success! status=0
INFO: (function: anyParameterAtBoundaries) utils.cc: 1039 -- Found parameter Background_Fail_LOW_bin_1-1 at boundary (within ~1sigma): 1.00039e-06+/-0.494581
INFO: (function: anyParameterAtBoundaries) utils.cc: 1039 -- Found parameter Background_Fail_LOW_bin_1-2 at boundary (within ~1sigma): 1.00039e-06+/-0.494581
INFO: (function: anyParameterAtBoundaries) utils.cc: 1039 -- Found parameter Background_Fail_LOW_bin_1-3 at boundary (within ~1sigma): 1.00039e-06+/-0.494581
INFO: (function: anyParameterAtBoundaries) utils.cc: 1039 -- Found parameter Background_Fail_LOW_bin_1-4 at boundary (within ~1sigma): 1.00039e-06+/-0.494581
INFO: (function: anyParameterAtBoundaries) utils.cc: 1039 -- Found parameter Background_Fail_LOW_bin_1-5 at boundary (within ~1sigma): 1.00039e-06+/-0.494581
INFO: (function: anyParameterAtBoundaries) utils.cc: 1039 -- Found parameter Background_Fail_LOW_bin_1-6 at boundary (within ~1sigma): 1.00039e-06+/-0.494581
INFO: (function: anyParameterAtBoundaries) utils.cc: 1039 -- Found parameter Background_Fail_LOW_bin_1-7 at boundary (within ~1sigma): 1.00039e-06+/-0.494581
INFO: (function: minimize) CascadeMinimizer.cc: 480 -- After fit, some parameters are found at the boundary (within ~1sigma)
INFO: (function: improveOnce) CascadeMinimizer.cc: 188 -- Minimisation configured with Type=Minuit2, Algo=Migrad, strategy=0, tolerance=0.1
INFO: (function: improveOnce) CascadeMinimizer.cc: 211 -- Minimisation finished with status=0
INFO: (function: improveOnce) CascadeMinimizer.cc: 216 -- Minimization success! status=0
DEBUG: (function: runSpecific) FitDiagnostics.cc: 318 -- Fit B-only, status = 0, numBadNLL = 0, covariance quality = 3
INFO: (function: improveOnce) CascadeMinimizer.cc: 188 -- Minimisation configured with Type=Minuit2, Algo=Migrad, strategy=0, tolerance=0.1
INFO: (function: improveOnce) CascadeMinimizer.cc: 211 -- Minimisation finished with status=0
INFO: (function: improveOnce) CascadeMinimizer.cc: 216 -- Minimization success! status=0
INFO: (function: anyParameterAtBoundaries) utils.cc: 1039 -- Found parameter Background_Fail_LOW_bin_1-1 at boundary (within ~1sigma): 1.00056e-06+/-0.494743
INFO: (function: anyParameterAtBoundaries) utils.cc: 1039 -- Found parameter Background_Fail_LOW_bin_1-2 at boundary (within ~1sigma): 1.00056e-06+/-0.494743
INFO: (function: anyParameterAtBoundaries) utils.cc: 1039 -- Found parameter Background_Fail_LOW_bin_1-3 at boundary (within ~1sigma): 1.00056e-06+/-0.494743
INFO: (function: anyParameterAtBoundaries) utils.cc: 1039 -- Found parameter Background_Fail_LOW_bin_1-4 at boundary (within ~1sigma): 1.00056e-06+/-0.494743
INFO: (function: anyParameterAtBoundaries) utils.cc: 1039 -- Found parameter Background_Fail_LOW_bin_1-5 at boundary (within ~1sigma): 1.00056e-06+/-0.494743
INFO: (function: anyParameterAtBoundaries) utils.cc: 1039 -- Found parameter Background_Fail_LOW_bin_1-6 at boundary (within ~1sigma): 1.00056e-06+/-0.494743
INFO: (function: anyParameterAtBoundaries) utils.cc: 1039 -- Found parameter Background_Fail_LOW_bin_1-7 at boundary (within ~1sigma): 1.00056e-06+/-0.494743
INFO: (function: minimize) CascadeMinimizer.cc: 480 -- After fit, some parameters are found at the boundary (within ~1sigma)
INFO: (function: improveOnce) CascadeMinimizer.cc: 188 -- Minimisation configured with Type=Minuit2, Algo=Migrad, strategy=0, tolerance=0.1
INFO: (function: improveOnce) CascadeMinimizer.cc: 211 -- Minimisation finished with status=0
INFO: (function: improveOnce) CascadeMinimizer.cc: 216 -- Minimization success! status=0
INFO: (function: doFit) FitterAlgoBase.cc: 359 -- Running RobustFit for POI r. Configured with strategy 0  
INFO: (function: findCrossing) FitterAlgoBase.cc: 405 -- Searching for crossing at nll = -40503.9, in the interval 1 < r < 5
INFO: (function: improveOnce) CascadeMinimizer.cc: 188 -- Minimisation configured with Type=Minuit2, Algo=Migrad, strategy=0, tolerance=0.1
INFO: (function: improveOnce) CascadeMinimizer.cc: 211 -- Minimisation finished with status=0
INFO: (function: improveOnce) CascadeMinimizer.cc: 216 -- Minimization success! status=0
INFO: (function: anyParameterAtBoundaries) utils.cc: 1039 -- Found parameter Background_Fail_LOW_bin_1-1 at boundary (within ~1sigma): 1.01438e-06+/-0.474756
INFO: (function: anyParameterAtBoundaries) utils.cc: 1039 -- Found parameter Background_Fail_LOW_bin_1-2 at boundary (within ~1sigma): 1.01438e-06+/-0.474756
INFO: (function: anyParameterAtBoundaries) utils.cc: 1039 -- Found parameter Background_Fail_LOW_bin_1-3 at boundary (within ~1sigma): 1.01227e-06+/-0.474749
INFO: (function: anyParameterAtBoundaries) utils.cc: 1039 -- Found parameter Background_Fail_LOW_bin_1-4 at boundary (within ~1sigma): 1.04863e-06+/-0.474853
INFO: (function: anyParameterAtBoundaries) utils.cc: 1039 -- Found parameter Background_Fail_LOW_bin_1-5 at boundary (within ~1sigma): 1.04863e-06+/-0.474853
INFO: (function: anyParameterAtBoundaries) utils.cc: 1039 -- Found parameter Background_Fail_LOW_bin_1-6 at boundary (within ~1sigma): 1.10819e-06+/-0.474995
INFO: (function: anyParameterAtBoundaries) utils.cc: 1039 -- Found parameter Background_Fail_LOW_bin_1-7 at boundary (within ~1sigma): 1.10469e-06+/-0.474987
INFO: (function: minimize) CascadeMinimizer.cc: 480 -- After fit, some parameters are found at the boundary (within ~1sigma)
INFO: (function: findCrossing) FitterAlgoBase.cc: 426 -- r lvl-here lvl-there 	stepping 
INFO: (function: improveOnce) CascadeMinimizer.cc: 188 -- Minimisation configured with Type=Minuit2, Algo=Migrad, strategy=0, tolerance=0.1
INFO: (function: improveOnce) CascadeMinimizer.cc: 211 -- Minimisation finished with status=0
INFO: (function: improveOnce) CascadeMinimizer.cc: 216 -- Minimization success! status=0
INFO: (function: anyParameterAtBoundaries) utils.cc: 1039 -- Found parameter Background_Fail_LOW_bin_1-1 at boundary (within ~1sigma): 1.37592e-06+/-0.476224
INFO: (function: anyParameterAtBoundaries) utils.cc: 1039 -- Found parameter Background_Fail_LOW_bin_1-2 at boundary (within ~1sigma): 1.37592e-06+/-0.476224
INFO: (function: anyParameterAtBoundaries) utils.cc: 1039 -- Found parameter Background_Fail_LOW_bin_1-3 at boundary (within ~1sigma): 1.37759e-06+/-0.476242
INFO: (function: anyParameterAtBoundaries) utils.cc: 1039 -- Found parameter Background_Fail_LOW_bin_1-4 at boundary (within ~1sigma): 1.39513e-06+/-0.476352
INFO: (function: anyParameterAtBoundaries) utils.cc: 1039 -- Found parameter Background_Fail_LOW_bin_1-5 at boundary (within ~1sigma): 1.39513e-06+/-0.476352
INFO: (function: anyParameterAtBoundaries) utils.cc: 1039 -- Found parameter Background_Fail_LOW_bin_1-6 at boundary (within ~1sigma): 1.35244e-06+/-0.476067
INFO: (function: anyParameterAtBoundaries) utils.cc: 1039 -- Found parameter Background_Fail_LOW_bin_1-7 at boundary (within ~1sigma): 1.37242e-06+/-0.476204
INFO: (function: minimize) CascadeMinimizer.cc: 480 -- After fit, some parameters are found at the boundary (within ~1sigma)
INFO: (function: findCrossing) FitterAlgoBase.cc: 459 -- 1.400000    -1.64954  +0.49451    0.400000
INFO: (function: improveOnce) CascadeMinimizer.cc: 188 -- Minimisation configured with Type=Minuit2, Algo=Migrad, strategy=0, tolerance=0.1
INFO: (function: improveOnce) CascadeMinimizer.cc: 211 -- Minimisation finished with status=0
INFO: (function: improveOnce) CascadeMinimizer.cc: 216 -- Minimization success! status=0
INFO: (function: anyParameterAtBoundaries) utils.cc: 1039 -- Found parameter Background_Fail_LOW_bin_1-1 at boundary (within ~1sigma): 1.02592e-06+/-0.474782
INFO: (function: anyParameterAtBoundaries) utils.cc: 1039 -- Found parameter Background_Fail_LOW_bin_1-2 at boundary (within ~1sigma): 1.02592e-06+/-0.474782
INFO: (function: anyParameterAtBoundaries) utils.cc: 1039 -- Found parameter Background_Fail_LOW_bin_1-3 at boundary (within ~1sigma): 1.02903e-06+/-0.474808
INFO: (function: anyParameterAtBoundaries) utils.cc: 1039 -- Found parameter Background_Fail_LOW_bin_1-4 at boundary (within ~1sigma): 1.0292e-06+/-0.474809
INFO: (function: anyParameterAtBoundaries) utils.cc: 1039 -- Found parameter Background_Fail_LOW_bin_1-5 at boundary (within ~1sigma): 1.0292e-06+/-0.474809
INFO: (function: anyParameterAtBoundaries) utils.cc: 1039 -- Found parameter Background_Fail_LOW_bin_1-6 at boundary (within ~1sigma): 1.04891e-06+/-0.474972
INFO: (function: anyParameterAtBoundaries) utils.cc: 1039 -- Found parameter Background_Fail_LOW_bin_1-7 at boundary (within ~1sigma): 1.02787e-06+/-0.474798
INFO: (function: minimize) CascadeMinimizer.cc: 480 -- After fit, some parameters are found at the boundary (within ~1sigma)
INFO: (function: findCrossing) FitterAlgoBase.cc: 459 -- 1.120000    -0.13715  -1.64954    0.120000
INFO: (function: improveOnce) CascadeMinimizer.cc: 188 -- Minimisation configured with Type=Minuit2, Algo=Migrad, strategy=0, tolerance=0.1
INFO: (function: improveOnce) CascadeMinimizer.cc: 211 -- Minimisation finished with status=0
INFO: (function: improveOnce) CascadeMinimizer.cc: 216 -- Minimization success! status=0
INFO: (function: anyParameterAtBoundaries) utils.cc: 1039 -- Found parameter Background_Fail_LOW_bin_1-1 at boundary (within ~1sigma): 1.0161e-06+/-0.474701
INFO: (function: anyParameterAtBoundaries) utils.cc: 1039 -- Found parameter Background_Fail_LOW_bin_1-2 at boundary (within ~1sigma): 1.0161e-06+/-0.474701
INFO: (function: anyParameterAtBoundaries) utils.cc: 1039 -- Found parameter Background_Fail_LOW_bin_1-3 at boundary (within ~1sigma): 1.02059e-06+/-0.474708
INFO: (function: anyParameterAtBoundaries) utils.cc: 1039 -- Found parameter Background_Fail_LOW_bin_1-4 at boundary (within ~1sigma): 1.00255e-06+/-0.474628
INFO: (function: anyParameterAtBoundaries) utils.cc: 1039 -- Found parameter Background_Fail_LOW_bin_1-5 at boundary (within ~1sigma): 1.00255e-06+/-0.474628
INFO: (function: anyParameterAtBoundaries) utils.cc: 1039 -- Found parameter Background_Fail_LOW_bin_1-6 at boundary (within ~1sigma): 1.00089e-06+/-0.474661
INFO: (function: anyParameterAtBoundaries) utils.cc: 1039 -- Found parameter Background_Fail_LOW_bin_1-7 at boundary (within ~1sigma): 1.03308e-06+/-0.474724
INFO: (function: minimize) CascadeMinimizer.cc: 480 -- After fit, some parameters are found at the boundary (within ~1sigma)
INFO: (function: findCrossing) FitterAlgoBase.cc: 459 -- 1.036000    +0.30611  -0.13715    0.036000
INFO: (function: improveOnce) CascadeMinimizer.cc: 188 -- Minimisation configured with Type=Minuit2, Algo=Migrad, strategy=0, tolerance=0.1
INFO: (function: improveOnce) CascadeMinimizer.cc: 211 -- Minimisation finished with status=0
INFO: (function: improveOnce) CascadeMinimizer.cc: 216 -- Minimization success! status=0
INFO: (function: anyParameterAtBoundaries) utils.cc: 1039 -- Found parameter Background_Fail_LOW_bin_1-1 at boundary (within ~1sigma): 1.01982e-06+/-0.474716
INFO: (function: anyParameterAtBoundaries) utils.cc: 1039 -- Found parameter Background_Fail_LOW_bin_1-2 at boundary (within ~1sigma): 1.01982e-06+/-0.474716
INFO: (function: anyParameterAtBoundaries) utils.cc: 1039 -- Found parameter Background_Fail_LOW_bin_1-3 at boundary (within ~1sigma): 1.01482e-06+/-0.474708
INFO: (function: anyParameterAtBoundaries) utils.cc: 1039 -- Found parameter Background_Fail_LOW_bin_1-4 at boundary (within ~1sigma): 1.05485e-06+/-0.474756
INFO: (function: anyParameterAtBoundaries) utils.cc: 1039 -- Found parameter Background_Fail_LOW_bin_1-5 at boundary (within ~1sigma): 1.05485e-06+/-0.474756
INFO: (function: anyParameterAtBoundaries) utils.cc: 1039 -- Found parameter Background_Fail_LOW_bin_1-6 at boundary (within ~1sigma): 1.01499e-06+/-0.474709
INFO: (function: anyParameterAtBoundaries) utils.cc: 1039 -- Found parameter Background_Fail_LOW_bin_1-7 at boundary (within ~1sigma): 1.0171e-06+/-0.474712
INFO: (function: minimize) CascadeMinimizer.cc: 480 -- After fit, some parameters are found at the boundary (within ~1sigma)
INFO: (function: findCrossing) FitterAlgoBase.cc: 459 -- 1.072000    +0.11678  +0.30611    0.036000
INFO: (function: improveOnce) CascadeMinimizer.cc: 188 -- Minimisation configured with Type=Minuit2, Algo=Migrad, strategy=0, tolerance=0.1
INFO: (function: improveOnce) CascadeMinimizer.cc: 211 -- Minimisation finished with status=0
INFO: (function: improveOnce) CascadeMinimizer.cc: 216 -- Minimization success! status=0
INFO: (function: anyParameterAtBoundaries) utils.cc: 1039 -- Found parameter Background_Fail_LOW_bin_1-1 at boundary (within ~1sigma): 1.00022e-06+/-0.47464
INFO: (function: anyParameterAtBoundaries) utils.cc: 1039 -- Found parameter Background_Fail_LOW_bin_1-2 at boundary (within ~1sigma): 1.00022e-06+/-0.47464
INFO: (function: anyParameterAtBoundaries) utils.cc: 1039 -- Found parameter Background_Fail_LOW_bin_1-3 at boundary (within ~1sigma): 1.00805e-06+/-0.474609
INFO: (function: anyParameterAtBoundaries) utils.cc: 1039 -- Found parameter Background_Fail_LOW_bin_1-4 at boundary (within ~1sigma): 1.00133e-06+/-0.474661
INFO: (function: anyParameterAtBoundaries) utils.cc: 1039 -- Found parameter Background_Fail_LOW_bin_1-5 at boundary (within ~1sigma): 1.00133e-06+/-0.474661
INFO: (function: anyParameterAtBoundaries) utils.cc: 1039 -- Found parameter Background_Fail_LOW_bin_1-6 at boundary (within ~1sigma): 1.00988e-06+/-0.474606
INFO: (function: anyParameterAtBoundaries) utils.cc: 1039 -- Found parameter Background_Fail_LOW_bin_1-7 at boundary (within ~1sigma): 1.01837e-06+/-0.474702
INFO: (function: minimize) CascadeMinimizer.cc: 480 -- After fit, some parameters are found at the boundary (within ~1sigma)
INFO: (function: findCrossing) FitterAlgoBase.cc: 459 -- 1.108000    -0.07348  +0.11678    0.036000
INFO: (function: improveOnce) CascadeMinimizer.cc: 188 -- Minimisation configured with Type=Minuit2, Algo=Migrad, strategy=0, tolerance=0.1
INFO: (function: improveOnce) CascadeMinimizer.cc: 211 -- Minimisation finished with status=0
INFO: (function: improveOnce) CascadeMinimizer.cc: 216 -- Minimization success! status=0
INFO: (function: anyParameterAtBoundaries) utils.cc: 1039 -- Found parameter Background_Fail_LOW_bin_1-1 at boundary (within ~1sigma): 1.00439e-06+/-0.474685
INFO: (function: anyParameterAtBoundaries) utils.cc: 1039 -- Found parameter Background_Fail_LOW_bin_1-2 at boundary (within ~1sigma): 1.00439e-06+/-0.474685
INFO: (function: anyParameterAtBoundaries) utils.cc: 1039 -- Found parameter Background_Fail_LOW_bin_1-3 at boundary (within ~1sigma): 1.0242e-06+/-0.4746
INFO: (function: anyParameterAtBoundaries) utils.cc: 1039 -- Found parameter Background_Fail_LOW_bin_1-4 at boundary (within ~1sigma): 1.02309e-06+/-0.474601
INFO: (function: anyParameterAtBoundaries) utils.cc: 1039 -- Found parameter Background_Fail_LOW_bin_1-5 at boundary (within ~1sigma): 1.02309e-06+/-0.474601
INFO: (function: anyParameterAtBoundaries) utils.cc: 1039 -- Found parameter Background_Fail_LOW_bin_1-6 at boundary (within ~1sigma): 1.00361e-06+/-0.474634
INFO: (function: anyParameterAtBoundaries) utils.cc: 1039 -- Found parameter Background_Fail_LOW_bin_1-7 at boundary (within ~1sigma): 1.01749e-06+/-0.474608
INFO: (function: minimize) CascadeMinimizer.cc: 480 -- After fit, some parameters are found at the boundary (within ~1sigma)
INFO: (function: findCrossing) FitterAlgoBase.cc: 459 -- 1.082800    +0.05982  -0.07348    0.010800
INFO: (function: improveOnce) CascadeMinimizer.cc: 188 -- Minimisation configured with Type=Minuit2, Algo=Migrad, strategy=0, tolerance=0.1
INFO: (function: improveOnce) CascadeMinimizer.cc: 211 -- Minimisation finished with status=0
INFO: (function: improveOnce) CascadeMinimizer.cc: 216 -- Minimization success! status=0
INFO: (function: anyParameterAtBoundaries) utils.cc: 1039 -- Found parameter Background_Fail_LOW_bin_1-1 at boundary (within ~1sigma): 1.02526e-06+/-0.474587
INFO: (function: anyParameterAtBoundaries) utils.cc: 1039 -- Found parameter Background_Fail_LOW_bin_1-2 at boundary (within ~1sigma): 1.02526e-06+/-0.474587
INFO: (function: anyParameterAtBoundaries) utils.cc: 1039 -- Found parameter Background_Fail_LOW_bin_1-3 at boundary (within ~1sigma): 1.02487e-06+/-0.474588
INFO: (function: anyParameterAtBoundaries) utils.cc: 1039 -- Found parameter Background_Fail_LOW_bin_1-4 at boundary (within ~1sigma): 1.05829e-06+/-0.47456
INFO: (function: anyParameterAtBoundaries) utils.cc: 1039 -- Found parameter Background_Fail_LOW_bin_1-5 at boundary (within ~1sigma): 1.05829e-06+/-0.47456
INFO: (function: anyParameterAtBoundaries) utils.cc: 1039 -- Found parameter Background_Fail_LOW_bin_1-6 at boundary (within ~1sigma): 1.06389e-06+/-0.474557
INFO: (function: anyParameterAtBoundaries) utils.cc: 1039 -- Found parameter Background_Fail_LOW_bin_1-7 at boundary (within ~1sigma): 1.02542e-06+/-0.474587
INFO: (function: minimize) CascadeMinimizer.cc: 480 -- After fit, some parameters are found at the boundary (within ~1sigma)
INFO: (function: findCrossing) FitterAlgoBase.cc: 459 -- 1.093600    +0.00277  +0.05982    0.010800
INFO: (function: improveOnce) CascadeMinimizer.cc: 188 -- Minimisation configured with Type=Minuit2, Algo=Migrad, strategy=0, tolerance=0.1
INFO: (function: improveOnce) CascadeMinimizer.cc: 211 -- Minimisation finished with status=0
INFO: (function: improveOnce) CascadeMinimizer.cc: 216 -- Minimization success! status=0
INFO: (function: anyParameterAtBoundaries) utils.cc: 1039 -- Found parameter Background_Fail_LOW_bin_1-1 at boundary (within ~1sigma): 1.00161e-06+/-0.474649
INFO: (function: anyParameterAtBoundaries) utils.cc: 1039 -- Found parameter Background_Fail_LOW_bin_1-2 at boundary (within ~1sigma): 1.00161e-06+/-0.474649
INFO: (function: anyParameterAtBoundaries) utils.cc: 1039 -- Found parameter Background_Fail_LOW_bin_1-3 at boundary (within ~1sigma): 1.0055e-06+/-0.474696
INFO: (function: anyParameterAtBoundaries) utils.cc: 1039 -- Found parameter Background_Fail_LOW_bin_1-4 at boundary (within ~1sigma): 1.003e-06+/-0.474643
INFO: (function: anyParameterAtBoundaries) utils.cc: 1039 -- Found parameter Background_Fail_LOW_bin_1-5 at boundary (within ~1sigma): 1.003e-06+/-0.474643
INFO: (function: anyParameterAtBoundaries) utils.cc: 1039 -- Found parameter Background_Fail_LOW_bin_1-6 at boundary (within ~1sigma): 1.00383e-06+/-0.474691
INFO: (function: anyParameterAtBoundaries) utils.cc: 1039 -- Found parameter Background_Fail_LOW_bin_1-7 at boundary (within ~1sigma): 1.03808e-06+/-0.474753
INFO: (function: minimize) CascadeMinimizer.cc: 480 -- After fit, some parameters are found at the boundary (within ~1sigma)
INFO: (function: findCrossing) FitterAlgoBase.cc: 459 -- 1.104400    -0.05437  +0.00277    0.010800
INFO: (function: improveOnce) CascadeMinimizer.cc: 188 -- Minimisation configured with Type=Minuit2, Algo=Migrad, strategy=0, tolerance=0.1
INFO: (function: improveOnce) CascadeMinimizer.cc: 211 -- Minimisation finished with status=0
INFO: (function: improveOnce) CascadeMinimizer.cc: 216 -- Minimization success! status=0
INFO: (function: anyParameterAtBoundaries) utils.cc: 1039 -- Found parameter Background_Fail_LOW_bin_1-1 at boundary (within ~1sigma): 1.00278e-06+/-0.474683
INFO: (function: anyParameterAtBoundaries) utils.cc: 1039 -- Found parameter Background_Fail_LOW_bin_1-2 at boundary (within ~1sigma): 1.00278e-06+/-0.474683
INFO: (function: anyParameterAtBoundaries) utils.cc: 1039 -- Found parameter Background_Fail_LOW_bin_1-3 at boundary (within ~1sigma): 1.08166e-06+/-0.474604
INFO: (function: anyParameterAtBoundaries) utils.cc: 1039 -- Found parameter Background_Fail_LOW_bin_1-4 at boundary (within ~1sigma): 1.02714e-06+/-0.474613
INFO: (function: anyParameterAtBoundaries) utils.cc: 1039 -- Found parameter Background_Fail_LOW_bin_1-5 at boundary (within ~1sigma): 1.02714e-06+/-0.474613
INFO: (function: anyParameterAtBoundaries) utils.cc: 1039 -- Found parameter Background_Fail_LOW_bin_1-6 at boundary (within ~1sigma): 1.00444e-06+/-0.474635
INFO: (function: anyParameterAtBoundaries) utils.cc: 1039 -- Found parameter Background_Fail_LOW_bin_1-7 at boundary (within ~1sigma): 1.00444e-06+/-0.47469
INFO: (function: minimize) CascadeMinimizer.cc: 480 -- After fit, some parameters are found at the boundary (within ~1sigma)
INFO: (function: findCrossing) FitterAlgoBase.cc: 459 -- 1.096840    -0.01435  -0.05437    0.003240
INFO: (function: improveOnce) CascadeMinimizer.cc: 188 -- Minimisation configured with Type=Minuit2, Algo=Migrad, strategy=0, tolerance=0.1
INFO: (function: improveOnce) CascadeMinimizer.cc: 211 -- Minimisation finished with status=0
INFO: (function: improveOnce) CascadeMinimizer.cc: 216 -- Minimization success! status=0
INFO: (function: anyParameterAtBoundaries) utils.cc: 1039 -- Found parameter Background_Fail_LOW_bin_1-1 at boundary (within ~1sigma): 1.00139e-06+/-0.474655
INFO: (function: anyParameterAtBoundaries) utils.cc: 1039 -- Found parameter Background_Fail_LOW_bin_1-2 at boundary (within ~1sigma): 1.00139e-06+/-0.474655
INFO: (function: anyParameterAtBoundaries) utils.cc: 1039 -- Found parameter Background_Fail_LOW_bin_1-3 at boundary (within ~1sigma): 1.00067e-06+/-0.474659
INFO: (function: anyParameterAtBoundaries) utils.cc: 1039 -- Found parameter Background_Fail_LOW_bin_1-4 at boundary (within ~1sigma): 1.00894e-06+/-0.474719
INFO: (function: anyParameterAtBoundaries) utils.cc: 1039 -- Found parameter Background_Fail_LOW_bin_1-5 at boundary (within ~1sigma): 1.00894e-06+/-0.474719
INFO: (function: anyParameterAtBoundaries) utils.cc: 1039 -- Found parameter Background_Fail_LOW_bin_1-6 at boundary (within ~1sigma): 1.00655e-06+/-0.474711
INFO: (function: anyParameterAtBoundaries) utils.cc: 1039 -- Found parameter Background_Fail_LOW_bin_1-7 at boundary (within ~1sigma): 1.01016e-06+/-0.474723
INFO: (function: minimize) CascadeMinimizer.cc: 480 -- After fit, some parameters are found at the boundary (within ~1sigma)
INFO: (function: findCrossing) FitterAlgoBase.cc: 459 -- 1.094572    -0.00236  -0.01435    0.000972
INFO: (function: improveOnce) CascadeMinimizer.cc: 188 -- Minimisation configured with Type=Minuit2, Algo=Migrad, strategy=0, tolerance=0.1
INFO: (function: improveOnce) CascadeMinimizer.cc: 211 -- Minimisation finished with status=0
INFO: (function: improveOnce) CascadeMinimizer.cc: 216 -- Minimization success! status=0
INFO: (function: anyParameterAtBoundaries) utils.cc: 1039 -- Found parameter Background_Fail_LOW_bin_1-1 at boundary (within ~1sigma): 1.00516e-06+/-0.474643
INFO: (function: anyParameterAtBoundaries) utils.cc: 1039 -- Found parameter Background_Fail_LOW_bin_1-2 at boundary (within ~1sigma): 1.00516e-06+/-0.474643
INFO: (function: anyParameterAtBoundaries) utils.cc: 1039 -- Found parameter Background_Fail_LOW_bin_1-3 at boundary (within ~1sigma): 1.00427e-06+/-0.474644
INFO: (function: anyParameterAtBoundaries) utils.cc: 1039 -- Found parameter Background_Fail_LOW_bin_1-4 at boundary (within ~1sigma): 1.00266e-06+/-0.47469
INFO: (function: anyParameterAtBoundaries) utils.cc: 1039 -- Found parameter Background_Fail_LOW_bin_1-5 at boundary (within ~1sigma): 1.00266e-06+/-0.47469
INFO: (function: anyParameterAtBoundaries) utils.cc: 1039 -- Found parameter Background_Fail_LOW_bin_1-6 at boundary (within ~1sigma): 1.00383e-06+/-0.474696
INFO: (function: anyParameterAtBoundaries) utils.cc: 1039 -- Found parameter Background_Fail_LOW_bin_1-7 at boundary (within ~1sigma): 1.0055e-06+/-0.474643
INFO: (function: minimize) CascadeMinimizer.cc: 480 -- After fit, some parameters are found at the boundary (within ~1sigma)
INFO: (function: findCrossing) FitterAlgoBase.cc: 459 -- 1.093892    +0.00124  -0.00236    0.000292
INFO: (function: improveOnce) CascadeMinimizer.cc: 188 -- Minimisation configured with Type=Minuit2, Algo=Migrad, strategy=0, tolerance=0.1
INFO: (function: improveOnce) CascadeMinimizer.cc: 211 -- Minimisation finished with status=0
INFO: (function: improveOnce) CascadeMinimizer.cc: 216 -- Minimization success! status=0
INFO: (function: anyParameterAtBoundaries) utils.cc: 1039 -- Found parameter Background_Fail_LOW_bin_1-1 at boundary (within ~1sigma): 1.00772e-06+/-0.474715
INFO: (function: anyParameterAtBoundaries) utils.cc: 1039 -- Found parameter Background_Fail_LOW_bin_1-2 at boundary (within ~1sigma): 1.00772e-06+/-0.474715
INFO: (function: anyParameterAtBoundaries) utils.cc: 1039 -- Found parameter Background_Fail_LOW_bin_1-3 at boundary (within ~1sigma): 1.01643e-06+/-0.474638
INFO: (function: anyParameterAtBoundaries) utils.cc: 1039 -- Found parameter Background_Fail_LOW_bin_1-4 at boundary (within ~1sigma): 1.00028e-06+/-0.474663
INFO: (function: anyParameterAtBoundaries) utils.cc: 1039 -- Found parameter Background_Fail_LOW_bin_1-5 at boundary (within ~1sigma): 1.00028e-06+/-0.474663
INFO: (function: anyParameterAtBoundaries) utils.cc: 1039 -- Found parameter Background_Fail_LOW_bin_1-6 at boundary (within ~1sigma): 1.0388e-06+/-0.474799
INFO: (function: anyParameterAtBoundaries) utils.cc: 1039 -- Found parameter Background_Fail_LOW_bin_1-7 at boundary (within ~1sigma): 1.00916e-06+/-0.47472
INFO: (function: minimize) CascadeMinimizer.cc: 480 -- After fit, some parameters are found at the boundary (within ~1sigma)
INFO: (function: findCrossing) FitterAlgoBase.cc: 459 -- 1.094183    -0.00029  +0.00124    0.000292
INFO: (function: findCrossing) FitterAlgoBase.cc: 405 -- Searching for crossing at nll = -40503.9, in the interval 1 < r < 1
INFO: (function: improveOnce) CascadeMinimizer.cc: 188 -- Minimisation configured with Type=Minuit2, Algo=Migrad, strategy=0, tolerance=0.1
INFO: (function: improveOnce) CascadeMinimizer.cc: 211 -- Minimisation finished with status=0
INFO: (function: improveOnce) CascadeMinimizer.cc: 216 -- Minimization success! status=0
INFO: (function: anyParameterAtBoundaries) utils.cc: 1039 -- Found parameter Background_Fail_LOW_bin_1-1 at boundary (within ~1sigma): 1.01438e-06+/-0.474756
INFO: (function: anyParameterAtBoundaries) utils.cc: 1039 -- Found parameter Background_Fail_LOW_bin_1-2 at boundary (within ~1sigma): 1.01438e-06+/-0.474756
INFO: (function: anyParameterAtBoundaries) utils.cc: 1039 -- Found parameter Background_Fail_LOW_bin_1-3 at boundary (within ~1sigma): 1.01227e-06+/-0.474749
INFO: (function: anyParameterAtBoundaries) utils.cc: 1039 -- Found parameter Background_Fail_LOW_bin_1-4 at boundary (within ~1sigma): 1.04863e-06+/-0.474853
INFO: (function: anyParameterAtBoundaries) utils.cc: 1039 -- Found parameter Background_Fail_LOW_bin_1-5 at boundary (within ~1sigma): 1.04863e-06+/-0.474853
INFO: (function: anyParameterAtBoundaries) utils.cc: 1039 -- Found parameter Background_Fail_LOW_bin_1-6 at boundary (within ~1sigma): 1.10819e-06+/-0.474995
INFO: (function: anyParameterAtBoundaries) utils.cc: 1039 -- Found parameter Background_Fail_LOW_bin_1-7 at boundary (within ~1sigma): 1.10469e-06+/-0.474987
INFO: (function: minimize) CascadeMinimizer.cc: 480 -- After fit, some parameters are found at the boundary (within ~1sigma)
INFO: (function: findCrossing) FitterAlgoBase.cc: 426 -- r lvl-here lvl-there 	stepping 
INFO: (function: improveOnce) CascadeMinimizer.cc: 188 -- Minimisation configured with Type=Minuit2, Algo=Migrad, strategy=0, tolerance=0.1
INFO: (function: improveOnce) CascadeMinimizer.cc: 211 -- Minimisation finished with status=0
INFO: (function: improveOnce) CascadeMinimizer.cc: 216 -- Minimization success! status=0
INFO: (function: anyParameterAtBoundaries) utils.cc: 1039 -- Found parameter Background_Fail_LOW_bin_1-1 at boundary (within ~1sigma): 1.01182e-06+/-0.474724
INFO: (function: anyParameterAtBoundaries) utils.cc: 1039 -- Found parameter Background_Fail_LOW_bin_1-2 at boundary (within ~1sigma): 1.01182e-06+/-0.474724
INFO: (function: anyParameterAtBoundaries) utils.cc: 1039 -- Found parameter Background_Fail_LOW_bin_1-3 at boundary (within ~1sigma): 1.00649e-06+/-0.474709
INFO: (function: anyParameterAtBoundaries) utils.cc: 1039 -- Found parameter Background_Fail_LOW_bin_1-4 at boundary (within ~1sigma): 1.00355e-06+/-0.474698
INFO: (function: anyParameterAtBoundaries) utils.cc: 1039 -- Found parameter Background_Fail_LOW_bin_1-5 at boundary (within ~1sigma): 1.00355e-06+/-0.474698
INFO: (function: anyParameterAtBoundaries) utils.cc: 1039 -- Found parameter Background_Fail_LOW_bin_1-6 at boundary (within ~1sigma): 1.01732e-06+/-0.47463
INFO: (function: anyParameterAtBoundaries) utils.cc: 1039 -- Found parameter Background_Fail_LOW_bin_1-7 at boundary (within ~1sigma): 1.00983e-06+/-0.474719
INFO: (function: minimize) CascadeMinimizer.cc: 480 -- After fit, some parameters are found at the boundary (within ~1sigma)
INFO: (function: findCrossing) FitterAlgoBase.cc: 459 -- 1.000000    +0.49452  +0.49451    -0.000000
ERROR: (function: findCrossing) FitterAlgoBase.cc: 517 -- Closed range without finding crossing! 
DEBUG: (function: runSpecific) FitDiagnostics.cc: 443 -- Fit S+B, status = 0, numBadNLL = 0, covariance quality = 3
