
>>> random number generator seed is 123456
   Options for Robust Minimizer :: 
        Tolerance  0.1
        Strategy   0
        Type,Algo  Minuit2,Migrad
>>> method used is FitDiagnostics
Set Default Value of Parameter r To : 1
>>> 0 out of 6 channels masked

>>> Channel masks:
  1) 0x5f7d3f0 RooRealVar::   mask_Fail_LOW = 0 C  L(-INF - +INF)  "mask_Fail_LOW"
  2) 0x5f7de40 RooRealVar::   mask_Fail_SIG = 0 C  L(-INF - +INF)  "mask_Fail_SIG"
  3) 0x5f7e990 RooRealVar::  mask_Fail_HIGH = 0 C  L(-INF - +INF)  "mask_Fail_HIGH"
  4) 0x5f7f4e0 RooRealVar::  mask_Loose_LOW = 0 C  L(-INF - +INF)  "mask_Loose_LOW"
  5) 0x5f80030 RooRealVar::  mask_Loose_SIG = 0 C  L(-INF - +INF)  "mask_Loose_SIG"
  6) 0x5f80b80 RooRealVar:: mask_Loose_HIGH = 0 C  L(-INF - +INF)  "mask_Loose_HIGH"
SimNLL created with 0 channels, 0 generic constraints, 16 fast gaussian constraints, 0 fast poisson constraints, 0 fast group constraints, 
Minuit2Minimizer: Minimize with max-calls 8000 convergence for edm < 0.1 strategy 0
Minuit2Minimizer::Minuit  - Changing default options
             StorageLevel :               0
MnSeedGenerator: for initial parameters FCN = 0
MnSeedGenerator: Initial state:   - FCN =                0 Edm =            0 NCalls =     65
VariableMetric: start iterating until Edm is < 0.0001
VariableMetric: Initial state   - FCN =                0 Edm =            0 NCalls =     65
VariableMetric: Iteration #   0 - FCN =                0 Edm =            0 NCalls =     65
Minuit2Minimizer : Valid minimum - status = 0
FVAL  = 0
Edm   = 0
Nfcn  = 65
F	  = 0	 +/-  1
JER	  = 0	 +/-  1
JES	  = 0	 +/-  1
JMR	  = 0	 +/-  1
JMS	  = 0	 +/-  1
PS_FSR	  = 0	 +/-  1
PS_ISR	  = 0	 +/-  1
R	  = 0	 +/-  1
RF	  = 0	 +/-  1
btag	  = 0	 +/-  1
lumi	  = 0	 +/-  1
pdf	  = 0	 +/-  1
pileup	  = 0	 +/-  1
prefire	  = 0	 +/-  1
top_ptrw	  = 0	 +/-  1
ttbar_xsec	  = 0	 +/-  1
SimNLL created with 6 channels, 0 generic constraints, 16 fast gaussian constraints, 0 fast poisson constraints, 0 fast group constraints, 
  [WARNING] Found [Background_Fail_LOW_bin_1-1] at boundary. 
  [WARNING] Found [Background_Fail_LOW_bin_1-2] at boundary. 
  [WARNING] Found [Background_Fail_LOW_bin_1-3] at boundary. 
  [WARNING] Found [Background_Fail_LOW_bin_1-4] at boundary. 
  [WARNING] Found [Background_Fail_LOW_bin_1-5] at boundary. 
  [WARNING] Found [Background_Fail_LOW_bin_1-6] at boundary. 
  [WARNING] Found [Background_Fail_LOW_bin_1-7] at boundary. 
 [WARNING] After the fit some parameters are at their boundary.
 [WARNING] Are you sure your model is correct?

  RooFitResult: minimized FCN value: -0.00024833, estimated distance to minimum: 6.43212e-05
                covariance matrix quality: Full matrix, but forced positive-definite
                Status : MINIMIZE=0 HESSE=0 

    Constant Parameter    Value     
  --------------------  ------------
                  F_In    0.0000e+00
                JER_In    0.0000e+00
                JES_In    0.0000e+00
                JMR_In    0.0000e+00
                JMS_In    0.0000e+00
             PS_FSR_In    0.0000e+00
             PS_ISR_In    0.0000e+00
                 RF_In    0.0000e+00
                  R_In    0.0000e+00
               btag_In    0.0000e+00
               lumi_In    0.0000e+00
  n_exp_binFail_HIGH_proc_Background    1.0000e+00
  n_exp_binFail_LOW_proc_Background    1.0000e+00
  n_exp_binFail_SIG_proc_Background    1.0000e+00
  n_exp_binLoose_HIGH_proc_Background_2x2    1.0000e+00
  n_exp_binLoose_LOW_proc_Background_2x2    1.0000e+00
  n_exp_binLoose_SIG_proc_Background_2x2    1.0000e+00
                pdf_In    0.0000e+00
             pileup_In    0.0000e+00
            prefire_In    0.0000e+00
                     r    1.0000e+00
           top_ptrw_In    0.0000e+00
         ttbar_xsec_In    0.0000e+00

    Floating Parameter  InitialValue    FinalValue +/-  Error     GblCorr.
  --------------------  ------------  --------------------------  --------
  Background_Fail_HIGH_bin_1-1    9.4550e+04    9.4550e+04 +/-  3.02e+02  <none>
  Background_Fail_HIGH_bin_1-2    7.0763e+04    7.0763e+04 +/-  2.65e+02  <none>
  Background_Fail_HIGH_bin_1-3    4.2994e+04    4.2994e+04 +/-  2.06e+02  <none>
  Background_Fail_HIGH_bin_1-4    2.6937e+04    2.6937e+04 +/-  1.62e+02  <none>
  Background_Fail_HIGH_bin_1-5    1.0871e+04    1.0871e+04 +/-  1.02e+02  <none>
  Background_Fail_HIGH_bin_1-6    3.8267e+03    3.8268e+03 +/-  6.04e+01  <none>
  Background_Fail_HIGH_bin_1-7    1.3412e+03    1.3412e+03 +/-  3.62e+01  <none>
  Background_Fail_HIGH_bin_1-8    4.4056e+01    4.4054e+01 +/-  6.44e+00  <none>
  Background_Fail_HIGH_bin_2-1    4.5096e+04    4.5096e+04 +/-  2.08e+02  <none>
  Background_Fail_HIGH_bin_2-2    3.2715e+04    3.2715e+04 +/-  1.79e+02  <none>
  Background_Fail_HIGH_bin_2-3    1.9437e+04    1.9437e+04 +/-  1.38e+02  <none>
  Background_Fail_HIGH_bin_2-4    1.2241e+04    1.2241e+04 +/-  1.10e+02  <none>
  Background_Fail_HIGH_bin_2-5    5.3491e+03    5.3491e+03 +/-  7.20e+01  <none>
  Background_Fail_HIGH_bin_2-6    2.2385e+03    2.2385e+03 +/-  4.62e+01  <none>
  Background_Fail_HIGH_bin_2-7    1.2196e+03    1.2196e+03 +/-  3.41e+01  <none>
  Background_Fail_HIGH_bin_2-8    9.6163e+01    9.6161e+01 +/-  9.53e+00  <none>
  Background_Fail_HIGH_bin_3-1    2.2471e+04    2.2471e+04 +/-  1.47e+02  <none>
  Background_Fail_HIGH_bin_3-2    1.6115e+04    1.6115e+04 +/-  1.25e+02  <none>
  Background_Fail_HIGH_bin_3-3    9.3510e+03    9.3510e+03 +/-  9.70e+01  <none>
  Background_Fail_HIGH_bin_3-4    6.2045e+03    6.2045e+03 +/-  7.83e+01  <none>
  Background_Fail_HIGH_bin_3-5    2.6902e+03    2.6902e+03 +/-  5.07e+01  <none>
  Background_Fail_HIGH_bin_3-6    1.0947e+03    1.0947e+03 +/-  3.26e+01  <none>
  Background_Fail_HIGH_bin_3-7    7.8450e+02    7.8449e+02 +/-  2.73e+01  <none>
  Background_Fail_HIGH_bin_3-8    1.2490e+02    1.2489e+02 +/-  1.08e+01  <none>
  Background_Fail_HIGH_bin_4-1    1.1612e+04    1.1612e+04 +/-  1.06e+02  <none>
  Background_Fail_HIGH_bin_4-2    8.1117e+03    8.1117e+03 +/-  8.81e+01  <none>
  Background_Fail_HIGH_bin_4-3    4.7766e+03    4.7766e+03 +/-  6.77e+01  <none>
  Background_Fail_HIGH_bin_4-4    3.0436e+03    3.0436e+03 +/-  5.47e+01  <none>
  Background_Fail_HIGH_bin_4-5    1.4199e+03    1.4199e+03 +/-  3.68e+01  <none>
  Background_Fail_HIGH_bin_4-6    6.1606e+02    6.1605e+02 +/-  2.43e+01  <none>
  Background_Fail_HIGH_bin_4-7    4.6919e+02    4.6919e+02 +/-  2.11e+01  <none>
  Background_Fail_HIGH_bin_4-8    1.2243e+02    1.2243e+02 +/-  1.08e+01  <none>
  Background_Fail_HIGH_bin_5-1    6.0103e+03    6.0103e+03 +/-  7.60e+01  <none>
  Background_Fail_HIGH_bin_5-2    4.1226e+03    4.1226e+03 +/-  6.29e+01  <none>
  Background_Fail_HIGH_bin_5-3    2.3189e+03    2.3189e+03 +/-  4.74e+01  <none>
  Background_Fail_HIGH_bin_5-4    1.5641e+03    1.5641e+03 +/-  3.87e+01  <none>
  Background_Fail_HIGH_bin_5-5    7.3862e+02    7.3862e+02 +/-  2.66e+01  <none>
  Background_Fail_HIGH_bin_5-6    3.2173e+02    3.2173e+02 +/-  1.76e+01  <none>
  Background_Fail_HIGH_bin_5-7    2.7745e+02    2.7745e+02 +/-  1.63e+01  <none>
  Background_Fail_HIGH_bin_5-8    8.0904e+01    8.0902e+01 +/-  8.77e+00  <none>
  Background_Fail_HIGH_bin_6-1    3.2066e+03    3.2066e+03 +/-  5.56e+01  <none>
  Background_Fail_HIGH_bin_6-2    2.1318e+03    2.1318e+03 +/-  4.53e+01  <none>
  Background_Fail_HIGH_bin_6-3    1.2256e+03    1.2256e+03 +/-  3.43e+01  <none>
  Background_Fail_HIGH_bin_6-4    8.3889e+02    8.3889e+02 +/-  2.84e+01  <none>
  Background_Fail_HIGH_bin_6-5    3.6866e+02    3.6865e+02 +/-  1.88e+01  <none>
  Background_Fail_HIGH_bin_6-6    2.0841e+02    2.0841e+02 +/-  1.42e+01  <none>
  Background_Fail_HIGH_bin_6-7    1.5920e+02    1.5919e+02 +/-  1.24e+01  <none>
  Background_Fail_HIGH_bin_6-8    6.1084e+01    6.1082e+01 +/-  7.63e+00  <none>
  Background_Fail_HIGH_bin_7-1    2.4889e+03    2.4889e+03 +/-  4.91e+01  <none>
  Background_Fail_HIGH_bin_7-2    1.5775e+03    1.5774e+03 +/-  3.95e+01  <none>
  Background_Fail_HIGH_bin_7-3    9.0139e+02    9.0139e+02 +/-  2.95e+01  <none>
  Background_Fail_HIGH_bin_7-4    6.5786e+02    6.5786e+02 +/-  2.52e+01  <none>
  Background_Fail_HIGH_bin_7-5    3.3978e+02    3.3977e+02 +/-  1.81e+01  <none>
  Background_Fail_HIGH_bin_7-6    1.6145e+02    1.6145e+02 +/-  1.25e+01  <none>
  Background_Fail_HIGH_bin_7-7    1.4937e+02    1.4936e+02 +/-  1.20e+01  <none>
  Background_Fail_HIGH_bin_7-8    3.7262e+01    3.7260e+01 +/-  5.98e+00  <none>
  Background_Fail_LOW_bin_1-1    1.0011e-06    1.0688e-06 +/-  4.72e-01  <none>
  Background_Fail_LOW_bin_1-2    1.0011e-06    1.1091e-06 +/-  4.70e-01  <none>
  Background_Fail_LOW_bin_1-3    1.0011e-06    1.0455e-06 +/-  4.72e-01  <none>
  Background_Fail_LOW_bin_1-4    1.0011e-06    1.0070e-06 +/-  4.71e-01  <none>
  Background_Fail_LOW_bin_1-5    1.0012e-06    1.0778e-06 +/-  4.69e-01  <none>
  Background_Fail_LOW_bin_1-6    1.0013e-06    1.0684e-06 +/-  4.69e-01  <none>
  Background_Fail_LOW_bin_1-7    1.0013e-06    1.0410e-06 +/-  4.66e-01  <none>
  Background_Fail_LOW_bin_2-1    1.2272e+05    1.2272e+05 +/-  3.44e+02  <none>
  Background_Fail_LOW_bin_2-2    9.5427e+04    9.5427e+04 +/-  3.08e+02  <none>
  Background_Fail_LOW_bin_2-3    5.7917e+04    5.7917e+04 +/-  2.40e+02  <none>
  Background_Fail_LOW_bin_2-4    3.2837e+04    3.2837e+04 +/-  1.85e+02  <none>
  Background_Fail_LOW_bin_2-5    9.5986e+03    9.5986e+03 +/-  9.78e+01  <none>
  Background_Fail_LOW_bin_2-6    1.4305e+03    1.4305e+03 +/-  3.75e+01  <none>
  Background_Fail_LOW_bin_2-7    1.2887e+02    1.2887e+02 +/-  1.18e+01  <none>
  Background_Fail_SIG_bin_1-1    5.8339e+04    5.8339e+04 +/-  2.37e+02  <none>
  Background_Fail_SIG_bin_1-2    4.4473e+04    4.4473e+04 +/-  2.10e+02  <none>
  Background_Fail_SIG_bin_1-3    2.6894e+04    2.6894e+04 +/-  1.65e+02  <none>
  Background_Fail_SIG_bin_1-4    1.5649e+04    1.5649e+04 +/-  1.26e+02  <none>
  Background_Fail_SIG_bin_1-5    5.1857e+03    5.1856e+03 +/-  7.08e+01  <none>
  Background_Fail_SIG_bin_1-6    1.0276e+03    1.0277e+03 +/-  3.28e+01  <none>
  Background_Fail_SIG_bin_1-7    1.1602e+02    1.1602e+02 +/-  1.13e+01  <none>
  Background_Fail_SIG_bin_1-8    5.3348e+00    5.3333e+00 +/-  2.29e+00  <none>
  Background_Fail_SIG_bin_2-1    4.8738e+04    4.8738e+04 +/-  2.17e+02  <none>
  Background_Fail_SIG_bin_2-2    3.7180e+04    3.7180e+04 +/-  1.91e+02  <none>
  Background_Fail_SIG_bin_2-3    2.2863e+04    2.2863e+04 +/-  1.51e+02  <none>
  Background_Fail_SIG_bin_2-4    1.3667e+04    1.3667e+04 +/-  1.21e+02  <none>
  Background_Fail_SIG_bin_2-5    4.7507e+03    4.7507e+03 +/-  6.89e+01  <none>
  Background_Fail_SIG_bin_2-6    1.0657e+03    1.0657e+03 +/-  3.17e+01  <none>
  Background_Fail_SIG_bin_2-7    1.3017e+02    1.3017e+02 +/-  1.18e+01  <none>
  Background_Fail_SIG_bin_2-8    3.4067e+00    3.4057e+00 +/-  1.87e+00  <none>
  Background_Fail_SIG_bin_3-1    4.1037e+04    4.1037e+04 +/-  1.99e+02  <none>
  Background_Fail_SIG_bin_3-2    3.1493e+04    3.1493e+04 +/-  1.75e+02  <none>
  Background_Fail_SIG_bin_3-3    1.8877e+04    1.8877e+04 +/-  1.38e+02  <none>
  Background_Fail_SIG_bin_3-4    1.1491e+04    1.1491e+04 +/-  1.08e+02  <none>
  Background_Fail_SIG_bin_3-5    4.2094e+03    4.2094e+03 +/-  6.39e+01  <none>
  Background_Fail_SIG_bin_3-6    1.0477e+03    1.0477e+03 +/-  3.15e+01  <none>
  Background_Fail_SIG_bin_3-7    1.4906e+02    1.4906e+02 +/-  1.26e+01  <none>
  Background_Fail_SIG_bin_3-8    3.4873e+00    3.4879e+00 +/-  1.87e+00  <none>
  Background_Fail_SIG_bin_4-1    3.4416e+04    3.4416e+04 +/-  1.82e+02  <none>
  Background_Fail_SIG_bin_4-2    2.6245e+04    2.6245e+04 +/-  1.60e+02  <none>
  Background_Fail_SIG_bin_4-3    1.6122e+04    1.6122e+04 +/-  1.25e+02  <none>
  Background_Fail_SIG_bin_4-4    9.7162e+03    9.7162e+03 +/-  9.84e+01  <none>
  Background_Fail_SIG_bin_4-5    3.6573e+03    3.6573e+03 +/-  5.95e+01  <none>
  Background_Fail_SIG_bin_4-6    1.0716e+03    1.0716e+03 +/-  3.18e+01  <none>
  Background_Fail_SIG_bin_4-7    2.1369e+02    2.1369e+02 +/-  1.42e+01  <none>
  Background_Fail_SIG_bin_4-8    6.4491e+00    6.4477e+00 +/-  2.48e+00  <none>
  Background_Fail_SIG_bin_5-1    2.9440e+04    2.9440e+04 +/-  1.68e+02  <none>
  Background_Fail_SIG_bin_5-2    2.2687e+04    2.2687e+04 +/-  1.48e+02  <none>
  Background_Fail_SIG_bin_5-3    1.3635e+04    1.3635e+04 +/-  1.17e+02  <none>
  Background_Fail_SIG_bin_5-4    8.3293e+03    8.3293e+03 +/-  9.06e+01  <none>
  Background_Fail_SIG_bin_5-5    3.1834e+03    3.1834e+03 +/-  5.57e+01  <none>
  Background_Fail_SIG_bin_5-6    1.0323e+03    1.0323e+03 +/-  3.12e+01  <none>
  Background_Fail_SIG_bin_5-7    2.6988e+02    2.6988e+02 +/-  1.61e+01  <none>
  Background_Fail_SIG_bin_5-8    6.4077e+00    6.4059e+00 +/-  2.48e+00  <none>
  Background_rpf_2x2_par0    2.7724e-01    2.7724e-01 +/-  9.01e-03  <none>
  Background_rpf_2x2_par1   -1.3697e-01   -1.3697e-01 +/-  1.87e-02  <none>
  Background_rpf_2x2_par2    6.9094e-03    6.9167e-03 +/-  2.51e-02  <none>
  Background_rpf_2x2_par3    1.9633e-01    1.9633e-01 +/-  6.50e-03  <none>
  Background_rpf_2x2_par4    2.9172e-01    2.9160e-01 +/-  6.54e-01  <none>
  Background_rpf_2x2_par5    2.9172e-01    2.9160e-01 +/-  6.54e-01  <none>
                     F   -2.6658e-03   -2.2719e-03 +/-  1.46e-01  <none>
                   JER   -7.0165e-01   -7.0184e-01 +/-  1.69e-01  <none>
                   JES    7.7095e-03    7.2248e-03 +/-  1.24e-01  <none>
                   JMR    1.7178e+00    1.7176e+00 +/-  2.36e-01  <none>
                   JMS    1.3476e-01    1.3484e-01 +/-  1.06e-01  <none>
                PS_FSR   -6.3616e-03   -6.3823e-03 +/-  6.52e-02  <none>
                PS_ISR   -1.7981e-01   -1.7949e-01 +/-  2.02e-01  <none>
                     R   -1.0254e-01   -1.0382e-01 +/-  1.67e-01  <none>
                    RF   -4.8438e-01   -4.8487e-01 +/-  1.95e-01  <none>
                  btag    7.5607e-02    7.3550e-02 +/-  1.54e-01  <none>
                  lumi    4.4472e-01    4.4532e-01 +/-  1.00e+00  <none>
                   pdf   -1.7724e-02   -1.8273e-02 +/-  1.47e-01  <none>
                pileup   -2.0844e-02   -2.0684e-02 +/-  1.38e-01  <none>
               prefire   -4.9617e-03   -5.5335e-03 +/-  1.47e-01  <none>
              top_ptrw    0.0000e+00    0.0000e+00 +/-  1.40e-01  <none>
            ttbar_xsec    5.3141e+00    5.3142e+00 +/-  3.40e-01  <none>


  RooFitResult: minimized FCN value: -0.00024833, estimated distance to minimum: 6.43212e-05
                covariance matrix quality: Full matrix, but forced positive-definite
                Status : MINIMIZE=0 HESSE=0 

    Constant Parameter    Value     
  --------------------  ------------
                  F_In    0.0000e+00
                JER_In    0.0000e+00
                JES_In    0.0000e+00
                JMR_In    0.0000e+00
                JMS_In    0.0000e+00
             PS_FSR_In    0.0000e+00
             PS_ISR_In    0.0000e+00
                 RF_In    0.0000e+00
                  R_In    0.0000e+00
               btag_In    0.0000e+00
               lumi_In    0.0000e+00
  n_exp_binFail_HIGH_proc_Background    1.0000e+00
  n_exp_binFail_LOW_proc_Background    1.0000e+00
  n_exp_binFail_SIG_proc_Background    1.0000e+00
  n_exp_binLoose_HIGH_proc_Background_2x2    1.0000e+00
  n_exp_binLoose_LOW_proc_Background_2x2    1.0000e+00
  n_exp_binLoose_SIG_proc_Background_2x2    1.0000e+00
                pdf_In    0.0000e+00
             pileup_In    0.0000e+00
            prefire_In    0.0000e+00
                     r    1.0000e+00
           top_ptrw_In    0.0000e+00
         ttbar_xsec_In    0.0000e+00

    Floating Parameter  InitialValue    FinalValue +/-  Error     GblCorr.
  --------------------  ------------  --------------------------  --------
  Background_Fail_HIGH_bin_1-1    9.4550e+04    9.4550e+04 +/-  3.02e+02  <none>
  Background_Fail_HIGH_bin_1-2    7.0763e+04    7.0763e+04 +/-  2.65e+02  <none>
  Background_Fail_HIGH_bin_1-3    4.2994e+04    4.2994e+04 +/-  2.06e+02  <none>
  Background_Fail_HIGH_bin_1-4    2.6937e+04    2.6937e+04 +/-  1.62e+02  <none>
  Background_Fail_HIGH_bin_1-5    1.0871e+04    1.0871e+04 +/-  1.02e+02  <none>
  Background_Fail_HIGH_bin_1-6    3.8267e+03    3.8268e+03 +/-  6.04e+01  <none>
  Background_Fail_HIGH_bin_1-7    1.3412e+03    1.3412e+03 +/-  3.62e+01  <none>
  Background_Fail_HIGH_bin_1-8    4.4056e+01    4.4054e+01 +/-  6.44e+00  <none>
  Background_Fail_HIGH_bin_2-1    4.5096e+04    4.5096e+04 +/-  2.08e+02  <none>
  Background_Fail_HIGH_bin_2-2    3.2715e+04    3.2715e+04 +/-  1.79e+02  <none>
  Background_Fail_HIGH_bin_2-3    1.9437e+04    1.9437e+04 +/-  1.38e+02  <none>
  Background_Fail_HIGH_bin_2-4    1.2241e+04    1.2241e+04 +/-  1.10e+02  <none>
  Background_Fail_HIGH_bin_2-5    5.3491e+03    5.3491e+03 +/-  7.20e+01  <none>
  Background_Fail_HIGH_bin_2-6    2.2385e+03    2.2385e+03 +/-  4.62e+01  <none>
  Background_Fail_HIGH_bin_2-7    1.2196e+03    1.2196e+03 +/-  3.41e+01  <none>
  Background_Fail_HIGH_bin_2-8    9.6163e+01    9.6161e+01 +/-  9.53e+00  <none>
  Background_Fail_HIGH_bin_3-1    2.2471e+04    2.2471e+04 +/-  1.47e+02  <none>
  Background_Fail_HIGH_bin_3-2    1.6115e+04    1.6115e+04 +/-  1.25e+02  <none>
  Background_Fail_HIGH_bin_3-3    9.3510e+03    9.3510e+03 +/-  9.70e+01  <none>
  Background_Fail_HIGH_bin_3-4    6.2045e+03    6.2045e+03 +/-  7.83e+01  <none>
  Background_Fail_HIGH_bin_3-5    2.6902e+03    2.6902e+03 +/-  5.07e+01  <none>
  Background_Fail_HIGH_bin_3-6    1.0947e+03    1.0947e+03 +/-  3.26e+01  <none>
  Background_Fail_HIGH_bin_3-7    7.8450e+02    7.8449e+02 +/-  2.73e+01  <none>
  Background_Fail_HIGH_bin_3-8    1.2490e+02    1.2489e+02 +/-  1.08e+01  <none>
  Background_Fail_HIGH_bin_4-1    1.1612e+04    1.1612e+04 +/-  1.06e+02  <none>
  Background_Fail_HIGH_bin_4-2    8.1117e+03    8.1117e+03 +/-  8.81e+01  <none>
  Background_Fail_HIGH_bin_4-3    4.7766e+03    4.7766e+03 +/-  6.77e+01  <none>
  Background_Fail_HIGH_bin_4-4    3.0436e+03    3.0436e+03 +/-  5.47e+01  <none>
  Background_Fail_HIGH_bin_4-5    1.4199e+03    1.4199e+03 +/-  3.68e+01  <none>
  Background_Fail_HIGH_bin_4-6    6.1606e+02    6.1605e+02 +/-  2.43e+01  <none>
  Background_Fail_HIGH_bin_4-7    4.6919e+02    4.6919e+02 +/-  2.11e+01  <none>
  Background_Fail_HIGH_bin_4-8    1.2243e+02    1.2243e+02 +/-  1.08e+01  <none>
  Background_Fail_HIGH_bin_5-1    6.0103e+03    6.0103e+03 +/-  7.60e+01  <none>
  Background_Fail_HIGH_bin_5-2    4.1226e+03    4.1226e+03 +/-  6.29e+01  <none>
  Background_Fail_HIGH_bin_5-3    2.3189e+03    2.3189e+03 +/-  4.74e+01  <none>
  Background_Fail_HIGH_bin_5-4    1.5641e+03    1.5641e+03 +/-  3.87e+01  <none>
  Background_Fail_HIGH_bin_5-5    7.3862e+02    7.3862e+02 +/-  2.66e+01  <none>
  Background_Fail_HIGH_bin_5-6    3.2173e+02    3.2173e+02 +/-  1.76e+01  <none>
  Background_Fail_HIGH_bin_5-7    2.7745e+02    2.7745e+02 +/-  1.63e+01  <none>
  Background_Fail_HIGH_bin_5-8    8.0904e+01    8.0902e+01 +/-  8.77e+00  <none>
  Background_Fail_HIGH_bin_6-1    3.2066e+03    3.2066e+03 +/-  5.56e+01  <none>
  Background_Fail_HIGH_bin_6-2    2.1318e+03    2.1318e+03 +/-  4.53e+01  <none>
  Background_Fail_HIGH_bin_6-3    1.2256e+03    1.2256e+03 +/-  3.43e+01  <none>
  Background_Fail_HIGH_bin_6-4    8.3889e+02    8.3889e+02 +/-  2.84e+01  <none>
  Background_Fail_HIGH_bin_6-5    3.6866e+02    3.6865e+02 +/-  1.88e+01  <none>
  Background_Fail_HIGH_bin_6-6    2.0841e+02    2.0841e+02 +/-  1.42e+01  <none>
  Background_Fail_HIGH_bin_6-7    1.5920e+02    1.5919e+02 +/-  1.24e+01  <none>
  Background_Fail_HIGH_bin_6-8    6.1084e+01    6.1082e+01 +/-  7.63e+00  <none>
  Background_Fail_HIGH_bin_7-1    2.4889e+03    2.4889e+03 +/-  4.91e+01  <none>
  Background_Fail_HIGH_bin_7-2    1.5775e+03    1.5774e+03 +/-  3.95e+01  <none>
  Background_Fail_HIGH_bin_7-3    9.0139e+02    9.0139e+02 +/-  2.95e+01  <none>
  Background_Fail_HIGH_bin_7-4    6.5786e+02    6.5786e+02 +/-  2.52e+01  <none>
  Background_Fail_HIGH_bin_7-5    3.3978e+02    3.3977e+02 +/-  1.81e+01  <none>
  Background_Fail_HIGH_bin_7-6    1.6145e+02    1.6145e+02 +/-  1.25e+01  <none>
  Background_Fail_HIGH_bin_7-7    1.4937e+02    1.4936e+02 +/-  1.20e+01  <none>
  Background_Fail_HIGH_bin_7-8    3.7262e+01    3.7260e+01 +/-  5.98e+00  <none>
  Background_Fail_LOW_bin_1-1    1.0011e-06    1.0688e-06 +/-  4.72e-01  <none>
  Background_Fail_LOW_bin_1-2    1.0011e-06    1.1091e-06 +/-  4.70e-01  <none>
  Background_Fail_LOW_bin_1-3    1.0011e-06    1.0455e-06 +/-  4.72e-01  <none>
  Background_Fail_LOW_bin_1-4    1.0011e-06    1.0070e-06 +/-  4.71e-01  <none>
  Background_Fail_LOW_bin_1-5    1.0012e-06    1.0778e-06 +/-  4.69e-01  <none>
  Background_Fail_LOW_bin_1-6    1.0013e-06    1.0684e-06 +/-  4.69e-01  <none>
  Background_Fail_LOW_bin_1-7    1.0013e-06    1.0410e-06 +/-  4.66e-01  <none>
  Background_Fail_LOW_bin_2-1    1.2272e+05    1.2272e+05 +/-  3.44e+02  <none>
  Background_Fail_LOW_bin_2-2    9.5427e+04    9.5427e+04 +/-  3.08e+02  <none>
  Background_Fail_LOW_bin_2-3    5.7917e+04    5.7917e+04 +/-  2.40e+02  <none>
  Background_Fail_LOW_bin_2-4    3.2837e+04    3.2837e+04 +/-  1.85e+02  <none>
  Background_Fail_LOW_bin_2-5    9.5986e+03    9.5986e+03 +/-  9.78e+01  <none>
  Background_Fail_LOW_bin_2-6    1.4305e+03    1.4305e+03 +/-  3.75e+01  <none>
  Background_Fail_LOW_bin_2-7    1.2887e+02    1.2887e+02 +/-  1.18e+01  <none>
  Background_Fail_SIG_bin_1-1    5.8339e+04    5.8339e+04 +/-  2.37e+02  <none>
  Background_Fail_SIG_bin_1-2    4.4473e+04    4.4473e+04 +/-  2.10e+02  <none>
  Background_Fail_SIG_bin_1-3    2.6894e+04    2.6894e+04 +/-  1.65e+02  <none>
  Background_Fail_SIG_bin_1-4    1.5649e+04    1.5649e+04 +/-  1.26e+02  <none>
  Background_Fail_SIG_bin_1-5    5.1857e+03    5.1856e+03 +/-  7.08e+01  <none>
  Background_Fail_SIG_bin_1-6    1.0276e+03    1.0277e+03 +/-  3.28e+01  <none>
  Background_Fail_SIG_bin_1-7    1.1602e+02    1.1602e+02 +/-  1.13e+01  <none>
  Background_Fail_SIG_bin_1-8    5.3348e+00    5.3333e+00 +/-  2.29e+00  <none>
  Background_Fail_SIG_bin_2-1    4.8738e+04    4.8738e+04 +/-  2.17e+02  <none>
  Background_Fail_SIG_bin_2-2    3.7180e+04    3.7180e+04 +/-  1.91e+02  <none>
  Background_Fail_SIG_bin_2-3    2.2863e+04    2.2863e+04 +/-  1.51e+02  <none>
  Background_Fail_SIG_bin_2-4    1.3667e+04    1.3667e+04 +/-  1.21e+02  <none>
  Background_Fail_SIG_bin_2-5    4.7507e+03    4.7507e+03 +/-  6.89e+01  <none>
  Background_Fail_SIG_bin_2-6    1.0657e+03    1.0657e+03 +/-  3.17e+01  <none>
  Background_Fail_SIG_bin_2-7    1.3017e+02    1.3017e+02 +/-  1.18e+01  <none>
  Background_Fail_SIG_bin_2-8    3.4067e+00    3.4057e+00 +/-  1.87e+00  <none>
  Background_Fail_SIG_bin_3-1    4.1037e+04    4.1037e+04 +/-  1.99e+02  <none>
  Background_Fail_SIG_bin_3-2    3.1493e+04    3.1493e+04 +/-  1.75e+02  <none>
  Background_Fail_SIG_bin_3-3    1.8877e+04    1.8877e+04 +/-  1.38e+02  <none>
  Background_Fail_SIG_bin_3-4    1.1491e+04    1.1491e+04 +/-  1.08e+02  <none>
  Background_Fail_SIG_bin_3-5    4.2094e+03    4.2094e+03 +/-  6.39e+01  <none>
  Background_Fail_SIG_bin_3-6    1.0477e+03    1.0477e+03 +/-  3.15e+01  <none>
  Background_Fail_SIG_bin_3-7    1.4906e+02    1.4906e+02 +/-  1.26e+01  <none>
  Background_Fail_SIG_bin_3-8    3.4873e+00    3.4879e+00 +/-  1.87e+00  <none>
  Background_Fail_SIG_bin_4-1    3.4416e+04    3.4416e+04 +/-  1.82e+02  <none>
  Background_Fail_SIG_bin_4-2    2.6245e+04    2.6245e+04 +/-  1.60e+02  <none>
  Background_Fail_SIG_bin_4-3    1.6122e+04    1.6122e+04 +/-  1.25e+02  <none>
  Background_Fail_SIG_bin_4-4    9.7162e+03    9.7162e+03 +/-  9.84e+01  <none>
  Background_Fail_SIG_bin_4-5    3.6573e+03    3.6573e+03 +/-  5.95e+01  <none>
  Background_Fail_SIG_bin_4-6    1.0716e+03    1.0716e+03 +/-  3.18e+01  <none>
  Background_Fail_SIG_bin_4-7    2.1369e+02    2.1369e+02 +/-  1.42e+01  <none>
  Background_Fail_SIG_bin_4-8    6.4491e+00    6.4477e+00 +/-  2.48e+00  <none>
  Background_Fail_SIG_bin_5-1    2.9440e+04    2.9440e+04 +/-  1.68e+02  <none>
  Background_Fail_SIG_bin_5-2    2.2687e+04    2.2687e+04 +/-  1.48e+02  <none>
  Background_Fail_SIG_bin_5-3    1.3635e+04    1.3635e+04 +/-  1.17e+02  <none>
  Background_Fail_SIG_bin_5-4    8.3293e+03    8.3293e+03 +/-  9.06e+01  <none>
  Background_Fail_SIG_bin_5-5    3.1834e+03    3.1834e+03 +/-  5.57e+01  <none>
  Background_Fail_SIG_bin_5-6    1.0323e+03    1.0323e+03 +/-  3.12e+01  <none>
  Background_Fail_SIG_bin_5-7    2.6988e+02    2.6988e+02 +/-  1.61e+01  <none>
  Background_Fail_SIG_bin_5-8    6.4077e+00    6.4059e+00 +/-  2.48e+00  <none>
  Background_rpf_2x2_par0    2.7724e-01    2.7724e-01 +/-  9.01e-03  <none>
  Background_rpf_2x2_par1   -1.3697e-01   -1.3697e-01 +/-  1.87e-02  <none>
  Background_rpf_2x2_par2    6.9094e-03    6.9167e-03 +/-  2.51e-02  <none>
  Background_rpf_2x2_par3    1.9633e-01    1.9633e-01 +/-  6.50e-03  <none>
  Background_rpf_2x2_par4    2.9172e-01    2.9160e-01 +/-  6.54e-01  <none>
  Background_rpf_2x2_par5    2.9172e-01    2.9160e-01 +/-  6.54e-01  <none>
                     F   -2.6658e-03   -2.2719e-03 +/-  1.46e-01  <none>
                   JER   -7.0165e-01   -7.0184e-01 +/-  1.69e-01  <none>
                   JES    7.7095e-03    7.2248e-03 +/-  1.24e-01  <none>
                   JMR    1.7178e+00    1.7176e+00 +/-  2.36e-01  <none>
                   JMS    1.3476e-01    1.3484e-01 +/-  1.06e-01  <none>
                PS_FSR   -6.3616e-03   -6.3823e-03 +/-  6.52e-02  <none>
                PS_ISR   -1.7981e-01   -1.7949e-01 +/-  2.02e-01  <none>
                     R   -1.0254e-01   -1.0382e-01 +/-  1.67e-01  <none>
                    RF   -4.8438e-01   -4.8487e-01 +/-  1.95e-01  <none>
                  btag    7.5607e-02    7.3550e-02 +/-  1.54e-01  <none>
                  lumi    4.4472e-01    4.4532e-01 +/-  1.00e+00  <none>
                   pdf   -1.7724e-02   -1.8273e-02 +/-  1.47e-01  <none>
                pileup   -2.0844e-02   -2.0684e-02 +/-  1.38e-01  <none>
               prefire   -4.9617e-03   -5.5335e-03 +/-  1.47e-01  <none>
              top_ptrw    0.0000e+00    0.0000e+00 +/-  1.40e-01  <none>
            ttbar_xsec    5.3141e+00    5.3142e+00 +/-  3.40e-01  <none>

  [WARNING] Found [Background_Fail_LOW_bin_1-1] at boundary. 
  [WARNING] Found [Background_Fail_LOW_bin_1-2] at boundary. 
  [WARNING] Found [Background_Fail_LOW_bin_1-3] at boundary. 
  [WARNING] Found [Background_Fail_LOW_bin_1-4] at boundary. 
  [WARNING] Found [Background_Fail_LOW_bin_1-5] at boundary. 
  [WARNING] Found [Background_Fail_LOW_bin_1-6] at boundary. 
  [WARNING] Found [Background_Fail_LOW_bin_1-7] at boundary. 
 [WARNING] After the fit some parameters are at their boundary.
 [WARNING] Are you sure your model is correct?

  RooFitResult: minimized FCN value: -0.00424509, estimated distance to minimum: 9.40776e-05
                covariance matrix quality: Full matrix, but forced positive-definite
                Status : MINIMIZE=0 HESSE=0 

    Constant Parameter    Value     
  --------------------  ------------
                  F_In    0.0000e+00
                JER_In    0.0000e+00
                JES_In    0.0000e+00
                JMR_In    0.0000e+00
                JMS_In    0.0000e+00
             PS_FSR_In    0.0000e+00
             PS_ISR_In    0.0000e+00
                 RF_In    0.0000e+00
                  R_In    0.0000e+00
               btag_In    0.0000e+00
               lumi_In    0.0000e+00
  n_exp_binFail_HIGH_proc_Background    1.0000e+00
  n_exp_binFail_LOW_proc_Background    1.0000e+00
  n_exp_binFail_SIG_proc_Background    1.0000e+00
  n_exp_binLoose_HIGH_proc_Background_2x2    1.0000e+00
  n_exp_binLoose_LOW_proc_Background_2x2    1.0000e+00
  n_exp_binLoose_SIG_proc_Background_2x2    1.0000e+00
                pdf_In    0.0000e+00
             pileup_In    0.0000e+00
            prefire_In    0.0000e+00
           top_ptrw_In    0.0000e+00
         ttbar_xsec_In    0.0000e+00

    Floating Parameter  InitialValue    FinalValue +/-  Error     GblCorr.
  --------------------  ------------  --------------------------  --------
  Background_Fail_HIGH_bin_1-1    9.4550e+04    9.4550e+04 +/-  3.04e+02  <none>
  Background_Fail_HIGH_bin_1-2    7.0763e+04    7.0763e+04 +/-  2.65e+02  <none>
  Background_Fail_HIGH_bin_1-3    4.2994e+04    4.2994e+04 +/-  2.06e+02  <none>
  Background_Fail_HIGH_bin_1-4    2.6937e+04    2.6937e+04 +/-  1.63e+02  <none>
  Background_Fail_HIGH_bin_1-5    1.0871e+04    1.0871e+04 +/-  1.03e+02  <none>
  Background_Fail_HIGH_bin_1-6    3.8266e+03    3.8267e+03 +/-  6.04e+01  <none>
  Background_Fail_HIGH_bin_1-7    1.3413e+03    1.3412e+03 +/-  3.62e+01  <none>
  Background_Fail_HIGH_bin_1-8    4.4057e+01    4.4053e+01 +/-  6.44e+00  <none>
  Background_Fail_HIGH_bin_2-1    4.5096e+04    4.5096e+04 +/-  2.09e+02  <none>
  Background_Fail_HIGH_bin_2-2    3.2716e+04    3.2715e+04 +/-  1.79e+02  <none>
  Background_Fail_HIGH_bin_2-3    1.9438e+04    1.9437e+04 +/-  1.38e+02  <none>
  Background_Fail_HIGH_bin_2-4    1.2241e+04    1.2241e+04 +/-  1.11e+02  <none>
  Background_Fail_HIGH_bin_2-5    5.3491e+03    5.3490e+03 +/-  7.20e+01  <none>
  Background_Fail_HIGH_bin_2-6    2.2385e+03    2.2385e+03 +/-  4.62e+01  <none>
  Background_Fail_HIGH_bin_2-7    1.2196e+03    1.2196e+03 +/-  3.41e+01  <none>
  Background_Fail_HIGH_bin_2-8    9.6164e+01    9.6159e+01 +/-  9.52e+00  <none>
  Background_Fail_HIGH_bin_3-1    2.2471e+04    2.2471e+04 +/-  1.47e+02  <none>
  Background_Fail_HIGH_bin_3-2    1.6115e+04    1.6115e+04 +/-  1.25e+02  <none>
  Background_Fail_HIGH_bin_3-3    9.3509e+03    9.3508e+03 +/-  9.73e+01  <none>
  Background_Fail_HIGH_bin_3-4    6.2044e+03    6.2044e+03 +/-  7.84e+01  <none>
  Background_Fail_HIGH_bin_3-5    2.6902e+03    2.6902e+03 +/-  5.07e+01  <none>
  Background_Fail_HIGH_bin_3-6    1.0947e+03    1.0947e+03 +/-  3.26e+01  <none>
  Background_Fail_HIGH_bin_3-7    7.8450e+02    7.8449e+02 +/-  2.73e+01  <none>
  Background_Fail_HIGH_bin_3-8    1.2490e+02    1.2489e+02 +/-  1.09e+01  <none>
  Background_Fail_HIGH_bin_4-1    1.1612e+04    1.1612e+04 +/-  1.06e+02  <none>
  Background_Fail_HIGH_bin_4-2    8.1117e+03    8.1117e+03 +/-  8.82e+01  <none>
  Background_Fail_HIGH_bin_4-3    4.7767e+03    4.7766e+03 +/-  6.78e+01  <none>
  Background_Fail_HIGH_bin_4-4    3.0437e+03    3.0436e+03 +/-  5.47e+01  <none>
  Background_Fail_HIGH_bin_4-5    1.4199e+03    1.4199e+03 +/-  3.69e+01  <none>
  Background_Fail_HIGH_bin_4-6    6.1606e+02    6.1605e+02 +/-  2.43e+01  <none>
  Background_Fail_HIGH_bin_4-7    4.6919e+02    4.6918e+02 +/-  2.12e+01  <none>
  Background_Fail_HIGH_bin_4-8    1.2243e+02    1.2243e+02 +/-  1.08e+01  <none>
  Background_Fail_HIGH_bin_5-1    6.0103e+03    6.0103e+03 +/-  7.60e+01  <none>
  Background_Fail_HIGH_bin_5-2    4.1226e+03    4.1226e+03 +/-  6.31e+01  <none>
  Background_Fail_HIGH_bin_5-3    2.3189e+03    2.3189e+03 +/-  4.74e+01  <none>
  Background_Fail_HIGH_bin_5-4    1.5641e+03    1.5641e+03 +/-  3.88e+01  <none>
  Background_Fail_HIGH_bin_5-5    7.3862e+02    7.3861e+02 +/-  2.67e+01  <none>
  Background_Fail_HIGH_bin_5-6    3.2173e+02    3.2173e+02 +/-  1.76e+01  <none>
  Background_Fail_HIGH_bin_5-7    2.7745e+02    2.7745e+02 +/-  1.63e+01  <none>
  Background_Fail_HIGH_bin_5-8    8.0904e+01    8.0901e+01 +/-  8.76e+00  <none>
  Background_Fail_HIGH_bin_6-1    3.2066e+03    3.2066e+03 +/-  5.56e+01  <none>
  Background_Fail_HIGH_bin_6-2    2.1318e+03    2.1318e+03 +/-  4.54e+01  <none>
  Background_Fail_HIGH_bin_6-3    1.2256e+03    1.2256e+03 +/-  3.44e+01  <none>
  Background_Fail_HIGH_bin_6-4    8.3889e+02    8.3889e+02 +/-  2.84e+01  <none>
  Background_Fail_HIGH_bin_6-5    3.6866e+02    3.6865e+02 +/-  1.89e+01  <none>
  Background_Fail_HIGH_bin_6-6    2.0841e+02    2.0841e+02 +/-  1.42e+01  <none>
  Background_Fail_HIGH_bin_6-7    1.5920e+02    1.5919e+02 +/-  1.24e+01  <none>
  Background_Fail_HIGH_bin_6-8    6.1084e+01    6.1081e+01 +/-  7.64e+00  <none>
  Background_Fail_HIGH_bin_7-1    2.4889e+03    2.4889e+03 +/-  4.92e+01  <none>
  Background_Fail_HIGH_bin_7-2    1.5774e+03    1.5774e+03 +/-  3.94e+01  <none>
  Background_Fail_HIGH_bin_7-3    9.0139e+02    9.0139e+02 +/-  2.96e+01  <none>
  Background_Fail_HIGH_bin_7-4    6.5785e+02    6.5785e+02 +/-  2.52e+01  <none>
  Background_Fail_HIGH_bin_7-5    3.3977e+02    3.3977e+02 +/-  1.81e+01  <none>
  Background_Fail_HIGH_bin_7-6    1.6145e+02    1.6144e+02 +/-  1.25e+01  <none>
  Background_Fail_HIGH_bin_7-7    1.4936e+02    1.4936e+02 +/-  1.20e+01  <none>
  Background_Fail_HIGH_bin_7-8    3.7261e+01    3.7259e+01 +/-  5.99e+00  <none>
  Background_Fail_LOW_bin_1-1    1.0025e-06    1.0002e-06 +/-  4.71e-01  <none>
  Background_Fail_LOW_bin_1-2    1.0025e-06    1.0007e-06 +/-  4.71e-01  <none>
  Background_Fail_LOW_bin_1-3    1.0024e-06    1.0000e-06 +/-  4.71e-01  <none>
  Background_Fail_LOW_bin_1-4    1.0023e-06    1.0000e-06 +/-  4.70e-01  <none>
  Background_Fail_LOW_bin_1-5    1.0021e-06    1.0000e-06 +/-  4.70e-01  <none>
  Background_Fail_LOW_bin_1-6    1.0018e-06    1.0003e-06 +/-  4.69e-01  <none>
  Background_Fail_LOW_bin_1-7    1.0014e-06    1.0016e-06 +/-  4.68e-01  <none>
  Background_Fail_LOW_bin_2-1    1.2272e+05    1.2272e+05 +/-  3.45e+02  <none>
  Background_Fail_LOW_bin_2-2    9.5427e+04    9.5427e+04 +/-  3.09e+02  <none>
  Background_Fail_LOW_bin_2-3    5.7917e+04    5.7917e+04 +/-  2.40e+02  <none>
  Background_Fail_LOW_bin_2-4    3.2836e+04    3.2836e+04 +/-  1.85e+02  <none>
  Background_Fail_LOW_bin_2-5    9.5989e+03    9.5985e+03 +/-  9.79e+01  <none>
  Background_Fail_LOW_bin_2-6    1.4305e+03    1.4305e+03 +/-  3.75e+01  <none>
  Background_Fail_LOW_bin_2-7    1.2886e+02    1.2886e+02 +/-  1.18e+01  <none>
  Background_Fail_SIG_bin_1-1    5.8339e+04    5.8339e+04 +/-  2.37e+02  <none>
  Background_Fail_SIG_bin_1-2    4.4473e+04    4.4472e+04 +/-  2.10e+02  <none>
  Background_Fail_SIG_bin_1-3    2.6894e+04    2.6893e+04 +/-  1.65e+02  <none>
  Background_Fail_SIG_bin_1-4    1.5648e+04    1.5648e+04 +/-  1.26e+02  <none>
  Background_Fail_SIG_bin_1-5    5.1857e+03    5.1856e+03 +/-  7.08e+01  <none>
  Background_Fail_SIG_bin_1-6    1.0278e+03    1.0277e+03 +/-  3.28e+01  <none>
  Background_Fail_SIG_bin_1-7    1.1593e+02    1.1602e+02 +/-  1.13e+01  <none>
  Background_Fail_SIG_bin_1-8    5.3334e+00    5.3331e+00 +/-  2.29e+00  <none>
  Background_Fail_SIG_bin_2-1    4.8738e+04    4.8738e+04 +/-  2.17e+02  <none>
  Background_Fail_SIG_bin_2-2    3.7180e+04    3.7179e+04 +/-  1.91e+02  <none>
  Background_Fail_SIG_bin_2-3    2.2863e+04    2.2863e+04 +/-  1.51e+02  <none>
  Background_Fail_SIG_bin_2-4    1.3668e+04    1.3667e+04 +/-  1.21e+02  <none>
  Background_Fail_SIG_bin_2-5    4.7507e+03    4.7506e+03 +/-  6.90e+01  <none>
  Background_Fail_SIG_bin_2-6    1.0658e+03    1.0657e+03 +/-  3.17e+01  <none>
  Background_Fail_SIG_bin_2-7    1.3017e+02    1.3016e+02 +/-  1.18e+01  <none>
  Background_Fail_SIG_bin_2-8    3.4069e+00    3.4056e+00 +/-  1.87e+00  <none>
  Background_Fail_SIG_bin_3-1    4.1037e+04    4.1037e+04 +/-  1.98e+02  <none>
  Background_Fail_SIG_bin_3-2    3.1493e+04    3.1493e+04 +/-  1.75e+02  <none>
  Background_Fail_SIG_bin_3-3    1.8878e+04    1.8877e+04 +/-  1.38e+02  <none>
  Background_Fail_SIG_bin_3-4    1.1491e+04    1.1491e+04 +/-  1.08e+02  <none>
  Background_Fail_SIG_bin_3-5    4.2095e+03    4.2094e+03 +/-  6.38e+01  <none>
  Background_Fail_SIG_bin_3-6    1.0476e+03    1.0477e+03 +/-  3.15e+01  <none>
  Background_Fail_SIG_bin_3-7    1.4910e+02    1.4904e+02 +/-  1.26e+01  <none>
  Background_Fail_SIG_bin_3-8    3.4891e+00    3.4878e+00 +/-  1.87e+00  <none>
  Background_Fail_SIG_bin_4-1    3.4416e+04    3.4416e+04 +/-  1.82e+02  <none>
  Background_Fail_SIG_bin_4-2    2.6245e+04    2.6244e+04 +/-  1.60e+02  <none>
  Background_Fail_SIG_bin_4-3    1.6123e+04    1.6122e+04 +/-  1.25e+02  <none>
  Background_Fail_SIG_bin_4-4    9.7161e+03    9.7160e+03 +/-  9.83e+01  <none>
  Background_Fail_SIG_bin_4-5    3.6572e+03    3.6572e+03 +/-  5.94e+01  <none>
  Background_Fail_SIG_bin_4-6    1.0717e+03    1.0716e+03 +/-  3.18e+01  <none>
  Background_Fail_SIG_bin_4-7    2.1369e+02    2.1369e+02 +/-  1.42e+01  <none>
  Background_Fail_SIG_bin_4-8    6.4493e+00    6.4476e+00 +/-  2.48e+00  <none>
  Background_Fail_SIG_bin_5-1    2.9440e+04    2.9440e+04 +/-  1.68e+02  <none>
  Background_Fail_SIG_bin_5-2    2.2687e+04    2.2687e+04 +/-  1.48e+02  <none>
  Background_Fail_SIG_bin_5-3    1.3635e+04    1.3635e+04 +/-  1.17e+02  <none>
  Background_Fail_SIG_bin_5-4    8.3296e+03    8.3293e+03 +/-  9.06e+01  <none>
  Background_Fail_SIG_bin_5-5    3.1834e+03    3.1833e+03 +/-  5.56e+01  <none>
  Background_Fail_SIG_bin_5-6    1.0323e+03    1.0323e+03 +/-  3.13e+01  <none>
  Background_Fail_SIG_bin_5-7    2.6989e+02    2.6987e+02 +/-  1.61e+01  <none>
  Background_Fail_SIG_bin_5-8    6.4092e+00    6.4058e+00 +/-  2.48e+00  <none>
  Background_rpf_2x2_par0    2.9252e-01    2.9251e-01 +/-  9.09e-03  <none>
  Background_rpf_2x2_par1   -1.4459e-01   -1.4457e-01 +/-  1.97e-02  <none>
  Background_rpf_2x2_par2    7.3897e-03    7.4112e-03 +/-  2.64e-02  <none>
  Background_rpf_2x2_par3    1.8609e-01    1.8608e-01 +/-  5.87e-03  <none>
  Background_rpf_2x2_par4    2.8376e-01    2.8385e-01 +/-  6.53e-01  <none>
  Background_rpf_2x2_par5    2.8376e-01    2.8385e-01 +/-  6.53e-01  <none>
                     F   -5.7040e-03   -1.8152e-03 +/-  1.45e-01  <none>
                   JER   -7.0500e-01   -7.0221e-01 +/-  1.71e-01  <none>
                   JES    4.7619e-03    7.2699e-03 +/-  1.30e-01  <none>
                   JMR    1.7108e+00    1.7165e+00 +/-  2.50e-01  <none>
                   JMS    1.3887e-01    1.3500e-01 +/-  1.08e-01  <none>
                PS_FSR   -6.6807e-03   -6.5512e-03 +/-  6.57e-02  <none>
                PS_ISR   -1.8623e-01   -1.7947e-01 +/-  2.06e-01  <none>
                     R   -1.0322e-01   -1.0528e-01 +/-  1.71e-01  <none>
                    RF   -4.8291e-01   -4.8552e-01 +/-  1.98e-01  <none>
                  btag    6.4943e-02    7.3703e-02 +/-  1.54e-01  <none>
                  lumi    4.4118e-01    4.4218e-01 +/-  1.01e+00  <none>
                   pdf   -2.2941e-02   -1.8262e-02 +/-  1.48e-01  <none>
                pileup   -2.3903e-02   -2.0579e-02 +/-  1.39e-01  <none>
               prefire   -6.6348e-03   -5.5531e-03 +/-  1.48e-01  <none>
                     r    1.0000e+00    1.0000e+00 +/-  9.01e-02  <none>
              top_ptrw    0.0000e+00    0.0000e+00 +/-  1.41e-01  <none>
            ttbar_xsec    5.3212e+00    5.3174e+00 +/-  3.57e-01  <none>

Robus Fit for POI 
Set default minimizer to Minuit2, algorithm Migrad, tolerance 0.1
Searching for crossing at nll = -40451.5 in the interval 1, 5
  [WARNING] Found [Background_Fail_LOW_bin_1-1] at boundary. 
  [WARNING] Found [Background_Fail_LOW_bin_1-2] at boundary. 
  [WARNING] Found [Background_Fail_LOW_bin_1-3] at boundary. 
  [WARNING] Found [Background_Fail_LOW_bin_1-4] at boundary. 
  [WARNING] Found [Background_Fail_LOW_bin_1-5] at boundary. 
  [WARNING] Found [Background_Fail_LOW_bin_1-6] at boundary. 
  [WARNING] Found [Background_Fail_LOW_bin_1-7] at boundary. 
 [WARNING] After the fit some parameters are at their boundary.
 [WARNING] Are you sure your model is correct?
      r      lvl-here  lvl-there   stepping
 [WARNING] After the fit some parameters are at their boundary.
 [WARNING] Are you sure your model is correct?
1.400000    -1.76368  +0.49450    0.400000
 [WARNING] After the fit some parameters are at their boundary.
 [WARNING] Are you sure your model is correct?
1.120000    -0.17280  -1.76368    0.120000
 [WARNING] After the fit some parameters are at their boundary.
 [WARNING] Are you sure your model is correct?
1.036000    +0.29530  -0.17280    0.036000
 [WARNING] After the fit some parameters are at their boundary.
 [WARNING] Are you sure your model is correct?
1.072000    +0.09524  +0.29530    0.036000
 [WARNING] After the fit some parameters are at their boundary.
 [WARNING] Are you sure your model is correct?
1.108000    -0.10564  +0.09524    0.036000
 [WARNING] After the fit some parameters are at their boundary.
 [WARNING] Are you sure your model is correct?
1.082800    +0.03508  -0.10564    0.010800
 [WARNING] After the fit some parameters are at their boundary.
 [WARNING] Are you sure your model is correct?
1.093600    -0.02517  +0.03508    0.010800
 [WARNING] After the fit some parameters are at their boundary.
 [WARNING] Are you sure your model is correct?
1.086040    +0.01702  -0.02517    0.003240
 [WARNING] After the fit some parameters are at their boundary.
 [WARNING] Are you sure your model is correct?
1.089280    -0.00105  +0.01702    0.003240
 [WARNING] After the fit some parameters are at their boundary.
 [WARNING] Are you sure your model is correct?
1.087012    +0.01160  -0.00105    0.000972
 [WARNING] After the fit some parameters are at their boundary.
 [WARNING] Are you sure your model is correct?
1.087984    +0.00618  +0.01160    0.000972
 [WARNING] After the fit some parameters are at their boundary.
 [WARNING] Are you sure your model is correct?
1.088956    +0.00076  +0.00618    0.000972
 [WARNING] After the fit some parameters are at their boundary.
 [WARNING] Are you sure your model is correct?
1.089928    -0.00466  +0.00076    0.000972
 [WARNING] After the fit some parameters are at their boundary.
 [WARNING] Are you sure your model is correct?
1.089248    -0.00087  -0.00466    0.000292
 [WARNING] After the fit some parameters are at their boundary.
 [WARNING] Are you sure your model is correct?
1.089043    +0.00027  -0.00087    0.000087
Set default minimizer to Minuit2, algorithm Migrad, tolerance 0.1
Searching for crossing at nll = -40451.5 in the interval 1, 1
 [WARNING] After the fit some parameters are at their boundary.
 [WARNING] Are you sure your model is correct?
      r      lvl-here  lvl-there   stepping
 [WARNING] After the fit some parameters are at their boundary.
 [WARNING] Are you sure your model is correct?
1.000000    +0.49452  +0.49450    -0.000000
Error: closed range without finding crossing.

  RooFitResult: minimized FCN value: -0.00424509, estimated distance to minimum: 9.40776e-05
                covariance matrix quality: Full matrix, but forced positive-definite
                Status : MINIMIZE=0 HESSE=0 

    Constant Parameter    Value     
  --------------------  ------------
                  F_In    0.0000e+00
                JER_In    0.0000e+00
                JES_In    0.0000e+00
                JMR_In    0.0000e+00
                JMS_In    0.0000e+00
             PS_FSR_In    0.0000e+00
             PS_ISR_In    0.0000e+00
                 RF_In    0.0000e+00
                  R_In    0.0000e+00
               btag_In    0.0000e+00
               lumi_In    0.0000e+00
  n_exp_binFail_HIGH_proc_Background    1.0000e+00
  n_exp_binFail_LOW_proc_Background    1.0000e+00
  n_exp_binFail_SIG_proc_Background    1.0000e+00
  n_exp_binLoose_HIGH_proc_Background_2x2    1.0000e+00
  n_exp_binLoose_LOW_proc_Background_2x2    1.0000e+00
  n_exp_binLoose_SIG_proc_Background_2x2    1.0000e+00
                pdf_In    0.0000e+00
             pileup_In    0.0000e+00
            prefire_In    0.0000e+00
           top_ptrw_In    0.0000e+00
         ttbar_xsec_In    0.0000e+00

    Floating Parameter  InitialValue    FinalValue (+HiError,-LoError)    GblCorr.
  --------------------  ------------  ----------------------------------  --------
  Background_Fail_HIGH_bin_1-1    9.4550e+04    9.4550e+04         +/-  3.04e+02  <none>
  Background_Fail_HIGH_bin_1-2    7.0763e+04    7.0763e+04         +/-  2.65e+02  <none>
  Background_Fail_HIGH_bin_1-3    4.2994e+04    4.2994e+04         +/-  2.06e+02  <none>
  Background_Fail_HIGH_bin_1-4    2.6937e+04    2.6937e+04         +/-  1.63e+02  <none>
  Background_Fail_HIGH_bin_1-5    1.0871e+04    1.0871e+04         +/-  1.03e+02  <none>
  Background_Fail_HIGH_bin_1-6    3.8266e+03    3.8267e+03         +/-  6.04e+01  <none>
  Background_Fail_HIGH_bin_1-7    1.3413e+03    1.3412e+03         +/-  3.62e+01  <none>
  Background_Fail_HIGH_bin_1-8    4.4057e+01    4.4053e+01         +/-  6.44e+00  <none>
  Background_Fail_HIGH_bin_2-1    4.5096e+04    4.5096e+04         +/-  2.09e+02  <none>
  Background_Fail_HIGH_bin_2-2    3.2716e+04    3.2715e+04         +/-  1.79e+02  <none>
  Background_Fail_HIGH_bin_2-3    1.9438e+04    1.9437e+04         +/-  1.38e+02  <none>
  Background_Fail_HIGH_bin_2-4    1.2241e+04    1.2241e+04         +/-  1.11e+02  <none>
  Background_Fail_HIGH_bin_2-5    5.3491e+03    5.3490e+03         +/-  7.20e+01  <none>
  Background_Fail_HIGH_bin_2-6    2.2385e+03    2.2385e+03         +/-  4.62e+01  <none>
  Background_Fail_HIGH_bin_2-7    1.2196e+03    1.2196e+03         +/-  3.41e+01  <none>
  Background_Fail_HIGH_bin_2-8    9.6164e+01    9.6159e+01         +/-  9.52e+00  <none>
  Background_Fail_HIGH_bin_3-1    2.2471e+04    2.2471e+04         +/-  1.47e+02  <none>
  Background_Fail_HIGH_bin_3-2    1.6115e+04    1.6115e+04         +/-  1.25e+02  <none>
  Background_Fail_HIGH_bin_3-3    9.3509e+03    9.3508e+03         +/-  9.73e+01  <none>
  Background_Fail_HIGH_bin_3-4    6.2044e+03    6.2044e+03         +/-  7.84e+01  <none>
  Background_Fail_HIGH_bin_3-5    2.6902e+03    2.6902e+03         +/-  5.07e+01  <none>
  Background_Fail_HIGH_bin_3-6    1.0947e+03    1.0947e+03         +/-  3.26e+01  <none>
  Background_Fail_HIGH_bin_3-7    7.8450e+02    7.8449e+02         +/-  2.73e+01  <none>
  Background_Fail_HIGH_bin_3-8    1.2490e+02    1.2489e+02         +/-  1.09e+01  <none>
  Background_Fail_HIGH_bin_4-1    1.1612e+04    1.1612e+04         +/-  1.06e+02  <none>
  Background_Fail_HIGH_bin_4-2    8.1117e+03    8.1117e+03         +/-  8.82e+01  <none>
  Background_Fail_HIGH_bin_4-3    4.7767e+03    4.7766e+03         +/-  6.78e+01  <none>
  Background_Fail_HIGH_bin_4-4    3.0437e+03    3.0436e+03         +/-  5.47e+01  <none>
  Background_Fail_HIGH_bin_4-5    1.4199e+03    1.4199e+03         +/-  3.69e+01  <none>
  Background_Fail_HIGH_bin_4-6    6.1606e+02    6.1605e+02         +/-  2.43e+01  <none>
  Background_Fail_HIGH_bin_4-7    4.6919e+02    4.6918e+02         +/-  2.12e+01  <none>
  Background_Fail_HIGH_bin_4-8    1.2243e+02    1.2243e+02         +/-  1.08e+01  <none>
  Background_Fail_HIGH_bin_5-1    6.0103e+03    6.0103e+03         +/-  7.60e+01  <none>
  Background_Fail_HIGH_bin_5-2    4.1226e+03    4.1226e+03         +/-  6.31e+01  <none>
  Background_Fail_HIGH_bin_5-3    2.3189e+03    2.3189e+03         +/-  4.74e+01  <none>
  Background_Fail_HIGH_bin_5-4    1.5641e+03    1.5641e+03         +/-  3.88e+01  <none>
  Background_Fail_HIGH_bin_5-5    7.3862e+02    7.3861e+02         +/-  2.67e+01  <none>
  Background_Fail_HIGH_bin_5-6    3.2173e+02    3.2173e+02         +/-  1.76e+01  <none>
  Background_Fail_HIGH_bin_5-7    2.7745e+02    2.7745e+02         +/-  1.63e+01  <none>
  Background_Fail_HIGH_bin_5-8    8.0904e+01    8.0901e+01         +/-  8.76e+00  <none>
  Background_Fail_HIGH_bin_6-1    3.2066e+03    3.2066e+03         +/-  5.56e+01  <none>
  Background_Fail_HIGH_bin_6-2    2.1318e+03    2.1318e+03         +/-  4.54e+01  <none>
  Background_Fail_HIGH_bin_6-3    1.2256e+03    1.2256e+03         +/-  3.44e+01  <none>
  Background_Fail_HIGH_bin_6-4    8.3889e+02    8.3889e+02         +/-  2.84e+01  <none>
  Background_Fail_HIGH_bin_6-5    3.6866e+02    3.6865e+02         +/-  1.89e+01  <none>
  Background_Fail_HIGH_bin_6-6    2.0841e+02    2.0841e+02         +/-  1.42e+01  <none>
  Background_Fail_HIGH_bin_6-7    1.5920e+02    1.5919e+02         +/-  1.24e+01  <none>
  Background_Fail_HIGH_bin_6-8    6.1084e+01    6.1081e+01         +/-  7.64e+00  <none>
  Background_Fail_HIGH_bin_7-1    2.4889e+03    2.4889e+03         +/-  4.92e+01  <none>
  Background_Fail_HIGH_bin_7-2    1.5774e+03    1.5774e+03         +/-  3.94e+01  <none>
  Background_Fail_HIGH_bin_7-3    9.0139e+02    9.0139e+02         +/-  2.96e+01  <none>
  Background_Fail_HIGH_bin_7-4    6.5785e+02    6.5785e+02         +/-  2.52e+01  <none>
  Background_Fail_HIGH_bin_7-5    3.3977e+02    3.3977e+02         +/-  1.81e+01  <none>
  Background_Fail_HIGH_bin_7-6    1.6145e+02    1.6144e+02         +/-  1.25e+01  <none>
  Background_Fail_HIGH_bin_7-7    1.4936e+02    1.4936e+02         +/-  1.20e+01  <none>
  Background_Fail_HIGH_bin_7-8    3.7261e+01    3.7259e+01         +/-  5.99e+00  <none>
  Background_Fail_LOW_bin_1-1    1.0025e-06    1.0002e-06         +/-  4.71e-01  <none>
  Background_Fail_LOW_bin_1-2    1.0025e-06    1.0007e-06         +/-  4.71e-01  <none>
  Background_Fail_LOW_bin_1-3    1.0024e-06    1.0000e-06         +/-  4.71e-01  <none>
  Background_Fail_LOW_bin_1-4    1.0023e-06    1.0000e-06         +/-  4.70e-01  <none>
  Background_Fail_LOW_bin_1-5    1.0021e-06    1.0000e-06         +/-  4.70e-01  <none>
  Background_Fail_LOW_bin_1-6    1.0018e-06    1.0003e-06         +/-  4.69e-01  <none>
  Background_Fail_LOW_bin_1-7    1.0014e-06    1.0016e-06         +/-  4.68e-01  <none>
  Background_Fail_LOW_bin_2-1    1.2272e+05    1.2272e+05         +/-  3.45e+02  <none>
  Background_Fail_LOW_bin_2-2    9.5427e+04    9.5427e+04         +/-  3.09e+02  <none>
  Background_Fail_LOW_bin_2-3    5.7917e+04    5.7917e+04         +/-  2.40e+02  <none>
  Background_Fail_LOW_bin_2-4    3.2836e+04    3.2836e+04         +/-  1.85e+02  <none>
  Background_Fail_LOW_bin_2-5    9.5989e+03    9.5985e+03         +/-  9.79e+01  <none>
  Background_Fail_LOW_bin_2-6    1.4305e+03    1.4305e+03         +/-  3.75e+01  <none>
  Background_Fail_LOW_bin_2-7    1.2886e+02    1.2886e+02         +/-  1.18e+01  <none>
  Background_Fail_SIG_bin_1-1    5.8339e+04    5.8339e+04         +/-  2.37e+02  <none>
  Background_Fail_SIG_bin_1-2    4.4473e+04    4.4472e+04         +/-  2.10e+02  <none>
  Background_Fail_SIG_bin_1-3    2.6894e+04    2.6893e+04         +/-  1.65e+02  <none>
  Background_Fail_SIG_bin_1-4    1.5648e+04    1.5648e+04         +/-  1.26e+02  <none>
  Background_Fail_SIG_bin_1-5    5.1857e+03    5.1856e+03         +/-  7.08e+01  <none>
  Background_Fail_SIG_bin_1-6    1.0278e+03    1.0277e+03         +/-  3.28e+01  <none>
  Background_Fail_SIG_bin_1-7    1.1593e+02    1.1602e+02         +/-  1.13e+01  <none>
  Background_Fail_SIG_bin_1-8    5.3334e+00    5.3331e+00         +/-  2.29e+00  <none>
  Background_Fail_SIG_bin_2-1    4.8738e+04    4.8738e+04         +/-  2.17e+02  <none>
  Background_Fail_SIG_bin_2-2    3.7180e+04    3.7179e+04         +/-  1.91e+02  <none>
  Background_Fail_SIG_bin_2-3    2.2863e+04    2.2863e+04         +/-  1.51e+02  <none>
  Background_Fail_SIG_bin_2-4    1.3668e+04    1.3667e+04         +/-  1.21e+02  <none>
  Background_Fail_SIG_bin_2-5    4.7507e+03    4.7506e+03         +/-  6.90e+01  <none>
  Background_Fail_SIG_bin_2-6    1.0658e+03    1.0657e+03         +/-  3.17e+01  <none>
  Background_Fail_SIG_bin_2-7    1.3017e+02    1.3016e+02         +/-  1.18e+01  <none>
  Background_Fail_SIG_bin_2-8    3.4069e+00    3.4056e+00         +/-  1.87e+00  <none>
  Background_Fail_SIG_bin_3-1    4.1037e+04    4.1037e+04         +/-  1.98e+02  <none>
  Background_Fail_SIG_bin_3-2    3.1493e+04    3.1493e+04         +/-  1.75e+02  <none>
  Background_Fail_SIG_bin_3-3    1.8878e+04    1.8877e+04         +/-  1.38e+02  <none>
  Background_Fail_SIG_bin_3-4    1.1491e+04    1.1491e+04         +/-  1.08e+02  <none>
  Background_Fail_SIG_bin_3-5    4.2095e+03    4.2094e+03         +/-  6.38e+01  <none>
  Background_Fail_SIG_bin_3-6    1.0476e+03    1.0477e+03         +/-  3.15e+01  <none>
  Background_Fail_SIG_bin_3-7    1.4910e+02    1.4904e+02         +/-  1.26e+01  <none>
  Background_Fail_SIG_bin_3-8    3.4891e+00    3.4878e+00         +/-  1.87e+00  <none>
  Background_Fail_SIG_bin_4-1    3.4416e+04    3.4416e+04         +/-  1.82e+02  <none>
  Background_Fail_SIG_bin_4-2    2.6245e+04    2.6244e+04         +/-  1.60e+02  <none>
  Background_Fail_SIG_bin_4-3    1.6123e+04    1.6122e+04         +/-  1.25e+02  <none>
  Background_Fail_SIG_bin_4-4    9.7161e+03    9.7160e+03         +/-  9.83e+01  <none>
  Background_Fail_SIG_bin_4-5    3.6572e+03    3.6572e+03         +/-  5.94e+01  <none>
  Background_Fail_SIG_bin_4-6    1.0717e+03    1.0716e+03         +/-  3.18e+01  <none>
  Background_Fail_SIG_bin_4-7    2.1369e+02    2.1369e+02         +/-  1.42e+01  <none>
  Background_Fail_SIG_bin_4-8    6.4493e+00    6.4476e+00         +/-  2.48e+00  <none>
  Background_Fail_SIG_bin_5-1    2.9440e+04    2.9440e+04         +/-  1.68e+02  <none>
  Background_Fail_SIG_bin_5-2    2.2687e+04    2.2687e+04         +/-  1.48e+02  <none>
  Background_Fail_SIG_bin_5-3    1.3635e+04    1.3635e+04         +/-  1.17e+02  <none>
  Background_Fail_SIG_bin_5-4    8.3296e+03    8.3293e+03         +/-  9.06e+01  <none>
  Background_Fail_SIG_bin_5-5    3.1834e+03    3.1833e+03         +/-  5.56e+01  <none>
  Background_Fail_SIG_bin_5-6    1.0323e+03    1.0323e+03         +/-  3.13e+01  <none>
  Background_Fail_SIG_bin_5-7    2.6989e+02    2.6987e+02         +/-  1.61e+01  <none>
  Background_Fail_SIG_bin_5-8    6.4092e+00    6.4058e+00         +/-  2.48e+00  <none>
  Background_rpf_2x2_par0    2.9252e-01    2.9251e-01         +/-  9.09e-03  <none>
  Background_rpf_2x2_par1   -1.4459e-01   -1.4457e-01         +/-  1.97e-02  <none>
  Background_rpf_2x2_par2    7.3897e-03    7.4112e-03         +/-  2.64e-02  <none>
  Background_rpf_2x2_par3    1.8609e-01    1.8608e-01         +/-  5.87e-03  <none>
  Background_rpf_2x2_par4    2.8376e-01    2.8385e-01         +/-  6.53e-01  <none>
  Background_rpf_2x2_par5    2.8376e-01    2.8385e-01         +/-  6.53e-01  <none>
                     F   -5.7040e-03   -1.8152e-03         +/-  1.45e-01  <none>
                   JER   -7.0500e-01   -7.0221e-01         +/-  1.71e-01  <none>
                   JES    4.7619e-03    7.2699e-03         +/-  1.30e-01  <none>
                   JMR    1.7108e+00    1.7165e+00         +/-  2.50e-01  <none>
                   JMS    1.3887e-01    1.3500e-01         +/-  1.08e-01  <none>
                PS_FSR   -6.6807e-03   -6.5512e-03         +/-  6.57e-02  <none>
                PS_ISR   -1.8623e-01   -1.7947e-01         +/-  2.06e-01  <none>
                     R   -1.0322e-01   -1.0528e-01         +/-  1.71e-01  <none>
                    RF   -4.8291e-01   -4.8552e-01         +/-  1.98e-01  <none>
                  btag    6.4943e-02    7.3703e-02         +/-  1.54e-01  <none>
                  lumi    4.4118e-01    4.4218e-01         +/-  1.01e+00  <none>
                   pdf   -2.2941e-02   -1.8262e-02         +/-  1.48e-01  <none>
                pileup   -2.3903e-02   -2.0579e-02         +/-  1.39e-01  <none>
               prefire   -6.6348e-03   -5.5531e-03         +/-  1.48e-01  <none>
                     r    1.0000e+00    1.0000e+00 (+8.93e-02,--0.00e+00)  <none>
              top_ptrw    0.0000e+00    0.0000e+00         +/-  1.41e-01  <none>
            ttbar_xsec    5.3212e+00    5.3174e+00         +/-  3.57e-01  <none>


 --- FitDiagnostics ---
Best fit r: 1  -2.17604e-14/+0.0892515  (68% CL)
Done in 0.09 min (cpu), 0.09 min (real)
Printing Message Summary From ... combine_logger.out
----------------------------------------------
Messages of type INFO : 254
Messages of type DEBUG : 2
Messages of type ERROR : 3
----------------------------------------------
INFO: (function: applyOptionsBase) FitterAlgoBase.cc: 113 -- Setting robust fit options to Tolerance=0.1 / Strategy=0 / Type,Algo=Minuit2,Migrad (note that defaults of CascadeMinimizer were taken where option not specified)
INFO: (function: improveOnce) CascadeMinimizer.cc: 188 -- Minimisation configured with Type=Minuit2, Algo=Migrad, strategy=0, tolerance=0.1
INFO: (function: improveOnce) CascadeMinimizer.cc: 211 -- Minimisation finished with status=0
INFO: (function: improveOnce) CascadeMinimizer.cc: 216 -- Minimization success! status=0
INFO: (function: improveOnce) CascadeMinimizer.cc: 188 -- Minimisation configured with Type=Minuit2, Algo=Migrad, strategy=0, tolerance=0.1
INFO: (function: improveOnce) CascadeMinimizer.cc: 211 -- Minimisation finished with status=0
INFO: (function: improveOnce) CascadeMinimizer.cc: 216 -- Minimization success! status=0
INFO: (function: improveOnce) CascadeMinimizer.cc: 188 -- Minimisation configured with Type=Minuit2, Algo=Migrad, strategy=0, tolerance=0.1
INFO: (function: improveOnce) CascadeMinimizer.cc: 211 -- Minimisation finished with status=0
INFO: (function: improveOnce) CascadeMinimizer.cc: 216 -- Minimization success! status=0
INFO: (function: anyParameterAtBoundaries) utils.cc: 1039 -- Found parameter Background_Fail_LOW_bin_1-1 at boundary (within ~1sigma): 1.00105e-06+/-0.494754
INFO: (function: anyParameterAtBoundaries) utils.cc: 1039 -- Found parameter Background_Fail_LOW_bin_1-2 at boundary (within ~1sigma): 1.00105e-06+/-0.494752
INFO: (function: anyParameterAtBoundaries) utils.cc: 1039 -- Found parameter Background_Fail_LOW_bin_1-3 at boundary (within ~1sigma): 1.00105e-06+/-0.494743
INFO: (function: anyParameterAtBoundaries) utils.cc: 1039 -- Found parameter Background_Fail_LOW_bin_1-4 at boundary (within ~1sigma): 1.00111e-06+/-0.494724
INFO: (function: anyParameterAtBoundaries) utils.cc: 1039 -- Found parameter Background_Fail_LOW_bin_1-5 at boundary (within ~1sigma): 1.00122e-06+/-0.494691
INFO: (function: anyParameterAtBoundaries) utils.cc: 1039 -- Found parameter Background_Fail_LOW_bin_1-6 at boundary (within ~1sigma): 1.00128e-06+/-0.494636
INFO: (function: anyParameterAtBoundaries) utils.cc: 1039 -- Found parameter Background_Fail_LOW_bin_1-7 at boundary (within ~1sigma): 1.00128e-06+/-0.494497
INFO: (function: minimize) CascadeMinimizer.cc: 480 -- After fit, some parameters are found at the boundary (within ~1sigma)
INFO: (function: improveOnce) CascadeMinimizer.cc: 188 -- Minimisation configured with Type=Minuit2, Algo=Migrad, strategy=0, tolerance=0.1
INFO: (function: improveOnce) CascadeMinimizer.cc: 211 -- Minimisation finished with status=0
INFO: (function: improveOnce) CascadeMinimizer.cc: 216 -- Minimization success! status=0
ERROR: (function: runSpecific) [WARNING]: Unable to determine uncertainties on all fit parameters in b-only fit. Have a look at https://cms-analysis.github.io/HiggsAnalysis-CombinedLimit/part3/nonstandard/#fit-parameter-uncertainties for more information.
DEBUG: (function: runSpecific) FitDiagnostics.cc: 318 -- Fit B-only, status = 0, numBadNLL = 0, covariance quality = 2
INFO: (function: improveOnce) CascadeMinimizer.cc: 188 -- Minimisation configured with Type=Minuit2, Algo=Migrad, strategy=0, tolerance=0.1
INFO: (function: improveOnce) CascadeMinimizer.cc: 211 -- Minimisation finished with status=0
INFO: (function: improveOnce) CascadeMinimizer.cc: 216 -- Minimization success! status=0
INFO: (function: anyParameterAtBoundaries) utils.cc: 1039 -- Found parameter Background_Fail_LOW_bin_1-1 at boundary (within ~1sigma): 1.0025e-06+/-0.494613
INFO: (function: anyParameterAtBoundaries) utils.cc: 1039 -- Found parameter Background_Fail_LOW_bin_1-2 at boundary (within ~1sigma): 1.0025e-06+/-0.494611
INFO: (function: anyParameterAtBoundaries) utils.cc: 1039 -- Found parameter Background_Fail_LOW_bin_1-3 at boundary (within ~1sigma): 1.00244e-06+/-0.494605
INFO: (function: anyParameterAtBoundaries) utils.cc: 1039 -- Found parameter Background_Fail_LOW_bin_1-4 at boundary (within ~1sigma): 1.00228e-06+/-0.494592
INFO: (function: anyParameterAtBoundaries) utils.cc: 1039 -- Found parameter Background_Fail_LOW_bin_1-5 at boundary (within ~1sigma): 1.00211e-06+/-0.494568
INFO: (function: anyParameterAtBoundaries) utils.cc: 1039 -- Found parameter Background_Fail_LOW_bin_1-6 at boundary (within ~1sigma): 1.00183e-06+/-0.494532
INFO: (function: anyParameterAtBoundaries) utils.cc: 1039 -- Found parameter Background_Fail_LOW_bin_1-7 at boundary (within ~1sigma): 1.00144e-06+/-0.494448
INFO: (function: minimize) CascadeMinimizer.cc: 480 -- After fit, some parameters are found at the boundary (within ~1sigma)
INFO: (function: improveOnce) CascadeMinimizer.cc: 188 -- Minimisation configured with Type=Minuit2, Algo=Migrad, strategy=0, tolerance=0.1
INFO: (function: improveOnce) CascadeMinimizer.cc: 211 -- Minimisation finished with status=0
INFO: (function: improveOnce) CascadeMinimizer.cc: 216 -- Minimization success! status=0
INFO: (function: doFit) FitterAlgoBase.cc: 359 -- Running RobustFit for POI r. Configured with strategy 0  
INFO: (function: findCrossing) FitterAlgoBase.cc: 405 -- Searching for crossing at nll = -40451.5, in the interval 1 < r < 5
INFO: (function: improveOnce) CascadeMinimizer.cc: 188 -- Minimisation configured with Type=Minuit2, Algo=Migrad, strategy=0, tolerance=0.1
INFO: (function: improveOnce) CascadeMinimizer.cc: 211 -- Minimisation finished with status=0
INFO: (function: improveOnce) CascadeMinimizer.cc: 216 -- Minimization success! status=0
INFO: (function: anyParameterAtBoundaries) utils.cc: 1039 -- Found parameter Background_Fail_LOW_bin_1-1 at boundary (within ~1sigma): 1.02548e-06+/-0.474516
INFO: (function: anyParameterAtBoundaries) utils.cc: 1039 -- Found parameter Background_Fail_LOW_bin_1-2 at boundary (within ~1sigma): 1.03192e-06+/-0.474489
INFO: (function: anyParameterAtBoundaries) utils.cc: 1039 -- Found parameter Background_Fail_LOW_bin_1-3 at boundary (within ~1sigma): 1.00161e-06+/-0.474276
INFO: (function: anyParameterAtBoundaries) utils.cc: 1039 -- Found parameter Background_Fail_LOW_bin_1-4 at boundary (within ~1sigma): 1e-06+/-0.474103
INFO: (function: anyParameterAtBoundaries) utils.cc: 1039 -- Found parameter Background_Fail_LOW_bin_1-5 at boundary (within ~1sigma): 1.00033e-06+/-0.473645
INFO: (function: anyParameterAtBoundaries) utils.cc: 1039 -- Found parameter Background_Fail_LOW_bin_1-6 at boundary (within ~1sigma): 1e-06+/-0.472802
INFO: (function: anyParameterAtBoundaries) utils.cc: 1039 -- Found parameter Background_Fail_LOW_bin_1-7 at boundary (within ~1sigma): 1.00366e-06+/-0.470962
INFO: (function: minimize) CascadeMinimizer.cc: 480 -- After fit, some parameters are found at the boundary (within ~1sigma)
INFO: (function: findCrossing) FitterAlgoBase.cc: 426 -- r lvl-here lvl-there 	stepping 
INFO: (function: improveOnce) CascadeMinimizer.cc: 188 -- Minimisation configured with Type=Minuit2, Algo=Migrad, strategy=0, tolerance=0.1
INFO: (function: improveOnce) CascadeMinimizer.cc: 211 -- Minimisation finished with status=0
INFO: (function: improveOnce) CascadeMinimizer.cc: 216 -- Minimization success! status=0
INFO: (function: anyParameterAtBoundaries) utils.cc: 1039 -- Found parameter Background_Fail_LOW_bin_1-1 at boundary (within ~1sigma): 1.66364e-06+/-0.477878
INFO: (function: anyParameterAtBoundaries) utils.cc: 1039 -- Found parameter Background_Fail_LOW_bin_1-2 at boundary (within ~1sigma): 1.64293e-06+/-0.477694
INFO: (function: anyParameterAtBoundaries) utils.cc: 1039 -- Found parameter Background_Fail_LOW_bin_1-3 at boundary (within ~1sigma): 1.6507e-06+/-0.47762
INFO: (function: anyParameterAtBoundaries) utils.cc: 1039 -- Found parameter Background_Fail_LOW_bin_1-4 at boundary (within ~1sigma): 1.03042e-06+/-0.474032
INFO: (function: anyParameterAtBoundaries) utils.cc: 1039 -- Found parameter Background_Fail_LOW_bin_1-5 at boundary (within ~1sigma): 1.63094e-06+/-0.476683
INFO: (function: anyParameterAtBoundaries) utils.cc: 1039 -- Found parameter Background_Fail_LOW_bin_1-6 at boundary (within ~1sigma): 1.03175e-06+/-0.472841
INFO: (function: anyParameterAtBoundaries) utils.cc: 1039 -- Found parameter Background_Fail_LOW_bin_1-7 at boundary (within ~1sigma): 1.64349e-06+/-0.474171
INFO: (function: minimize) CascadeMinimizer.cc: 480 -- After fit, some parameters are found at the boundary (within ~1sigma)
INFO: (function: findCrossing) FitterAlgoBase.cc: 459 -- 1.400000    -1.76368  +0.49450    0.400000
INFO: (function: improveOnce) CascadeMinimizer.cc: 188 -- Minimisation configured with Type=Minuit2, Algo=Migrad, strategy=0, tolerance=0.1
INFO: (function: improveOnce) CascadeMinimizer.cc: 211 -- Minimisation finished with status=0
INFO: (function: improveOnce) CascadeMinimizer.cc: 216 -- Minimization success! status=0
INFO: (function: anyParameterAtBoundaries) utils.cc: 1039 -- Found parameter Background_Fail_LOW_bin_1-1 at boundary (within ~1sigma): 1.16953e-06+/-0.475405
INFO: (function: anyParameterAtBoundaries) utils.cc: 1039 -- Found parameter Background_Fail_LOW_bin_1-2 at boundary (within ~1sigma): 1.22682e-06+/-0.475736
INFO: (function: anyParameterAtBoundaries) utils.cc: 1039 -- Found parameter Background_Fail_LOW_bin_1-3 at boundary (within ~1sigma): 1.1506e-06+/-0.475124
INFO: (function: anyParameterAtBoundaries) utils.cc: 1039 -- Found parameter Background_Fail_LOW_bin_1-4 at boundary (within ~1sigma): 1.01149e-06+/-0.474221
INFO: (function: anyParameterAtBoundaries) utils.cc: 1039 -- Found parameter Background_Fail_LOW_bin_1-5 at boundary (within ~1sigma): 1.1612e-06+/-0.474404
INFO: (function: anyParameterAtBoundaries) utils.cc: 1039 -- Found parameter Background_Fail_LOW_bin_1-6 at boundary (within ~1sigma): 1.00588e-06+/-0.472732
INFO: (function: anyParameterAtBoundaries) utils.cc: 1039 -- Found parameter Background_Fail_LOW_bin_1-7 at boundary (within ~1sigma): 1.17036e-06+/-0.471854
INFO: (function: minimize) CascadeMinimizer.cc: 480 -- After fit, some parameters are found at the boundary (within ~1sigma)
INFO: (function: findCrossing) FitterAlgoBase.cc: 459 -- 1.120000    -0.17280  -1.76368    0.120000
INFO: (function: improveOnce) CascadeMinimizer.cc: 188 -- Minimisation configured with Type=Minuit2, Algo=Migrad, strategy=0, tolerance=0.1
INFO: (function: improveOnce) CascadeMinimizer.cc: 211 -- Minimisation finished with status=0
INFO: (function: improveOnce) CascadeMinimizer.cc: 216 -- Minimization success! status=0
INFO: (function: anyParameterAtBoundaries) utils.cc: 1039 -- Found parameter Background_Fail_LOW_bin_1-1 at boundary (within ~1sigma): 1.01815e-06+/-0.474531
INFO: (function: anyParameterAtBoundaries) utils.cc: 1039 -- Found parameter Background_Fail_LOW_bin_1-2 at boundary (within ~1sigma): 1.01416e-06+/-0.474498
INFO: (function: anyParameterAtBoundaries) utils.cc: 1039 -- Found parameter Background_Fail_LOW_bin_1-3 at boundary (within ~1sigma): 1.05074e-06+/-0.4744
INFO: (function: anyParameterAtBoundaries) utils.cc: 1039 -- Found parameter Background_Fail_LOW_bin_1-4 at boundary (within ~1sigma): 1.00017e-06+/-0.473971
INFO: (function: anyParameterAtBoundaries) utils.cc: 1039 -- Found parameter Background_Fail_LOW_bin_1-5 at boundary (within ~1sigma): 1.01082e-06+/-0.473571
INFO: (function: anyParameterAtBoundaries) utils.cc: 1039 -- Found parameter Background_Fail_LOW_bin_1-6 at boundary (within ~1sigma): 1.00078e-06+/-0.472789
INFO: (function: anyParameterAtBoundaries) utils.cc: 1039 -- Found parameter Background_Fail_LOW_bin_1-7 at boundary (within ~1sigma): 1.01543e-06+/-0.47097
INFO: (function: minimize) CascadeMinimizer.cc: 480 -- After fit, some parameters are found at the boundary (within ~1sigma)
INFO: (function: findCrossing) FitterAlgoBase.cc: 459 -- 1.036000    +0.29530  -0.17280    0.036000
INFO: (function: improveOnce) CascadeMinimizer.cc: 188 -- Minimisation configured with Type=Minuit2, Algo=Migrad, strategy=0, tolerance=0.1
INFO: (function: improveOnce) CascadeMinimizer.cc: 211 -- Minimisation finished with status=0
INFO: (function: improveOnce) CascadeMinimizer.cc: 216 -- Minimization success! status=0
INFO: (function: anyParameterAtBoundaries) utils.cc: 1039 -- Found parameter Background_Fail_LOW_bin_1-1 at boundary (within ~1sigma): 1.00011e-06+/-0.474515
INFO: (function: anyParameterAtBoundaries) utils.cc: 1039 -- Found parameter Background_Fail_LOW_bin_1-2 at boundary (within ~1sigma): 1.03897e-06+/-0.474573
INFO: (function: anyParameterAtBoundaries) utils.cc: 1039 -- Found parameter Background_Fail_LOW_bin_1-3 at boundary (within ~1sigma): 1.02404e-06+/-0.474421
INFO: (function: anyParameterAtBoundaries) utils.cc: 1039 -- Found parameter Background_Fail_LOW_bin_1-4 at boundary (within ~1sigma): 1.00333e-06+/-0.474097
INFO: (function: anyParameterAtBoundaries) utils.cc: 1039 -- Found parameter Background_Fail_LOW_bin_1-5 at boundary (within ~1sigma): 1e-06+/-0.473572
INFO: (function: anyParameterAtBoundaries) utils.cc: 1039 -- Found parameter Background_Fail_LOW_bin_1-6 at boundary (within ~1sigma): 1.00006e-06+/-0.472787
INFO: (function: anyParameterAtBoundaries) utils.cc: 1039 -- Found parameter Background_Fail_LOW_bin_1-7 at boundary (within ~1sigma): 1.00172e-06+/-0.470982
INFO: (function: minimize) CascadeMinimizer.cc: 480 -- After fit, some parameters are found at the boundary (within ~1sigma)
INFO: (function: findCrossing) FitterAlgoBase.cc: 459 -- 1.072000    +0.09524  +0.29530    0.036000
INFO: (function: improveOnce) CascadeMinimizer.cc: 188 -- Minimisation configured with Type=Minuit2, Algo=Migrad, strategy=0, tolerance=0.1
INFO: (function: improveOnce) CascadeMinimizer.cc: 211 -- Minimisation finished with status=0
INFO: (function: improveOnce) CascadeMinimizer.cc: 216 -- Minimization success! status=0
INFO: (function: anyParameterAtBoundaries) utils.cc: 1039 -- Found parameter Background_Fail_LOW_bin_1-1 at boundary (within ~1sigma): 1.03281e-06+/-0.474592
INFO: (function: anyParameterAtBoundaries) utils.cc: 1039 -- Found parameter Background_Fail_LOW_bin_1-2 at boundary (within ~1sigma): 1.00033e-06+/-0.474502
INFO: (function: anyParameterAtBoundaries) utils.cc: 1039 -- Found parameter Background_Fail_LOW_bin_1-3 at boundary (within ~1sigma): 1.05179e-06+/-0.474448
INFO: (function: anyParameterAtBoundaries) utils.cc: 1039 -- Found parameter Background_Fail_LOW_bin_1-4 at boundary (within ~1sigma): 1.00011e-06+/-0.474081
INFO: (function: anyParameterAtBoundaries) utils.cc: 1039 -- Found parameter Background_Fail_LOW_bin_1-5 at boundary (within ~1sigma): 1.00056e-06+/-0.473612
INFO: (function: anyParameterAtBoundaries) utils.cc: 1039 -- Found parameter Background_Fail_LOW_bin_1-6 at boundary (within ~1sigma): 1.01721e-06+/-0.472844
INFO: (function: anyParameterAtBoundaries) utils.cc: 1039 -- Found parameter Background_Fail_LOW_bin_1-7 at boundary (within ~1sigma): 1.08604e-06+/-0.471084
INFO: (function: minimize) CascadeMinimizer.cc: 480 -- After fit, some parameters are found at the boundary (within ~1sigma)
INFO: (function: findCrossing) FitterAlgoBase.cc: 459 -- 1.108000    -0.10564  +0.09524    0.036000
INFO: (function: improveOnce) CascadeMinimizer.cc: 188 -- Minimisation configured with Type=Minuit2, Algo=Migrad, strategy=0, tolerance=0.1
INFO: (function: improveOnce) CascadeMinimizer.cc: 211 -- Minimisation finished with status=0
INFO: (function: improveOnce) CascadeMinimizer.cc: 216 -- Minimization success! status=0
INFO: (function: anyParameterAtBoundaries) utils.cc: 1039 -- Found parameter Background_Fail_LOW_bin_1-1 at boundary (within ~1sigma): 1.09648e-06+/-0.474417
INFO: (function: anyParameterAtBoundaries) utils.cc: 1039 -- Found parameter Background_Fail_LOW_bin_1-2 at boundary (within ~1sigma): 1.00461e-06+/-0.474472
INFO: (function: anyParameterAtBoundaries) utils.cc: 1039 -- Found parameter Background_Fail_LOW_bin_1-3 at boundary (within ~1sigma): 1.00716e-06+/-0.474332
INFO: (function: anyParameterAtBoundaries) utils.cc: 1039 -- Found parameter Background_Fail_LOW_bin_1-4 at boundary (within ~1sigma): 1.04147e-06+/-0.474006
INFO: (function: anyParameterAtBoundaries) utils.cc: 1039 -- Found parameter Background_Fail_LOW_bin_1-5 at boundary (within ~1sigma): 1e-06+/-0.473584
INFO: (function: anyParameterAtBoundaries) utils.cc: 1039 -- Found parameter Background_Fail_LOW_bin_1-6 at boundary (within ~1sigma): 1.01582e-06+/-0.472751
INFO: (function: anyParameterAtBoundaries) utils.cc: 1039 -- Found parameter Background_Fail_LOW_bin_1-7 at boundary (within ~1sigma): 1.0428e-06+/-0.470901
INFO: (function: minimize) CascadeMinimizer.cc: 480 -- After fit, some parameters are found at the boundary (within ~1sigma)
INFO: (function: findCrossing) FitterAlgoBase.cc: 459 -- 1.082800    +0.03508  -0.10564    0.010800
INFO: (function: improveOnce) CascadeMinimizer.cc: 188 -- Minimisation configured with Type=Minuit2, Algo=Migrad, strategy=0, tolerance=0.1
INFO: (function: improveOnce) CascadeMinimizer.cc: 211 -- Minimisation finished with status=0
INFO: (function: improveOnce) CascadeMinimizer.cc: 216 -- Minimization success! status=0
INFO: (function: anyParameterAtBoundaries) utils.cc: 1039 -- Found parameter Background_Fail_LOW_bin_1-1 at boundary (within ~1sigma): 1.01471e-06+/-0.474499
INFO: (function: anyParameterAtBoundaries) utils.cc: 1039 -- Found parameter Background_Fail_LOW_bin_1-2 at boundary (within ~1sigma): 1.01438e-06+/-0.474563
INFO: (function: anyParameterAtBoundaries) utils.cc: 1039 -- Found parameter Background_Fail_LOW_bin_1-3 at boundary (within ~1sigma): 1.00322e-06+/-0.47436
INFO: (function: anyParameterAtBoundaries) utils.cc: 1039 -- Found parameter Background_Fail_LOW_bin_1-4 at boundary (within ~1sigma): 1.0413e-06+/-0.474179
INFO: (function: anyParameterAtBoundaries) utils.cc: 1039 -- Found parameter Background_Fail_LOW_bin_1-5 at boundary (within ~1sigma): 1.00278e-06+/-0.473459
INFO: (function: anyParameterAtBoundaries) utils.cc: 1039 -- Found parameter Background_Fail_LOW_bin_1-6 at boundary (within ~1sigma): 1.00355e-06+/-0.472838
INFO: (function: anyParameterAtBoundaries) utils.cc: 1039 -- Found parameter Background_Fail_LOW_bin_1-7 at boundary (within ~1sigma): 1.00128e-06+/-0.470979
INFO: (function: minimize) CascadeMinimizer.cc: 480 -- After fit, some parameters are found at the boundary (within ~1sigma)
INFO: (function: findCrossing) FitterAlgoBase.cc: 459 -- 1.093600    -0.02517  +0.03508    0.010800
INFO: (function: improveOnce) CascadeMinimizer.cc: 188 -- Minimisation configured with Type=Minuit2, Algo=Migrad, strategy=0, tolerance=0.1
INFO: (function: improveOnce) CascadeMinimizer.cc: 211 -- Minimisation finished with status=0
INFO: (function: improveOnce) CascadeMinimizer.cc: 216 -- Minimization success! status=0
INFO: (function: anyParameterAtBoundaries) utils.cc: 1039 -- Found parameter Background_Fail_LOW_bin_1-1 at boundary (within ~1sigma): 1.00516e-06+/-0.474517
INFO: (function: anyParameterAtBoundaries) utils.cc: 1039 -- Found parameter Background_Fail_LOW_bin_1-2 at boundary (within ~1sigma): 1.01155e-06+/-0.474477
INFO: (function: anyParameterAtBoundaries) utils.cc: 1039 -- Found parameter Background_Fail_LOW_bin_1-3 at boundary (within ~1sigma): 1.01166e-06+/-0.474342
INFO: (function: anyParameterAtBoundaries) utils.cc: 1039 -- Found parameter Background_Fail_LOW_bin_1-4 at boundary (within ~1sigma): 1.00083e-06+/-0.474108
INFO: (function: anyParameterAtBoundaries) utils.cc: 1039 -- Found parameter Background_Fail_LOW_bin_1-5 at boundary (within ~1sigma): 1.00111e-06+/-0.473514
INFO: (function: anyParameterAtBoundaries) utils.cc: 1039 -- Found parameter Background_Fail_LOW_bin_1-6 at boundary (within ~1sigma): 1.00011e-06+/-0.472818
INFO: (function: anyParameterAtBoundaries) utils.cc: 1039 -- Found parameter Background_Fail_LOW_bin_1-7 at boundary (within ~1sigma): 1.00255e-06+/-0.471011
INFO: (function: minimize) CascadeMinimizer.cc: 480 -- After fit, some parameters are found at the boundary (within ~1sigma)
INFO: (function: findCrossing) FitterAlgoBase.cc: 459 -- 1.086040    +0.01702  -0.02517    0.003240
INFO: (function: improveOnce) CascadeMinimizer.cc: 188 -- Minimisation configured with Type=Minuit2, Algo=Migrad, strategy=0, tolerance=0.1
INFO: (function: improveOnce) CascadeMinimizer.cc: 211 -- Minimisation finished with status=0
INFO: (function: improveOnce) CascadeMinimizer.cc: 216 -- Minimization success! status=0
INFO: (function: anyParameterAtBoundaries) utils.cc: 1039 -- Found parameter Background_Fail_LOW_bin_1-1 at boundary (within ~1sigma): 1.07444e-06+/-0.474688
INFO: (function: anyParameterAtBoundaries) utils.cc: 1039 -- Found parameter Background_Fail_LOW_bin_1-2 at boundary (within ~1sigma): 1.03036e-06+/-0.474614
INFO: (function: anyParameterAtBoundaries) utils.cc: 1039 -- Found parameter Background_Fail_LOW_bin_1-3 at boundary (within ~1sigma): 1.12296e-06+/-0.474564
INFO: (function: anyParameterAtBoundaries) utils.cc: 1039 -- Found parameter Background_Fail_LOW_bin_1-4 at boundary (within ~1sigma): 1.13189e-06+/-0.474286
INFO: (function: anyParameterAtBoundaries) utils.cc: 1039 -- Found parameter Background_Fail_LOW_bin_1-5 at boundary (within ~1sigma): 1.10569e-06+/-0.473765
INFO: (function: anyParameterAtBoundaries) utils.cc: 1039 -- Found parameter Background_Fail_LOW_bin_1-6 at boundary (within ~1sigma): 1.17342e-06+/-0.47303
INFO: (function: anyParameterAtBoundaries) utils.cc: 1039 -- Found parameter Background_Fail_LOW_bin_1-7 at boundary (within ~1sigma): 1.01982e-06+/-0.471076
INFO: (function: minimize) CascadeMinimizer.cc: 480 -- After fit, some parameters are found at the boundary (within ~1sigma)
INFO: (function: findCrossing) FitterAlgoBase.cc: 459 -- 1.089280    -0.00105  +0.01702    0.003240
INFO: (function: improveOnce) CascadeMinimizer.cc: 188 -- Minimisation configured with Type=Minuit2, Algo=Migrad, strategy=0, tolerance=0.1
INFO: (function: improveOnce) CascadeMinimizer.cc: 211 -- Minimisation finished with status=0
INFO: (function: improveOnce) CascadeMinimizer.cc: 216 -- Minimization success! status=0
INFO: (function: anyParameterAtBoundaries) utils.cc: 1039 -- Found parameter Background_Fail_LOW_bin_1-1 at boundary (within ~1sigma): 1.00078e-06+/-0.474553
INFO: (function: anyParameterAtBoundaries) utils.cc: 1039 -- Found parameter Background_Fail_LOW_bin_1-2 at boundary (within ~1sigma): 1.01105e-06+/-0.474473
INFO: (function: anyParameterAtBoundaries) utils.cc: 1039 -- Found parameter Background_Fail_LOW_bin_1-3 at boundary (within ~1sigma): 1.00316e-06+/-0.474357
INFO: (function: anyParameterAtBoundaries) utils.cc: 1039 -- Found parameter Background_Fail_LOW_bin_1-4 at boundary (within ~1sigma): 1.00006e-06+/-0.474098
INFO: (function: anyParameterAtBoundaries) utils.cc: 1039 -- Found parameter Background_Fail_LOW_bin_1-5 at boundary (within ~1sigma): 1.00255e-06+/-0.473574
INFO: (function: anyParameterAtBoundaries) utils.cc: 1039 -- Found parameter Background_Fail_LOW_bin_1-6 at boundary (within ~1sigma): 1.00927e-06+/-0.472776
INFO: (function: anyParameterAtBoundaries) utils.cc: 1039 -- Found parameter Background_Fail_LOW_bin_1-7 at boundary (within ~1sigma): 1.00011e-06+/-0.470987
INFO: (function: minimize) CascadeMinimizer.cc: 480 -- After fit, some parameters are found at the boundary (within ~1sigma)
INFO: (function: findCrossing) FitterAlgoBase.cc: 459 -- 1.087012    +0.01160  -0.00105    0.000972
INFO: (function: improveOnce) CascadeMinimizer.cc: 188 -- Minimisation configured with Type=Minuit2, Algo=Migrad, strategy=0, tolerance=0.1
INFO: (function: improveOnce) CascadeMinimizer.cc: 211 -- Minimisation finished with status=0
INFO: (function: improveOnce) CascadeMinimizer.cc: 216 -- Minimization success! status=0
INFO: (function: anyParameterAtBoundaries) utils.cc: 1039 -- Found parameter Background_Fail_LOW_bin_1-1 at boundary (within ~1sigma): 1.05512e-06+/-0.474663
INFO: (function: anyParameterAtBoundaries) utils.cc: 1039 -- Found parameter Background_Fail_LOW_bin_1-2 at boundary (within ~1sigma): 1.01171e-06+/-0.474572
INFO: (function: anyParameterAtBoundaries) utils.cc: 1039 -- Found parameter Background_Fail_LOW_bin_1-3 at boundary (within ~1sigma): 1.00794e-06+/-0.474428
INFO: (function: anyParameterAtBoundaries) utils.cc: 1039 -- Found parameter Background_Fail_LOW_bin_1-4 at boundary (within ~1sigma): 1.00994e-06+/-0.474149
INFO: (function: anyParameterAtBoundaries) utils.cc: 1039 -- Found parameter Background_Fail_LOW_bin_1-5 at boundary (within ~1sigma): 1.00472e-06+/-0.473577
INFO: (function: anyParameterAtBoundaries) utils.cc: 1039 -- Found parameter Background_Fail_LOW_bin_1-6 at boundary (within ~1sigma): 1.0176e-06+/-0.472882
INFO: (function: anyParameterAtBoundaries) utils.cc: 1039 -- Found parameter Background_Fail_LOW_bin_1-7 at boundary (within ~1sigma): 1.02054e-06+/-0.470949
INFO: (function: minimize) CascadeMinimizer.cc: 480 -- After fit, some parameters are found at the boundary (within ~1sigma)
INFO: (function: findCrossing) FitterAlgoBase.cc: 459 -- 1.087984    +0.00618  +0.01160    0.000972
INFO: (function: improveOnce) CascadeMinimizer.cc: 188 -- Minimisation configured with Type=Minuit2, Algo=Migrad, strategy=0, tolerance=0.1
INFO: (function: improveOnce) CascadeMinimizer.cc: 211 -- Minimisation finished with status=0
INFO: (function: improveOnce) CascadeMinimizer.cc: 216 -- Minimization success! status=0
INFO: (function: anyParameterAtBoundaries) utils.cc: 1039 -- Found parameter Background_Fail_LOW_bin_1-1 at boundary (within ~1sigma): 1.03225e-06+/-0.47447
INFO: (function: anyParameterAtBoundaries) utils.cc: 1039 -- Found parameter Background_Fail_LOW_bin_1-2 at boundary (within ~1sigma): 1.00405e-06+/-0.474484
INFO: (function: anyParameterAtBoundaries) utils.cc: 1039 -- Found parameter Background_Fail_LOW_bin_1-3 at boundary (within ~1sigma): 1.00017e-06+/-0.47437
INFO: (function: anyParameterAtBoundaries) utils.cc: 1039 -- Found parameter Background_Fail_LOW_bin_1-4 at boundary (within ~1sigma): 1.006e-06+/-0.474061
INFO: (function: anyParameterAtBoundaries) utils.cc: 1039 -- Found parameter Background_Fail_LOW_bin_1-5 at boundary (within ~1sigma): 1.06534e-06+/-0.473497
INFO: (function: anyParameterAtBoundaries) utils.cc: 1039 -- Found parameter Background_Fail_LOW_bin_1-6 at boundary (within ~1sigma): 1.00316e-06+/-0.472786
INFO: (function: anyParameterAtBoundaries) utils.cc: 1039 -- Found parameter Background_Fail_LOW_bin_1-7 at boundary (within ~1sigma): 1.00833e-06+/-0.470951
INFO: (function: minimize) CascadeMinimizer.cc: 480 -- After fit, some parameters are found at the boundary (within ~1sigma)
INFO: (function: findCrossing) FitterAlgoBase.cc: 459 -- 1.088956    +0.00076  +0.00618    0.000972
INFO: (function: improveOnce) CascadeMinimizer.cc: 188 -- Minimisation configured with Type=Minuit2, Algo=Migrad, strategy=0, tolerance=0.1
INFO: (function: improveOnce) CascadeMinimizer.cc: 211 -- Minimisation finished with status=0
INFO: (function: improveOnce) CascadeMinimizer.cc: 216 -- Minimization success! status=0
INFO: (function: anyParameterAtBoundaries) utils.cc: 1039 -- Found parameter Background_Fail_LOW_bin_1-1 at boundary (within ~1sigma): 1.08388e-06+/-0.474703
INFO: (function: anyParameterAtBoundaries) utils.cc: 1039 -- Found parameter Background_Fail_LOW_bin_1-2 at boundary (within ~1sigma): 1.03014e-06+/-0.474613
INFO: (function: anyParameterAtBoundaries) utils.cc: 1039 -- Found parameter Background_Fail_LOW_bin_1-3 at boundary (within ~1sigma): 1.01543e-06+/-0.474455
INFO: (function: anyParameterAtBoundaries) utils.cc: 1039 -- Found parameter Background_Fail_LOW_bin_1-4 at boundary (within ~1sigma): 1.01726e-06+/-0.474174
INFO: (function: anyParameterAtBoundaries) utils.cc: 1039 -- Found parameter Background_Fail_LOW_bin_1-5 at boundary (within ~1sigma): 1.03098e-06+/-0.473694
INFO: (function: anyParameterAtBoundaries) utils.cc: 1039 -- Found parameter Background_Fail_LOW_bin_1-6 at boundary (within ~1sigma): 1.0801e-06+/-0.47297
INFO: (function: anyParameterAtBoundaries) utils.cc: 1039 -- Found parameter Background_Fail_LOW_bin_1-7 at boundary (within ~1sigma): 1.01765e-06+/-0.47107
INFO: (function: minimize) CascadeMinimizer.cc: 480 -- After fit, some parameters are found at the boundary (within ~1sigma)
INFO: (function: findCrossing) FitterAlgoBase.cc: 459 -- 1.089928    -0.00466  +0.00076    0.000972
INFO: (function: improveOnce) CascadeMinimizer.cc: 188 -- Minimisation configured with Type=Minuit2, Algo=Migrad, strategy=0, tolerance=0.1
INFO: (function: improveOnce) CascadeMinimizer.cc: 211 -- Minimisation finished with status=0
INFO: (function: improveOnce) CascadeMinimizer.cc: 216 -- Minimization success! status=0
INFO: (function: anyParameterAtBoundaries) utils.cc: 1039 -- Found parameter Background_Fail_LOW_bin_1-1 at boundary (within ~1sigma): 1.00883e-06+/-0.474499
INFO: (function: anyParameterAtBoundaries) utils.cc: 1039 -- Found parameter Background_Fail_LOW_bin_1-2 at boundary (within ~1sigma): 1.01049e-06+/-0.474468
INFO: (function: anyParameterAtBoundaries) utils.cc: 1039 -- Found parameter Background_Fail_LOW_bin_1-3 at boundary (within ~1sigma): 1.02393e-06+/-0.474316
INFO: (function: anyParameterAtBoundaries) utils.cc: 1039 -- Found parameter Background_Fail_LOW_bin_1-4 at boundary (within ~1sigma): 1.0504e-06+/-0.474012
INFO: (function: anyParameterAtBoundaries) utils.cc: 1039 -- Found parameter Background_Fail_LOW_bin_1-5 at boundary (within ~1sigma): 1.02359e-06+/-0.473531
INFO: (function: anyParameterAtBoundaries) utils.cc: 1039 -- Found parameter Background_Fail_LOW_bin_1-6 at boundary (within ~1sigma): 1.05013e-06+/-0.47273
INFO: (function: anyParameterAtBoundaries) utils.cc: 1039 -- Found parameter Background_Fail_LOW_bin_1-7 at boundary (within ~1sigma): 1.01599e-06+/-0.470938
INFO: (function: minimize) CascadeMinimizer.cc: 480 -- After fit, some parameters are found at the boundary (within ~1sigma)
INFO: (function: findCrossing) FitterAlgoBase.cc: 459 -- 1.089248    -0.00087  -0.00466    0.000292
INFO: (function: improveOnce) CascadeMinimizer.cc: 188 -- Minimisation configured with Type=Minuit2, Algo=Migrad, strategy=0, tolerance=0.1
INFO: (function: improveOnce) CascadeMinimizer.cc: 211 -- Minimisation finished with status=0
INFO: (function: improveOnce) CascadeMinimizer.cc: 216 -- Minimization success! status=0
INFO: (function: anyParameterAtBoundaries) utils.cc: 1039 -- Found parameter Background_Fail_LOW_bin_1-1 at boundary (within ~1sigma): 1.00133e-06+/-0.474571
INFO: (function: anyParameterAtBoundaries) utils.cc: 1039 -- Found parameter Background_Fail_LOW_bin_1-2 at boundary (within ~1sigma): 1.01338e-06+/-0.474579
INFO: (function: anyParameterAtBoundaries) utils.cc: 1039 -- Found parameter Background_Fail_LOW_bin_1-3 at boundary (within ~1sigma): 1.04019e-06+/-0.474488
INFO: (function: anyParameterAtBoundaries) utils.cc: 1039 -- Found parameter Background_Fail_LOW_bin_1-4 at boundary (within ~1sigma): 1.00011e-06+/-0.474106
INFO: (function: anyParameterAtBoundaries) utils.cc: 1039 -- Found parameter Background_Fail_LOW_bin_1-5 at boundary (within ~1sigma): 1.0025e-06+/-0.473629
INFO: (function: anyParameterAtBoundaries) utils.cc: 1039 -- Found parameter Background_Fail_LOW_bin_1-6 at boundary (within ~1sigma): 1.02193e-06+/-0.472894
INFO: (function: anyParameterAtBoundaries) utils.cc: 1039 -- Found parameter Background_Fail_LOW_bin_1-7 at boundary (within ~1sigma): 1.03592e-06+/-0.471093
INFO: (function: minimize) CascadeMinimizer.cc: 480 -- After fit, some parameters are found at the boundary (within ~1sigma)
INFO: (function: findCrossing) FitterAlgoBase.cc: 459 -- 1.089043    +0.00027  -0.00087    0.000087
INFO: (function: findCrossing) FitterAlgoBase.cc: 405 -- Searching for crossing at nll = -40451.5, in the interval 1 < r < 1
INFO: (function: improveOnce) CascadeMinimizer.cc: 188 -- Minimisation configured with Type=Minuit2, Algo=Migrad, strategy=0, tolerance=0.1
INFO: (function: improveOnce) CascadeMinimizer.cc: 211 -- Minimisation finished with status=0
INFO: (function: improveOnce) CascadeMinimizer.cc: 216 -- Minimization success! status=0
INFO: (function: anyParameterAtBoundaries) utils.cc: 1039 -- Found parameter Background_Fail_LOW_bin_1-1 at boundary (within ~1sigma): 1.02548e-06+/-0.474516
INFO: (function: anyParameterAtBoundaries) utils.cc: 1039 -- Found parameter Background_Fail_LOW_bin_1-2 at boundary (within ~1sigma): 1.03192e-06+/-0.474489
INFO: (function: anyParameterAtBoundaries) utils.cc: 1039 -- Found parameter Background_Fail_LOW_bin_1-3 at boundary (within ~1sigma): 1.00161e-06+/-0.474276
INFO: (function: anyParameterAtBoundaries) utils.cc: 1039 -- Found parameter Background_Fail_LOW_bin_1-4 at boundary (within ~1sigma): 1e-06+/-0.474103
INFO: (function: anyParameterAtBoundaries) utils.cc: 1039 -- Found parameter Background_Fail_LOW_bin_1-5 at boundary (within ~1sigma): 1.00033e-06+/-0.473645
INFO: (function: anyParameterAtBoundaries) utils.cc: 1039 -- Found parameter Background_Fail_LOW_bin_1-6 at boundary (within ~1sigma): 1e-06+/-0.472802
INFO: (function: anyParameterAtBoundaries) utils.cc: 1039 -- Found parameter Background_Fail_LOW_bin_1-7 at boundary (within ~1sigma): 1.00366e-06+/-0.470962
INFO: (function: minimize) CascadeMinimizer.cc: 480 -- After fit, some parameters are found at the boundary (within ~1sigma)
INFO: (function: findCrossing) FitterAlgoBase.cc: 426 -- r lvl-here lvl-there 	stepping 
INFO: (function: improveOnce) CascadeMinimizer.cc: 188 -- Minimisation configured with Type=Minuit2, Algo=Migrad, strategy=0, tolerance=0.1
INFO: (function: improveOnce) CascadeMinimizer.cc: 211 -- Minimisation finished with status=0
INFO: (function: improveOnce) CascadeMinimizer.cc: 216 -- Minimization success! status=0
INFO: (function: anyParameterAtBoundaries) utils.cc: 1039 -- Found parameter Background_Fail_LOW_bin_1-1 at boundary (within ~1sigma): 1.00011e-06+/-0.474545
INFO: (function: anyParameterAtBoundaries) utils.cc: 1039 -- Found parameter Background_Fail_LOW_bin_1-2 at boundary (within ~1sigma): 1.01887e-06+/-0.474569
INFO: (function: anyParameterAtBoundaries) utils.cc: 1039 -- Found parameter Background_Fail_LOW_bin_1-3 at boundary (within ~1sigma): 1.00344e-06+/-0.474406
INFO: (function: anyParameterAtBoundaries) utils.cc: 1039 -- Found parameter Background_Fail_LOW_bin_1-4 at boundary (within ~1sigma): 1.00266e-06+/-0.474214
INFO: (function: anyParameterAtBoundaries) utils.cc: 1039 -- Found parameter Background_Fail_LOW_bin_1-5 at boundary (within ~1sigma): 1.06489e-06+/-0.47369
INFO: (function: anyParameterAtBoundaries) utils.cc: 1039 -- Found parameter Background_Fail_LOW_bin_1-6 at boundary (within ~1sigma): 1.00094e-06+/-0.472876
INFO: (function: anyParameterAtBoundaries) utils.cc: 1039 -- Found parameter Background_Fail_LOW_bin_1-7 at boundary (within ~1sigma): 1.01493e-06+/-0.471033
INFO: (function: minimize) CascadeMinimizer.cc: 480 -- After fit, some parameters are found at the boundary (within ~1sigma)
INFO: (function: findCrossing) FitterAlgoBase.cc: 459 -- 1.000000    +0.49452  +0.49450    -0.000000
ERROR: (function: findCrossing) FitterAlgoBase.cc: 517 -- Closed range without finding crossing! 
ERROR: (function: runSpecific) [WARNING]: Unable to determine uncertainties on all fit parameters in s+b fit. Have a look at https://cms-analysis.github.io/HiggsAnalysis-CombinedLimit/part3/nonstandard/#fit-parameter-uncertainties for more information.
DEBUG: (function: runSpecific) FitDiagnostics.cc: 443 -- Fit S+B, status = 0, numBadNLL = 0, covariance quality = 2
