
>>> random number generator seed is 123456
   Options for Robust Minimizer :: 
        Tolerance  0.1
        Strategy   0
        Type,Algo  Minuit2,Migrad
>>> method used is FitDiagnostics
Set Default Value of Parameter r To : 1
>>> 0 out of 6 channels masked

>>> Channel masks:
  1) 0x59bb240 RooRealVar::   mask_Fail_LOW = 0 C  L(-INF - +INF)  "mask_Fail_LOW"
  2) 0x59bbc90 RooRealVar::   mask_Fail_SIG = 0 C  L(-INF - +INF)  "mask_Fail_SIG"
  3) 0x59bc7e0 RooRealVar::  mask_Fail_HIGH = 0 C  L(-INF - +INF)  "mask_Fail_HIGH"
  4) 0x59bd330 RooRealVar::  mask_Loose_LOW = 0 C  L(-INF - +INF)  "mask_Loose_LOW"
  5) 0x59bde80 RooRealVar::  mask_Loose_SIG = 0 C  L(-INF - +INF)  "mask_Loose_SIG"
  6) 0x59be9d0 RooRealVar:: mask_Loose_HIGH = 0 C  L(-INF - +INF)  "mask_Loose_HIGH"
SimNLL created with 0 channels, 0 generic constraints, 16 fast gaussian constraints, 0 fast poisson constraints, 0 fast group constraints, 
Minuit2Minimizer: Minimize with max-calls 8000 convergence for edm < 0.1 strategy 0
Minuit2Minimizer::Minuit  - Changing default options
             StorageLevel :               0
MnSeedGenerator: for initial parameters FCN = 0
MnSeedGenerator: Initial state:   - FCN =                0 Edm =            0 NCalls =     65
VariableMetric: start iterating until Edm is < 0.0001
VariableMetric: Initial state   - FCN =                0 Edm =            0 NCalls =     65
VariableMetric: Iteration #   0 - FCN =                0 Edm =            0 NCalls =     65
Minuit2Minimizer : Valid minimum - status = 0
FVAL  = 0
Edm   = 0
Nfcn  = 65
F	  = 0	 +/-  1
JER	  = 0	 +/-  1
JES	  = 0	 +/-  1
JMR	  = 0	 +/-  1
JMS	  = 0	 +/-  1
PS_FSR	  = 0	 +/-  1
PS_ISR	  = 0	 +/-  1
R	  = 0	 +/-  1
RF	  = 0	 +/-  1
btag	  = 0	 +/-  1
lumi	  = 0	 +/-  1
pdf	  = 0	 +/-  1
pileup	  = 0	 +/-  1
prefire	  = 0	 +/-  1
top_ptrw	  = 0	 +/-  1
ttbar_xsec	  = 0	 +/-  1
SimNLL created with 6 channels, 0 generic constraints, 16 fast gaussian constraints, 0 fast poisson constraints, 0 fast group constraints, 
  [WARNING] Found [Background_Fail_LOW_bin_1-1] at boundary. 
  [WARNING] Found [Background_Fail_LOW_bin_1-2] at boundary. 
  [WARNING] Found [Background_Fail_LOW_bin_1-3] at boundary. 
  [WARNING] Found [Background_Fail_LOW_bin_1-4] at boundary. 
  [WARNING] Found [Background_Fail_LOW_bin_1-5] at boundary. 
  [WARNING] Found [Background_Fail_LOW_bin_1-6] at boundary. 
  [WARNING] Found [Background_Fail_LOW_bin_1-7] at boundary. 
 [WARNING] After the fit some parameters are at their boundary.
 [WARNING] Are you sure your model is correct?

  RooFitResult: minimized FCN value: -5.12972e-05, estimated distance to minimum: 3.05132e-05
                covariance matrix quality: Full, accurate covariance matrix
                Status : MINIMIZE=0 HESSE=0 

    Constant Parameter    Value     
  --------------------  ------------
                  F_In    0.0000e+00
                JER_In    0.0000e+00
                JES_In    0.0000e+00
                JMR_In    0.0000e+00
                JMS_In    0.0000e+00
             PS_FSR_In    0.0000e+00
             PS_ISR_In    0.0000e+00
                 RF_In    0.0000e+00
                  R_In    0.0000e+00
               btag_In    0.0000e+00
               lumi_In    0.0000e+00
  n_exp_binFail_HIGH_proc_Background    1.0000e+00
  n_exp_binFail_LOW_proc_Background    1.0000e+00
  n_exp_binFail_SIG_proc_Background    1.0000e+00
  n_exp_binLoose_HIGH_proc_Background_0x1    1.0000e+00
  n_exp_binLoose_LOW_proc_Background_0x1    1.0000e+00
  n_exp_binLoose_SIG_proc_Background_0x1    1.0000e+00
                pdf_In    0.0000e+00
             pileup_In    0.0000e+00
            prefire_In    0.0000e+00
                     r    1.0000e+00
           top_ptrw_In    0.0000e+00
         ttbar_xsec_In    0.0000e+00

    Floating Parameter  InitialValue    FinalValue +/-  Error     GblCorr.
  --------------------  ------------  --------------------------  --------
  Background_Fail_HIGH_bin_1-1    9.4429e+04    9.4429e+04 +/-  3.04e+02  <none>
  Background_Fail_HIGH_bin_1-2    7.0519e+04    7.0519e+04 +/-  2.65e+02  <none>
  Background_Fail_HIGH_bin_1-3    4.2822e+04    4.2822e+04 +/-  2.07e+02  <none>
  Background_Fail_HIGH_bin_1-4    2.6856e+04    2.6856e+04 +/-  1.63e+02  <none>
  Background_Fail_HIGH_bin_1-5    1.0852e+04    1.0852e+04 +/-  1.03e+02  <none>
  Background_Fail_HIGH_bin_1-6    3.8344e+03    3.8344e+03 +/-  6.07e+01  <none>
  Background_Fail_HIGH_bin_1-7    1.3450e+03    1.3450e+03 +/-  3.65e+01  <none>
  Background_Fail_HIGH_bin_1-8    4.4550e+01    4.4550e+01 +/-  6.54e+00  <none>
  Background_Fail_HIGH_bin_2-1    4.4969e+04    4.4969e+04 +/-  2.08e+02  <none>
  Background_Fail_HIGH_bin_2-2    3.2534e+04    3.2534e+04 +/-  1.79e+02  <none>
  Background_Fail_HIGH_bin_2-3    1.9319e+04    1.9319e+04 +/-  1.38e+02  <none>
  Background_Fail_HIGH_bin_2-4    1.2145e+04    1.2145e+04 +/-  1.10e+02  <none>
  Background_Fail_HIGH_bin_2-5    5.3383e+03    5.3383e+03 +/-  7.20e+01  <none>
  Background_Fail_HIGH_bin_2-6    2.2376e+03    2.2376e+03 +/-  4.63e+01  <none>
  Background_Fail_HIGH_bin_2-7    1.2227e+03    1.2227e+03 +/-  3.42e+01  <none>
  Background_Fail_HIGH_bin_2-8    9.7031e+01    9.7030e+01 +/-  9.63e+00  <none>
  Background_Fail_HIGH_bin_3-1    2.2340e+04    2.2340e+04 +/-  1.47e+02  <none>
  Background_Fail_HIGH_bin_3-2    1.6011e+04    1.6011e+04 +/-  1.24e+02  <none>
  Background_Fail_HIGH_bin_3-3    9.2607e+03    9.2607e+03 +/-  9.67e+01  <none>
  Background_Fail_HIGH_bin_3-4    6.1363e+03    6.1364e+03 +/-  7.81e+01  <none>
  Background_Fail_HIGH_bin_3-5    2.6805e+03    2.6805e+03 +/-  5.07e+01  <none>
  Background_Fail_HIGH_bin_3-6    1.0876e+03    1.0876e+03 +/-  3.26e+01  <none>
  Background_Fail_HIGH_bin_3-7    7.8428e+02    7.8428e+02 +/-  2.73e+01  <none>
  Background_Fail_HIGH_bin_3-8    1.2564e+02    1.2564e+02 +/-  1.10e+01  <none>
  Background_Fail_HIGH_bin_4-1    1.1520e+04    1.1520e+04 +/-  1.05e+02  <none>
  Background_Fail_HIGH_bin_4-2    8.0513e+03    8.0513e+03 +/-  8.77e+01  <none>
  Background_Fail_HIGH_bin_4-3    4.7411e+03    4.7411e+03 +/-  6.73e+01  <none>
  Background_Fail_HIGH_bin_4-4    3.0110e+03    3.0110e+03 +/-  5.44e+01  <none>
  Background_Fail_HIGH_bin_4-5    1.4105e+03    1.4105e+03 +/-  3.67e+01  <none>
  Background_Fail_HIGH_bin_4-6    6.1261e+02    6.1261e+02 +/-  2.42e+01  <none>
  Background_Fail_HIGH_bin_4-7    4.6774e+02    4.6774e+02 +/-  2.11e+01  <none>
  Background_Fail_HIGH_bin_4-8    1.2276e+02    1.2276e+02 +/-  1.08e+01  <none>
  Background_Fail_HIGH_bin_5-1    5.9520e+03    5.9520e+03 +/-  7.54e+01  <none>
  Background_Fail_HIGH_bin_5-2    4.0823e+03    4.0823e+03 +/-  6.25e+01  <none>
  Background_Fail_HIGH_bin_5-3    2.2923e+03    2.2923e+03 +/-  4.70e+01  <none>
  Background_Fail_HIGH_bin_5-4    1.5492e+03    1.5492e+03 +/-  3.85e+01  <none>
  Background_Fail_HIGH_bin_5-5    7.3214e+02    7.3214e+02 +/-  2.65e+01  <none>
  Background_Fail_HIGH_bin_5-6    3.1924e+02    3.1924e+02 +/-  1.75e+01  <none>
  Background_Fail_HIGH_bin_5-7    2.7589e+02    2.7589e+02 +/-  1.63e+01  <none>
  Background_Fail_HIGH_bin_5-8    8.0860e+01    8.0859e+01 +/-  8.79e+00  <none>
  Background_Fail_HIGH_bin_6-1    3.1679e+03    3.1678e+03 +/-  5.50e+01  <none>
  Background_Fail_HIGH_bin_6-2    2.1058e+03    2.1058e+03 +/-  4.48e+01  <none>
  Background_Fail_HIGH_bin_6-3    1.2105e+03    1.2105e+03 +/-  3.40e+01  <none>
  Background_Fail_HIGH_bin_6-4    8.2873e+02    8.2873e+02 +/-  2.81e+01  <none>
  Background_Fail_HIGH_bin_6-5    3.6453e+02    3.6453e+02 +/-  1.87e+01  <none>
  Background_Fail_HIGH_bin_6-6    2.0629e+02    2.0629e+02 +/-  1.40e+01  <none>
  Background_Fail_HIGH_bin_6-7    1.5782e+02    1.5782e+02 +/-  1.23e+01  <none>
  Background_Fail_HIGH_bin_6-8    6.0853e+01    6.0852e+01 +/-  7.62e+00  <none>
  Background_Fail_HIGH_bin_7-1    2.4500e+03    2.4500e+03 +/-  4.83e+01  <none>
  Background_Fail_HIGH_bin_7-2    1.5462e+03    1.5462e+03 +/-  3.89e+01  <none>
  Background_Fail_HIGH_bin_7-3    8.8708e+02    8.8708e+02 +/-  2.91e+01  <none>
  Background_Fail_HIGH_bin_7-4    6.4750e+02    6.4750e+02 +/-  2.49e+01  <none>
  Background_Fail_HIGH_bin_7-5    3.3456e+02    3.3456e+02 +/-  1.79e+01  <none>
  Background_Fail_HIGH_bin_7-6    1.5907e+02    1.5907e+02 +/-  1.23e+01  <none>
  Background_Fail_HIGH_bin_7-7    1.4744e+02    1.4744e+02 +/-  1.19e+01  <none>
  Background_Fail_HIGH_bin_7-8    3.6915e+01    3.6914e+01 +/-  5.95e+00  <none>
  Background_Fail_LOW_bin_1-1    1.1049e-06    1.0118e-06 +/-  4.77e-01  <none>
  Background_Fail_LOW_bin_1-2    1.0998e-06    1.0002e-06 +/-  4.76e-01  <none>
  Background_Fail_LOW_bin_1-3    1.0908e-06    1.0255e-06 +/-  4.77e-01  <none>
  Background_Fail_LOW_bin_1-4    1.0804e-06    1.0075e-06 +/-  4.77e-01  <none>
  Background_Fail_LOW_bin_1-5    1.0688e-06    1.0000e-06 +/-  4.77e-01  <none>
  Background_Fail_LOW_bin_1-6    1.0568e-06    1.0161e-06 +/-  4.77e-01  <none>
  Background_Fail_LOW_bin_1-7    1.0395e-06    1.0069e-06 +/-  4.77e-01  <none>
  Background_Fail_LOW_bin_2-1    1.2299e+05    1.2299e+05 +/-  3.47e+02  <none>
  Background_Fail_LOW_bin_2-2    9.5384e+04    9.5384e+04 +/-  3.13e+02  <none>
  Background_Fail_LOW_bin_2-3    5.7804e+04    5.7804e+04 +/-  2.42e+02  <none>
  Background_Fail_LOW_bin_2-4    3.2645e+04    3.2645e+04 +/-  1.87e+02  <none>
  Background_Fail_LOW_bin_2-5    9.5568e+03    9.5569e+03 +/-  9.86e+01  <none>
  Background_Fail_LOW_bin_2-6    1.4176e+03    1.4176e+03 +/-  3.77e+01  <none>
  Background_Fail_LOW_bin_2-7    1.2246e+02    1.2245e+02 +/-  1.13e+01  <none>
  Background_Fail_SIG_bin_1-1    5.8443e+04    5.8443e+04 +/-  2.39e+02  <none>
  Background_Fail_SIG_bin_1-2    4.4420e+04    4.4420e+04 +/-  2.11e+02  <none>
  Background_Fail_SIG_bin_1-3    2.6769e+04    2.6770e+04 +/-  1.66e+02  <none>
  Background_Fail_SIG_bin_1-4    1.5561e+04    1.5561e+04 +/-  1.27e+02  <none>
  Background_Fail_SIG_bin_1-5    5.1912e+03    5.1912e+03 +/-  7.15e+01  <none>
  Background_Fail_SIG_bin_1-6    1.0319e+03    1.0319e+03 +/-  3.33e+01  <none>
  Background_Fail_SIG_bin_1-7    1.2278e+02    1.2278e+02 +/-  1.08e+01  <none>
  Background_Fail_SIG_bin_1-8    5.2391e+00    5.2382e+00 +/-  2.33e+00  <none>
  Background_Fail_SIG_bin_2-1    4.8792e+04    4.8792e+04 +/-  2.18e+02  <none>
  Background_Fail_SIG_bin_2-2    3.7120e+04    3.7120e+04 +/-  1.93e+02  <none>
  Background_Fail_SIG_bin_2-3    2.2783e+04    2.2783e+04 +/-  1.52e+02  <none>
  Background_Fail_SIG_bin_2-4    1.3605e+04    1.3605e+04 +/-  1.22e+02  <none>
  Background_Fail_SIG_bin_2-5    4.7298e+03    4.7298e+03 +/-  6.93e+01  <none>
  Background_Fail_SIG_bin_2-6    1.0716e+03    1.0716e+03 +/-  3.20e+01  <none>
  Background_Fail_SIG_bin_2-7    1.2761e+02    1.2761e+02 +/-  1.19e+01  <none>
  Background_Fail_SIG_bin_2-8    3.2376e+00    3.2368e+00 +/-  1.91e+00  <none>
  Background_Fail_SIG_bin_3-1    4.1066e+04    4.1066e+04 +/-  2.00e+02  <none>
  Background_Fail_SIG_bin_3-2    3.1462e+04    3.1462e+04 +/-  1.76e+02  <none>
  Background_Fail_SIG_bin_3-3    1.8807e+04    1.8807e+04 +/-  1.39e+02  <none>
  Background_Fail_SIG_bin_3-4    1.1435e+04    1.1435e+04 +/-  1.09e+02  <none>
  Background_Fail_SIG_bin_3-5    4.1974e+03    4.1974e+03 +/-  6.42e+01  <none>
  Background_Fail_SIG_bin_3-6    1.0554e+03    1.0554e+03 +/-  3.18e+01  <none>
  Background_Fail_SIG_bin_3-7    1.4574e+02    1.4573e+02 +/-  1.28e+01  <none>
  Background_Fail_SIG_bin_3-8    3.3858e+00    3.3848e+00 +/-  1.90e+00  <none>
  Background_Fail_SIG_bin_4-1    3.4435e+04    3.4435e+04 +/-  1.83e+02  <none>
  Background_Fail_SIG_bin_4-2    2.6176e+04    2.6176e+04 +/-  1.61e+02  <none>
  Background_Fail_SIG_bin_4-3    1.6077e+04    1.6077e+04 +/-  1.26e+02  <none>
  Background_Fail_SIG_bin_4-4    9.6564e+03    9.6564e+03 +/-  9.88e+01  <none>
  Background_Fail_SIG_bin_4-5    3.6509e+03    3.6509e+03 +/-  5.98e+01  <none>
  Background_Fail_SIG_bin_4-6    1.0764e+03    1.0764e+03 +/-  3.21e+01  <none>
  Background_Fail_SIG_bin_4-7    2.1532e+02    2.1532e+02 +/-  1.43e+01  <none>
  Background_Fail_SIG_bin_4-8    6.4845e+00    6.4834e+00 +/-  2.52e+00  <none>
  Background_Fail_SIG_bin_5-1    2.9455e+04    2.9455e+04 +/-  1.69e+02  <none>
  Background_Fail_SIG_bin_5-2    2.2646e+04    2.2646e+04 +/-  1.49e+02  <none>
  Background_Fail_SIG_bin_5-3    1.3633e+04    1.3633e+04 +/-  1.18e+02  <none>
  Background_Fail_SIG_bin_5-4    8.3029e+03    8.3030e+03 +/-  9.09e+01  <none>
  Background_Fail_SIG_bin_5-5    3.1778e+03    3.1778e+03 +/-  5.61e+01  <none>
  Background_Fail_SIG_bin_5-6    1.0363e+03    1.0363e+03 +/-  3.15e+01  <none>
  Background_Fail_SIG_bin_5-7    2.6998e+02    2.6998e+02 +/-  1.62e+01  <none>
  Background_Fail_SIG_bin_5-8    6.4103e+00    6.4093e+00 +/-  2.52e+00  <none>
  Background_rpf_0x1_par0    4.7597e-02    4.7597e-02 +/-  3.36e-04  <none>
  Background_rpf_0x1_par1    2.2773e-03    2.2761e-03 +/-  2.08e-03  <none>
                     F   -3.3138e-03   -3.3374e-03 +/-  1.43e-01  <none>
                   JER   -7.1188e-01   -7.1186e-01 +/-  1.47e-01  <none>
                   JES   -1.8484e-01   -1.8476e-01 +/-  8.58e-02  <none>
                   JMR    1.6499e+00    1.6497e+00 +/-  2.06e-01  <none>
                   JMS   -9.4758e-02   -9.4766e-02 +/-  8.62e-02  <none>
                PS_FSR   -7.0253e-03   -7.1082e-03 +/-  5.82e-02  <none>
                PS_ISR   -8.8425e-02   -8.8543e-02 +/-  1.49e-01  <none>
                     R   -1.0507e-01   -1.0559e-01 +/-  1.53e-01  <none>
                    RF   -4.7124e-01   -4.7120e-01 +/-  1.74e-01  <none>
                  btag    1.6365e-01    1.6407e-01 +/-  1.80e-01  <none>
                  lumi    5.2641e-01    5.2720e-01 +/-  1.01e+00  <none>
                   pdf   -2.5725e-02   -2.6095e-02 +/-  1.42e-01  <none>
                pileup    3.3238e-02    3.3064e-02 +/-  1.28e-01  <none>
               prefire   -9.9602e-04   -9.9100e-04 +/-  1.42e-01  <none>
              top_ptrw   -2.2716e-04   -1.0859e-08 +/-  1.34e-01  <none>
            ttbar_xsec    6.5178e+00    6.5180e+00 +/-  2.89e-01  <none>


  RooFitResult: minimized FCN value: -5.12972e-05, estimated distance to minimum: 3.05132e-05
                covariance matrix quality: Full, accurate covariance matrix
                Status : MINIMIZE=0 HESSE=0 

    Constant Parameter    Value     
  --------------------  ------------
                  F_In    0.0000e+00
                JER_In    0.0000e+00
                JES_In    0.0000e+00
                JMR_In    0.0000e+00
                JMS_In    0.0000e+00
             PS_FSR_In    0.0000e+00
             PS_ISR_In    0.0000e+00
                 RF_In    0.0000e+00
                  R_In    0.0000e+00
               btag_In    0.0000e+00
               lumi_In    0.0000e+00
  n_exp_binFail_HIGH_proc_Background    1.0000e+00
  n_exp_binFail_LOW_proc_Background    1.0000e+00
  n_exp_binFail_SIG_proc_Background    1.0000e+00
  n_exp_binLoose_HIGH_proc_Background_0x1    1.0000e+00
  n_exp_binLoose_LOW_proc_Background_0x1    1.0000e+00
  n_exp_binLoose_SIG_proc_Background_0x1    1.0000e+00
                pdf_In    0.0000e+00
             pileup_In    0.0000e+00
            prefire_In    0.0000e+00
                     r    1.0000e+00
           top_ptrw_In    0.0000e+00
         ttbar_xsec_In    0.0000e+00

    Floating Parameter  InitialValue    FinalValue +/-  Error     GblCorr.
  --------------------  ------------  --------------------------  --------
  Background_Fail_HIGH_bin_1-1    9.4429e+04    9.4429e+04 +/-  3.04e+02  <none>
  Background_Fail_HIGH_bin_1-2    7.0519e+04    7.0519e+04 +/-  2.65e+02  <none>
  Background_Fail_HIGH_bin_1-3    4.2822e+04    4.2822e+04 +/-  2.07e+02  <none>
  Background_Fail_HIGH_bin_1-4    2.6856e+04    2.6856e+04 +/-  1.63e+02  <none>
  Background_Fail_HIGH_bin_1-5    1.0852e+04    1.0852e+04 +/-  1.03e+02  <none>
  Background_Fail_HIGH_bin_1-6    3.8344e+03    3.8344e+03 +/-  6.07e+01  <none>
  Background_Fail_HIGH_bin_1-7    1.3450e+03    1.3450e+03 +/-  3.65e+01  <none>
  Background_Fail_HIGH_bin_1-8    4.4550e+01    4.4550e+01 +/-  6.54e+00  <none>
  Background_Fail_HIGH_bin_2-1    4.4969e+04    4.4969e+04 +/-  2.08e+02  <none>
  Background_Fail_HIGH_bin_2-2    3.2534e+04    3.2534e+04 +/-  1.79e+02  <none>
  Background_Fail_HIGH_bin_2-3    1.9319e+04    1.9319e+04 +/-  1.38e+02  <none>
  Background_Fail_HIGH_bin_2-4    1.2145e+04    1.2145e+04 +/-  1.10e+02  <none>
  Background_Fail_HIGH_bin_2-5    5.3383e+03    5.3383e+03 +/-  7.20e+01  <none>
  Background_Fail_HIGH_bin_2-6    2.2376e+03    2.2376e+03 +/-  4.63e+01  <none>
  Background_Fail_HIGH_bin_2-7    1.2227e+03    1.2227e+03 +/-  3.42e+01  <none>
  Background_Fail_HIGH_bin_2-8    9.7031e+01    9.7030e+01 +/-  9.63e+00  <none>
  Background_Fail_HIGH_bin_3-1    2.2340e+04    2.2340e+04 +/-  1.47e+02  <none>
  Background_Fail_HIGH_bin_3-2    1.6011e+04    1.6011e+04 +/-  1.24e+02  <none>
  Background_Fail_HIGH_bin_3-3    9.2607e+03    9.2607e+03 +/-  9.67e+01  <none>
  Background_Fail_HIGH_bin_3-4    6.1363e+03    6.1364e+03 +/-  7.81e+01  <none>
  Background_Fail_HIGH_bin_3-5    2.6805e+03    2.6805e+03 +/-  5.07e+01  <none>
  Background_Fail_HIGH_bin_3-6    1.0876e+03    1.0876e+03 +/-  3.26e+01  <none>
  Background_Fail_HIGH_bin_3-7    7.8428e+02    7.8428e+02 +/-  2.73e+01  <none>
  Background_Fail_HIGH_bin_3-8    1.2564e+02    1.2564e+02 +/-  1.10e+01  <none>
  Background_Fail_HIGH_bin_4-1    1.1520e+04    1.1520e+04 +/-  1.05e+02  <none>
  Background_Fail_HIGH_bin_4-2    8.0513e+03    8.0513e+03 +/-  8.77e+01  <none>
  Background_Fail_HIGH_bin_4-3    4.7411e+03    4.7411e+03 +/-  6.73e+01  <none>
  Background_Fail_HIGH_bin_4-4    3.0110e+03    3.0110e+03 +/-  5.44e+01  <none>
  Background_Fail_HIGH_bin_4-5    1.4105e+03    1.4105e+03 +/-  3.67e+01  <none>
  Background_Fail_HIGH_bin_4-6    6.1261e+02    6.1261e+02 +/-  2.42e+01  <none>
  Background_Fail_HIGH_bin_4-7    4.6774e+02    4.6774e+02 +/-  2.11e+01  <none>
  Background_Fail_HIGH_bin_4-8    1.2276e+02    1.2276e+02 +/-  1.08e+01  <none>
  Background_Fail_HIGH_bin_5-1    5.9520e+03    5.9520e+03 +/-  7.54e+01  <none>
  Background_Fail_HIGH_bin_5-2    4.0823e+03    4.0823e+03 +/-  6.25e+01  <none>
  Background_Fail_HIGH_bin_5-3    2.2923e+03    2.2923e+03 +/-  4.70e+01  <none>
  Background_Fail_HIGH_bin_5-4    1.5492e+03    1.5492e+03 +/-  3.85e+01  <none>
  Background_Fail_HIGH_bin_5-5    7.3214e+02    7.3214e+02 +/-  2.65e+01  <none>
  Background_Fail_HIGH_bin_5-6    3.1924e+02    3.1924e+02 +/-  1.75e+01  <none>
  Background_Fail_HIGH_bin_5-7    2.7589e+02    2.7589e+02 +/-  1.63e+01  <none>
  Background_Fail_HIGH_bin_5-8    8.0860e+01    8.0859e+01 +/-  8.79e+00  <none>
  Background_Fail_HIGH_bin_6-1    3.1679e+03    3.1678e+03 +/-  5.50e+01  <none>
  Background_Fail_HIGH_bin_6-2    2.1058e+03    2.1058e+03 +/-  4.48e+01  <none>
  Background_Fail_HIGH_bin_6-3    1.2105e+03    1.2105e+03 +/-  3.40e+01  <none>
  Background_Fail_HIGH_bin_6-4    8.2873e+02    8.2873e+02 +/-  2.81e+01  <none>
  Background_Fail_HIGH_bin_6-5    3.6453e+02    3.6453e+02 +/-  1.87e+01  <none>
  Background_Fail_HIGH_bin_6-6    2.0629e+02    2.0629e+02 +/-  1.40e+01  <none>
  Background_Fail_HIGH_bin_6-7    1.5782e+02    1.5782e+02 +/-  1.23e+01  <none>
  Background_Fail_HIGH_bin_6-8    6.0853e+01    6.0852e+01 +/-  7.62e+00  <none>
  Background_Fail_HIGH_bin_7-1    2.4500e+03    2.4500e+03 +/-  4.83e+01  <none>
  Background_Fail_HIGH_bin_7-2    1.5462e+03    1.5462e+03 +/-  3.89e+01  <none>
  Background_Fail_HIGH_bin_7-3    8.8708e+02    8.8708e+02 +/-  2.91e+01  <none>
  Background_Fail_HIGH_bin_7-4    6.4750e+02    6.4750e+02 +/-  2.49e+01  <none>
  Background_Fail_HIGH_bin_7-5    3.3456e+02    3.3456e+02 +/-  1.79e+01  <none>
  Background_Fail_HIGH_bin_7-6    1.5907e+02    1.5907e+02 +/-  1.23e+01  <none>
  Background_Fail_HIGH_bin_7-7    1.4744e+02    1.4744e+02 +/-  1.19e+01  <none>
  Background_Fail_HIGH_bin_7-8    3.6915e+01    3.6914e+01 +/-  5.95e+00  <none>
  Background_Fail_LOW_bin_1-1    1.1049e-06    1.0118e-06 +/-  4.77e-01  <none>
  Background_Fail_LOW_bin_1-2    1.0998e-06    1.0002e-06 +/-  4.76e-01  <none>
  Background_Fail_LOW_bin_1-3    1.0908e-06    1.0255e-06 +/-  4.77e-01  <none>
  Background_Fail_LOW_bin_1-4    1.0804e-06    1.0075e-06 +/-  4.77e-01  <none>
  Background_Fail_LOW_bin_1-5    1.0688e-06    1.0000e-06 +/-  4.77e-01  <none>
  Background_Fail_LOW_bin_1-6    1.0568e-06    1.0161e-06 +/-  4.77e-01  <none>
  Background_Fail_LOW_bin_1-7    1.0395e-06    1.0069e-06 +/-  4.77e-01  <none>
  Background_Fail_LOW_bin_2-1    1.2299e+05    1.2299e+05 +/-  3.47e+02  <none>
  Background_Fail_LOW_bin_2-2    9.5384e+04    9.5384e+04 +/-  3.13e+02  <none>
  Background_Fail_LOW_bin_2-3    5.7804e+04    5.7804e+04 +/-  2.42e+02  <none>
  Background_Fail_LOW_bin_2-4    3.2645e+04    3.2645e+04 +/-  1.87e+02  <none>
  Background_Fail_LOW_bin_2-5    9.5568e+03    9.5569e+03 +/-  9.86e+01  <none>
  Background_Fail_LOW_bin_2-6    1.4176e+03    1.4176e+03 +/-  3.77e+01  <none>
  Background_Fail_LOW_bin_2-7    1.2246e+02    1.2245e+02 +/-  1.13e+01  <none>
  Background_Fail_SIG_bin_1-1    5.8443e+04    5.8443e+04 +/-  2.39e+02  <none>
  Background_Fail_SIG_bin_1-2    4.4420e+04    4.4420e+04 +/-  2.11e+02  <none>
  Background_Fail_SIG_bin_1-3    2.6769e+04    2.6770e+04 +/-  1.66e+02  <none>
  Background_Fail_SIG_bin_1-4    1.5561e+04    1.5561e+04 +/-  1.27e+02  <none>
  Background_Fail_SIG_bin_1-5    5.1912e+03    5.1912e+03 +/-  7.15e+01  <none>
  Background_Fail_SIG_bin_1-6    1.0319e+03    1.0319e+03 +/-  3.33e+01  <none>
  Background_Fail_SIG_bin_1-7    1.2278e+02    1.2278e+02 +/-  1.08e+01  <none>
  Background_Fail_SIG_bin_1-8    5.2391e+00    5.2382e+00 +/-  2.33e+00  <none>
  Background_Fail_SIG_bin_2-1    4.8792e+04    4.8792e+04 +/-  2.18e+02  <none>
  Background_Fail_SIG_bin_2-2    3.7120e+04    3.7120e+04 +/-  1.93e+02  <none>
  Background_Fail_SIG_bin_2-3    2.2783e+04    2.2783e+04 +/-  1.52e+02  <none>
  Background_Fail_SIG_bin_2-4    1.3605e+04    1.3605e+04 +/-  1.22e+02  <none>
  Background_Fail_SIG_bin_2-5    4.7298e+03    4.7298e+03 +/-  6.93e+01  <none>
  Background_Fail_SIG_bin_2-6    1.0716e+03    1.0716e+03 +/-  3.20e+01  <none>
  Background_Fail_SIG_bin_2-7    1.2761e+02    1.2761e+02 +/-  1.19e+01  <none>
  Background_Fail_SIG_bin_2-8    3.2376e+00    3.2368e+00 +/-  1.91e+00  <none>
  Background_Fail_SIG_bin_3-1    4.1066e+04    4.1066e+04 +/-  2.00e+02  <none>
  Background_Fail_SIG_bin_3-2    3.1462e+04    3.1462e+04 +/-  1.76e+02  <none>
  Background_Fail_SIG_bin_3-3    1.8807e+04    1.8807e+04 +/-  1.39e+02  <none>
  Background_Fail_SIG_bin_3-4    1.1435e+04    1.1435e+04 +/-  1.09e+02  <none>
  Background_Fail_SIG_bin_3-5    4.1974e+03    4.1974e+03 +/-  6.42e+01  <none>
  Background_Fail_SIG_bin_3-6    1.0554e+03    1.0554e+03 +/-  3.18e+01  <none>
  Background_Fail_SIG_bin_3-7    1.4574e+02    1.4573e+02 +/-  1.28e+01  <none>
  Background_Fail_SIG_bin_3-8    3.3858e+00    3.3848e+00 +/-  1.90e+00  <none>
  Background_Fail_SIG_bin_4-1    3.4435e+04    3.4435e+04 +/-  1.83e+02  <none>
  Background_Fail_SIG_bin_4-2    2.6176e+04    2.6176e+04 +/-  1.61e+02  <none>
  Background_Fail_SIG_bin_4-3    1.6077e+04    1.6077e+04 +/-  1.26e+02  <none>
  Background_Fail_SIG_bin_4-4    9.6564e+03    9.6564e+03 +/-  9.88e+01  <none>
  Background_Fail_SIG_bin_4-5    3.6509e+03    3.6509e+03 +/-  5.98e+01  <none>
  Background_Fail_SIG_bin_4-6    1.0764e+03    1.0764e+03 +/-  3.21e+01  <none>
  Background_Fail_SIG_bin_4-7    2.1532e+02    2.1532e+02 +/-  1.43e+01  <none>
  Background_Fail_SIG_bin_4-8    6.4845e+00    6.4834e+00 +/-  2.52e+00  <none>
  Background_Fail_SIG_bin_5-1    2.9455e+04    2.9455e+04 +/-  1.69e+02  <none>
  Background_Fail_SIG_bin_5-2    2.2646e+04    2.2646e+04 +/-  1.49e+02  <none>
  Background_Fail_SIG_bin_5-3    1.3633e+04    1.3633e+04 +/-  1.18e+02  <none>
  Background_Fail_SIG_bin_5-4    8.3029e+03    8.3030e+03 +/-  9.09e+01  <none>
  Background_Fail_SIG_bin_5-5    3.1778e+03    3.1778e+03 +/-  5.61e+01  <none>
  Background_Fail_SIG_bin_5-6    1.0363e+03    1.0363e+03 +/-  3.15e+01  <none>
  Background_Fail_SIG_bin_5-7    2.6998e+02    2.6998e+02 +/-  1.62e+01  <none>
  Background_Fail_SIG_bin_5-8    6.4103e+00    6.4093e+00 +/-  2.52e+00  <none>
  Background_rpf_0x1_par0    4.7597e-02    4.7597e-02 +/-  3.36e-04  <none>
  Background_rpf_0x1_par1    2.2773e-03    2.2761e-03 +/-  2.08e-03  <none>
                     F   -3.3138e-03   -3.3374e-03 +/-  1.43e-01  <none>
                   JER   -7.1188e-01   -7.1186e-01 +/-  1.47e-01  <none>
                   JES   -1.8484e-01   -1.8476e-01 +/-  8.58e-02  <none>
                   JMR    1.6499e+00    1.6497e+00 +/-  2.06e-01  <none>
                   JMS   -9.4758e-02   -9.4766e-02 +/-  8.62e-02  <none>
                PS_FSR   -7.0253e-03   -7.1082e-03 +/-  5.82e-02  <none>
                PS_ISR   -8.8425e-02   -8.8543e-02 +/-  1.49e-01  <none>
                     R   -1.0507e-01   -1.0559e-01 +/-  1.53e-01  <none>
                    RF   -4.7124e-01   -4.7120e-01 +/-  1.74e-01  <none>
                  btag    1.6365e-01    1.6407e-01 +/-  1.80e-01  <none>
                  lumi    5.2641e-01    5.2720e-01 +/-  1.01e+00  <none>
                   pdf   -2.5725e-02   -2.6095e-02 +/-  1.42e-01  <none>
                pileup    3.3238e-02    3.3064e-02 +/-  1.28e-01  <none>
               prefire   -9.9602e-04   -9.9100e-04 +/-  1.42e-01  <none>
              top_ptrw   -2.2716e-04   -1.0859e-08 +/-  1.34e-01  <none>
            ttbar_xsec    6.5178e+00    6.5180e+00 +/-  2.89e-01  <none>

  [WARNING] Found [Background_Fail_LOW_bin_1-1] at boundary. 
  [WARNING] Found [Background_Fail_LOW_bin_1-2] at boundary. 
  [WARNING] Found [Background_Fail_LOW_bin_1-3] at boundary. 
  [WARNING] Found [Background_Fail_LOW_bin_1-4] at boundary. 
  [WARNING] Found [Background_Fail_LOW_bin_1-5] at boundary. 
  [WARNING] Found [Background_Fail_LOW_bin_1-6] at boundary. 
  [WARNING] Found [Background_Fail_LOW_bin_1-7] at boundary. 
 [WARNING] After the fit some parameters are at their boundary.
 [WARNING] Are you sure your model is correct?

  RooFitResult: minimized FCN value: -4.63542e-05, estimated distance to minimum: 2.9496e-05
                covariance matrix quality: Full, accurate covariance matrix
                Status : MINIMIZE=0 HESSE=0 

    Constant Parameter    Value     
  --------------------  ------------
                  F_In    0.0000e+00
                JER_In    0.0000e+00
                JES_In    0.0000e+00
                JMR_In    0.0000e+00
                JMS_In    0.0000e+00
             PS_FSR_In    0.0000e+00
             PS_ISR_In    0.0000e+00
                 RF_In    0.0000e+00
                  R_In    0.0000e+00
               btag_In    0.0000e+00
               lumi_In    0.0000e+00
  n_exp_binFail_HIGH_proc_Background    1.0000e+00
  n_exp_binFail_LOW_proc_Background    1.0000e+00
  n_exp_binFail_SIG_proc_Background    1.0000e+00
  n_exp_binLoose_HIGH_proc_Background_0x1    1.0000e+00
  n_exp_binLoose_LOW_proc_Background_0x1    1.0000e+00
  n_exp_binLoose_SIG_proc_Background_0x1    1.0000e+00
                pdf_In    0.0000e+00
             pileup_In    0.0000e+00
            prefire_In    0.0000e+00
           top_ptrw_In    0.0000e+00
         ttbar_xsec_In    0.0000e+00

    Floating Parameter  InitialValue    FinalValue +/-  Error     GblCorr.
  --------------------  ------------  --------------------------  --------
  Background_Fail_HIGH_bin_1-1    9.4429e+04    9.4429e+04 +/-  3.04e+02  <none>
  Background_Fail_HIGH_bin_1-2    7.0519e+04    7.0519e+04 +/-  2.65e+02  <none>
  Background_Fail_HIGH_bin_1-3    4.2822e+04    4.2822e+04 +/-  2.07e+02  <none>
  Background_Fail_HIGH_bin_1-4    2.6856e+04    2.6856e+04 +/-  1.62e+02  <none>
  Background_Fail_HIGH_bin_1-5    1.0852e+04    1.0852e+04 +/-  1.03e+02  <none>
  Background_Fail_HIGH_bin_1-6    3.8345e+03    3.8344e+03 +/-  6.07e+01  <none>
  Background_Fail_HIGH_bin_1-7    1.3450e+03    1.3450e+03 +/-  3.64e+01  <none>
  Background_Fail_HIGH_bin_1-8    4.4551e+01    4.4550e+01 +/-  6.53e+00  <none>
  Background_Fail_HIGH_bin_2-1    4.4969e+04    4.4969e+04 +/-  2.08e+02  <none>
  Background_Fail_HIGH_bin_2-2    3.2534e+04    3.2534e+04 +/-  1.79e+02  <none>
  Background_Fail_HIGH_bin_2-3    1.9319e+04    1.9319e+04 +/-  1.38e+02  <none>
  Background_Fail_HIGH_bin_2-4    1.2145e+04    1.2145e+04 +/-  1.10e+02  <none>
  Background_Fail_HIGH_bin_2-5    5.3383e+03    5.3383e+03 +/-  7.21e+01  <none>
  Background_Fail_HIGH_bin_2-6    2.2376e+03    2.2376e+03 +/-  4.62e+01  <none>
  Background_Fail_HIGH_bin_2-7    1.2227e+03    1.2227e+03 +/-  3.42e+01  <none>
  Background_Fail_HIGH_bin_2-8    9.7031e+01    9.7029e+01 +/-  9.64e+00  <none>
  Background_Fail_HIGH_bin_3-1    2.2340e+04    2.2340e+04 +/-  1.47e+02  <none>
  Background_Fail_HIGH_bin_3-2    1.6011e+04    1.6011e+04 +/-  1.24e+02  <none>
  Background_Fail_HIGH_bin_3-3    9.2608e+03    9.2608e+03 +/-  9.69e+01  <none>
  Background_Fail_HIGH_bin_3-4    6.1364e+03    6.1364e+03 +/-  7.82e+01  <none>
  Background_Fail_HIGH_bin_3-5    2.6805e+03    2.6805e+03 +/-  5.06e+01  <none>
  Background_Fail_HIGH_bin_3-6    1.0876e+03    1.0876e+03 +/-  3.25e+01  <none>
  Background_Fail_HIGH_bin_3-7    7.8428e+02    7.8427e+02 +/-  2.74e+01  <none>
  Background_Fail_HIGH_bin_3-8    1.2564e+02    1.2564e+02 +/-  1.09e+01  <none>
  Background_Fail_HIGH_bin_4-1    1.1520e+04    1.1520e+04 +/-  1.05e+02  <none>
  Background_Fail_HIGH_bin_4-2    8.0513e+03    8.0513e+03 +/-  8.77e+01  <none>
  Background_Fail_HIGH_bin_4-3    4.7411e+03    4.7411e+03 +/-  6.73e+01  <none>
  Background_Fail_HIGH_bin_4-4    3.0110e+03    3.0110e+03 +/-  5.45e+01  <none>
  Background_Fail_HIGH_bin_4-5    1.4105e+03    1.4105e+03 +/-  3.68e+01  <none>
  Background_Fail_HIGH_bin_4-6    6.1261e+02    6.1260e+02 +/-  2.42e+01  <none>
  Background_Fail_HIGH_bin_4-7    4.6774e+02    4.6774e+02 +/-  2.11e+01  <none>
  Background_Fail_HIGH_bin_4-8    1.2276e+02    1.2276e+02 +/-  1.08e+01  <none>
  Background_Fail_HIGH_bin_5-1    5.9520e+03    5.9520e+03 +/-  7.55e+01  <none>
  Background_Fail_HIGH_bin_5-2    4.0823e+03    4.0823e+03 +/-  6.25e+01  <none>
  Background_Fail_HIGH_bin_5-3    2.2923e+03    2.2923e+03 +/-  4.70e+01  <none>
  Background_Fail_HIGH_bin_5-4    1.5492e+03    1.5492e+03 +/-  3.85e+01  <none>
  Background_Fail_HIGH_bin_5-5    7.3214e+02    7.3214e+02 +/-  2.65e+01  <none>
  Background_Fail_HIGH_bin_5-6    3.1924e+02    3.1924e+02 +/-  1.75e+01  <none>
  Background_Fail_HIGH_bin_5-7    2.7589e+02    2.7588e+02 +/-  1.63e+01  <none>
  Background_Fail_HIGH_bin_5-8    8.0860e+01    8.0858e+01 +/-  8.80e+00  <none>
  Background_Fail_HIGH_bin_6-1    3.1679e+03    3.1678e+03 +/-  5.50e+01  <none>
  Background_Fail_HIGH_bin_6-2    2.1058e+03    2.1058e+03 +/-  4.48e+01  <none>
  Background_Fail_HIGH_bin_6-3    1.2105e+03    1.2105e+03 +/-  3.40e+01  <none>
  Background_Fail_HIGH_bin_6-4    8.2873e+02    8.2873e+02 +/-  2.81e+01  <none>
  Background_Fail_HIGH_bin_6-5    3.6453e+02    3.6452e+02 +/-  1.87e+01  <none>
  Background_Fail_HIGH_bin_6-6    2.0629e+02    2.0629e+02 +/-  1.41e+01  <none>
  Background_Fail_HIGH_bin_6-7    1.5782e+02    1.5782e+02 +/-  1.23e+01  <none>
  Background_Fail_HIGH_bin_6-8    6.0853e+01    6.0852e+01 +/-  7.62e+00  <none>
  Background_Fail_HIGH_bin_7-1    2.4500e+03    2.4500e+03 +/-  4.84e+01  <none>
  Background_Fail_HIGH_bin_7-2    1.5462e+03    1.5462e+03 +/-  3.88e+01  <none>
  Background_Fail_HIGH_bin_7-3    8.8709e+02    8.8708e+02 +/-  2.91e+01  <none>
  Background_Fail_HIGH_bin_7-4    6.4750e+02    6.4750e+02 +/-  2.49e+01  <none>
  Background_Fail_HIGH_bin_7-5    3.3456e+02    3.3456e+02 +/-  1.79e+01  <none>
  Background_Fail_HIGH_bin_7-6    1.5907e+02    1.5907e+02 +/-  1.23e+01  <none>
  Background_Fail_HIGH_bin_7-7    1.4744e+02    1.4744e+02 +/-  1.19e+01  <none>
  Background_Fail_HIGH_bin_7-8    3.6915e+01    3.6913e+01 +/-  5.95e+00  <none>
  Background_Fail_LOW_bin_1-1    1.0415e-06    1.0058e-06 +/-  4.76e-01  <none>
  Background_Fail_LOW_bin_1-2    1.0678e-06    1.0089e-06 +/-  4.77e-01  <none>
  Background_Fail_LOW_bin_1-3    1.0920e-06    1.0006e-06 +/-  4.76e-01  <none>
  Background_Fail_LOW_bin_1-4    1.1061e-06    1.0041e-06 +/-  4.76e-01  <none>
  Background_Fail_LOW_bin_1-5    1.1116e-06    1.0083e-06 +/-  4.78e-01  <none>
  Background_Fail_LOW_bin_1-6    1.1090e-06    1.0011e-06 +/-  4.76e-01  <none>
  Background_Fail_LOW_bin_1-7    1.0939e-06    1.0051e-06 +/-  4.76e-01  <none>
  Background_Fail_LOW_bin_2-1    1.2299e+05    1.2299e+05 +/-  3.48e+02  <none>
  Background_Fail_LOW_bin_2-2    9.5384e+04    9.5384e+04 +/-  3.13e+02  <none>
  Background_Fail_LOW_bin_2-3    5.7805e+04    5.7805e+04 +/-  2.43e+02  <none>
  Background_Fail_LOW_bin_2-4    3.2645e+04    3.2645e+04 +/-  1.88e+02  <none>
  Background_Fail_LOW_bin_2-5    9.5570e+03    9.5570e+03 +/-  9.86e+01  <none>
  Background_Fail_LOW_bin_2-6    1.4176e+03    1.4176e+03 +/-  3.77e+01  <none>
  Background_Fail_LOW_bin_2-7    1.2246e+02    1.2245e+02 +/-  1.13e+01  <none>
  Background_Fail_SIG_bin_1-1    5.8443e+04    5.8443e+04 +/-  2.38e+02  <none>
  Background_Fail_SIG_bin_1-2    4.4420e+04    4.4420e+04 +/-  2.12e+02  <none>
  Background_Fail_SIG_bin_1-3    2.6770e+04    2.6770e+04 +/-  1.67e+02  <none>
  Background_Fail_SIG_bin_1-4    1.5561e+04    1.5561e+04 +/-  1.27e+02  <none>
  Background_Fail_SIG_bin_1-5    5.1912e+03    5.1912e+03 +/-  7.13e+01  <none>
  Background_Fail_SIG_bin_1-6    1.0319e+03    1.0319e+03 +/-  3.32e+01  <none>
  Background_Fail_SIG_bin_1-7    1.2278e+02    1.2278e+02 +/-  1.08e+01  <none>
  Background_Fail_SIG_bin_1-8    5.2391e+00    5.2383e+00 +/-  2.33e+00  <none>
  Background_Fail_SIG_bin_2-1    4.8792e+04    4.8792e+04 +/-  2.17e+02  <none>
  Background_Fail_SIG_bin_2-2    3.7121e+04    3.7120e+04 +/-  1.93e+02  <none>
  Background_Fail_SIG_bin_2-3    2.2783e+04    2.2783e+04 +/-  1.52e+02  <none>
  Background_Fail_SIG_bin_2-4    1.3605e+04    1.3605e+04 +/-  1.22e+02  <none>
  Background_Fail_SIG_bin_2-5    4.7298e+03    4.7298e+03 +/-  6.92e+01  <none>
  Background_Fail_SIG_bin_2-6    1.0716e+03    1.0716e+03 +/-  3.20e+01  <none>
  Background_Fail_SIG_bin_2-7    1.2761e+02    1.2761e+02 +/-  1.19e+01  <none>
  Background_Fail_SIG_bin_2-8    3.2370e+00    3.2369e+00 +/-  1.90e+00  <none>
  Background_Fail_SIG_bin_3-1    4.1066e+04    4.1066e+04 +/-  2.00e+02  <none>
  Background_Fail_SIG_bin_3-2    3.1462e+04    3.1462e+04 +/-  1.75e+02  <none>
  Background_Fail_SIG_bin_3-3    1.8807e+04    1.8807e+04 +/-  1.38e+02  <none>
  Background_Fail_SIG_bin_3-4    1.1435e+04    1.1435e+04 +/-  1.09e+02  <none>
  Background_Fail_SIG_bin_3-5    4.1974e+03    4.1974e+03 +/-  6.41e+01  <none>
  Background_Fail_SIG_bin_3-6    1.0554e+03    1.0554e+03 +/-  3.17e+01  <none>
  Background_Fail_SIG_bin_3-7    1.4573e+02    1.4573e+02 +/-  1.28e+01  <none>
  Background_Fail_SIG_bin_3-8    3.3852e+00    3.3848e+00 +/-  1.90e+00  <none>
  Background_Fail_SIG_bin_4-1    3.4435e+04    3.4435e+04 +/-  1.83e+02  <none>
  Background_Fail_SIG_bin_4-2    2.6176e+04    2.6176e+04 +/-  1.61e+02  <none>
  Background_Fail_SIG_bin_4-3    1.6077e+04    1.6077e+04 +/-  1.26e+02  <none>
  Background_Fail_SIG_bin_4-4    9.6565e+03    9.6564e+03 +/-  9.88e+01  <none>
  Background_Fail_SIG_bin_4-5    3.6509e+03    3.6509e+03 +/-  5.97e+01  <none>
  Background_Fail_SIG_bin_4-6    1.0764e+03    1.0764e+03 +/-  3.20e+01  <none>
  Background_Fail_SIG_bin_4-7    2.1532e+02    2.1532e+02 +/-  1.43e+01  <none>
  Background_Fail_SIG_bin_4-8    6.4845e+00    6.4834e+00 +/-  2.52e+00  <none>
  Background_Fail_SIG_bin_5-1    2.9455e+04    2.9455e+04 +/-  1.68e+02  <none>
  Background_Fail_SIG_bin_5-2    2.2646e+04    2.2646e+04 +/-  1.49e+02  <none>
  Background_Fail_SIG_bin_5-3    1.3633e+04    1.3633e+04 +/-  1.17e+02  <none>
  Background_Fail_SIG_bin_5-4    8.3031e+03    8.3030e+03 +/-  9.08e+01  <none>
  Background_Fail_SIG_bin_5-5    3.1778e+03    3.1778e+03 +/-  5.59e+01  <none>
  Background_Fail_SIG_bin_5-6    1.0363e+03    1.0363e+03 +/-  3.15e+01  <none>
  Background_Fail_SIG_bin_5-7    2.6998e+02    2.6998e+02 +/-  1.62e+01  <none>
  Background_Fail_SIG_bin_5-8    6.4103e+00    6.4093e+00 +/-  2.52e+00  <none>
  Background_rpf_0x1_par0    4.7597e-02    4.7596e-02 +/-  3.35e-04  <none>
  Background_rpf_0x1_par1    2.2832e-03    2.2798e-03 +/-  2.09e-03  <none>
                     F   -3.5928e-03   -3.5035e-03 +/-  1.40e-01  <none>
                   JER   -7.1235e-01   -7.1221e-01 +/-  1.47e-01  <none>
                   JES   -1.8473e-01   -1.8469e-01 +/-  8.42e-02  <none>
                   JMR    1.6498e+00    1.6496e+00 +/-  1.95e-01  <none>
                   JMS   -9.4719e-02   -9.4746e-02 +/-  8.59e-02  <none>
                PS_FSR   -7.0052e-03   -7.0851e-03 +/-  5.83e-02  <none>
                PS_ISR   -8.7740e-02   -8.8241e-02 +/-  1.49e-01  <none>
                     R   -1.0614e-01   -1.0609e-01 +/-  1.53e-01  <none>
                    RF   -4.7062e-01   -4.7058e-01 +/-  1.73e-01  <none>
                  btag    1.6418e-01    1.6433e-01 +/-  1.75e-01  <none>
                  lumi    5.2696e-01    5.2763e-01 +/-  1.01e+00  <none>
                   pdf   -2.5655e-02   -2.6066e-02 +/-  1.41e-01  <none>
                pileup    3.2639e-02    3.3024e-02 +/-  1.28e-01  <none>
               prefire   -1.0292e-03   -9.9599e-04 +/-  1.41e-01  <none>
                     r    1.0000e+00    1.0000e+00 +/-  6.41e-02  <none>
              top_ptrw    8.7945e-05    1.8734e-09 +/-  1.33e-01  <none>
            ttbar_xsec    6.5172e+00    6.5174e+00 +/-  3.03e-01  <none>

Robus Fit for POI 
Set default minimizer to Minuit2, algorithm Migrad, tolerance 0.1
Searching for crossing at nll = -30321.5 in the interval 1, 5
  [WARNING] Found [Background_Fail_LOW_bin_1-1] at boundary. 
  [WARNING] Found [Background_Fail_LOW_bin_1-2] at boundary. 
  [WARNING] Found [Background_Fail_LOW_bin_1-3] at boundary. 
  [WARNING] Found [Background_Fail_LOW_bin_1-4] at boundary. 
  [WARNING] Found [Background_Fail_LOW_bin_1-5] at boundary. 
  [WARNING] Found [Background_Fail_LOW_bin_1-6] at boundary. 
  [WARNING] Found [Background_Fail_LOW_bin_1-7] at boundary. 
 [WARNING] After the fit some parameters are at their boundary.
 [WARNING] Are you sure your model is correct?
      r      lvl-here  lvl-there   stepping
 [WARNING] After the fit some parameters are at their boundary.
 [WARNING] Are you sure your model is correct?
1.400000    -2.65783  +0.49449    0.400000
 [WARNING] After the fit some parameters are at their boundary.
 [WARNING] Are you sure your model is correct?
1.120000    -0.44405  -2.65783    0.120000
 [WARNING] After the fit some parameters are at their boundary.
 [WARNING] Are you sure your model is correct?
1.036000    +0.21357  -0.44405    0.036000
 [WARNING] After the fit some parameters are at their boundary.
 [WARNING] Are you sure your model is correct?
1.072000    -0.06795  +0.21357    0.036000
 [WARNING] After the fit some parameters are at their boundary.
 [WARNING] Are you sure your model is correct?
1.046800    +0.12919  -0.06795    0.010800
 [WARNING] After the fit some parameters are at their boundary.
 [WARNING] Are you sure your model is correct?
1.057600    +0.04476  +0.12919    0.010800
 [WARNING] After the fit some parameters are at their boundary.
 [WARNING] Are you sure your model is correct?
1.068400    -0.03972  +0.04476    0.010800
 [WARNING] After the fit some parameters are at their boundary.
 [WARNING] Are you sure your model is correct?
1.060840    +0.01943  -0.03972    0.003240
 [WARNING] After the fit some parameters are at their boundary.
 [WARNING] Are you sure your model is correct?
1.064080    -0.00590  +0.01943    0.003240
 [WARNING] After the fit some parameters are at their boundary.
 [WARNING] Are you sure your model is correct?
1.061812    +0.01185  -0.00590    0.000972
 [WARNING] After the fit some parameters are at their boundary.
 [WARNING] Are you sure your model is correct?
1.062784    +0.00425  +0.01185    0.000972
 [WARNING] After the fit some parameters are at their boundary.
 [WARNING] Are you sure your model is correct?
1.063756    -0.00335  +0.00425    0.000972
 [WARNING] After the fit some parameters are at their boundary.
 [WARNING] Are you sure your model is correct?
1.063076    +0.00198  -0.00335    0.000292
 [WARNING] After the fit some parameters are at their boundary.
 [WARNING] Are you sure your model is correct?
1.063367    -0.00030  +0.00198    0.000292
Set default minimizer to Minuit2, algorithm Migrad, tolerance 0.1
Searching for crossing at nll = -30321.5 in the interval 1, 1
 [WARNING] After the fit some parameters are at their boundary.
 [WARNING] Are you sure your model is correct?
      r      lvl-here  lvl-there   stepping
 [WARNING] After the fit some parameters are at their boundary.
 [WARNING] Are you sure your model is correct?
1.000000    +0.49449  +0.49449    -0.000000
Error: closed range without finding crossing.

  RooFitResult: minimized FCN value: -4.63542e-05, estimated distance to minimum: 2.9496e-05
                covariance matrix quality: Full, accurate covariance matrix
                Status : MINIMIZE=0 HESSE=0 

    Constant Parameter    Value     
  --------------------  ------------
                  F_In    0.0000e+00
                JER_In    0.0000e+00
                JES_In    0.0000e+00
                JMR_In    0.0000e+00
                JMS_In    0.0000e+00
             PS_FSR_In    0.0000e+00
             PS_ISR_In    0.0000e+00
                 RF_In    0.0000e+00
                  R_In    0.0000e+00
               btag_In    0.0000e+00
               lumi_In    0.0000e+00
  n_exp_binFail_HIGH_proc_Background    1.0000e+00
  n_exp_binFail_LOW_proc_Background    1.0000e+00
  n_exp_binFail_SIG_proc_Background    1.0000e+00
  n_exp_binLoose_HIGH_proc_Background_0x1    1.0000e+00
  n_exp_binLoose_LOW_proc_Background_0x1    1.0000e+00
  n_exp_binLoose_SIG_proc_Background_0x1    1.0000e+00
                pdf_In    0.0000e+00
             pileup_In    0.0000e+00
            prefire_In    0.0000e+00
           top_ptrw_In    0.0000e+00
         ttbar_xsec_In    0.0000e+00

    Floating Parameter  InitialValue    FinalValue (+HiError,-LoError)    GblCorr.
  --------------------  ------------  ----------------------------------  --------
  Background_Fail_HIGH_bin_1-1    9.4429e+04    9.4429e+04         +/-  3.04e+02  <none>
  Background_Fail_HIGH_bin_1-2    7.0519e+04    7.0519e+04         +/-  2.65e+02  <none>
  Background_Fail_HIGH_bin_1-3    4.2822e+04    4.2822e+04         +/-  2.07e+02  <none>
  Background_Fail_HIGH_bin_1-4    2.6856e+04    2.6856e+04         +/-  1.62e+02  <none>
  Background_Fail_HIGH_bin_1-5    1.0852e+04    1.0852e+04         +/-  1.03e+02  <none>
  Background_Fail_HIGH_bin_1-6    3.8345e+03    3.8344e+03         +/-  6.07e+01  <none>
  Background_Fail_HIGH_bin_1-7    1.3450e+03    1.3450e+03         +/-  3.64e+01  <none>
  Background_Fail_HIGH_bin_1-8    4.4551e+01    4.4550e+01         +/-  6.53e+00  <none>
  Background_Fail_HIGH_bin_2-1    4.4969e+04    4.4969e+04         +/-  2.08e+02  <none>
  Background_Fail_HIGH_bin_2-2    3.2534e+04    3.2534e+04         +/-  1.79e+02  <none>
  Background_Fail_HIGH_bin_2-3    1.9319e+04    1.9319e+04         +/-  1.38e+02  <none>
  Background_Fail_HIGH_bin_2-4    1.2145e+04    1.2145e+04         +/-  1.10e+02  <none>
  Background_Fail_HIGH_bin_2-5    5.3383e+03    5.3383e+03         +/-  7.21e+01  <none>
  Background_Fail_HIGH_bin_2-6    2.2376e+03    2.2376e+03         +/-  4.62e+01  <none>
  Background_Fail_HIGH_bin_2-7    1.2227e+03    1.2227e+03         +/-  3.42e+01  <none>
  Background_Fail_HIGH_bin_2-8    9.7031e+01    9.7029e+01         +/-  9.64e+00  <none>
  Background_Fail_HIGH_bin_3-1    2.2340e+04    2.2340e+04         +/-  1.47e+02  <none>
  Background_Fail_HIGH_bin_3-2    1.6011e+04    1.6011e+04         +/-  1.24e+02  <none>
  Background_Fail_HIGH_bin_3-3    9.2608e+03    9.2608e+03         +/-  9.69e+01  <none>
  Background_Fail_HIGH_bin_3-4    6.1364e+03    6.1364e+03         +/-  7.82e+01  <none>
  Background_Fail_HIGH_bin_3-5    2.6805e+03    2.6805e+03         +/-  5.06e+01  <none>
  Background_Fail_HIGH_bin_3-6    1.0876e+03    1.0876e+03         +/-  3.25e+01  <none>
  Background_Fail_HIGH_bin_3-7    7.8428e+02    7.8427e+02         +/-  2.74e+01  <none>
  Background_Fail_HIGH_bin_3-8    1.2564e+02    1.2564e+02         +/-  1.09e+01  <none>
  Background_Fail_HIGH_bin_4-1    1.1520e+04    1.1520e+04         +/-  1.05e+02  <none>
  Background_Fail_HIGH_bin_4-2    8.0513e+03    8.0513e+03         +/-  8.77e+01  <none>
  Background_Fail_HIGH_bin_4-3    4.7411e+03    4.7411e+03         +/-  6.73e+01  <none>
  Background_Fail_HIGH_bin_4-4    3.0110e+03    3.0110e+03         +/-  5.45e+01  <none>
  Background_Fail_HIGH_bin_4-5    1.4105e+03    1.4105e+03         +/-  3.68e+01  <none>
  Background_Fail_HIGH_bin_4-6    6.1261e+02    6.1260e+02         +/-  2.42e+01  <none>
  Background_Fail_HIGH_bin_4-7    4.6774e+02    4.6774e+02         +/-  2.11e+01  <none>
  Background_Fail_HIGH_bin_4-8    1.2276e+02    1.2276e+02         +/-  1.08e+01  <none>
  Background_Fail_HIGH_bin_5-1    5.9520e+03    5.9520e+03         +/-  7.55e+01  <none>
  Background_Fail_HIGH_bin_5-2    4.0823e+03    4.0823e+03         +/-  6.25e+01  <none>
  Background_Fail_HIGH_bin_5-3    2.2923e+03    2.2923e+03         +/-  4.70e+01  <none>
  Background_Fail_HIGH_bin_5-4    1.5492e+03    1.5492e+03         +/-  3.85e+01  <none>
  Background_Fail_HIGH_bin_5-5    7.3214e+02    7.3214e+02         +/-  2.65e+01  <none>
  Background_Fail_HIGH_bin_5-6    3.1924e+02    3.1924e+02         +/-  1.75e+01  <none>
  Background_Fail_HIGH_bin_5-7    2.7589e+02    2.7588e+02         +/-  1.63e+01  <none>
  Background_Fail_HIGH_bin_5-8    8.0860e+01    8.0858e+01         +/-  8.80e+00  <none>
  Background_Fail_HIGH_bin_6-1    3.1679e+03    3.1678e+03         +/-  5.50e+01  <none>
  Background_Fail_HIGH_bin_6-2    2.1058e+03    2.1058e+03         +/-  4.48e+01  <none>
  Background_Fail_HIGH_bin_6-3    1.2105e+03    1.2105e+03         +/-  3.40e+01  <none>
  Background_Fail_HIGH_bin_6-4    8.2873e+02    8.2873e+02         +/-  2.81e+01  <none>
  Background_Fail_HIGH_bin_6-5    3.6453e+02    3.6452e+02         +/-  1.87e+01  <none>
  Background_Fail_HIGH_bin_6-6    2.0629e+02    2.0629e+02         +/-  1.41e+01  <none>
  Background_Fail_HIGH_bin_6-7    1.5782e+02    1.5782e+02         +/-  1.23e+01  <none>
  Background_Fail_HIGH_bin_6-8    6.0853e+01    6.0852e+01         +/-  7.62e+00  <none>
  Background_Fail_HIGH_bin_7-1    2.4500e+03    2.4500e+03         +/-  4.84e+01  <none>
  Background_Fail_HIGH_bin_7-2    1.5462e+03    1.5462e+03         +/-  3.88e+01  <none>
  Background_Fail_HIGH_bin_7-3    8.8709e+02    8.8708e+02         +/-  2.91e+01  <none>
  Background_Fail_HIGH_bin_7-4    6.4750e+02    6.4750e+02         +/-  2.49e+01  <none>
  Background_Fail_HIGH_bin_7-5    3.3456e+02    3.3456e+02         +/-  1.79e+01  <none>
  Background_Fail_HIGH_bin_7-6    1.5907e+02    1.5907e+02         +/-  1.23e+01  <none>
  Background_Fail_HIGH_bin_7-7    1.4744e+02    1.4744e+02         +/-  1.19e+01  <none>
  Background_Fail_HIGH_bin_7-8    3.6915e+01    3.6913e+01         +/-  5.95e+00  <none>
  Background_Fail_LOW_bin_1-1    1.0415e-06    1.0058e-06         +/-  4.76e-01  <none>
  Background_Fail_LOW_bin_1-2    1.0678e-06    1.0089e-06         +/-  4.77e-01  <none>
  Background_Fail_LOW_bin_1-3    1.0920e-06    1.0006e-06         +/-  4.76e-01  <none>
  Background_Fail_LOW_bin_1-4    1.1061e-06    1.0041e-06         +/-  4.76e-01  <none>
  Background_Fail_LOW_bin_1-5    1.1116e-06    1.0083e-06         +/-  4.78e-01  <none>
  Background_Fail_LOW_bin_1-6    1.1090e-06    1.0011e-06         +/-  4.76e-01  <none>
  Background_Fail_LOW_bin_1-7    1.0939e-06    1.0051e-06         +/-  4.76e-01  <none>
  Background_Fail_LOW_bin_2-1    1.2299e+05    1.2299e+05         +/-  3.48e+02  <none>
  Background_Fail_LOW_bin_2-2    9.5384e+04    9.5384e+04         +/-  3.13e+02  <none>
  Background_Fail_LOW_bin_2-3    5.7805e+04    5.7805e+04         +/-  2.43e+02  <none>
  Background_Fail_LOW_bin_2-4    3.2645e+04    3.2645e+04         +/-  1.88e+02  <none>
  Background_Fail_LOW_bin_2-5    9.5570e+03    9.5570e+03         +/-  9.86e+01  <none>
  Background_Fail_LOW_bin_2-6    1.4176e+03    1.4176e+03         +/-  3.77e+01  <none>
  Background_Fail_LOW_bin_2-7    1.2246e+02    1.2245e+02         +/-  1.13e+01  <none>
  Background_Fail_SIG_bin_1-1    5.8443e+04    5.8443e+04         +/-  2.38e+02  <none>
  Background_Fail_SIG_bin_1-2    4.4420e+04    4.4420e+04         +/-  2.12e+02  <none>
  Background_Fail_SIG_bin_1-3    2.6770e+04    2.6770e+04         +/-  1.67e+02  <none>
  Background_Fail_SIG_bin_1-4    1.5561e+04    1.5561e+04         +/-  1.27e+02  <none>
  Background_Fail_SIG_bin_1-5    5.1912e+03    5.1912e+03         +/-  7.13e+01  <none>
  Background_Fail_SIG_bin_1-6    1.0319e+03    1.0319e+03         +/-  3.32e+01  <none>
  Background_Fail_SIG_bin_1-7    1.2278e+02    1.2278e+02         +/-  1.08e+01  <none>
  Background_Fail_SIG_bin_1-8    5.2391e+00    5.2383e+00         +/-  2.33e+00  <none>
  Background_Fail_SIG_bin_2-1    4.8792e+04    4.8792e+04         +/-  2.17e+02  <none>
  Background_Fail_SIG_bin_2-2    3.7121e+04    3.7120e+04         +/-  1.93e+02  <none>
  Background_Fail_SIG_bin_2-3    2.2783e+04    2.2783e+04         +/-  1.52e+02  <none>
  Background_Fail_SIG_bin_2-4    1.3605e+04    1.3605e+04         +/-  1.22e+02  <none>
  Background_Fail_SIG_bin_2-5    4.7298e+03    4.7298e+03         +/-  6.92e+01  <none>
  Background_Fail_SIG_bin_2-6    1.0716e+03    1.0716e+03         +/-  3.20e+01  <none>
  Background_Fail_SIG_bin_2-7    1.2761e+02    1.2761e+02         +/-  1.19e+01  <none>
  Background_Fail_SIG_bin_2-8    3.2370e+00    3.2369e+00         +/-  1.90e+00  <none>
  Background_Fail_SIG_bin_3-1    4.1066e+04    4.1066e+04         +/-  2.00e+02  <none>
  Background_Fail_SIG_bin_3-2    3.1462e+04    3.1462e+04         +/-  1.75e+02  <none>
  Background_Fail_SIG_bin_3-3    1.8807e+04    1.8807e+04         +/-  1.38e+02  <none>
  Background_Fail_SIG_bin_3-4    1.1435e+04    1.1435e+04         +/-  1.09e+02  <none>
  Background_Fail_SIG_bin_3-5    4.1974e+03    4.1974e+03         +/-  6.41e+01  <none>
  Background_Fail_SIG_bin_3-6    1.0554e+03    1.0554e+03         +/-  3.17e+01  <none>
  Background_Fail_SIG_bin_3-7    1.4573e+02    1.4573e+02         +/-  1.28e+01  <none>
  Background_Fail_SIG_bin_3-8    3.3852e+00    3.3848e+00         +/-  1.90e+00  <none>
  Background_Fail_SIG_bin_4-1    3.4435e+04    3.4435e+04         +/-  1.83e+02  <none>
  Background_Fail_SIG_bin_4-2    2.6176e+04    2.6176e+04         +/-  1.61e+02  <none>
  Background_Fail_SIG_bin_4-3    1.6077e+04    1.6077e+04         +/-  1.26e+02  <none>
  Background_Fail_SIG_bin_4-4    9.6565e+03    9.6564e+03         +/-  9.88e+01  <none>
  Background_Fail_SIG_bin_4-5    3.6509e+03    3.6509e+03         +/-  5.97e+01  <none>
  Background_Fail_SIG_bin_4-6    1.0764e+03    1.0764e+03         +/-  3.20e+01  <none>
  Background_Fail_SIG_bin_4-7    2.1532e+02    2.1532e+02         +/-  1.43e+01  <none>
  Background_Fail_SIG_bin_4-8    6.4845e+00    6.4834e+00         +/-  2.52e+00  <none>
  Background_Fail_SIG_bin_5-1    2.9455e+04    2.9455e+04         +/-  1.68e+02  <none>
  Background_Fail_SIG_bin_5-2    2.2646e+04    2.2646e+04         +/-  1.49e+02  <none>
  Background_Fail_SIG_bin_5-3    1.3633e+04    1.3633e+04         +/-  1.17e+02  <none>
  Background_Fail_SIG_bin_5-4    8.3031e+03    8.3030e+03         +/-  9.08e+01  <none>
  Background_Fail_SIG_bin_5-5    3.1778e+03    3.1778e+03         +/-  5.59e+01  <none>
  Background_Fail_SIG_bin_5-6    1.0363e+03    1.0363e+03         +/-  3.15e+01  <none>
  Background_Fail_SIG_bin_5-7    2.6998e+02    2.6998e+02         +/-  1.62e+01  <none>
  Background_Fail_SIG_bin_5-8    6.4103e+00    6.4093e+00         +/-  2.52e+00  <none>
  Background_rpf_0x1_par0    4.7597e-02    4.7596e-02         +/-  3.35e-04  <none>
  Background_rpf_0x1_par1    2.2832e-03    2.2798e-03         +/-  2.09e-03  <none>
                     F   -3.5928e-03   -3.5035e-03         +/-  1.40e-01  <none>
                   JER   -7.1235e-01   -7.1221e-01         +/-  1.47e-01  <none>
                   JES   -1.8473e-01   -1.8469e-01         +/-  8.42e-02  <none>
                   JMR    1.6498e+00    1.6496e+00         +/-  1.95e-01  <none>
                   JMS   -9.4719e-02   -9.4746e-02         +/-  8.59e-02  <none>
                PS_FSR   -7.0052e-03   -7.0851e-03         +/-  5.83e-02  <none>
                PS_ISR   -8.7740e-02   -8.8241e-02         +/-  1.49e-01  <none>
                     R   -1.0614e-01   -1.0609e-01         +/-  1.53e-01  <none>
                    RF   -4.7062e-01   -4.7058e-01         +/-  1.73e-01  <none>
                  btag    1.6418e-01    1.6433e-01         +/-  1.75e-01  <none>
                  lumi    5.2696e-01    5.2763e-01         +/-  1.01e+00  <none>
                   pdf   -2.5655e-02   -2.6066e-02         +/-  1.41e-01  <none>
                pileup    3.2639e-02    3.3024e-02         +/-  1.28e-01  <none>
               prefire   -1.0292e-03   -9.9599e-04         +/-  1.41e-01  <none>
                     r    1.0000e+00    1.0000e+00 (+6.31e-02,--0.00e+00)  <none>
              top_ptrw    8.7945e-05    1.8734e-09         +/-  1.33e-01  <none>
            ttbar_xsec    6.5172e+00    6.5174e+00         +/-  3.03e-01  <none>


 --- FitDiagnostics ---
Best fit r: 1  -8.81517e-14/+0.0631083  (68% CL)
Done in 0.06 min (cpu), 0.06 min (real)
Printing Message Summary From ... combine_logger.out
----------------------------------------------
Messages of type INFO : 242
Messages of type DEBUG : 2
Messages of type ERROR : 1
----------------------------------------------
INFO: (function: applyOptionsBase) FitterAlgoBase.cc: 113 -- Setting robust fit options to Tolerance=0.1 / Strategy=0 / Type,Algo=Minuit2,Migrad (note that defaults of CascadeMinimizer were taken where option not specified)
INFO: (function: improveOnce) CascadeMinimizer.cc: 188 -- Minimisation configured with Type=Minuit2, Algo=Migrad, strategy=0, tolerance=0.1
INFO: (function: improveOnce) CascadeMinimizer.cc: 211 -- Minimisation finished with status=0
INFO: (function: improveOnce) CascadeMinimizer.cc: 216 -- Minimization success! status=0
INFO: (function: improveOnce) CascadeMinimizer.cc: 188 -- Minimisation configured with Type=Minuit2, Algo=Migrad, strategy=0, tolerance=0.1
INFO: (function: improveOnce) CascadeMinimizer.cc: 211 -- Minimisation finished with status=0
INFO: (function: improveOnce) CascadeMinimizer.cc: 216 -- Minimization success! status=0
INFO: (function: improveOnce) CascadeMinimizer.cc: 188 -- Minimisation configured with Type=Minuit2, Algo=Migrad, strategy=0, tolerance=0.1
INFO: (function: improveOnce) CascadeMinimizer.cc: 211 -- Minimisation finished with status=0
INFO: (function: improveOnce) CascadeMinimizer.cc: 216 -- Minimization success! status=0
INFO: (function: anyParameterAtBoundaries) utils.cc: 1039 -- Found parameter Background_Fail_LOW_bin_1-1 at boundary (within ~1sigma): 1.10492e-06+/-0.453414
INFO: (function: anyParameterAtBoundaries) utils.cc: 1039 -- Found parameter Background_Fail_LOW_bin_1-2 at boundary (within ~1sigma): 1.09975e-06+/-0.449319
INFO: (function: anyParameterAtBoundaries) utils.cc: 1039 -- Found parameter Background_Fail_LOW_bin_1-3 at boundary (within ~1sigma): 1.09082e-06+/-0.44491
INFO: (function: anyParameterAtBoundaries) utils.cc: 1039 -- Found parameter Background_Fail_LOW_bin_1-4 at boundary (within ~1sigma): 1.08044e-06+/-0.440988
INFO: (function: anyParameterAtBoundaries) utils.cc: 1039 -- Found parameter Background_Fail_LOW_bin_1-5 at boundary (within ~1sigma): 1.06883e-06+/-0.437146
INFO: (function: anyParameterAtBoundaries) utils.cc: 1039 -- Found parameter Background_Fail_LOW_bin_1-6 at boundary (within ~1sigma): 1.05679e-06+/-0.433381
INFO: (function: anyParameterAtBoundaries) utils.cc: 1039 -- Found parameter Background_Fail_LOW_bin_1-7 at boundary (within ~1sigma): 1.03952e-06+/-0.427871
INFO: (function: minimize) CascadeMinimizer.cc: 480 -- After fit, some parameters are found at the boundary (within ~1sigma)
INFO: (function: improveOnce) CascadeMinimizer.cc: 188 -- Minimisation configured with Type=Minuit2, Algo=Migrad, strategy=0, tolerance=0.1
INFO: (function: improveOnce) CascadeMinimizer.cc: 211 -- Minimisation finished with status=0
INFO: (function: improveOnce) CascadeMinimizer.cc: 216 -- Minimization success! status=0
DEBUG: (function: runSpecific) FitDiagnostics.cc: 318 -- Fit B-only, status = 0, numBadNLL = 0, covariance quality = 3
INFO: (function: improveOnce) CascadeMinimizer.cc: 188 -- Minimisation configured with Type=Minuit2, Algo=Migrad, strategy=0, tolerance=0.1
INFO: (function: improveOnce) CascadeMinimizer.cc: 211 -- Minimisation finished with status=0
INFO: (function: improveOnce) CascadeMinimizer.cc: 216 -- Minimization success! status=0
INFO: (function: anyParameterAtBoundaries) utils.cc: 1039 -- Found parameter Background_Fail_LOW_bin_1-1 at boundary (within ~1sigma): 1.04147e-06+/-0.453847
INFO: (function: anyParameterAtBoundaries) utils.cc: 1039 -- Found parameter Background_Fail_LOW_bin_1-2 at boundary (within ~1sigma): 1.06783e-06+/-0.449659
INFO: (function: anyParameterAtBoundaries) utils.cc: 1039 -- Found parameter Background_Fail_LOW_bin_1-3 at boundary (within ~1sigma): 1.09198e-06+/-0.445148
INFO: (function: anyParameterAtBoundaries) utils.cc: 1039 -- Found parameter Background_Fail_LOW_bin_1-4 at boundary (within ~1sigma): 1.10608e-06+/-0.441153
INFO: (function: anyParameterAtBoundaries) utils.cc: 1039 -- Found parameter Background_Fail_LOW_bin_1-5 at boundary (within ~1sigma): 1.11158e-06+/-0.43726
INFO: (function: anyParameterAtBoundaries) utils.cc: 1039 -- Found parameter Background_Fail_LOW_bin_1-6 at boundary (within ~1sigma): 1.10902e-06+/-0.433467
INFO: (function: anyParameterAtBoundaries) utils.cc: 1039 -- Found parameter Background_Fail_LOW_bin_1-7 at boundary (within ~1sigma): 1.09387e-06+/-0.427942
INFO: (function: minimize) CascadeMinimizer.cc: 480 -- After fit, some parameters are found at the boundary (within ~1sigma)
INFO: (function: improveOnce) CascadeMinimizer.cc: 188 -- Minimisation configured with Type=Minuit2, Algo=Migrad, strategy=0, tolerance=0.1
INFO: (function: improveOnce) CascadeMinimizer.cc: 211 -- Minimisation finished with status=0
INFO: (function: improveOnce) CascadeMinimizer.cc: 216 -- Minimization success! status=0
INFO: (function: doFit) FitterAlgoBase.cc: 359 -- Running RobustFit for POI r. Configured with strategy 0  
INFO: (function: findCrossing) FitterAlgoBase.cc: 405 -- Searching for crossing at nll = -30321.5, in the interval 1 < r < 5
INFO: (function: improveOnce) CascadeMinimizer.cc: 188 -- Minimisation configured with Type=Minuit2, Algo=Migrad, strategy=0, tolerance=0.1
INFO: (function: improveOnce) CascadeMinimizer.cc: 211 -- Minimisation finished with status=0
INFO: (function: improveOnce) CascadeMinimizer.cc: 216 -- Minimization success! status=0
INFO: (function: anyParameterAtBoundaries) utils.cc: 1039 -- Found parameter Background_Fail_LOW_bin_1-1 at boundary (within ~1sigma): 1.02137e-06+/-0.477334
INFO: (function: anyParameterAtBoundaries) utils.cc: 1039 -- Found parameter Background_Fail_LOW_bin_1-2 at boundary (within ~1sigma): 1.00033e-06+/-0.477132
INFO: (function: anyParameterAtBoundaries) utils.cc: 1039 -- Found parameter Background_Fail_LOW_bin_1-3 at boundary (within ~1sigma): 1.00983e-06+/-0.47708
INFO: (function: anyParameterAtBoundaries) utils.cc: 1039 -- Found parameter Background_Fail_LOW_bin_1-4 at boundary (within ~1sigma): 1.00222e-06+/-0.476905
INFO: (function: anyParameterAtBoundaries) utils.cc: 1039 -- Found parameter Background_Fail_LOW_bin_1-5 at boundary (within ~1sigma): 1.00128e-06+/-0.476834
INFO: (function: anyParameterAtBoundaries) utils.cc: 1039 -- Found parameter Background_Fail_LOW_bin_1-6 at boundary (within ~1sigma): 1.01549e-06+/-0.476686
INFO: (function: anyParameterAtBoundaries) utils.cc: 1039 -- Found parameter Background_Fail_LOW_bin_1-7 at boundary (within ~1sigma): 1.00189e-06+/-0.476579
INFO: (function: minimize) CascadeMinimizer.cc: 480 -- After fit, some parameters are found at the boundary (within ~1sigma)
INFO: (function: findCrossing) FitterAlgoBase.cc: 426 -- r lvl-here lvl-there 	stepping 
INFO: (function: improveOnce) CascadeMinimizer.cc: 188 -- Minimisation configured with Type=Minuit2, Algo=Migrad, strategy=0, tolerance=0.1
INFO: (function: improveOnce) CascadeMinimizer.cc: 211 -- Minimisation finished with status=0
INFO: (function: improveOnce) CascadeMinimizer.cc: 216 -- Minimization success! status=0
INFO: (function: anyParameterAtBoundaries) utils.cc: 1039 -- Found parameter Background_Fail_LOW_bin_1-1 at boundary (within ~1sigma): 1.0519e-06+/-0.4769
INFO: (function: anyParameterAtBoundaries) utils.cc: 1039 -- Found parameter Background_Fail_LOW_bin_1-2 at boundary (within ~1sigma): 1.05768e-06+/-0.476842
INFO: (function: anyParameterAtBoundaries) utils.cc: 1039 -- Found parameter Background_Fail_LOW_bin_1-3 at boundary (within ~1sigma): 1.0509e-06+/-0.476666
INFO: (function: anyParameterAtBoundaries) utils.cc: 1039 -- Found parameter Background_Fail_LOW_bin_1-4 at boundary (within ~1sigma): 1.05956e-06+/-0.476647
INFO: (function: anyParameterAtBoundaries) utils.cc: 1039 -- Found parameter Background_Fail_LOW_bin_1-5 at boundary (within ~1sigma): 1.05529e-06+/-0.476497
INFO: (function: anyParameterAtBoundaries) utils.cc: 1039 -- Found parameter Background_Fail_LOW_bin_1-6 at boundary (within ~1sigma): 1.06084e-06+/-0.476449
INFO: (function: anyParameterAtBoundaries) utils.cc: 1039 -- Found parameter Background_Fail_LOW_bin_1-7 at boundary (within ~1sigma): 1.05951e-06+/-0.476283
INFO: (function: minimize) CascadeMinimizer.cc: 480 -- After fit, some parameters are found at the boundary (within ~1sigma)
INFO: (function: findCrossing) FitterAlgoBase.cc: 459 -- 1.400000    -2.65783  +0.49449    0.400000
INFO: (function: improveOnce) CascadeMinimizer.cc: 188 -- Minimisation configured with Type=Minuit2, Algo=Migrad, strategy=0, tolerance=0.1
INFO: (function: improveOnce) CascadeMinimizer.cc: 211 -- Minimisation finished with status=0
INFO: (function: improveOnce) CascadeMinimizer.cc: 216 -- Minimization success! status=0
INFO: (function: anyParameterAtBoundaries) utils.cc: 1039 -- Found parameter Background_Fail_LOW_bin_1-1 at boundary (within ~1sigma): 1.04124e-06+/-0.479745
INFO: (function: anyParameterAtBoundaries) utils.cc: 1039 -- Found parameter Background_Fail_LOW_bin_1-2 at boundary (within ~1sigma): 1.03686e-06+/-0.479399
INFO: (function: anyParameterAtBoundaries) utils.cc: 1039 -- Found parameter Background_Fail_LOW_bin_1-3 at boundary (within ~1sigma): 1.03414e-06+/-0.479097
INFO: (function: anyParameterAtBoundaries) utils.cc: 1039 -- Found parameter Background_Fail_LOW_bin_1-4 at boundary (within ~1sigma): 1.07411e-06+/-0.481394
INFO: (function: anyParameterAtBoundaries) utils.cc: 1039 -- Found parameter Background_Fail_LOW_bin_1-5 at boundary (within ~1sigma): 1.04302e-06+/-0.479468
INFO: (function: anyParameterAtBoundaries) utils.cc: 1039 -- Found parameter Background_Fail_LOW_bin_1-6 at boundary (within ~1sigma): 1.03358e-06+/-0.478772
INFO: (function: anyParameterAtBoundaries) utils.cc: 1039 -- Found parameter Background_Fail_LOW_bin_1-7 at boundary (within ~1sigma): 1.04413e-06+/-0.479242
INFO: (function: minimize) CascadeMinimizer.cc: 480 -- After fit, some parameters are found at the boundary (within ~1sigma)
INFO: (function: findCrossing) FitterAlgoBase.cc: 459 -- 1.120000    -0.44405  -2.65783    0.120000
INFO: (function: improveOnce) CascadeMinimizer.cc: 188 -- Minimisation configured with Type=Minuit2, Algo=Migrad, strategy=0, tolerance=0.1
INFO: (function: improveOnce) CascadeMinimizer.cc: 211 -- Minimisation finished with status=0
INFO: (function: improveOnce) CascadeMinimizer.cc: 216 -- Minimization success! status=0
INFO: (function: anyParameterAtBoundaries) utils.cc: 1039 -- Found parameter Background_Fail_LOW_bin_1-1 at boundary (within ~1sigma): 1.00183e-06+/-0.47725
INFO: (function: anyParameterAtBoundaries) utils.cc: 1039 -- Found parameter Background_Fail_LOW_bin_1-2 at boundary (within ~1sigma): 1.01488e-06+/-0.477179
INFO: (function: anyParameterAtBoundaries) utils.cc: 1039 -- Found parameter Background_Fail_LOW_bin_1-3 at boundary (within ~1sigma): 1.04996e-06+/-0.477107
INFO: (function: anyParameterAtBoundaries) utils.cc: 1039 -- Found parameter Background_Fail_LOW_bin_1-4 at boundary (within ~1sigma): 1.00611e-06+/-0.476943
INFO: (function: anyParameterAtBoundaries) utils.cc: 1039 -- Found parameter Background_Fail_LOW_bin_1-5 at boundary (within ~1sigma): 1.06101e-06+/-0.47691
INFO: (function: anyParameterAtBoundaries) utils.cc: 1039 -- Found parameter Background_Fail_LOW_bin_1-6 at boundary (within ~1sigma): 1.05751e-06+/-0.476803
INFO: (function: anyParameterAtBoundaries) utils.cc: 1039 -- Found parameter Background_Fail_LOW_bin_1-7 at boundary (within ~1sigma): 1.04008e-06+/-0.476631
INFO: (function: minimize) CascadeMinimizer.cc: 480 -- After fit, some parameters are found at the boundary (within ~1sigma)
INFO: (function: findCrossing) FitterAlgoBase.cc: 459 -- 1.036000    +0.21357  -0.44405    0.036000
INFO: (function: improveOnce) CascadeMinimizer.cc: 188 -- Minimisation configured with Type=Minuit2, Algo=Migrad, strategy=0, tolerance=0.1
INFO: (function: improveOnce) CascadeMinimizer.cc: 211 -- Minimisation finished with status=0
INFO: (function: improveOnce) CascadeMinimizer.cc: 216 -- Minimization success! status=0
INFO: (function: anyParameterAtBoundaries) utils.cc: 1039 -- Found parameter Background_Fail_LOW_bin_1-1 at boundary (within ~1sigma): 1.00905e-06+/-0.477273
INFO: (function: anyParameterAtBoundaries) utils.cc: 1039 -- Found parameter Background_Fail_LOW_bin_1-2 at boundary (within ~1sigma): 1.07427e-06+/-0.477244
INFO: (function: anyParameterAtBoundaries) utils.cc: 1039 -- Found parameter Background_Fail_LOW_bin_1-3 at boundary (within ~1sigma): 1.1254e-06+/-0.477165
INFO: (function: anyParameterAtBoundaries) utils.cc: 1039 -- Found parameter Background_Fail_LOW_bin_1-4 at boundary (within ~1sigma): 1.04019e-06+/-0.476996
INFO: (function: anyParameterAtBoundaries) utils.cc: 1039 -- Found parameter Background_Fail_LOW_bin_1-5 at boundary (within ~1sigma): 1.00161e-06+/-0.476825
INFO: (function: anyParameterAtBoundaries) utils.cc: 1039 -- Found parameter Background_Fail_LOW_bin_1-6 at boundary (within ~1sigma): 1.01693e-06+/-0.476759
INFO: (function: anyParameterAtBoundaries) utils.cc: 1039 -- Found parameter Background_Fail_LOW_bin_1-7 at boundary (within ~1sigma): 1.00683e-06+/-0.476584
INFO: (function: minimize) CascadeMinimizer.cc: 480 -- After fit, some parameters are found at the boundary (within ~1sigma)
INFO: (function: findCrossing) FitterAlgoBase.cc: 459 -- 1.072000    -0.06795  +0.21357    0.036000
INFO: (function: improveOnce) CascadeMinimizer.cc: 188 -- Minimisation configured with Type=Minuit2, Algo=Migrad, strategy=0, tolerance=0.1
INFO: (function: improveOnce) CascadeMinimizer.cc: 211 -- Minimisation finished with status=0
INFO: (function: improveOnce) CascadeMinimizer.cc: 216 -- Minimization success! status=0
INFO: (function: anyParameterAtBoundaries) utils.cc: 1039 -- Found parameter Background_Fail_LOW_bin_1-1 at boundary (within ~1sigma): 1.16243e-06+/-0.477468
INFO: (function: anyParameterAtBoundaries) utils.cc: 1039 -- Found parameter Background_Fail_LOW_bin_1-2 at boundary (within ~1sigma): 1.13101e-06+/-0.47734
INFO: (function: anyParameterAtBoundaries) utils.cc: 1039 -- Found parameter Background_Fail_LOW_bin_1-3 at boundary (within ~1sigma): 1.19906e-06+/-0.477276
INFO: (function: anyParameterAtBoundaries) utils.cc: 1039 -- Found parameter Background_Fail_LOW_bin_1-4 at boundary (within ~1sigma): 1.08421e-06+/-0.477083
INFO: (function: anyParameterAtBoundaries) utils.cc: 1039 -- Found parameter Background_Fail_LOW_bin_1-5 at boundary (within ~1sigma): 1.06967e-06+/-0.476965
INFO: (function: anyParameterAtBoundaries) utils.cc: 1039 -- Found parameter Background_Fail_LOW_bin_1-6 at boundary (within ~1sigma): 1.10719e-06+/-0.476896
INFO: (function: anyParameterAtBoundaries) utils.cc: 1039 -- Found parameter Background_Fail_LOW_bin_1-7 at boundary (within ~1sigma): 1.15299e-06+/-0.476777
INFO: (function: minimize) CascadeMinimizer.cc: 480 -- After fit, some parameters are found at the boundary (within ~1sigma)
INFO: (function: findCrossing) FitterAlgoBase.cc: 459 -- 1.046800    +0.12919  -0.06795    0.010800
INFO: (function: improveOnce) CascadeMinimizer.cc: 188 -- Minimisation configured with Type=Minuit2, Algo=Migrad, strategy=0, tolerance=0.1
INFO: (function: improveOnce) CascadeMinimizer.cc: 211 -- Minimisation finished with status=0
INFO: (function: improveOnce) CascadeMinimizer.cc: 216 -- Minimization success! status=0
INFO: (function: anyParameterAtBoundaries) utils.cc: 1039 -- Found parameter Background_Fail_LOW_bin_1-1 at boundary (within ~1sigma): 1.1692e-06+/-0.477465
INFO: (function: anyParameterAtBoundaries) utils.cc: 1039 -- Found parameter Background_Fail_LOW_bin_1-2 at boundary (within ~1sigma): 1.22254e-06+/-0.477396
INFO: (function: anyParameterAtBoundaries) utils.cc: 1039 -- Found parameter Background_Fail_LOW_bin_1-3 at boundary (within ~1sigma): 1.03642e-06+/-0.477133
INFO: (function: anyParameterAtBoundaries) utils.cc: 1039 -- Found parameter Background_Fail_LOW_bin_1-4 at boundary (within ~1sigma): 1.02964e-06+/-0.47702
INFO: (function: anyParameterAtBoundaries) utils.cc: 1039 -- Found parameter Background_Fail_LOW_bin_1-5 at boundary (within ~1sigma): 1.05457e-06+/-0.476946
INFO: (function: anyParameterAtBoundaries) utils.cc: 1039 -- Found parameter Background_Fail_LOW_bin_1-6 at boundary (within ~1sigma): 1.33373e-06+/-0.477035
INFO: (function: anyParameterAtBoundaries) utils.cc: 1039 -- Found parameter Background_Fail_LOW_bin_1-7 at boundary (within ~1sigma): 1.15005e-06+/-0.476768
INFO: (function: minimize) CascadeMinimizer.cc: 480 -- After fit, some parameters are found at the boundary (within ~1sigma)
INFO: (function: findCrossing) FitterAlgoBase.cc: 459 -- 1.057600    +0.04476  +0.12919    0.010800
INFO: (function: improveOnce) CascadeMinimizer.cc: 188 -- Minimisation configured with Type=Minuit2, Algo=Migrad, strategy=0, tolerance=0.1
INFO: (function: improveOnce) CascadeMinimizer.cc: 211 -- Minimisation finished with status=0
INFO: (function: improveOnce) CascadeMinimizer.cc: 216 -- Minimization success! status=0
INFO: (function: anyParameterAtBoundaries) utils.cc: 1039 -- Found parameter Background_Fail_LOW_bin_1-1 at boundary (within ~1sigma): 1.01826e-06+/-0.477174
INFO: (function: anyParameterAtBoundaries) utils.cc: 1039 -- Found parameter Background_Fail_LOW_bin_1-2 at boundary (within ~1sigma): 1.02831e-06+/-0.477059
INFO: (function: anyParameterAtBoundaries) utils.cc: 1039 -- Found parameter Background_Fail_LOW_bin_1-3 at boundary (within ~1sigma): 1.00749e-06+/-0.476974
INFO: (function: anyParameterAtBoundaries) utils.cc: 1039 -- Found parameter Background_Fail_LOW_bin_1-4 at boundary (within ~1sigma): 1.01199e-06+/-0.476862
INFO: (function: anyParameterAtBoundaries) utils.cc: 1039 -- Found parameter Background_Fail_LOW_bin_1-5 at boundary (within ~1sigma): 1.01826e-06+/-0.47675
INFO: (function: anyParameterAtBoundaries) utils.cc: 1039 -- Found parameter Background_Fail_LOW_bin_1-6 at boundary (within ~1sigma): 1.02609e-06+/-0.476637
INFO: (function: anyParameterAtBoundaries) utils.cc: 1039 -- Found parameter Background_Fail_LOW_bin_1-7 at boundary (within ~1sigma): 1.05135e-06+/-0.476461
INFO: (function: minimize) CascadeMinimizer.cc: 480 -- After fit, some parameters are found at the boundary (within ~1sigma)
INFO: (function: findCrossing) FitterAlgoBase.cc: 459 -- 1.068400    -0.03972  +0.04476    0.010800
INFO: (function: improveOnce) CascadeMinimizer.cc: 188 -- Minimisation configured with Type=Minuit2, Algo=Migrad, strategy=0, tolerance=0.1
INFO: (function: improveOnce) CascadeMinimizer.cc: 211 -- Minimisation finished with status=0
INFO: (function: improveOnce) CascadeMinimizer.cc: 216 -- Minimization success! status=0
INFO: (function: anyParameterAtBoundaries) utils.cc: 1039 -- Found parameter Background_Fail_LOW_bin_1-1 at boundary (within ~1sigma): 1e-06+/-0.477236
INFO: (function: anyParameterAtBoundaries) utils.cc: 1039 -- Found parameter Background_Fail_LOW_bin_1-2 at boundary (within ~1sigma): 1.06101e-06+/-0.477065
INFO: (function: anyParameterAtBoundaries) utils.cc: 1039 -- Found parameter Background_Fail_LOW_bin_1-3 at boundary (within ~1sigma): 1.00411e-06+/-0.477048
INFO: (function: anyParameterAtBoundaries) utils.cc: 1039 -- Found parameter Background_Fail_LOW_bin_1-4 at boundary (within ~1sigma): 1.00827e-06+/-0.476883
INFO: (function: anyParameterAtBoundaries) utils.cc: 1039 -- Found parameter Background_Fail_LOW_bin_1-5 at boundary (within ~1sigma): 1e-06+/-0.476812
INFO: (function: anyParameterAtBoundaries) utils.cc: 1039 -- Found parameter Background_Fail_LOW_bin_1-6 at boundary (within ~1sigma): 1.00044e-06+/-0.476701
INFO: (function: anyParameterAtBoundaries) utils.cc: 1039 -- Found parameter Background_Fail_LOW_bin_1-7 at boundary (within ~1sigma): 1.00017e-06+/-0.47656
INFO: (function: minimize) CascadeMinimizer.cc: 480 -- After fit, some parameters are found at the boundary (within ~1sigma)
INFO: (function: findCrossing) FitterAlgoBase.cc: 459 -- 1.060840    +0.01943  -0.03972    0.003240
INFO: (function: improveOnce) CascadeMinimizer.cc: 188 -- Minimisation configured with Type=Minuit2, Algo=Migrad, strategy=0, tolerance=0.1
INFO: (function: improveOnce) CascadeMinimizer.cc: 211 -- Minimisation finished with status=0
INFO: (function: improveOnce) CascadeMinimizer.cc: 216 -- Minimization success! status=0
INFO: (function: anyParameterAtBoundaries) utils.cc: 1039 -- Found parameter Background_Fail_LOW_bin_1-1 at boundary (within ~1sigma): 1.00061e-06+/-0.477301
INFO: (function: anyParameterAtBoundaries) utils.cc: 1039 -- Found parameter Background_Fail_LOW_bin_1-2 at boundary (within ~1sigma): 1.00244e-06+/-0.477158
INFO: (function: anyParameterAtBoundaries) utils.cc: 1039 -- Found parameter Background_Fail_LOW_bin_1-3 at boundary (within ~1sigma): 1.00011e-06+/-0.477029
INFO: (function: anyParameterAtBoundaries) utils.cc: 1039 -- Found parameter Background_Fail_LOW_bin_1-4 at boundary (within ~1sigma): 1.00006e-06+/-0.476926
INFO: (function: anyParameterAtBoundaries) utils.cc: 1039 -- Found parameter Background_Fail_LOW_bin_1-5 at boundary (within ~1sigma): 1.0005e-06+/-0.476872
INFO: (function: anyParameterAtBoundaries) utils.cc: 1039 -- Found parameter Background_Fail_LOW_bin_1-6 at boundary (within ~1sigma): 1.00872e-06+/-0.476689
INFO: (function: anyParameterAtBoundaries) utils.cc: 1039 -- Found parameter Background_Fail_LOW_bin_1-7 at boundary (within ~1sigma): 1.02903e-06+/-0.476637
INFO: (function: minimize) CascadeMinimizer.cc: 480 -- After fit, some parameters are found at the boundary (within ~1sigma)
INFO: (function: findCrossing) FitterAlgoBase.cc: 459 -- 1.064080    -0.00590  +0.01943    0.003240
INFO: (function: improveOnce) CascadeMinimizer.cc: 188 -- Minimisation configured with Type=Minuit2, Algo=Migrad, strategy=0, tolerance=0.1
INFO: (function: improveOnce) CascadeMinimizer.cc: 211 -- Minimisation finished with status=0
INFO: (function: improveOnce) CascadeMinimizer.cc: 216 -- Minimization success! status=0
INFO: (function: anyParameterAtBoundaries) utils.cc: 1039 -- Found parameter Background_Fail_LOW_bin_1-1 at boundary (within ~1sigma): 1e-06+/-0.477228
INFO: (function: anyParameterAtBoundaries) utils.cc: 1039 -- Found parameter Background_Fail_LOW_bin_1-2 at boundary (within ~1sigma): 1.00122e-06+/-0.47712
INFO: (function: anyParameterAtBoundaries) utils.cc: 1039 -- Found parameter Background_Fail_LOW_bin_1-3 at boundary (within ~1sigma): 1.003e-06+/-0.477001
INFO: (function: anyParameterAtBoundaries) utils.cc: 1039 -- Found parameter Background_Fail_LOW_bin_1-4 at boundary (within ~1sigma): 1.05901e-06+/-0.476883
INFO: (function: anyParameterAtBoundaries) utils.cc: 1039 -- Found parameter Background_Fail_LOW_bin_1-5 at boundary (within ~1sigma): 1.00128e-06+/-0.476727
INFO: (function: anyParameterAtBoundaries) utils.cc: 1039 -- Found parameter Background_Fail_LOW_bin_1-6 at boundary (within ~1sigma): 1.00044e-06+/-0.476701
INFO: (function: anyParameterAtBoundaries) utils.cc: 1039 -- Found parameter Background_Fail_LOW_bin_1-7 at boundary (within ~1sigma): 1.00738e-06+/-0.476589
INFO: (function: minimize) CascadeMinimizer.cc: 480 -- After fit, some parameters are found at the boundary (within ~1sigma)
INFO: (function: findCrossing) FitterAlgoBase.cc: 459 -- 1.061812    +0.01185  -0.00590    0.000972
INFO: (function: improveOnce) CascadeMinimizer.cc: 188 -- Minimisation configured with Type=Minuit2, Algo=Migrad, strategy=0, tolerance=0.1
INFO: (function: improveOnce) CascadeMinimizer.cc: 211 -- Minimisation finished with status=0
INFO: (function: improveOnce) CascadeMinimizer.cc: 216 -- Minimization success! status=0
INFO: (function: anyParameterAtBoundaries) utils.cc: 1039 -- Found parameter Background_Fail_LOW_bin_1-1 at boundary (within ~1sigma): 1.00094e-06+/-0.477163
INFO: (function: anyParameterAtBoundaries) utils.cc: 1039 -- Found parameter Background_Fail_LOW_bin_1-2 at boundary (within ~1sigma): 1.00061e-06+/-0.477117
INFO: (function: anyParameterAtBoundaries) utils.cc: 1039 -- Found parameter Background_Fail_LOW_bin_1-3 at boundary (within ~1sigma): 1.01066e-06+/-0.476982
INFO: (function: anyParameterAtBoundaries) utils.cc: 1039 -- Found parameter Background_Fail_LOW_bin_1-4 at boundary (within ~1sigma): 1.05101e-06+/-0.476866
INFO: (function: anyParameterAtBoundaries) utils.cc: 1039 -- Found parameter Background_Fail_LOW_bin_1-5 at boundary (within ~1sigma): 1.01565e-06+/-0.476771
INFO: (function: anyParameterAtBoundaries) utils.cc: 1039 -- Found parameter Background_Fail_LOW_bin_1-6 at boundary (within ~1sigma): 1.00017e-06+/-0.476698
INFO: (function: anyParameterAtBoundaries) utils.cc: 1039 -- Found parameter Background_Fail_LOW_bin_1-7 at boundary (within ~1sigma): 1.04352e-06+/-0.476505
INFO: (function: minimize) CascadeMinimizer.cc: 480 -- After fit, some parameters are found at the boundary (within ~1sigma)
INFO: (function: findCrossing) FitterAlgoBase.cc: 459 -- 1.062784    +0.00425  +0.01185    0.000972
INFO: (function: improveOnce) CascadeMinimizer.cc: 188 -- Minimisation configured with Type=Minuit2, Algo=Migrad, strategy=0, tolerance=0.1
INFO: (function: improveOnce) CascadeMinimizer.cc: 211 -- Minimisation finished with status=0
INFO: (function: improveOnce) CascadeMinimizer.cc: 216 -- Minimization success! status=0
INFO: (function: anyParameterAtBoundaries) utils.cc: 1039 -- Found parameter Background_Fail_LOW_bin_1-1 at boundary (within ~1sigma): 1.05612e-06+/-0.477183
INFO: (function: anyParameterAtBoundaries) utils.cc: 1039 -- Found parameter Background_Fail_LOW_bin_1-2 at boundary (within ~1sigma): 1.00044e-06+/-0.477118
INFO: (function: anyParameterAtBoundaries) utils.cc: 1039 -- Found parameter Background_Fail_LOW_bin_1-3 at boundary (within ~1sigma): 1.07683e-06+/-0.476968
INFO: (function: anyParameterAtBoundaries) utils.cc: 1039 -- Found parameter Background_Fail_LOW_bin_1-4 at boundary (within ~1sigma): 1.04036e-06+/-0.476863
INFO: (function: anyParameterAtBoundaries) utils.cc: 1039 -- Found parameter Background_Fail_LOW_bin_1-5 at boundary (within ~1sigma): 1.01404e-06+/-0.47677
INFO: (function: anyParameterAtBoundaries) utils.cc: 1039 -- Found parameter Background_Fail_LOW_bin_1-6 at boundary (within ~1sigma): 1.00117e-06+/-0.47669
INFO: (function: anyParameterAtBoundaries) utils.cc: 1039 -- Found parameter Background_Fail_LOW_bin_1-7 at boundary (within ~1sigma): 1.00805e-06+/-0.476519
INFO: (function: minimize) CascadeMinimizer.cc: 480 -- After fit, some parameters are found at the boundary (within ~1sigma)
INFO: (function: findCrossing) FitterAlgoBase.cc: 459 -- 1.063756    -0.00335  +0.00425    0.000972
INFO: (function: improveOnce) CascadeMinimizer.cc: 188 -- Minimisation configured with Type=Minuit2, Algo=Migrad, strategy=0, tolerance=0.1
INFO: (function: improveOnce) CascadeMinimizer.cc: 211 -- Minimisation finished with status=0
INFO: (function: improveOnce) CascadeMinimizer.cc: 216 -- Minimization success! status=0
INFO: (function: anyParameterAtBoundaries) utils.cc: 1039 -- Found parameter Background_Fail_LOW_bin_1-1 at boundary (within ~1sigma): 1.00144e-06+/-0.477213
INFO: (function: anyParameterAtBoundaries) utils.cc: 1039 -- Found parameter Background_Fail_LOW_bin_1-2 at boundary (within ~1sigma): 1.02986e-06+/-0.477084
INFO: (function: anyParameterAtBoundaries) utils.cc: 1039 -- Found parameter Background_Fail_LOW_bin_1-3 at boundary (within ~1sigma): 1.03891e-06+/-0.47697
INFO: (function: anyParameterAtBoundaries) utils.cc: 1039 -- Found parameter Background_Fail_LOW_bin_1-4 at boundary (within ~1sigma): 1.05762e-06+/-0.476869
INFO: (function: anyParameterAtBoundaries) utils.cc: 1039 -- Found parameter Background_Fail_LOW_bin_1-5 at boundary (within ~1sigma): 1.06417e-06+/-0.476767
INFO: (function: anyParameterAtBoundaries) utils.cc: 1039 -- Found parameter Background_Fail_LOW_bin_1-6 at boundary (within ~1sigma): 1.03286e-06+/-0.476661
INFO: (function: anyParameterAtBoundaries) utils.cc: 1039 -- Found parameter Background_Fail_LOW_bin_1-7 at boundary (within ~1sigma): 1.0096e-06+/-0.476516
INFO: (function: minimize) CascadeMinimizer.cc: 480 -- After fit, some parameters are found at the boundary (within ~1sigma)
INFO: (function: findCrossing) FitterAlgoBase.cc: 459 -- 1.063076    +0.00198  -0.00335    0.000292
INFO: (function: improveOnce) CascadeMinimizer.cc: 188 -- Minimisation configured with Type=Minuit2, Algo=Migrad, strategy=0, tolerance=0.1
INFO: (function: improveOnce) CascadeMinimizer.cc: 211 -- Minimisation finished with status=0
INFO: (function: improveOnce) CascadeMinimizer.cc: 216 -- Minimization success! status=0
INFO: (function: anyParameterAtBoundaries) utils.cc: 1039 -- Found parameter Background_Fail_LOW_bin_1-1 at boundary (within ~1sigma): 1.01205e-06+/-0.477309
INFO: (function: anyParameterAtBoundaries) utils.cc: 1039 -- Found parameter Background_Fail_LOW_bin_1-2 at boundary (within ~1sigma): 1.00788e-06+/-0.477193
INFO: (function: anyParameterAtBoundaries) utils.cc: 1039 -- Found parameter Background_Fail_LOW_bin_1-3 at boundary (within ~1sigma): 1.00366e-06+/-0.477063
INFO: (function: anyParameterAtBoundaries) utils.cc: 1039 -- Found parameter Background_Fail_LOW_bin_1-4 at boundary (within ~1sigma): 1.06312e-06+/-0.477102
INFO: (function: anyParameterAtBoundaries) utils.cc: 1039 -- Found parameter Background_Fail_LOW_bin_1-5 at boundary (within ~1sigma): 1.01227e-06+/-0.476887
INFO: (function: anyParameterAtBoundaries) utils.cc: 1039 -- Found parameter Background_Fail_LOW_bin_1-6 at boundary (within ~1sigma): 1.07422e-06+/-0.476917
INFO: (function: anyParameterAtBoundaries) utils.cc: 1039 -- Found parameter Background_Fail_LOW_bin_1-7 at boundary (within ~1sigma): 1e-06+/-0.476571
INFO: (function: minimize) CascadeMinimizer.cc: 480 -- After fit, some parameters are found at the boundary (within ~1sigma)
INFO: (function: findCrossing) FitterAlgoBase.cc: 459 -- 1.063367    -0.00030  +0.00198    0.000292
INFO: (function: findCrossing) FitterAlgoBase.cc: 405 -- Searching for crossing at nll = -30321.5, in the interval 1 < r < 1
INFO: (function: improveOnce) CascadeMinimizer.cc: 188 -- Minimisation configured with Type=Minuit2, Algo=Migrad, strategy=0, tolerance=0.1
INFO: (function: improveOnce) CascadeMinimizer.cc: 211 -- Minimisation finished with status=0
INFO: (function: improveOnce) CascadeMinimizer.cc: 216 -- Minimization success! status=0
INFO: (function: anyParameterAtBoundaries) utils.cc: 1039 -- Found parameter Background_Fail_LOW_bin_1-1 at boundary (within ~1sigma): 1.02137e-06+/-0.477334
INFO: (function: anyParameterAtBoundaries) utils.cc: 1039 -- Found parameter Background_Fail_LOW_bin_1-2 at boundary (within ~1sigma): 1.00033e-06+/-0.477132
INFO: (function: anyParameterAtBoundaries) utils.cc: 1039 -- Found parameter Background_Fail_LOW_bin_1-3 at boundary (within ~1sigma): 1.00983e-06+/-0.47708
INFO: (function: anyParameterAtBoundaries) utils.cc: 1039 -- Found parameter Background_Fail_LOW_bin_1-4 at boundary (within ~1sigma): 1.00222e-06+/-0.476905
INFO: (function: anyParameterAtBoundaries) utils.cc: 1039 -- Found parameter Background_Fail_LOW_bin_1-5 at boundary (within ~1sigma): 1.00128e-06+/-0.476834
INFO: (function: anyParameterAtBoundaries) utils.cc: 1039 -- Found parameter Background_Fail_LOW_bin_1-6 at boundary (within ~1sigma): 1.01549e-06+/-0.476686
INFO: (function: anyParameterAtBoundaries) utils.cc: 1039 -- Found parameter Background_Fail_LOW_bin_1-7 at boundary (within ~1sigma): 1.00189e-06+/-0.476579
INFO: (function: minimize) CascadeMinimizer.cc: 480 -- After fit, some parameters are found at the boundary (within ~1sigma)
INFO: (function: findCrossing) FitterAlgoBase.cc: 426 -- r lvl-here lvl-there 	stepping 
INFO: (function: improveOnce) CascadeMinimizer.cc: 188 -- Minimisation configured with Type=Minuit2, Algo=Migrad, strategy=0, tolerance=0.1
INFO: (function: improveOnce) CascadeMinimizer.cc: 211 -- Minimisation finished with status=0
INFO: (function: improveOnce) CascadeMinimizer.cc: 216 -- Minimization success! status=0
INFO: (function: anyParameterAtBoundaries) utils.cc: 1039 -- Found parameter Background_Fail_LOW_bin_1-1 at boundary (within ~1sigma): 1.01016e-06+/-0.477212
INFO: (function: anyParameterAtBoundaries) utils.cc: 1039 -- Found parameter Background_Fail_LOW_bin_1-2 at boundary (within ~1sigma): 1.00178e-06+/-0.477123
INFO: (function: anyParameterAtBoundaries) utils.cc: 1039 -- Found parameter Background_Fail_LOW_bin_1-3 at boundary (within ~1sigma): 1.00328e-06+/-0.477004
INFO: (function: anyParameterAtBoundaries) utils.cc: 1039 -- Found parameter Background_Fail_LOW_bin_1-4 at boundary (within ~1sigma): 1.01354e-06+/-0.476983
INFO: (function: anyParameterAtBoundaries) utils.cc: 1039 -- Found parameter Background_Fail_LOW_bin_1-5 at boundary (within ~1sigma): 1.00056e-06+/-0.476808
INFO: (function: anyParameterAtBoundaries) utils.cc: 1039 -- Found parameter Background_Fail_LOW_bin_1-6 at boundary (within ~1sigma): 1.00666e-06+/-0.476754
INFO: (function: anyParameterAtBoundaries) utils.cc: 1039 -- Found parameter Background_Fail_LOW_bin_1-7 at boundary (within ~1sigma): 1.01427e-06+/-0.476622
INFO: (function: minimize) CascadeMinimizer.cc: 480 -- After fit, some parameters are found at the boundary (within ~1sigma)
INFO: (function: findCrossing) FitterAlgoBase.cc: 459 -- 1.000000    +0.49449  +0.49449    -0.000000
ERROR: (function: findCrossing) FitterAlgoBase.cc: 517 -- Closed range without finding crossing! 
DEBUG: (function: runSpecific) FitDiagnostics.cc: 443 -- Fit S+B, status = 0, numBadNLL = 0, covariance quality = 3
