
>>> random number generator seed is 123456
   Options for Robust Minimizer :: 
        Tolerance  0.1
        Strategy   0
        Type,Algo  Minuit2,Migrad
>>> method used is FitDiagnostics
Set Default Value of Parameter r To : 1
>>> 0 out of 6 channels masked

>>> Channel masks:
  1) 0x6bca660 RooRealVar::   mask_Fail_LOW = 0 C  L(-INF - +INF)  "mask_Fail_LOW"
  2) 0x6bcb0b0 RooRealVar::   mask_Fail_SIG = 0 C  L(-INF - +INF)  "mask_Fail_SIG"
  3) 0x6bcbc00 RooRealVar::  mask_Fail_HIGH = 0 C  L(-INF - +INF)  "mask_Fail_HIGH"
  4) 0x6bcc750 RooRealVar::  mask_Loose_LOW = 0 C  L(-INF - +INF)  "mask_Loose_LOW"
  5) 0x6bcd2a0 RooRealVar::  mask_Loose_SIG = 0 C  L(-INF - +INF)  "mask_Loose_SIG"
  6) 0x6bcddf0 RooRealVar:: mask_Loose_HIGH = 0 C  L(-INF - +INF)  "mask_Loose_HIGH"
SimNLL created with 0 channels, 0 generic constraints, 16 fast gaussian constraints, 0 fast poisson constraints, 0 fast group constraints, 
Minuit2Minimizer: Minimize with max-calls 8000 convergence for edm < 0.1 strategy 0
Minuit2Minimizer::Minuit  - Changing default options
             StorageLevel :               0
MnSeedGenerator: for initial parameters FCN = 0
MnSeedGenerator: Initial state:   - FCN =                0 Edm =            0 NCalls =     65
VariableMetric: start iterating until Edm is < 0.0001
VariableMetric: Initial state   - FCN =                0 Edm =            0 NCalls =     65
VariableMetric: Iteration #   0 - FCN =                0 Edm =            0 NCalls =     65
Minuit2Minimizer : Valid minimum - status = 0
FVAL  = 0
Edm   = 0
Nfcn  = 65
F	  = 0	 +/-  1
JER	  = 0	 +/-  1
JES	  = 0	 +/-  1
JMR	  = 0	 +/-  1
JMS	  = 0	 +/-  1
PS_FSR	  = 0	 +/-  1
PS_ISR	  = 0	 +/-  1
R	  = 0	 +/-  1
RF	  = 0	 +/-  1
btag	  = 0	 +/-  1
lumi	  = 0	 +/-  1
pdf	  = 0	 +/-  1
pileup	  = 0	 +/-  1
prefire	  = 0	 +/-  1
top_ptrw	  = 0	 +/-  1
ttbar_xsec	  = 0	 +/-  1
SimNLL created with 6 channels, 0 generic constraints, 16 fast gaussian constraints, 0 fast poisson constraints, 0 fast group constraints, 
  [WARNING] Found [Background_Fail_LOW_bin_1-1] at boundary. 
  [WARNING] Found [Background_Fail_LOW_bin_1-2] at boundary. 
  [WARNING] Found [Background_Fail_LOW_bin_1-3] at boundary. 
  [WARNING] Found [Background_Fail_LOW_bin_1-4] at boundary. 
  [WARNING] Found [Background_Fail_LOW_bin_1-5] at boundary. 
  [WARNING] Found [Background_Fail_LOW_bin_1-6] at boundary. 
  [WARNING] Found [Background_Fail_LOW_bin_1-7] at boundary. 
 [WARNING] After the fit some parameters are at their boundary.
 [WARNING] Are you sure your model is correct?

  RooFitResult: minimized FCN value: -0.000140765, estimated distance to minimum: 4.43428e-05
                covariance matrix quality: Full, accurate covariance matrix
                Status : MINIMIZE=0 HESSE=0 

    Constant Parameter    Value     
  --------------------  ------------
                  F_In    0.0000e+00
                JER_In    0.0000e+00
                JES_In    0.0000e+00
                JMR_In    0.0000e+00
                JMS_In    0.0000e+00
             PS_FSR_In    0.0000e+00
             PS_ISR_In    0.0000e+00
                 RF_In    0.0000e+00
                  R_In    0.0000e+00
               btag_In    0.0000e+00
               lumi_In    0.0000e+00
  n_exp_binFail_HIGH_proc_Background    1.0000e+00
  n_exp_binFail_LOW_proc_Background    1.0000e+00
  n_exp_binFail_SIG_proc_Background    1.0000e+00
  n_exp_binLoose_HIGH_proc_Background_1x1    1.0000e+00
  n_exp_binLoose_LOW_proc_Background_1x1    1.0000e+00
  n_exp_binLoose_SIG_proc_Background_1x1    1.0000e+00
                pdf_In    0.0000e+00
             pileup_In    0.0000e+00
            prefire_In    0.0000e+00
                     r    1.0000e+00
           top_ptrw_In    0.0000e+00
         ttbar_xsec_In    0.0000e+00

    Floating Parameter  InitialValue    FinalValue +/-  Error     GblCorr.
  --------------------  ------------  --------------------------  --------
  Background_Fail_HIGH_bin_1-1    9.4804e+04    9.4804e+04 +/-  3.04e+02  <none>
  Background_Fail_HIGH_bin_1-2    7.0995e+04    7.0996e+04 +/-  2.66e+02  <none>
  Background_Fail_HIGH_bin_1-3    4.3082e+04    4.3082e+04 +/-  2.05e+02  <none>
  Background_Fail_HIGH_bin_1-4    2.6971e+04    2.6970e+04 +/-  1.62e+02  <none>
  Background_Fail_HIGH_bin_1-5    1.0875e+04    1.0875e+04 +/-  1.03e+02  <none>
  Background_Fail_HIGH_bin_1-6    3.8043e+03    3.8043e+03 +/-  6.03e+01  <none>
  Background_Fail_HIGH_bin_1-7    1.3451e+03    1.3451e+03 +/-  3.61e+01  <none>
  Background_Fail_HIGH_bin_1-8    4.4065e+01    4.4063e+01 +/-  6.45e+00  <none>
  Background_Fail_HIGH_bin_2-1    4.5151e+04    4.5151e+04 +/-  2.09e+02  <none>
  Background_Fail_HIGH_bin_2-2    3.2846e+04    3.2846e+04 +/-  1.80e+02  <none>
  Background_Fail_HIGH_bin_2-3    1.9489e+04    1.9489e+04 +/-  1.38e+02  <none>
  Background_Fail_HIGH_bin_2-4    1.2308e+04    1.2308e+04 +/-  1.10e+02  <none>
  Background_Fail_HIGH_bin_2-5    5.3525e+03    5.3526e+03 +/-  7.16e+01  <none>
  Background_Fail_HIGH_bin_2-6    2.2271e+03    2.2271e+03 +/-  4.61e+01  <none>
  Background_Fail_HIGH_bin_2-7    1.2143e+03    1.2143e+03 +/-  3.40e+01  <none>
  Background_Fail_HIGH_bin_2-8    9.6141e+01    9.6139e+01 +/-  9.54e+00  <none>
  Background_Fail_HIGH_bin_3-1    2.2517e+04    2.2517e+04 +/-  1.48e+02  <none>
  Background_Fail_HIGH_bin_3-2    1.6133e+04    1.6133e+04 +/-  1.25e+02  <none>
  Background_Fail_HIGH_bin_3-3    9.4131e+03    9.4131e+03 +/-  9.71e+01  <none>
  Background_Fail_HIGH_bin_3-4    6.2360e+03    6.2360e+03 +/-  7.82e+01  <none>
  Background_Fail_HIGH_bin_3-5    2.6806e+03    2.6806e+03 +/-  5.06e+01  <none>
  Background_Fail_HIGH_bin_3-6    1.0933e+03    1.0933e+03 +/-  3.25e+01  <none>
  Background_Fail_HIGH_bin_3-7    7.8163e+02    7.8163e+02 +/-  2.73e+01  <none>
  Background_Fail_HIGH_bin_3-8    1.2491e+02    1.2491e+02 +/-  1.09e+01  <none>
  Background_Fail_HIGH_bin_4-1    1.1641e+04    1.1641e+04 +/-  1.06e+02  <none>
  Background_Fail_HIGH_bin_4-2    8.1100e+03    8.1100e+03 +/-  8.85e+01  <none>
  Background_Fail_HIGH_bin_4-3    4.7689e+03    4.7689e+03 +/-  6.78e+01  <none>
  Background_Fail_HIGH_bin_4-4    3.0615e+03    3.0615e+03 +/-  5.46e+01  <none>
  Background_Fail_HIGH_bin_4-5    1.4152e+03    1.4152e+03 +/-  3.68e+01  <none>
  Background_Fail_HIGH_bin_4-6    6.1386e+02    6.1386e+02 +/-  2.43e+01  <none>
  Background_Fail_HIGH_bin_4-7    4.6785e+02    4.6784e+02 +/-  2.11e+01  <none>
  Background_Fail_HIGH_bin_4-8    1.2252e+02    1.2252e+02 +/-  1.08e+01  <none>
  Background_Fail_HIGH_bin_5-1    6.0201e+03    6.0201e+03 +/-  7.64e+01  <none>
  Background_Fail_HIGH_bin_5-2    4.1240e+03    4.1240e+03 +/-  6.32e+01  <none>
  Background_Fail_HIGH_bin_5-3    2.3218e+03    2.3218e+03 +/-  4.74e+01  <none>
  Background_Fail_HIGH_bin_5-4    1.5611e+03    1.5611e+03 +/-  3.88e+01  <none>
  Background_Fail_HIGH_bin_5-5    7.3693e+02    7.3692e+02 +/-  2.67e+01  <none>
  Background_Fail_HIGH_bin_5-6    3.2104e+02    3.2104e+02 +/-  1.76e+01  <none>
  Background_Fail_HIGH_bin_5-7    2.7700e+02    2.7700e+02 +/-  1.63e+01  <none>
  Background_Fail_HIGH_bin_5-8    8.1017e+01    8.1016e+01 +/-  8.80e+00  <none>
  Background_Fail_HIGH_bin_6-1    3.2131e+03    3.2131e+03 +/-  5.59e+01  <none>
  Background_Fail_HIGH_bin_6-2    2.1335e+03    2.1335e+03 +/-  4.55e+01  <none>
  Background_Fail_HIGH_bin_6-3    1.2251e+03    1.2251e+03 +/-  3.44e+01  <none>
  Background_Fail_HIGH_bin_6-4    8.3784e+02    8.3784e+02 +/-  2.85e+01  <none>
  Background_Fail_HIGH_bin_6-5    3.6809e+02    3.6809e+02 +/-  1.89e+01  <none>
  Background_Fail_HIGH_bin_6-6    2.0808e+02    2.0808e+02 +/-  1.42e+01  <none>
  Background_Fail_HIGH_bin_6-7    1.5905e+02    1.5905e+02 +/-  1.24e+01  <none>
  Background_Fail_HIGH_bin_6-8    6.1216e+01    6.1214e+01 +/-  7.67e+00  <none>
  Background_Fail_HIGH_bin_7-1    2.4956e+03    2.4956e+03 +/-  4.94e+01  <none>
  Background_Fail_HIGH_bin_7-2    1.5868e+03    1.5868e+03 +/-  3.96e+01  <none>
  Background_Fail_HIGH_bin_7-3    9.0193e+02    9.0192e+02 +/-  2.96e+01  <none>
  Background_Fail_HIGH_bin_7-4    6.5775e+02    6.5775e+02 +/-  2.53e+01  <none>
  Background_Fail_HIGH_bin_7-5    3.3958e+02    3.3958e+02 +/-  1.81e+01  <none>
  Background_Fail_HIGH_bin_7-6    1.6134e+02    1.6134e+02 +/-  1.25e+01  <none>
  Background_Fail_HIGH_bin_7-7    1.4942e+02    1.4941e+02 +/-  1.20e+01  <none>
  Background_Fail_HIGH_bin_7-8    3.7428e+01    3.7426e+01 +/-  6.02e+00  <none>
  Background_Fail_LOW_bin_1-1    1.0003e-06    1.0180e-06 +/-  4.74e-01  <none>
  Background_Fail_LOW_bin_1-2    1.0003e-06    1.0001e-06 +/-  4.73e-01  <none>
  Background_Fail_LOW_bin_1-3    1.0003e-06    1.0236e-06 +/-  4.74e-01  <none>
  Background_Fail_LOW_bin_1-4    1.0003e-06    1.0040e-06 +/-  4.72e-01  <none>
  Background_Fail_LOW_bin_1-5    1.0003e-06    1.0270e-06 +/-  4.70e-01  <none>
  Background_Fail_LOW_bin_1-6    1.0003e-06    1.0014e-06 +/-  4.70e-01  <none>
  Background_Fail_LOW_bin_1-7    1.0003e-06    1.0061e-06 +/-  4.68e-01  <none>
  Background_Fail_LOW_bin_2-1    1.2296e+05    1.2296e+05 +/-  3.46e+02  <none>
  Background_Fail_LOW_bin_2-2    9.5774e+04    9.5774e+04 +/-  3.10e+02  <none>
  Background_Fail_LOW_bin_2-3    5.8037e+04    5.8037e+04 +/-  2.40e+02  <none>
  Background_Fail_LOW_bin_2-4    3.3081e+04    3.3081e+04 +/-  1.88e+02  <none>
  Background_Fail_LOW_bin_2-5    9.6392e+03    9.6392e+03 +/-  9.82e+01  <none>
  Background_Fail_LOW_bin_2-6    1.4423e+03    1.4423e+03 +/-  3.76e+01  <none>
  Background_Fail_LOW_bin_2-7    1.3005e+02    1.3003e+02 +/-  1.19e+01  <none>
  Background_Fail_SIG_bin_1-1    5.8484e+04    5.8484e+04 +/-  2.37e+02  <none>
  Background_Fail_SIG_bin_1-2    4.4638e+04    4.4638e+04 +/-  2.10e+02  <none>
  Background_Fail_SIG_bin_1-3    2.7050e+04    2.7050e+04 +/-  1.66e+02  <none>
  Background_Fail_SIG_bin_1-4    1.5741e+04    1.5741e+04 +/-  1.26e+02  <none>
  Background_Fail_SIG_bin_1-5    5.1958e+03    5.1958e+03 +/-  7.07e+01  <none>
  Background_Fail_SIG_bin_1-6    1.0280e+03    1.0280e+03 +/-  3.12e+01  <none>
  Background_Fail_SIG_bin_1-7    1.2101e+02    1.2101e+02 +/-  1.07e+01  <none>
  Background_Fail_SIG_bin_1-8    5.4256e+00    5.4276e+00 +/-  2.29e+00  <none>
  Background_Fail_SIG_bin_2-1    4.8857e+04    4.8857e+04 +/-  2.18e+02  <none>
  Background_Fail_SIG_bin_2-2    3.7311e+04    3.7311e+04 +/-  1.91e+02  <none>
  Background_Fail_SIG_bin_2-3    2.3008e+04    2.3008e+04 +/-  1.51e+02  <none>
  Background_Fail_SIG_bin_2-4    1.3764e+04    1.3764e+04 +/-  1.20e+02  <none>
  Background_Fail_SIG_bin_2-5    4.7889e+03    4.7890e+03 +/-  6.83e+01  <none>
  Background_Fail_SIG_bin_2-6    1.0588e+03    1.0588e+03 +/-  3.16e+01  <none>
  Background_Fail_SIG_bin_2-7    1.3398e+02    1.3398e+02 +/-  1.18e+01  <none>
  Background_Fail_SIG_bin_2-8    3.5270e+00    3.5249e+00 +/-  1.87e+00  <none>
  Background_Fail_SIG_bin_3-1    4.1184e+04    4.1184e+04 +/-  2.00e+02  <none>
  Background_Fail_SIG_bin_3-2    3.1591e+04    3.1590e+04 +/-  1.75e+02  <none>
  Background_Fail_SIG_bin_3-3    1.8965e+04    1.8965e+04 +/-  1.37e+02  <none>
  Background_Fail_SIG_bin_3-4    1.1606e+04    1.1606e+04 +/-  1.07e+02  <none>
  Background_Fail_SIG_bin_3-5    4.2262e+03    4.2262e+03 +/-  6.36e+01  <none>
  Background_Fail_SIG_bin_3-6    1.0435e+03    1.0435e+03 +/-  3.14e+01  <none>
  Background_Fail_SIG_bin_3-7    1.5461e+02    1.5462e+02 +/-  1.26e+01  <none>
  Background_Fail_SIG_bin_3-8    3.5817e+00    3.5766e+00 +/-  1.87e+00  <none>
  Background_Fail_SIG_bin_4-1    3.4500e+04    3.4500e+04 +/-  1.82e+02  <none>
  Background_Fail_SIG_bin_4-2    2.6343e+04    2.6344e+04 +/-  1.61e+02  <none>
  Background_Fail_SIG_bin_4-3    1.6175e+04    1.6175e+04 +/-  1.25e+02  <none>
  Background_Fail_SIG_bin_4-4    9.7471e+03    9.7471e+03 +/-  9.83e+01  <none>
  Background_Fail_SIG_bin_4-5    3.6333e+03    3.6334e+03 +/-  5.91e+01  <none>
  Background_Fail_SIG_bin_4-6    1.0649e+03    1.0649e+03 +/-  3.17e+01  <none>
  Background_Fail_SIG_bin_4-7    2.1254e+02    2.1253e+02 +/-  1.41e+01  <none>
  Background_Fail_SIG_bin_4-8    6.4822e+00    6.4809e+00 +/-  2.48e+00  <none>
  Background_Fail_SIG_bin_5-1    2.9473e+04    2.9473e+04 +/-  1.69e+02  <none>
  Background_Fail_SIG_bin_5-2    2.2769e+04    2.2769e+04 +/-  1.49e+02  <none>
  Background_Fail_SIG_bin_5-3    1.3609e+04    1.3609e+04 +/-  1.16e+02  <none>
  Background_Fail_SIG_bin_5-4    8.3493e+03    8.3492e+03 +/-  9.06e+01  <none>
  Background_Fail_SIG_bin_5-5    3.1916e+03    3.1916e+03 +/-  5.54e+01  <none>
  Background_Fail_SIG_bin_5-6    1.0260e+03    1.0260e+03 +/-  3.12e+01  <none>
  Background_Fail_SIG_bin_5-7    2.6991e+02    2.6991e+02 +/-  1.61e+01  <none>
  Background_Fail_SIG_bin_5-8    6.4577e+00    6.4562e+00 +/-  2.48e+00  <none>
  Background_rpf_1x1_par0    2.5001e-01    2.5001e-01 +/-  3.96e-02  <none>
  Background_rpf_1x1_par1   -1.3289e-01   -1.3289e-01 +/-  2.20e-02  <none>
  Background_rpf_1x1_par2    2.1545e-01    2.1545e-01 +/-  3.40e-02  <none>
  Background_rpf_1x1_par3    8.8991e-02    8.8985e-02 +/-  1.80e-02  <none>
                     F   -2.1579e-02   -2.1520e-02 +/-  1.64e-01  <none>
                   JER   -5.4085e-02   -5.5301e-02 +/-  1.81e-01  <none>
                   JES   -1.8124e-01   -1.8118e-01 +/-  1.22e-01  <none>
                   JMR    1.8530e+00    1.8527e+00 +/-  3.60e-01  <none>
                   JMS   -1.1612e-01   -1.1601e-01 +/-  1.16e-01  <none>
                PS_FSR    2.0981e-02    2.1023e-02 +/-  7.99e-02  <none>
                PS_ISR   -1.4431e+00   -1.4426e+00 +/-  4.85e-01  <none>
                     R   -9.6671e-02   -9.7017e-02 +/-  1.83e-01  <none>
                    RF   -1.4744e-01   -1.4738e-01 +/-  1.94e-01  <none>
                  btag    6.4802e-02    6.5092e-02 +/-  1.73e-01  <none>
                  lumi    2.8503e-01    2.8545e-01 +/-  1.01e+00  <none>
                   pdf   -7.4470e-03   -7.6688e-03 +/-  1.70e-01  <none>
                pileup    1.3249e-02    1.1914e-02 +/-  1.62e-01  <none>
               prefire   -3.7194e-03   -3.7102e-03 +/-  1.69e-01  <none>
              top_ptrw    0.0000e+00    0.0000e+00 +/-  1.57e-01  <none>
            ttbar_xsec    3.7535e+00    3.7548e+00 +/-  4.51e-01  <none>


  RooFitResult: minimized FCN value: -0.000140765, estimated distance to minimum: 4.43428e-05
                covariance matrix quality: Full, accurate covariance matrix
                Status : MINIMIZE=0 HESSE=0 

    Constant Parameter    Value     
  --------------------  ------------
                  F_In    0.0000e+00
                JER_In    0.0000e+00
                JES_In    0.0000e+00
                JMR_In    0.0000e+00
                JMS_In    0.0000e+00
             PS_FSR_In    0.0000e+00
             PS_ISR_In    0.0000e+00
                 RF_In    0.0000e+00
                  R_In    0.0000e+00
               btag_In    0.0000e+00
               lumi_In    0.0000e+00
  n_exp_binFail_HIGH_proc_Background    1.0000e+00
  n_exp_binFail_LOW_proc_Background    1.0000e+00
  n_exp_binFail_SIG_proc_Background    1.0000e+00
  n_exp_binLoose_HIGH_proc_Background_1x1    1.0000e+00
  n_exp_binLoose_LOW_proc_Background_1x1    1.0000e+00
  n_exp_binLoose_SIG_proc_Background_1x1    1.0000e+00
                pdf_In    0.0000e+00
             pileup_In    0.0000e+00
            prefire_In    0.0000e+00
                     r    1.0000e+00
           top_ptrw_In    0.0000e+00
         ttbar_xsec_In    0.0000e+00

    Floating Parameter  InitialValue    FinalValue +/-  Error     GblCorr.
  --------------------  ------------  --------------------------  --------
  Background_Fail_HIGH_bin_1-1    9.4804e+04    9.4804e+04 +/-  3.04e+02  <none>
  Background_Fail_HIGH_bin_1-2    7.0995e+04    7.0996e+04 +/-  2.66e+02  <none>
  Background_Fail_HIGH_bin_1-3    4.3082e+04    4.3082e+04 +/-  2.05e+02  <none>
  Background_Fail_HIGH_bin_1-4    2.6971e+04    2.6970e+04 +/-  1.62e+02  <none>
  Background_Fail_HIGH_bin_1-5    1.0875e+04    1.0875e+04 +/-  1.03e+02  <none>
  Background_Fail_HIGH_bin_1-6    3.8043e+03    3.8043e+03 +/-  6.03e+01  <none>
  Background_Fail_HIGH_bin_1-7    1.3451e+03    1.3451e+03 +/-  3.61e+01  <none>
  Background_Fail_HIGH_bin_1-8    4.4065e+01    4.4063e+01 +/-  6.45e+00  <none>
  Background_Fail_HIGH_bin_2-1    4.5151e+04    4.5151e+04 +/-  2.09e+02  <none>
  Background_Fail_HIGH_bin_2-2    3.2846e+04    3.2846e+04 +/-  1.80e+02  <none>
  Background_Fail_HIGH_bin_2-3    1.9489e+04    1.9489e+04 +/-  1.38e+02  <none>
  Background_Fail_HIGH_bin_2-4    1.2308e+04    1.2308e+04 +/-  1.10e+02  <none>
  Background_Fail_HIGH_bin_2-5    5.3525e+03    5.3526e+03 +/-  7.16e+01  <none>
  Background_Fail_HIGH_bin_2-6    2.2271e+03    2.2271e+03 +/-  4.61e+01  <none>
  Background_Fail_HIGH_bin_2-7    1.2143e+03    1.2143e+03 +/-  3.40e+01  <none>
  Background_Fail_HIGH_bin_2-8    9.6141e+01    9.6139e+01 +/-  9.54e+00  <none>
  Background_Fail_HIGH_bin_3-1    2.2517e+04    2.2517e+04 +/-  1.48e+02  <none>
  Background_Fail_HIGH_bin_3-2    1.6133e+04    1.6133e+04 +/-  1.25e+02  <none>
  Background_Fail_HIGH_bin_3-3    9.4131e+03    9.4131e+03 +/-  9.71e+01  <none>
  Background_Fail_HIGH_bin_3-4    6.2360e+03    6.2360e+03 +/-  7.82e+01  <none>
  Background_Fail_HIGH_bin_3-5    2.6806e+03    2.6806e+03 +/-  5.06e+01  <none>
  Background_Fail_HIGH_bin_3-6    1.0933e+03    1.0933e+03 +/-  3.25e+01  <none>
  Background_Fail_HIGH_bin_3-7    7.8163e+02    7.8163e+02 +/-  2.73e+01  <none>
  Background_Fail_HIGH_bin_3-8    1.2491e+02    1.2491e+02 +/-  1.09e+01  <none>
  Background_Fail_HIGH_bin_4-1    1.1641e+04    1.1641e+04 +/-  1.06e+02  <none>
  Background_Fail_HIGH_bin_4-2    8.1100e+03    8.1100e+03 +/-  8.85e+01  <none>
  Background_Fail_HIGH_bin_4-3    4.7689e+03    4.7689e+03 +/-  6.78e+01  <none>
  Background_Fail_HIGH_bin_4-4    3.0615e+03    3.0615e+03 +/-  5.46e+01  <none>
  Background_Fail_HIGH_bin_4-5    1.4152e+03    1.4152e+03 +/-  3.68e+01  <none>
  Background_Fail_HIGH_bin_4-6    6.1386e+02    6.1386e+02 +/-  2.43e+01  <none>
  Background_Fail_HIGH_bin_4-7    4.6785e+02    4.6784e+02 +/-  2.11e+01  <none>
  Background_Fail_HIGH_bin_4-8    1.2252e+02    1.2252e+02 +/-  1.08e+01  <none>
  Background_Fail_HIGH_bin_5-1    6.0201e+03    6.0201e+03 +/-  7.64e+01  <none>
  Background_Fail_HIGH_bin_5-2    4.1240e+03    4.1240e+03 +/-  6.32e+01  <none>
  Background_Fail_HIGH_bin_5-3    2.3218e+03    2.3218e+03 +/-  4.74e+01  <none>
  Background_Fail_HIGH_bin_5-4    1.5611e+03    1.5611e+03 +/-  3.88e+01  <none>
  Background_Fail_HIGH_bin_5-5    7.3693e+02    7.3692e+02 +/-  2.67e+01  <none>
  Background_Fail_HIGH_bin_5-6    3.2104e+02    3.2104e+02 +/-  1.76e+01  <none>
  Background_Fail_HIGH_bin_5-7    2.7700e+02    2.7700e+02 +/-  1.63e+01  <none>
  Background_Fail_HIGH_bin_5-8    8.1017e+01    8.1016e+01 +/-  8.80e+00  <none>
  Background_Fail_HIGH_bin_6-1    3.2131e+03    3.2131e+03 +/-  5.59e+01  <none>
  Background_Fail_HIGH_bin_6-2    2.1335e+03    2.1335e+03 +/-  4.55e+01  <none>
  Background_Fail_HIGH_bin_6-3    1.2251e+03    1.2251e+03 +/-  3.44e+01  <none>
  Background_Fail_HIGH_bin_6-4    8.3784e+02    8.3784e+02 +/-  2.85e+01  <none>
  Background_Fail_HIGH_bin_6-5    3.6809e+02    3.6809e+02 +/-  1.89e+01  <none>
  Background_Fail_HIGH_bin_6-6    2.0808e+02    2.0808e+02 +/-  1.42e+01  <none>
  Background_Fail_HIGH_bin_6-7    1.5905e+02    1.5905e+02 +/-  1.24e+01  <none>
  Background_Fail_HIGH_bin_6-8    6.1216e+01    6.1214e+01 +/-  7.67e+00  <none>
  Background_Fail_HIGH_bin_7-1    2.4956e+03    2.4956e+03 +/-  4.94e+01  <none>
  Background_Fail_HIGH_bin_7-2    1.5868e+03    1.5868e+03 +/-  3.96e+01  <none>
  Background_Fail_HIGH_bin_7-3    9.0193e+02    9.0192e+02 +/-  2.96e+01  <none>
  Background_Fail_HIGH_bin_7-4    6.5775e+02    6.5775e+02 +/-  2.53e+01  <none>
  Background_Fail_HIGH_bin_7-5    3.3958e+02    3.3958e+02 +/-  1.81e+01  <none>
  Background_Fail_HIGH_bin_7-6    1.6134e+02    1.6134e+02 +/-  1.25e+01  <none>
  Background_Fail_HIGH_bin_7-7    1.4942e+02    1.4941e+02 +/-  1.20e+01  <none>
  Background_Fail_HIGH_bin_7-8    3.7428e+01    3.7426e+01 +/-  6.02e+00  <none>
  Background_Fail_LOW_bin_1-1    1.0003e-06    1.0180e-06 +/-  4.74e-01  <none>
  Background_Fail_LOW_bin_1-2    1.0003e-06    1.0001e-06 +/-  4.73e-01  <none>
  Background_Fail_LOW_bin_1-3    1.0003e-06    1.0236e-06 +/-  4.74e-01  <none>
  Background_Fail_LOW_bin_1-4    1.0003e-06    1.0040e-06 +/-  4.72e-01  <none>
  Background_Fail_LOW_bin_1-5    1.0003e-06    1.0270e-06 +/-  4.70e-01  <none>
  Background_Fail_LOW_bin_1-6    1.0003e-06    1.0014e-06 +/-  4.70e-01  <none>
  Background_Fail_LOW_bin_1-7    1.0003e-06    1.0061e-06 +/-  4.68e-01  <none>
  Background_Fail_LOW_bin_2-1    1.2296e+05    1.2296e+05 +/-  3.46e+02  <none>
  Background_Fail_LOW_bin_2-2    9.5774e+04    9.5774e+04 +/-  3.10e+02  <none>
  Background_Fail_LOW_bin_2-3    5.8037e+04    5.8037e+04 +/-  2.40e+02  <none>
  Background_Fail_LOW_bin_2-4    3.3081e+04    3.3081e+04 +/-  1.88e+02  <none>
  Background_Fail_LOW_bin_2-5    9.6392e+03    9.6392e+03 +/-  9.82e+01  <none>
  Background_Fail_LOW_bin_2-6    1.4423e+03    1.4423e+03 +/-  3.76e+01  <none>
  Background_Fail_LOW_bin_2-7    1.3005e+02    1.3003e+02 +/-  1.19e+01  <none>
  Background_Fail_SIG_bin_1-1    5.8484e+04    5.8484e+04 +/-  2.37e+02  <none>
  Background_Fail_SIG_bin_1-2    4.4638e+04    4.4638e+04 +/-  2.10e+02  <none>
  Background_Fail_SIG_bin_1-3    2.7050e+04    2.7050e+04 +/-  1.66e+02  <none>
  Background_Fail_SIG_bin_1-4    1.5741e+04    1.5741e+04 +/-  1.26e+02  <none>
  Background_Fail_SIG_bin_1-5    5.1958e+03    5.1958e+03 +/-  7.07e+01  <none>
  Background_Fail_SIG_bin_1-6    1.0280e+03    1.0280e+03 +/-  3.12e+01  <none>
  Background_Fail_SIG_bin_1-7    1.2101e+02    1.2101e+02 +/-  1.07e+01  <none>
  Background_Fail_SIG_bin_1-8    5.4256e+00    5.4276e+00 +/-  2.29e+00  <none>
  Background_Fail_SIG_bin_2-1    4.8857e+04    4.8857e+04 +/-  2.18e+02  <none>
  Background_Fail_SIG_bin_2-2    3.7311e+04    3.7311e+04 +/-  1.91e+02  <none>
  Background_Fail_SIG_bin_2-3    2.3008e+04    2.3008e+04 +/-  1.51e+02  <none>
  Background_Fail_SIG_bin_2-4    1.3764e+04    1.3764e+04 +/-  1.20e+02  <none>
  Background_Fail_SIG_bin_2-5    4.7889e+03    4.7890e+03 +/-  6.83e+01  <none>
  Background_Fail_SIG_bin_2-6    1.0588e+03    1.0588e+03 +/-  3.16e+01  <none>
  Background_Fail_SIG_bin_2-7    1.3398e+02    1.3398e+02 +/-  1.18e+01  <none>
  Background_Fail_SIG_bin_2-8    3.5270e+00    3.5249e+00 +/-  1.87e+00  <none>
  Background_Fail_SIG_bin_3-1    4.1184e+04    4.1184e+04 +/-  2.00e+02  <none>
  Background_Fail_SIG_bin_3-2    3.1591e+04    3.1590e+04 +/-  1.75e+02  <none>
  Background_Fail_SIG_bin_3-3    1.8965e+04    1.8965e+04 +/-  1.37e+02  <none>
  Background_Fail_SIG_bin_3-4    1.1606e+04    1.1606e+04 +/-  1.07e+02  <none>
  Background_Fail_SIG_bin_3-5    4.2262e+03    4.2262e+03 +/-  6.36e+01  <none>
  Background_Fail_SIG_bin_3-6    1.0435e+03    1.0435e+03 +/-  3.14e+01  <none>
  Background_Fail_SIG_bin_3-7    1.5461e+02    1.5462e+02 +/-  1.26e+01  <none>
  Background_Fail_SIG_bin_3-8    3.5817e+00    3.5766e+00 +/-  1.87e+00  <none>
  Background_Fail_SIG_bin_4-1    3.4500e+04    3.4500e+04 +/-  1.82e+02  <none>
  Background_Fail_SIG_bin_4-2    2.6343e+04    2.6344e+04 +/-  1.61e+02  <none>
  Background_Fail_SIG_bin_4-3    1.6175e+04    1.6175e+04 +/-  1.25e+02  <none>
  Background_Fail_SIG_bin_4-4    9.7471e+03    9.7471e+03 +/-  9.83e+01  <none>
  Background_Fail_SIG_bin_4-5    3.6333e+03    3.6334e+03 +/-  5.91e+01  <none>
  Background_Fail_SIG_bin_4-6    1.0649e+03    1.0649e+03 +/-  3.17e+01  <none>
  Background_Fail_SIG_bin_4-7    2.1254e+02    2.1253e+02 +/-  1.41e+01  <none>
  Background_Fail_SIG_bin_4-8    6.4822e+00    6.4809e+00 +/-  2.48e+00  <none>
  Background_Fail_SIG_bin_5-1    2.9473e+04    2.9473e+04 +/-  1.69e+02  <none>
  Background_Fail_SIG_bin_5-2    2.2769e+04    2.2769e+04 +/-  1.49e+02  <none>
  Background_Fail_SIG_bin_5-3    1.3609e+04    1.3609e+04 +/-  1.16e+02  <none>
  Background_Fail_SIG_bin_5-4    8.3493e+03    8.3492e+03 +/-  9.06e+01  <none>
  Background_Fail_SIG_bin_5-5    3.1916e+03    3.1916e+03 +/-  5.54e+01  <none>
  Background_Fail_SIG_bin_5-6    1.0260e+03    1.0260e+03 +/-  3.12e+01  <none>
  Background_Fail_SIG_bin_5-7    2.6991e+02    2.6991e+02 +/-  1.61e+01  <none>
  Background_Fail_SIG_bin_5-8    6.4577e+00    6.4562e+00 +/-  2.48e+00  <none>
  Background_rpf_1x1_par0    2.5001e-01    2.5001e-01 +/-  3.96e-02  <none>
  Background_rpf_1x1_par1   -1.3289e-01   -1.3289e-01 +/-  2.20e-02  <none>
  Background_rpf_1x1_par2    2.1545e-01    2.1545e-01 +/-  3.40e-02  <none>
  Background_rpf_1x1_par3    8.8991e-02    8.8985e-02 +/-  1.80e-02  <none>
                     F   -2.1579e-02   -2.1520e-02 +/-  1.64e-01  <none>
                   JER   -5.4085e-02   -5.5301e-02 +/-  1.81e-01  <none>
                   JES   -1.8124e-01   -1.8118e-01 +/-  1.22e-01  <none>
                   JMR    1.8530e+00    1.8527e+00 +/-  3.60e-01  <none>
                   JMS   -1.1612e-01   -1.1601e-01 +/-  1.16e-01  <none>
                PS_FSR    2.0981e-02    2.1023e-02 +/-  7.99e-02  <none>
                PS_ISR   -1.4431e+00   -1.4426e+00 +/-  4.85e-01  <none>
                     R   -9.6671e-02   -9.7017e-02 +/-  1.83e-01  <none>
                    RF   -1.4744e-01   -1.4738e-01 +/-  1.94e-01  <none>
                  btag    6.4802e-02    6.5092e-02 +/-  1.73e-01  <none>
                  lumi    2.8503e-01    2.8545e-01 +/-  1.01e+00  <none>
                   pdf   -7.4470e-03   -7.6688e-03 +/-  1.70e-01  <none>
                pileup    1.3249e-02    1.1914e-02 +/-  1.62e-01  <none>
               prefire   -3.7194e-03   -3.7102e-03 +/-  1.69e-01  <none>
              top_ptrw    0.0000e+00    0.0000e+00 +/-  1.57e-01  <none>
            ttbar_xsec    3.7535e+00    3.7548e+00 +/-  4.51e-01  <none>

  [WARNING] Found [Background_Fail_LOW_bin_1-1] at boundary. 
  [WARNING] Found [Background_Fail_LOW_bin_1-2] at boundary. 
  [WARNING] Found [Background_Fail_LOW_bin_1-3] at boundary. 
  [WARNING] Found [Background_Fail_LOW_bin_1-4] at boundary. 
  [WARNING] Found [Background_Fail_LOW_bin_1-5] at boundary. 
  [WARNING] Found [Background_Fail_LOW_bin_1-6] at boundary. 
  [WARNING] Found [Background_Fail_LOW_bin_1-7] at boundary. 
 [WARNING] After the fit some parameters are at their boundary.
 [WARNING] Are you sure your model is correct?

  RooFitResult: minimized FCN value: -0.00124801, estimated distance to minimum: 0.000141577
                covariance matrix quality: Full matrix, but forced positive-definite
                Status : MINIMIZE=0 HESSE=0 

    Constant Parameter    Value     
  --------------------  ------------
                  F_In    0.0000e+00
                JER_In    0.0000e+00
                JES_In    0.0000e+00
                JMR_In    0.0000e+00
                JMS_In    0.0000e+00
             PS_FSR_In    0.0000e+00
             PS_ISR_In    0.0000e+00
                 RF_In    0.0000e+00
                  R_In    0.0000e+00
               btag_In    0.0000e+00
               lumi_In    0.0000e+00
  n_exp_binFail_HIGH_proc_Background    1.0000e+00
  n_exp_binFail_LOW_proc_Background    1.0000e+00
  n_exp_binFail_SIG_proc_Background    1.0000e+00
  n_exp_binLoose_HIGH_proc_Background_1x1    1.0000e+00
  n_exp_binLoose_LOW_proc_Background_1x1    1.0000e+00
  n_exp_binLoose_SIG_proc_Background_1x1    1.0000e+00
                pdf_In    0.0000e+00
             pileup_In    0.0000e+00
            prefire_In    0.0000e+00
           top_ptrw_In    0.0000e+00
         ttbar_xsec_In    0.0000e+00

    Floating Parameter  InitialValue    FinalValue +/-  Error     GblCorr.
  --------------------  ------------  --------------------------  --------
  Background_Fail_HIGH_bin_1-1    9.4804e+04    9.4805e+04 +/-  3.03e+02  <none>
  Background_Fail_HIGH_bin_1-2    7.0996e+04    7.0996e+04 +/-  2.64e+02  <none>
  Background_Fail_HIGH_bin_1-3    4.3081e+04    4.3082e+04 +/-  2.04e+02  <none>
  Background_Fail_HIGH_bin_1-4    2.6971e+04    2.6971e+04 +/-  1.61e+02  <none>
  Background_Fail_HIGH_bin_1-5    1.0875e+04    1.0875e+04 +/-  1.02e+02  <none>
  Background_Fail_HIGH_bin_1-6    3.8041e+03    3.8042e+03 +/-  6.00e+01  <none>
  Background_Fail_HIGH_bin_1-7    1.3452e+03    1.3451e+03 +/-  3.58e+01  <none>
  Background_Fail_HIGH_bin_1-8    4.4064e+01    4.4063e+01 +/-  6.42e+00  <none>
  Background_Fail_HIGH_bin_2-1    4.5151e+04    4.5151e+04 +/-  2.08e+02  <none>
  Background_Fail_HIGH_bin_2-2    3.2847e+04    3.2847e+04 +/-  1.79e+02  <none>
  Background_Fail_HIGH_bin_2-3    1.9489e+04    1.9489e+04 +/-  1.37e+02  <none>
  Background_Fail_HIGH_bin_2-4    1.2308e+04    1.2308e+04 +/-  1.10e+02  <none>
  Background_Fail_HIGH_bin_2-5    5.3526e+03    5.3525e+03 +/-  7.13e+01  <none>
  Background_Fail_HIGH_bin_2-6    2.2271e+03    2.2271e+03 +/-  4.58e+01  <none>
  Background_Fail_HIGH_bin_2-7    1.2143e+03    1.2143e+03 +/-  3.38e+01  <none>
  Background_Fail_HIGH_bin_2-8    9.6138e+01    9.6138e+01 +/-  9.50e+00  <none>
  Background_Fail_HIGH_bin_3-1    2.2517e+04    2.2517e+04 +/-  1.47e+02  <none>
  Background_Fail_HIGH_bin_3-2    1.6133e+04    1.6133e+04 +/-  1.24e+02  <none>
  Background_Fail_HIGH_bin_3-3    9.4130e+03    9.4133e+03 +/-  9.67e+01  <none>
  Background_Fail_HIGH_bin_3-4    6.2360e+03    6.2360e+03 +/-  7.79e+01  <none>
  Background_Fail_HIGH_bin_3-5    2.6806e+03    2.6806e+03 +/-  5.04e+01  <none>
  Background_Fail_HIGH_bin_3-6    1.0932e+03    1.0933e+03 +/-  3.24e+01  <none>
  Background_Fail_HIGH_bin_3-7    7.8162e+02    7.8162e+02 +/-  2.71e+01  <none>
  Background_Fail_HIGH_bin_3-8    1.2491e+02    1.2491e+02 +/-  1.08e+01  <none>
  Background_Fail_HIGH_bin_4-1    1.1641e+04    1.1641e+04 +/-  1.06e+02  <none>
  Background_Fail_HIGH_bin_4-2    8.1100e+03    8.1100e+03 +/-  8.80e+01  <none>
  Background_Fail_HIGH_bin_4-3    4.7689e+03    4.7689e+03 +/-  6.74e+01  <none>
  Background_Fail_HIGH_bin_4-4    3.0616e+03    3.0614e+03 +/-  5.44e+01  <none>
  Background_Fail_HIGH_bin_4-5    1.4152e+03    1.4152e+03 +/-  3.67e+01  <none>
  Background_Fail_HIGH_bin_4-6    6.1385e+02    6.1386e+02 +/-  2.41e+01  <none>
  Background_Fail_HIGH_bin_4-7    4.6784e+02    4.6784e+02 +/-  2.10e+01  <none>
  Background_Fail_HIGH_bin_4-8    1.2252e+02    1.2252e+02 +/-  1.08e+01  <none>
  Background_Fail_HIGH_bin_5-1    6.0201e+03    6.0201e+03 +/-  7.60e+01  <none>
  Background_Fail_HIGH_bin_5-2    4.1240e+03    4.1240e+03 +/-  6.28e+01  <none>
  Background_Fail_HIGH_bin_5-3    2.3218e+03    2.3218e+03 +/-  4.72e+01  <none>
  Background_Fail_HIGH_bin_5-4    1.5611e+03    1.5611e+03 +/-  3.86e+01  <none>
  Background_Fail_HIGH_bin_5-5    7.3692e+02    7.3692e+02 +/-  2.65e+01  <none>
  Background_Fail_HIGH_bin_5-6    3.2104e+02    3.2104e+02 +/-  1.75e+01  <none>
  Background_Fail_HIGH_bin_5-7    2.7700e+02    2.7700e+02 +/-  1.63e+01  <none>
  Background_Fail_HIGH_bin_5-8    8.1016e+01    8.1015e+01 +/-  8.76e+00  <none>
  Background_Fail_HIGH_bin_6-1    3.2132e+03    3.2131e+03 +/-  5.56e+01  <none>
  Background_Fail_HIGH_bin_6-2    2.1335e+03    2.1335e+03 +/-  4.53e+01  <none>
  Background_Fail_HIGH_bin_6-3    1.2251e+03    1.2251e+03 +/-  3.43e+01  <none>
  Background_Fail_HIGH_bin_6-4    8.3784e+02    8.3784e+02 +/-  2.83e+01  <none>
  Background_Fail_HIGH_bin_6-5    3.6809e+02    3.6809e+02 +/-  1.88e+01  <none>
  Background_Fail_HIGH_bin_6-6    2.0808e+02    2.0808e+02 +/-  1.41e+01  <none>
  Background_Fail_HIGH_bin_6-7    1.5905e+02    1.5905e+02 +/-  1.23e+01  <none>
  Background_Fail_HIGH_bin_6-8    6.1214e+01    6.1214e+01 +/-  7.63e+00  <none>
  Background_Fail_HIGH_bin_7-1    2.4956e+03    2.4956e+03 +/-  4.91e+01  <none>
  Background_Fail_HIGH_bin_7-2    1.5868e+03    1.5868e+03 +/-  3.94e+01  <none>
  Background_Fail_HIGH_bin_7-3    9.0193e+02    9.0192e+02 +/-  2.95e+01  <none>
  Background_Fail_HIGH_bin_7-4    6.5775e+02    6.5775e+02 +/-  2.51e+01  <none>
  Background_Fail_HIGH_bin_7-5    3.3958e+02    3.3958e+02 +/-  1.81e+01  <none>
  Background_Fail_HIGH_bin_7-6    1.6134e+02    1.6134e+02 +/-  1.24e+01  <none>
  Background_Fail_HIGH_bin_7-7    1.4942e+02    1.4941e+02 +/-  1.20e+01  <none>
  Background_Fail_HIGH_bin_7-8    3.7427e+01    3.7426e+01 +/-  6.00e+00  <none>
  Background_Fail_LOW_bin_1-1    1.0022e-06    1.0913e-06 +/-  4.74e-01  <none>
  Background_Fail_LOW_bin_1-2    1.0021e-06    1.0021e-06 +/-  4.72e-01  <none>
  Background_Fail_LOW_bin_1-3    1.0019e-06    1.3098e-06 +/-  4.71e-01  <none>
  Background_Fail_LOW_bin_1-4    1.0018e-06    1.0005e-06 +/-  4.70e-01  <none>
  Background_Fail_LOW_bin_1-5    1.0016e-06    1.0034e-06 +/-  4.68e-01  <none>
  Background_Fail_LOW_bin_1-6    1.0015e-06    1.0154e-06 +/-  4.69e-01  <none>
  Background_Fail_LOW_bin_1-7    1.0013e-06    1.4703e-06 +/-  4.67e-01  <none>
  Background_Fail_LOW_bin_2-1    1.2296e+05    1.2296e+05 +/-  3.45e+02  <none>
  Background_Fail_LOW_bin_2-2    9.5774e+04    9.5774e+04 +/-  3.10e+02  <none>
  Background_Fail_LOW_bin_2-3    5.8038e+04    5.8037e+04 +/-  2.41e+02  <none>
  Background_Fail_LOW_bin_2-4    3.3081e+04    3.3081e+04 +/-  1.87e+02  <none>
  Background_Fail_LOW_bin_2-5    9.6397e+03    9.6392e+03 +/-  9.78e+01  <none>
  Background_Fail_LOW_bin_2-6    1.4423e+03    1.4422e+03 +/-  3.75e+01  <none>
  Background_Fail_LOW_bin_2-7    1.3001e+02    1.3002e+02 +/-  1.19e+01  <none>
  Background_Fail_SIG_bin_1-1    5.8484e+04    5.8484e+04 +/-  2.37e+02  <none>
  Background_Fail_SIG_bin_1-2    4.4638e+04    4.4638e+04 +/-  2.09e+02  <none>
  Background_Fail_SIG_bin_1-3    2.7051e+04    2.7050e+04 +/-  1.64e+02  <none>
  Background_Fail_SIG_bin_1-4    1.5741e+04    1.5741e+04 +/-  1.25e+02  <none>
  Background_Fail_SIG_bin_1-5    5.1957e+03    5.1959e+03 +/-  7.04e+01  <none>
  Background_Fail_SIG_bin_1-6    1.0280e+03    1.0280e+03 +/-  3.10e+01  <none>
  Background_Fail_SIG_bin_1-7    1.2101e+02    1.2101e+02 +/-  1.06e+01  <none>
  Background_Fail_SIG_bin_1-8    5.4283e+00    5.4276e+00 +/-  2.28e+00  <none>
  Background_Fail_SIG_bin_2-1    4.8858e+04    4.8858e+04 +/-  2.17e+02  <none>
  Background_Fail_SIG_bin_2-2    3.7312e+04    3.7311e+04 +/-  1.91e+02  <none>
  Background_Fail_SIG_bin_2-3    2.3008e+04    2.3008e+04 +/-  1.50e+02  <none>
  Background_Fail_SIG_bin_2-4    1.3765e+04    1.3764e+04 +/-  1.19e+02  <none>
  Background_Fail_SIG_bin_2-5    4.7890e+03    4.7890e+03 +/-  6.81e+01  <none>
  Background_Fail_SIG_bin_2-6    1.0588e+03    1.0588e+03 +/-  3.15e+01  <none>
  Background_Fail_SIG_bin_2-7    1.3398e+02    1.3397e+02 +/-  1.17e+01  <none>
  Background_Fail_SIG_bin_2-8    3.5265e+00    3.5249e+00 +/-  1.86e+00  <none>
  Background_Fail_SIG_bin_3-1    4.1184e+04    4.1184e+04 +/-  1.99e+02  <none>
  Background_Fail_SIG_bin_3-2    3.1591e+04    3.1590e+04 +/-  1.74e+02  <none>
  Background_Fail_SIG_bin_3-3    1.8965e+04    1.8965e+04 +/-  1.37e+02  <none>
  Background_Fail_SIG_bin_3-4    1.1606e+04    1.1606e+04 +/-  1.07e+02  <none>
  Background_Fail_SIG_bin_3-5    4.2263e+03    4.2262e+03 +/-  6.34e+01  <none>
  Background_Fail_SIG_bin_3-6    1.0435e+03    1.0435e+03 +/-  3.13e+01  <none>
  Background_Fail_SIG_bin_3-7    1.5464e+02    1.5461e+02 +/-  1.25e+01  <none>
  Background_Fail_SIG_bin_3-8    3.5774e+00    3.5767e+00 +/-  1.86e+00  <none>
  Background_Fail_SIG_bin_4-1    3.4500e+04    3.4500e+04 +/-  1.82e+02  <none>
  Background_Fail_SIG_bin_4-2    2.6344e+04    2.6344e+04 +/-  1.60e+02  <none>
  Background_Fail_SIG_bin_4-3    1.6175e+04    1.6175e+04 +/-  1.25e+02  <none>
  Background_Fail_SIG_bin_4-4    9.7472e+03    9.7469e+03 +/-  9.78e+01  <none>
  Background_Fail_SIG_bin_4-5    3.6334e+03    3.6334e+03 +/-  5.89e+01  <none>
  Background_Fail_SIG_bin_4-6    1.0649e+03    1.0649e+03 +/-  3.16e+01  <none>
  Background_Fail_SIG_bin_4-7    2.1253e+02    2.1253e+02 +/-  1.41e+01  <none>
  Background_Fail_SIG_bin_4-8    6.4821e+00    6.4808e+00 +/-  2.47e+00  <none>
  Background_Fail_SIG_bin_5-1    2.9473e+04    2.9473e+04 +/-  1.68e+02  <none>
  Background_Fail_SIG_bin_5-2    2.2770e+04    2.2769e+04 +/-  1.48e+02  <none>
  Background_Fail_SIG_bin_5-3    1.3609e+04    1.3609e+04 +/-  1.15e+02  <none>
  Background_Fail_SIG_bin_5-4    8.3493e+03    8.3491e+03 +/-  9.01e+01  <none>
  Background_Fail_SIG_bin_5-5    3.1917e+03    3.1916e+03 +/-  5.52e+01  <none>
  Background_Fail_SIG_bin_5-6    1.0260e+03    1.0260e+03 +/-  3.10e+01  <none>
  Background_Fail_SIG_bin_5-7    2.6991e+02    2.6990e+02 +/-  1.60e+01  <none>
  Background_Fail_SIG_bin_5-8    6.4573e+00    6.4562e+00 +/-  2.47e+00  <none>
  Background_rpf_1x1_par0    2.5003e-01    2.5003e-01 +/-  8.24e-03  <none>
  Background_rpf_1x1_par1   -1.3295e-01   -1.3293e-01 +/-  7.18e-03  <none>
  Background_rpf_1x1_par2    2.1544e-01    2.1544e-01 +/-  7.17e-03  <none>
  Background_rpf_1x1_par3    8.9144e-02    8.9048e-02 +/-  1.10e-02  <none>
                     F   -2.2679e-02   -2.1294e-02 +/-  1.62e-01  <none>
                   JER   -5.5889e-02   -5.5209e-02 +/-  1.79e-01  <none>
                   JES   -1.8095e-01   -1.8176e-01 +/-  1.21e-01  <none>
                   JMR    1.8388e+00    1.8528e+00 +/-  3.35e-01  <none>
                   JMS   -1.1489e-01   -1.1667e-01 +/-  1.15e-01  <none>
                PS_FSR    2.0930e-02    2.0836e-02 +/-  7.94e-02  <none>
                PS_ISR   -1.4603e+00   -1.4447e+00 +/-  4.50e-01  <none>
                     R   -9.6347e-02   -9.7576e-02 +/-  1.83e-01  <none>
                    RF   -1.4744e-01   -1.4631e-01 +/-  1.89e-01  <none>
                  btag    6.3020e-02    6.4826e-02 +/-  1.72e-01  <none>
                  lumi    2.8229e-01    2.8233e-01 +/-  9.87e-01  <none>
                   pdf   -7.7204e-03   -7.7584e-03 +/-  1.68e-01  <none>
                pileup    1.2862e-02    1.2144e-02 +/-  1.61e-01  <none>
               prefire   -3.7232e-03   -3.7093e-03 +/-  1.67e-01  <none>
                     r    1.0000e+00    1.0000e+00 +/-  8.77e-02  <none>
              top_ptrw    0.0000e+00    0.0000e+00 +/-  1.57e-01  <none>
            ttbar_xsec    3.7496e+00    3.7571e+00 +/-  4.41e-01  <none>

Robus Fit for POI 
Set default minimizer to Minuit2, algorithm Migrad, tolerance 0.1
Searching for crossing at nll = -36371.6 in the interval 1, 5
  [WARNING] Found [Background_Fail_LOW_bin_1-1] at boundary. 
  [WARNING] Found [Background_Fail_LOW_bin_1-2] at boundary. 
  [WARNING] Found [Background_Fail_LOW_bin_1-3] at boundary. 
  [WARNING] Found [Background_Fail_LOW_bin_1-4] at boundary. 
  [WARNING] Found [Background_Fail_LOW_bin_1-5] at boundary. 
  [WARNING] Found [Background_Fail_LOW_bin_1-6] at boundary. 
  [WARNING] Found [Background_Fail_LOW_bin_1-7] at boundary. 
 [WARNING] After the fit some parameters are at their boundary.
 [WARNING] Are you sure your model is correct?
      r      lvl-here  lvl-there   stepping
 [WARNING] After the fit some parameters are at their boundary.
 [WARNING] Are you sure your model is correct?
1.400000    -1.76843  +0.49456    0.400000
 [WARNING] After the fit some parameters are at their boundary.
 [WARNING] Are you sure your model is correct?
1.120000    -0.17669  -1.76843    0.120000
 [WARNING] After the fit some parameters are at their boundary.
 [WARNING] Are you sure your model is correct?
1.036000    +0.29392  -0.17669    0.036000
 [WARNING] After the fit some parameters are at their boundary.
 [WARNING] Are you sure your model is correct?
1.072000    +0.09262  +0.29392    0.036000
 [WARNING] After the fit some parameters are at their boundary.
 [WARNING] Are you sure your model is correct?
1.108000    -0.10931  +0.09262    0.036000
 [WARNING] After the fit some parameters are at their boundary.
 [WARNING] Are you sure your model is correct?
1.082800    +0.03212  -0.10931    0.010800
 [WARNING] After the fit some parameters are at their boundary.
 [WARNING] Are you sure your model is correct?
1.093600    -0.02843  +0.03212    0.010800
 [WARNING] After the fit some parameters are at their boundary.
 [WARNING] Are you sure your model is correct?
1.086040    +0.01398  -0.02843    0.003240
 [WARNING] After the fit some parameters are at their boundary.
 [WARNING] Are you sure your model is correct?
1.089280    -0.00418  +0.01398    0.003240
 [WARNING] After the fit some parameters are at their boundary.
 [WARNING] Are you sure your model is correct?
1.087012    +0.00854  -0.00418    0.000972
 [WARNING] After the fit some parameters are at their boundary.
 [WARNING] Are you sure your model is correct?
1.087984    +0.00310  +0.00854    0.000972
 [WARNING] After the fit some parameters are at their boundary.
 [WARNING] Are you sure your model is correct?
1.088956    -0.00235  +0.00310    0.000972
 [WARNING] After the fit some parameters are at their boundary.
 [WARNING] Are you sure your model is correct?
1.088276    +0.00146  -0.00235    0.000292
 [WARNING] After the fit some parameters are at their boundary.
 [WARNING] Are you sure your model is correct?
1.088567    -0.00017  +0.00146    0.000292
Set default minimizer to Minuit2, algorithm Migrad, tolerance 0.1
Searching for crossing at nll = -36371.6 in the interval 1, 1
 [WARNING] After the fit some parameters are at their boundary.
 [WARNING] Are you sure your model is correct?
      r      lvl-here  lvl-there   stepping
 [WARNING] After the fit some parameters are at their boundary.
 [WARNING] Are you sure your model is correct?
1.000000    +0.49458  +0.49456    -0.000000
Error: closed range without finding crossing.

  RooFitResult: minimized FCN value: -0.00124801, estimated distance to minimum: 0.000141577
                covariance matrix quality: Full matrix, but forced positive-definite
                Status : MINIMIZE=0 HESSE=0 

    Constant Parameter    Value     
  --------------------  ------------
                  F_In    0.0000e+00
                JER_In    0.0000e+00
                JES_In    0.0000e+00
                JMR_In    0.0000e+00
                JMS_In    0.0000e+00
             PS_FSR_In    0.0000e+00
             PS_ISR_In    0.0000e+00
                 RF_In    0.0000e+00
                  R_In    0.0000e+00
               btag_In    0.0000e+00
               lumi_In    0.0000e+00
  n_exp_binFail_HIGH_proc_Background    1.0000e+00
  n_exp_binFail_LOW_proc_Background    1.0000e+00
  n_exp_binFail_SIG_proc_Background    1.0000e+00
  n_exp_binLoose_HIGH_proc_Background_1x1    1.0000e+00
  n_exp_binLoose_LOW_proc_Background_1x1    1.0000e+00
  n_exp_binLoose_SIG_proc_Background_1x1    1.0000e+00
                pdf_In    0.0000e+00
             pileup_In    0.0000e+00
            prefire_In    0.0000e+00
           top_ptrw_In    0.0000e+00
         ttbar_xsec_In    0.0000e+00

    Floating Parameter  InitialValue    FinalValue (+HiError,-LoError)    GblCorr.
  --------------------  ------------  ----------------------------------  --------
  Background_Fail_HIGH_bin_1-1    9.4804e+04    9.4805e+04         +/-  3.03e+02  <none>
  Background_Fail_HIGH_bin_1-2    7.0996e+04    7.0996e+04         +/-  2.64e+02  <none>
  Background_Fail_HIGH_bin_1-3    4.3081e+04    4.3082e+04         +/-  2.04e+02  <none>
  Background_Fail_HIGH_bin_1-4    2.6971e+04    2.6971e+04         +/-  1.61e+02  <none>
  Background_Fail_HIGH_bin_1-5    1.0875e+04    1.0875e+04         +/-  1.02e+02  <none>
  Background_Fail_HIGH_bin_1-6    3.8041e+03    3.8042e+03         +/-  6.00e+01  <none>
  Background_Fail_HIGH_bin_1-7    1.3452e+03    1.3451e+03         +/-  3.58e+01  <none>
  Background_Fail_HIGH_bin_1-8    4.4064e+01    4.4063e+01         +/-  6.42e+00  <none>
  Background_Fail_HIGH_bin_2-1    4.5151e+04    4.5151e+04         +/-  2.08e+02  <none>
  Background_Fail_HIGH_bin_2-2    3.2847e+04    3.2847e+04         +/-  1.79e+02  <none>
  Background_Fail_HIGH_bin_2-3    1.9489e+04    1.9489e+04         +/-  1.37e+02  <none>
  Background_Fail_HIGH_bin_2-4    1.2308e+04    1.2308e+04         +/-  1.10e+02  <none>
  Background_Fail_HIGH_bin_2-5    5.3526e+03    5.3525e+03         +/-  7.13e+01  <none>
  Background_Fail_HIGH_bin_2-6    2.2271e+03    2.2271e+03         +/-  4.58e+01  <none>
  Background_Fail_HIGH_bin_2-7    1.2143e+03    1.2143e+03         +/-  3.38e+01  <none>
  Background_Fail_HIGH_bin_2-8    9.6138e+01    9.6138e+01         +/-  9.50e+00  <none>
  Background_Fail_HIGH_bin_3-1    2.2517e+04    2.2517e+04         +/-  1.47e+02  <none>
  Background_Fail_HIGH_bin_3-2    1.6133e+04    1.6133e+04         +/-  1.24e+02  <none>
  Background_Fail_HIGH_bin_3-3    9.4130e+03    9.4133e+03         +/-  9.67e+01  <none>
  Background_Fail_HIGH_bin_3-4    6.2360e+03    6.2360e+03         +/-  7.79e+01  <none>
  Background_Fail_HIGH_bin_3-5    2.6806e+03    2.6806e+03         +/-  5.04e+01  <none>
  Background_Fail_HIGH_bin_3-6    1.0932e+03    1.0933e+03         +/-  3.24e+01  <none>
  Background_Fail_HIGH_bin_3-7    7.8162e+02    7.8162e+02         +/-  2.71e+01  <none>
  Background_Fail_HIGH_bin_3-8    1.2491e+02    1.2491e+02         +/-  1.08e+01  <none>
  Background_Fail_HIGH_bin_4-1    1.1641e+04    1.1641e+04         +/-  1.06e+02  <none>
  Background_Fail_HIGH_bin_4-2    8.1100e+03    8.1100e+03         +/-  8.80e+01  <none>
  Background_Fail_HIGH_bin_4-3    4.7689e+03    4.7689e+03         +/-  6.74e+01  <none>
  Background_Fail_HIGH_bin_4-4    3.0616e+03    3.0614e+03         +/-  5.44e+01  <none>
  Background_Fail_HIGH_bin_4-5    1.4152e+03    1.4152e+03         +/-  3.67e+01  <none>
  Background_Fail_HIGH_bin_4-6    6.1385e+02    6.1386e+02         +/-  2.41e+01  <none>
  Background_Fail_HIGH_bin_4-7    4.6784e+02    4.6784e+02         +/-  2.10e+01  <none>
  Background_Fail_HIGH_bin_4-8    1.2252e+02    1.2252e+02         +/-  1.08e+01  <none>
  Background_Fail_HIGH_bin_5-1    6.0201e+03    6.0201e+03         +/-  7.60e+01  <none>
  Background_Fail_HIGH_bin_5-2    4.1240e+03    4.1240e+03         +/-  6.28e+01  <none>
  Background_Fail_HIGH_bin_5-3    2.3218e+03    2.3218e+03         +/-  4.72e+01  <none>
  Background_Fail_HIGH_bin_5-4    1.5611e+03    1.5611e+03         +/-  3.86e+01  <none>
  Background_Fail_HIGH_bin_5-5    7.3692e+02    7.3692e+02         +/-  2.65e+01  <none>
  Background_Fail_HIGH_bin_5-6    3.2104e+02    3.2104e+02         +/-  1.75e+01  <none>
  Background_Fail_HIGH_bin_5-7    2.7700e+02    2.7700e+02         +/-  1.63e+01  <none>
  Background_Fail_HIGH_bin_5-8    8.1016e+01    8.1015e+01         +/-  8.76e+00  <none>
  Background_Fail_HIGH_bin_6-1    3.2132e+03    3.2131e+03         +/-  5.56e+01  <none>
  Background_Fail_HIGH_bin_6-2    2.1335e+03    2.1335e+03         +/-  4.53e+01  <none>
  Background_Fail_HIGH_bin_6-3    1.2251e+03    1.2251e+03         +/-  3.43e+01  <none>
  Background_Fail_HIGH_bin_6-4    8.3784e+02    8.3784e+02         +/-  2.83e+01  <none>
  Background_Fail_HIGH_bin_6-5    3.6809e+02    3.6809e+02         +/-  1.88e+01  <none>
  Background_Fail_HIGH_bin_6-6    2.0808e+02    2.0808e+02         +/-  1.41e+01  <none>
  Background_Fail_HIGH_bin_6-7    1.5905e+02    1.5905e+02         +/-  1.23e+01  <none>
  Background_Fail_HIGH_bin_6-8    6.1214e+01    6.1214e+01         +/-  7.63e+00  <none>
  Background_Fail_HIGH_bin_7-1    2.4956e+03    2.4956e+03         +/-  4.91e+01  <none>
  Background_Fail_HIGH_bin_7-2    1.5868e+03    1.5868e+03         +/-  3.94e+01  <none>
  Background_Fail_HIGH_bin_7-3    9.0193e+02    9.0192e+02         +/-  2.95e+01  <none>
  Background_Fail_HIGH_bin_7-4    6.5775e+02    6.5775e+02         +/-  2.51e+01  <none>
  Background_Fail_HIGH_bin_7-5    3.3958e+02    3.3958e+02         +/-  1.81e+01  <none>
  Background_Fail_HIGH_bin_7-6    1.6134e+02    1.6134e+02         +/-  1.24e+01  <none>
  Background_Fail_HIGH_bin_7-7    1.4942e+02    1.4941e+02         +/-  1.20e+01  <none>
  Background_Fail_HIGH_bin_7-8    3.7427e+01    3.7426e+01         +/-  6.00e+00  <none>
  Background_Fail_LOW_bin_1-1    1.0022e-06    1.0913e-06         +/-  4.74e-01  <none>
  Background_Fail_LOW_bin_1-2    1.0021e-06    1.0021e-06         +/-  4.72e-01  <none>
  Background_Fail_LOW_bin_1-3    1.0019e-06    1.3098e-06         +/-  4.71e-01  <none>
  Background_Fail_LOW_bin_1-4    1.0018e-06    1.0005e-06         +/-  4.70e-01  <none>
  Background_Fail_LOW_bin_1-5    1.0016e-06    1.0034e-06         +/-  4.68e-01  <none>
  Background_Fail_LOW_bin_1-6    1.0015e-06    1.0154e-06         +/-  4.69e-01  <none>
  Background_Fail_LOW_bin_1-7    1.0013e-06    1.4703e-06         +/-  4.67e-01  <none>
  Background_Fail_LOW_bin_2-1    1.2296e+05    1.2296e+05         +/-  3.45e+02  <none>
  Background_Fail_LOW_bin_2-2    9.5774e+04    9.5774e+04         +/-  3.10e+02  <none>
  Background_Fail_LOW_bin_2-3    5.8038e+04    5.8037e+04         +/-  2.41e+02  <none>
  Background_Fail_LOW_bin_2-4    3.3081e+04    3.3081e+04         +/-  1.87e+02  <none>
  Background_Fail_LOW_bin_2-5    9.6397e+03    9.6392e+03         +/-  9.78e+01  <none>
  Background_Fail_LOW_bin_2-6    1.4423e+03    1.4422e+03         +/-  3.75e+01  <none>
  Background_Fail_LOW_bin_2-7    1.3001e+02    1.3002e+02         +/-  1.19e+01  <none>
  Background_Fail_SIG_bin_1-1    5.8484e+04    5.8484e+04         +/-  2.37e+02  <none>
  Background_Fail_SIG_bin_1-2    4.4638e+04    4.4638e+04         +/-  2.09e+02  <none>
  Background_Fail_SIG_bin_1-3    2.7051e+04    2.7050e+04         +/-  1.64e+02  <none>
  Background_Fail_SIG_bin_1-4    1.5741e+04    1.5741e+04         +/-  1.25e+02  <none>
  Background_Fail_SIG_bin_1-5    5.1957e+03    5.1959e+03         +/-  7.04e+01  <none>
  Background_Fail_SIG_bin_1-6    1.0280e+03    1.0280e+03         +/-  3.10e+01  <none>
  Background_Fail_SIG_bin_1-7    1.2101e+02    1.2101e+02         +/-  1.06e+01  <none>
  Background_Fail_SIG_bin_1-8    5.4283e+00    5.4276e+00         +/-  2.28e+00  <none>
  Background_Fail_SIG_bin_2-1    4.8858e+04    4.8858e+04         +/-  2.17e+02  <none>
  Background_Fail_SIG_bin_2-2    3.7312e+04    3.7311e+04         +/-  1.91e+02  <none>
  Background_Fail_SIG_bin_2-3    2.3008e+04    2.3008e+04         +/-  1.50e+02  <none>
  Background_Fail_SIG_bin_2-4    1.3765e+04    1.3764e+04         +/-  1.19e+02  <none>
  Background_Fail_SIG_bin_2-5    4.7890e+03    4.7890e+03         +/-  6.81e+01  <none>
  Background_Fail_SIG_bin_2-6    1.0588e+03    1.0588e+03         +/-  3.15e+01  <none>
  Background_Fail_SIG_bin_2-7    1.3398e+02    1.3397e+02         +/-  1.17e+01  <none>
  Background_Fail_SIG_bin_2-8    3.5265e+00    3.5249e+00         +/-  1.86e+00  <none>
  Background_Fail_SIG_bin_3-1    4.1184e+04    4.1184e+04         +/-  1.99e+02  <none>
  Background_Fail_SIG_bin_3-2    3.1591e+04    3.1590e+04         +/-  1.74e+02  <none>
  Background_Fail_SIG_bin_3-3    1.8965e+04    1.8965e+04         +/-  1.37e+02  <none>
  Background_Fail_SIG_bin_3-4    1.1606e+04    1.1606e+04         +/-  1.07e+02  <none>
  Background_Fail_SIG_bin_3-5    4.2263e+03    4.2262e+03         +/-  6.34e+01  <none>
  Background_Fail_SIG_bin_3-6    1.0435e+03    1.0435e+03         +/-  3.13e+01  <none>
  Background_Fail_SIG_bin_3-7    1.5464e+02    1.5461e+02         +/-  1.25e+01  <none>
  Background_Fail_SIG_bin_3-8    3.5774e+00    3.5767e+00         +/-  1.86e+00  <none>
  Background_Fail_SIG_bin_4-1    3.4500e+04    3.4500e+04         +/-  1.82e+02  <none>
  Background_Fail_SIG_bin_4-2    2.6344e+04    2.6344e+04         +/-  1.60e+02  <none>
  Background_Fail_SIG_bin_4-3    1.6175e+04    1.6175e+04         +/-  1.25e+02  <none>
  Background_Fail_SIG_bin_4-4    9.7472e+03    9.7469e+03         +/-  9.78e+01  <none>
  Background_Fail_SIG_bin_4-5    3.6334e+03    3.6334e+03         +/-  5.89e+01  <none>
  Background_Fail_SIG_bin_4-6    1.0649e+03    1.0649e+03         +/-  3.16e+01  <none>
  Background_Fail_SIG_bin_4-7    2.1253e+02    2.1253e+02         +/-  1.41e+01  <none>
  Background_Fail_SIG_bin_4-8    6.4821e+00    6.4808e+00         +/-  2.47e+00  <none>
  Background_Fail_SIG_bin_5-1    2.9473e+04    2.9473e+04         +/-  1.68e+02  <none>
  Background_Fail_SIG_bin_5-2    2.2770e+04    2.2769e+04         +/-  1.48e+02  <none>
  Background_Fail_SIG_bin_5-3    1.3609e+04    1.3609e+04         +/-  1.15e+02  <none>
  Background_Fail_SIG_bin_5-4    8.3493e+03    8.3491e+03         +/-  9.01e+01  <none>
  Background_Fail_SIG_bin_5-5    3.1917e+03    3.1916e+03         +/-  5.52e+01  <none>
  Background_Fail_SIG_bin_5-6    1.0260e+03    1.0260e+03         +/-  3.10e+01  <none>
  Background_Fail_SIG_bin_5-7    2.6991e+02    2.6990e+02         +/-  1.60e+01  <none>
  Background_Fail_SIG_bin_5-8    6.4573e+00    6.4562e+00         +/-  2.47e+00  <none>
  Background_rpf_1x1_par0    2.5003e-01    2.5003e-01         +/-  8.24e-03  <none>
  Background_rpf_1x1_par1   -1.3295e-01   -1.3293e-01         +/-  7.18e-03  <none>
  Background_rpf_1x1_par2    2.1544e-01    2.1544e-01         +/-  7.17e-03  <none>
  Background_rpf_1x1_par3    8.9144e-02    8.9048e-02         +/-  1.10e-02  <none>
                     F   -2.2679e-02   -2.1294e-02         +/-  1.62e-01  <none>
                   JER   -5.5889e-02   -5.5209e-02         +/-  1.79e-01  <none>
                   JES   -1.8095e-01   -1.8176e-01         +/-  1.21e-01  <none>
                   JMR    1.8388e+00    1.8528e+00         +/-  3.35e-01  <none>
                   JMS   -1.1489e-01   -1.1667e-01         +/-  1.15e-01  <none>
                PS_FSR    2.0930e-02    2.0836e-02         +/-  7.94e-02  <none>
                PS_ISR   -1.4603e+00   -1.4447e+00         +/-  4.50e-01  <none>
                     R   -9.6347e-02   -9.7576e-02         +/-  1.83e-01  <none>
                    RF   -1.4744e-01   -1.4631e-01         +/-  1.89e-01  <none>
                  btag    6.3020e-02    6.4826e-02         +/-  1.72e-01  <none>
                  lumi    2.8229e-01    2.8233e-01         +/-  9.87e-01  <none>
                   pdf   -7.7204e-03   -7.7584e-03         +/-  1.68e-01  <none>
                pileup    1.2862e-02    1.2144e-02         +/-  1.61e-01  <none>
               prefire   -3.7232e-03   -3.7093e-03         +/-  1.67e-01  <none>
                     r    1.0000e+00    1.0000e+00 (+8.84e-02,--0.00e+00)  <none>
              top_ptrw    0.0000e+00    0.0000e+00         +/-  1.57e-01  <none>
            ttbar_xsec    3.7496e+00    3.7571e+00         +/-  4.41e-01  <none>


 --- FitDiagnostics ---
Best fit r: 1  -5.67102e-13/+0.0884155  (68% CL)
Done in 0.08 min (cpu), 0.08 min (real)
Printing Message Summary From ... combine_logger.out
----------------------------------------------
Messages of type INFO : 242
Messages of type DEBUG : 2
Messages of type ERROR : 2
----------------------------------------------
INFO: (function: applyOptionsBase) FitterAlgoBase.cc: 113 -- Setting robust fit options to Tolerance=0.1 / Strategy=0 / Type,Algo=Minuit2,Migrad (note that defaults of CascadeMinimizer were taken where option not specified)
INFO: (function: improveOnce) CascadeMinimizer.cc: 188 -- Minimisation configured with Type=Minuit2, Algo=Migrad, strategy=0, tolerance=0.1
INFO: (function: improveOnce) CascadeMinimizer.cc: 211 -- Minimisation finished with status=0
INFO: (function: improveOnce) CascadeMinimizer.cc: 216 -- Minimization success! status=0
INFO: (function: improveOnce) CascadeMinimizer.cc: 188 -- Minimisation configured with Type=Minuit2, Algo=Migrad, strategy=0, tolerance=0.1
INFO: (function: improveOnce) CascadeMinimizer.cc: 211 -- Minimisation finished with status=0
INFO: (function: improveOnce) CascadeMinimizer.cc: 216 -- Minimization success! status=0
INFO: (function: improveOnce) CascadeMinimizer.cc: 188 -- Minimisation configured with Type=Minuit2, Algo=Migrad, strategy=0, tolerance=0.1
INFO: (function: improveOnce) CascadeMinimizer.cc: 211 -- Minimisation finished with status=0
INFO: (function: improveOnce) CascadeMinimizer.cc: 216 -- Minimization success! status=0
INFO: (function: anyParameterAtBoundaries) utils.cc: 1039 -- Found parameter Background_Fail_LOW_bin_1-1 at boundary (within ~1sigma): 1.00028e-06+/-0.494632
INFO: (function: anyParameterAtBoundaries) utils.cc: 1039 -- Found parameter Background_Fail_LOW_bin_1-2 at boundary (within ~1sigma): 1.00028e-06+/-0.494127
INFO: (function: anyParameterAtBoundaries) utils.cc: 1039 -- Found parameter Background_Fail_LOW_bin_1-3 at boundary (within ~1sigma): 1.00028e-06+/-0.493572
INFO: (function: anyParameterAtBoundaries) utils.cc: 1039 -- Found parameter Background_Fail_LOW_bin_1-4 at boundary (within ~1sigma): 1.00028e-06+/-0.493069
INFO: (function: anyParameterAtBoundaries) utils.cc: 1039 -- Found parameter Background_Fail_LOW_bin_1-5 at boundary (within ~1sigma): 1.00028e-06+/-0.492565
INFO: (function: anyParameterAtBoundaries) utils.cc: 1039 -- Found parameter Background_Fail_LOW_bin_1-6 at boundary (within ~1sigma): 1.00028e-06+/-0.492063
INFO: (function: anyParameterAtBoundaries) utils.cc: 1039 -- Found parameter Background_Fail_LOW_bin_1-7 at boundary (within ~1sigma): 1.00028e-06+/-0.491311
INFO: (function: minimize) CascadeMinimizer.cc: 480 -- After fit, some parameters are found at the boundary (within ~1sigma)
INFO: (function: improveOnce) CascadeMinimizer.cc: 188 -- Minimisation configured with Type=Minuit2, Algo=Migrad, strategy=0, tolerance=0.1
INFO: (function: improveOnce) CascadeMinimizer.cc: 211 -- Minimisation finished with status=0
INFO: (function: improveOnce) CascadeMinimizer.cc: 216 -- Minimization success! status=0
DEBUG: (function: runSpecific) FitDiagnostics.cc: 318 -- Fit B-only, status = 0, numBadNLL = 0, covariance quality = 3
INFO: (function: improveOnce) CascadeMinimizer.cc: 188 -- Minimisation configured with Type=Minuit2, Algo=Migrad, strategy=0, tolerance=0.1
INFO: (function: improveOnce) CascadeMinimizer.cc: 211 -- Minimisation finished with status=0
INFO: (function: improveOnce) CascadeMinimizer.cc: 216 -- Minimization success! status=0
INFO: (function: anyParameterAtBoundaries) utils.cc: 1039 -- Found parameter Background_Fail_LOW_bin_1-1 at boundary (within ~1sigma): 1.00216e-06+/-0.494519
INFO: (function: anyParameterAtBoundaries) utils.cc: 1039 -- Found parameter Background_Fail_LOW_bin_1-2 at boundary (within ~1sigma): 1.00205e-06+/-0.494018
INFO: (function: anyParameterAtBoundaries) utils.cc: 1039 -- Found parameter Background_Fail_LOW_bin_1-3 at boundary (within ~1sigma): 1.00189e-06+/-0.493469
INFO: (function: anyParameterAtBoundaries) utils.cc: 1039 -- Found parameter Background_Fail_LOW_bin_1-4 at boundary (within ~1sigma): 1.00178e-06+/-0.49297
INFO: (function: anyParameterAtBoundaries) utils.cc: 1039 -- Found parameter Background_Fail_LOW_bin_1-5 at boundary (within ~1sigma): 1.00161e-06+/-0.492472
INFO: (function: anyParameterAtBoundaries) utils.cc: 1039 -- Found parameter Background_Fail_LOW_bin_1-6 at boundary (within ~1sigma): 1.0015e-06+/-0.491974
INFO: (function: anyParameterAtBoundaries) utils.cc: 1039 -- Found parameter Background_Fail_LOW_bin_1-7 at boundary (within ~1sigma): 1.00133e-06+/-0.49123
INFO: (function: minimize) CascadeMinimizer.cc: 480 -- After fit, some parameters are found at the boundary (within ~1sigma)
INFO: (function: improveOnce) CascadeMinimizer.cc: 188 -- Minimisation configured with Type=Minuit2, Algo=Migrad, strategy=0, tolerance=0.1
INFO: (function: improveOnce) CascadeMinimizer.cc: 211 -- Minimisation finished with status=0
INFO: (function: improveOnce) CascadeMinimizer.cc: 216 -- Minimization success! status=0
INFO: (function: doFit) FitterAlgoBase.cc: 359 -- Running RobustFit for POI r. Configured with strategy 0  
INFO: (function: findCrossing) FitterAlgoBase.cc: 405 -- Searching for crossing at nll = -36371.6, in the interval 1 < r < 5
INFO: (function: improveOnce) CascadeMinimizer.cc: 188 -- Minimisation configured with Type=Minuit2, Algo=Migrad, strategy=0, tolerance=0.1
INFO: (function: improveOnce) CascadeMinimizer.cc: 211 -- Minimisation finished with status=0
INFO: (function: improveOnce) CascadeMinimizer.cc: 216 -- Minimization success! status=0
INFO: (function: anyParameterAtBoundaries) utils.cc: 1039 -- Found parameter Background_Fail_LOW_bin_1-1 at boundary (within ~1sigma): 1e-06+/-0.474437
INFO: (function: anyParameterAtBoundaries) utils.cc: 1039 -- Found parameter Background_Fail_LOW_bin_1-2 at boundary (within ~1sigma): 1.00011e-06+/-0.473448
INFO: (function: anyParameterAtBoundaries) utils.cc: 1039 -- Found parameter Background_Fail_LOW_bin_1-3 at boundary (within ~1sigma): 1.00855e-06+/-0.472423
INFO: (function: anyParameterAtBoundaries) utils.cc: 1039 -- Found parameter Background_Fail_LOW_bin_1-4 at boundary (within ~1sigma): 1.00389e-06+/-0.471378
INFO: (function: anyParameterAtBoundaries) utils.cc: 1039 -- Found parameter Background_Fail_LOW_bin_1-5 at boundary (within ~1sigma): 1.00061e-06+/-0.470438
INFO: (function: anyParameterAtBoundaries) utils.cc: 1039 -- Found parameter Background_Fail_LOW_bin_1-6 at boundary (within ~1sigma): 1.00366e-06+/-0.469488
INFO: (function: anyParameterAtBoundaries) utils.cc: 1039 -- Found parameter Background_Fail_LOW_bin_1-7 at boundary (within ~1sigma): 1.00022e-06+/-0.468021
INFO: (function: minimize) CascadeMinimizer.cc: 480 -- After fit, some parameters are found at the boundary (within ~1sigma)
INFO: (function: findCrossing) FitterAlgoBase.cc: 426 -- r lvl-here lvl-there 	stepping 
INFO: (function: improveOnce) CascadeMinimizer.cc: 188 -- Minimisation configured with Type=Minuit2, Algo=Migrad, strategy=0, tolerance=0.1
INFO: (function: improveOnce) CascadeMinimizer.cc: 211 -- Minimisation finished with status=0
INFO: (function: improveOnce) CascadeMinimizer.cc: 216 -- Minimization success! status=0
INFO: (function: anyParameterAtBoundaries) utils.cc: 1039 -- Found parameter Background_Fail_LOW_bin_1-1 at boundary (within ~1sigma): 1.0176e-06+/-0.474257
INFO: (function: anyParameterAtBoundaries) utils.cc: 1039 -- Found parameter Background_Fail_LOW_bin_1-2 at boundary (within ~1sigma): 1.38519e-06+/-0.471647
INFO: (function: anyParameterAtBoundaries) utils.cc: 1039 -- Found parameter Background_Fail_LOW_bin_1-3 at boundary (within ~1sigma): 1.39219e-06+/-0.470553
INFO: (function: anyParameterAtBoundaries) utils.cc: 1039 -- Found parameter Background_Fail_LOW_bin_1-4 at boundary (within ~1sigma): 1.37881e-06+/-0.469594
INFO: (function: anyParameterAtBoundaries) utils.cc: 1039 -- Found parameter Background_Fail_LOW_bin_1-5 at boundary (within ~1sigma): 1.35494e-06+/-0.468692
INFO: (function: anyParameterAtBoundaries) utils.cc: 1039 -- Found parameter Background_Fail_LOW_bin_1-6 at boundary (within ~1sigma): 1.39696e-06+/-0.467621
INFO: (function: anyParameterAtBoundaries) utils.cc: 1039 -- Found parameter Background_Fail_LOW_bin_1-7 at boundary (within ~1sigma): 1.36626e-06+/-0.466246
INFO: (function: minimize) CascadeMinimizer.cc: 480 -- After fit, some parameters are found at the boundary (within ~1sigma)
INFO: (function: findCrossing) FitterAlgoBase.cc: 459 -- 1.400000    -1.76843  +0.49456    0.400000
INFO: (function: improveOnce) CascadeMinimizer.cc: 188 -- Minimisation configured with Type=Minuit2, Algo=Migrad, strategy=0, tolerance=0.1
INFO: (function: improveOnce) CascadeMinimizer.cc: 211 -- Minimisation finished with status=0
INFO: (function: improveOnce) CascadeMinimizer.cc: 216 -- Minimization success! status=0
INFO: (function: anyParameterAtBoundaries) utils.cc: 1039 -- Found parameter Background_Fail_LOW_bin_1-1 at boundary (within ~1sigma): 1.05229e-06+/-0.474256
INFO: (function: anyParameterAtBoundaries) utils.cc: 1039 -- Found parameter Background_Fail_LOW_bin_1-2 at boundary (within ~1sigma): 2.23701e-06+/-0.46849
INFO: (function: anyParameterAtBoundaries) utils.cc: 1039 -- Found parameter Background_Fail_LOW_bin_1-3 at boundary (within ~1sigma): 1.49988e-06+/-0.470308
INFO: (function: anyParameterAtBoundaries) utils.cc: 1039 -- Found parameter Background_Fail_LOW_bin_1-4 at boundary (within ~1sigma): 2.66261e-06+/-0.464746
INFO: (function: anyParameterAtBoundaries) utils.cc: 1039 -- Found parameter Background_Fail_LOW_bin_1-5 at boundary (within ~1sigma): 1.93714e-06+/-0.466645
INFO: (function: anyParameterAtBoundaries) utils.cc: 1039 -- Found parameter Background_Fail_LOW_bin_1-6 at boundary (within ~1sigma): 1.64043e-06+/-0.466845
INFO: (function: anyParameterAtBoundaries) utils.cc: 1039 -- Found parameter Background_Fail_LOW_bin_1-7 at boundary (within ~1sigma): 1.85076e-06+/-0.464577
INFO: (function: minimize) CascadeMinimizer.cc: 480 -- After fit, some parameters are found at the boundary (within ~1sigma)
INFO: (function: findCrossing) FitterAlgoBase.cc: 459 -- 1.120000    -0.17669  -1.76843    0.120000
INFO: (function: improveOnce) CascadeMinimizer.cc: 188 -- Minimisation configured with Type=Minuit2, Algo=Migrad, strategy=0, tolerance=0.1
INFO: (function: improveOnce) CascadeMinimizer.cc: 211 -- Minimisation finished with status=0
INFO: (function: improveOnce) CascadeMinimizer.cc: 216 -- Minimization success! status=0
INFO: (function: anyParameterAtBoundaries) utils.cc: 1039 -- Found parameter Background_Fail_LOW_bin_1-1 at boundary (within ~1sigma): 1e-06+/-0.474406
INFO: (function: anyParameterAtBoundaries) utils.cc: 1039 -- Found parameter Background_Fail_LOW_bin_1-2 at boundary (within ~1sigma): 1.00838e-06+/-0.47345
INFO: (function: anyParameterAtBoundaries) utils.cc: 1039 -- Found parameter Background_Fail_LOW_bin_1-3 at boundary (within ~1sigma): 1.02015e-06+/-0.472284
INFO: (function: anyParameterAtBoundaries) utils.cc: 1039 -- Found parameter Background_Fail_LOW_bin_1-4 at boundary (within ~1sigma): 1.00205e-06+/-0.471379
INFO: (function: anyParameterAtBoundaries) utils.cc: 1039 -- Found parameter Background_Fail_LOW_bin_1-5 at boundary (within ~1sigma): 1.00289e-06+/-0.47037
INFO: (function: anyParameterAtBoundaries) utils.cc: 1039 -- Found parameter Background_Fail_LOW_bin_1-6 at boundary (within ~1sigma): 1.00794e-06+/-0.46939
INFO: (function: anyParameterAtBoundaries) utils.cc: 1039 -- Found parameter Background_Fail_LOW_bin_1-7 at boundary (within ~1sigma): 1.00416e-06+/-0.468004
INFO: (function: minimize) CascadeMinimizer.cc: 480 -- After fit, some parameters are found at the boundary (within ~1sigma)
INFO: (function: findCrossing) FitterAlgoBase.cc: 459 -- 1.036000    +0.29392  -0.17669    0.036000
INFO: (function: improveOnce) CascadeMinimizer.cc: 188 -- Minimisation configured with Type=Minuit2, Algo=Migrad, strategy=0, tolerance=0.1
INFO: (function: improveOnce) CascadeMinimizer.cc: 211 -- Minimisation finished with status=0
INFO: (function: improveOnce) CascadeMinimizer.cc: 216 -- Minimization success! status=0
INFO: (function: anyParameterAtBoundaries) utils.cc: 1039 -- Found parameter Background_Fail_LOW_bin_1-1 at boundary (within ~1sigma): 1.00033e-06+/-0.474448
INFO: (function: anyParameterAtBoundaries) utils.cc: 1039 -- Found parameter Background_Fail_LOW_bin_1-2 at boundary (within ~1sigma): 1.00072e-06+/-0.473442
INFO: (function: anyParameterAtBoundaries) utils.cc: 1039 -- Found parameter Background_Fail_LOW_bin_1-3 at boundary (within ~1sigma): 1.00261e-06+/-0.472374
INFO: (function: anyParameterAtBoundaries) utils.cc: 1039 -- Found parameter Background_Fail_LOW_bin_1-4 at boundary (within ~1sigma): 1.01371e-06+/-0.471424
INFO: (function: anyParameterAtBoundaries) utils.cc: 1039 -- Found parameter Background_Fail_LOW_bin_1-5 at boundary (within ~1sigma): 1.0025e-06+/-0.470427
INFO: (function: anyParameterAtBoundaries) utils.cc: 1039 -- Found parameter Background_Fail_LOW_bin_1-6 at boundary (within ~1sigma): 1.01088e-06+/-0.469481
INFO: (function: anyParameterAtBoundaries) utils.cc: 1039 -- Found parameter Background_Fail_LOW_bin_1-7 at boundary (within ~1sigma): 1.02803e-06+/-0.468061
INFO: (function: minimize) CascadeMinimizer.cc: 480 -- After fit, some parameters are found at the boundary (within ~1sigma)
INFO: (function: findCrossing) FitterAlgoBase.cc: 459 -- 1.072000    +0.09262  +0.29392    0.036000
INFO: (function: improveOnce) CascadeMinimizer.cc: 188 -- Minimisation configured with Type=Minuit2, Algo=Migrad, strategy=0, tolerance=0.1
INFO: (function: improveOnce) CascadeMinimizer.cc: 211 -- Minimisation finished with status=0
INFO: (function: improveOnce) CascadeMinimizer.cc: 216 -- Minimization success! status=0
INFO: (function: anyParameterAtBoundaries) utils.cc: 1039 -- Found parameter Background_Fail_LOW_bin_1-1 at boundary (within ~1sigma): 1.00011e-06+/-0.474418
INFO: (function: anyParameterAtBoundaries) utils.cc: 1039 -- Found parameter Background_Fail_LOW_bin_1-2 at boundary (within ~1sigma): 1.00455e-06+/-0.473458
INFO: (function: anyParameterAtBoundaries) utils.cc: 1039 -- Found parameter Background_Fail_LOW_bin_1-3 at boundary (within ~1sigma): 1.02998e-06+/-0.472425
INFO: (function: anyParameterAtBoundaries) utils.cc: 1039 -- Found parameter Background_Fail_LOW_bin_1-4 at boundary (within ~1sigma): 1.00427e-06+/-0.471405
INFO: (function: anyParameterAtBoundaries) utils.cc: 1039 -- Found parameter Background_Fail_LOW_bin_1-5 at boundary (within ~1sigma): 1.00722e-06+/-0.470441
INFO: (function: anyParameterAtBoundaries) utils.cc: 1039 -- Found parameter Background_Fail_LOW_bin_1-6 at boundary (within ~1sigma): 1.004e-06+/-0.469465
INFO: (function: anyParameterAtBoundaries) utils.cc: 1039 -- Found parameter Background_Fail_LOW_bin_1-7 at boundary (within ~1sigma): 1.00033e-06+/-0.468004
INFO: (function: minimize) CascadeMinimizer.cc: 480 -- After fit, some parameters are found at the boundary (within ~1sigma)
INFO: (function: findCrossing) FitterAlgoBase.cc: 459 -- 1.108000    -0.10931  +0.09262    0.036000
INFO: (function: improveOnce) CascadeMinimizer.cc: 188 -- Minimisation configured with Type=Minuit2, Algo=Migrad, strategy=0, tolerance=0.1
INFO: (function: improveOnce) CascadeMinimizer.cc: 211 -- Minimisation finished with status=0
INFO: (function: improveOnce) CascadeMinimizer.cc: 216 -- Minimization success! status=0
INFO: (function: anyParameterAtBoundaries) utils.cc: 1039 -- Found parameter Background_Fail_LOW_bin_1-1 at boundary (within ~1sigma): 1.01926e-06+/-0.474499
INFO: (function: anyParameterAtBoundaries) utils.cc: 1039 -- Found parameter Background_Fail_LOW_bin_1-2 at boundary (within ~1sigma): 1.02909e-06+/-0.47353
INFO: (function: anyParameterAtBoundaries) utils.cc: 1039 -- Found parameter Background_Fail_LOW_bin_1-3 at boundary (within ~1sigma): 1.02442e-06+/-0.472446
INFO: (function: anyParameterAtBoundaries) utils.cc: 1039 -- Found parameter Background_Fail_LOW_bin_1-4 at boundary (within ~1sigma): 1.00278e-06+/-0.471424
INFO: (function: anyParameterAtBoundaries) utils.cc: 1039 -- Found parameter Background_Fail_LOW_bin_1-5 at boundary (within ~1sigma): 1.03164e-06+/-0.470509
INFO: (function: anyParameterAtBoundaries) utils.cc: 1039 -- Found parameter Background_Fail_LOW_bin_1-6 at boundary (within ~1sigma): 1.00333e-06+/-0.469488
INFO: (function: anyParameterAtBoundaries) utils.cc: 1039 -- Found parameter Background_Fail_LOW_bin_1-7 at boundary (within ~1sigma): 1.00488e-06+/-0.467994
INFO: (function: minimize) CascadeMinimizer.cc: 480 -- After fit, some parameters are found at the boundary (within ~1sigma)
INFO: (function: findCrossing) FitterAlgoBase.cc: 459 -- 1.082800    +0.03212  -0.10931    0.010800
INFO: (function: improveOnce) CascadeMinimizer.cc: 188 -- Minimisation configured with Type=Minuit2, Algo=Migrad, strategy=0, tolerance=0.1
INFO: (function: improveOnce) CascadeMinimizer.cc: 211 -- Minimisation finished with status=0
INFO: (function: improveOnce) CascadeMinimizer.cc: 216 -- Minimization success! status=0
INFO: (function: anyParameterAtBoundaries) utils.cc: 1039 -- Found parameter Background_Fail_LOW_bin_1-1 at boundary (within ~1sigma): 1.00006e-06+/-0.474425
INFO: (function: anyParameterAtBoundaries) utils.cc: 1039 -- Found parameter Background_Fail_LOW_bin_1-2 at boundary (within ~1sigma): 1.00067e-06+/-0.473455
INFO: (function: anyParameterAtBoundaries) utils.cc: 1039 -- Found parameter Background_Fail_LOW_bin_1-3 at boundary (within ~1sigma): 1.00833e-06+/-0.472406
INFO: (function: anyParameterAtBoundaries) utils.cc: 1039 -- Found parameter Background_Fail_LOW_bin_1-4 at boundary (within ~1sigma): 1.00011e-06+/-0.471397
INFO: (function: anyParameterAtBoundaries) utils.cc: 1039 -- Found parameter Background_Fail_LOW_bin_1-5 at boundary (within ~1sigma): 1.0005e-06+/-0.47043
INFO: (function: anyParameterAtBoundaries) utils.cc: 1039 -- Found parameter Background_Fail_LOW_bin_1-6 at boundary (within ~1sigma): 1.02992e-06+/-0.469389
INFO: (function: anyParameterAtBoundaries) utils.cc: 1039 -- Found parameter Background_Fail_LOW_bin_1-7 at boundary (within ~1sigma): 1.01404e-06+/-0.467965
INFO: (function: minimize) CascadeMinimizer.cc: 480 -- After fit, some parameters are found at the boundary (within ~1sigma)
INFO: (function: findCrossing) FitterAlgoBase.cc: 459 -- 1.093600    -0.02843  +0.03212    0.010800
INFO: (function: improveOnce) CascadeMinimizer.cc: 188 -- Minimisation configured with Type=Minuit2, Algo=Migrad, strategy=0, tolerance=0.1
INFO: (function: improveOnce) CascadeMinimizer.cc: 211 -- Minimisation finished with status=0
INFO: (function: improveOnce) CascadeMinimizer.cc: 216 -- Minimization success! status=0
INFO: (function: anyParameterAtBoundaries) utils.cc: 1039 -- Found parameter Background_Fail_LOW_bin_1-1 at boundary (within ~1sigma): 1.00089e-06+/-0.474445
INFO: (function: anyParameterAtBoundaries) utils.cc: 1039 -- Found parameter Background_Fail_LOW_bin_1-2 at boundary (within ~1sigma): 1.00411e-06+/-0.473477
INFO: (function: anyParameterAtBoundaries) utils.cc: 1039 -- Found parameter Background_Fail_LOW_bin_1-3 at boundary (within ~1sigma): 1.00222e-06+/-0.472392
INFO: (function: anyParameterAtBoundaries) utils.cc: 1039 -- Found parameter Background_Fail_LOW_bin_1-4 at boundary (within ~1sigma): 1.02848e-06+/-0.471339
INFO: (function: anyParameterAtBoundaries) utils.cc: 1039 -- Found parameter Background_Fail_LOW_bin_1-5 at boundary (within ~1sigma): 1.00866e-06+/-0.470467
INFO: (function: anyParameterAtBoundaries) utils.cc: 1039 -- Found parameter Background_Fail_LOW_bin_1-6 at boundary (within ~1sigma): 1.00172e-06+/-0.469443
INFO: (function: anyParameterAtBoundaries) utils.cc: 1039 -- Found parameter Background_Fail_LOW_bin_1-7 at boundary (within ~1sigma): 1.00272e-06+/-0.467996
INFO: (function: minimize) CascadeMinimizer.cc: 480 -- After fit, some parameters are found at the boundary (within ~1sigma)
INFO: (function: findCrossing) FitterAlgoBase.cc: 459 -- 1.086040    +0.01398  -0.02843    0.003240
INFO: (function: improveOnce) CascadeMinimizer.cc: 188 -- Minimisation configured with Type=Minuit2, Algo=Migrad, strategy=0, tolerance=0.1
INFO: (function: improveOnce) CascadeMinimizer.cc: 211 -- Minimisation finished with status=0
INFO: (function: improveOnce) CascadeMinimizer.cc: 216 -- Minimization success! status=0
INFO: (function: anyParameterAtBoundaries) utils.cc: 1039 -- Found parameter Background_Fail_LOW_bin_1-1 at boundary (within ~1sigma): 1.01188e-06+/-0.474493
INFO: (function: anyParameterAtBoundaries) utils.cc: 1039 -- Found parameter Background_Fail_LOW_bin_1-2 at boundary (within ~1sigma): 1.05101e-06+/-0.473573
INFO: (function: anyParameterAtBoundaries) utils.cc: 1039 -- Found parameter Background_Fail_LOW_bin_1-3 at boundary (within ~1sigma): 1.0005e-06+/-0.472393
INFO: (function: anyParameterAtBoundaries) utils.cc: 1039 -- Found parameter Background_Fail_LOW_bin_1-4 at boundary (within ~1sigma): 1.02576e-06+/-0.471484
INFO: (function: anyParameterAtBoundaries) utils.cc: 1039 -- Found parameter Background_Fail_LOW_bin_1-5 at boundary (within ~1sigma): 1.00289e-06+/-0.47046
INFO: (function: anyParameterAtBoundaries) utils.cc: 1039 -- Found parameter Background_Fail_LOW_bin_1-6 at boundary (within ~1sigma): 1.03075e-06+/-0.469554
INFO: (function: anyParameterAtBoundaries) utils.cc: 1039 -- Found parameter Background_Fail_LOW_bin_1-7 at boundary (within ~1sigma): 1.01998e-06+/-0.468093
INFO: (function: minimize) CascadeMinimizer.cc: 480 -- After fit, some parameters are found at the boundary (within ~1sigma)
INFO: (function: findCrossing) FitterAlgoBase.cc: 459 -- 1.089280    -0.00418  +0.01398    0.003240
INFO: (function: improveOnce) CascadeMinimizer.cc: 188 -- Minimisation configured with Type=Minuit2, Algo=Migrad, strategy=0, tolerance=0.1
INFO: (function: improveOnce) CascadeMinimizer.cc: 211 -- Minimisation finished with status=0
INFO: (function: improveOnce) CascadeMinimizer.cc: 216 -- Minimization success! status=0
INFO: (function: anyParameterAtBoundaries) utils.cc: 1039 -- Found parameter Background_Fail_LOW_bin_1-1 at boundary (within ~1sigma): 1.04324e-06+/-0.47436
INFO: (function: anyParameterAtBoundaries) utils.cc: 1039 -- Found parameter Background_Fail_LOW_bin_1-2 at boundary (within ~1sigma): 1.01593e-06+/-0.473395
INFO: (function: anyParameterAtBoundaries) utils.cc: 1039 -- Found parameter Background_Fail_LOW_bin_1-3 at boundary (within ~1sigma): 1.06439e-06+/-0.472293
INFO: (function: anyParameterAtBoundaries) utils.cc: 1039 -- Found parameter Background_Fail_LOW_bin_1-4 at boundary (within ~1sigma): 1.0408e-06+/-0.471326
INFO: (function: anyParameterAtBoundaries) utils.cc: 1039 -- Found parameter Background_Fail_LOW_bin_1-5 at boundary (within ~1sigma): 1.01082e-06+/-0.470379
INFO: (function: anyParameterAtBoundaries) utils.cc: 1039 -- Found parameter Background_Fail_LOW_bin_1-6 at boundary (within ~1sigma): 1.00466e-06+/-0.469423
INFO: (function: anyParameterAtBoundaries) utils.cc: 1039 -- Found parameter Background_Fail_LOW_bin_1-7 at boundary (within ~1sigma): 1.01277e-06+/-0.467967
INFO: (function: minimize) CascadeMinimizer.cc: 480 -- After fit, some parameters are found at the boundary (within ~1sigma)
INFO: (function: findCrossing) FitterAlgoBase.cc: 459 -- 1.087012    +0.00854  -0.00418    0.000972
INFO: (function: improveOnce) CascadeMinimizer.cc: 188 -- Minimisation configured with Type=Minuit2, Algo=Migrad, strategy=0, tolerance=0.1
INFO: (function: improveOnce) CascadeMinimizer.cc: 211 -- Minimisation finished with status=0
INFO: (function: improveOnce) CascadeMinimizer.cc: 216 -- Minimization success! status=0
INFO: (function: anyParameterAtBoundaries) utils.cc: 1039 -- Found parameter Background_Fail_LOW_bin_1-1 at boundary (within ~1sigma): 1.00006e-06+/-0.47443
INFO: (function: anyParameterAtBoundaries) utils.cc: 1039 -- Found parameter Background_Fail_LOW_bin_1-2 at boundary (within ~1sigma): 1.01299e-06+/-0.47341
INFO: (function: anyParameterAtBoundaries) utils.cc: 1039 -- Found parameter Background_Fail_LOW_bin_1-3 at boundary (within ~1sigma): 1.00017e-06+/-0.472378
INFO: (function: anyParameterAtBoundaries) utils.cc: 1039 -- Found parameter Background_Fail_LOW_bin_1-4 at boundary (within ~1sigma): 1.00011e-06+/-0.471402
INFO: (function: anyParameterAtBoundaries) utils.cc: 1039 -- Found parameter Background_Fail_LOW_bin_1-5 at boundary (within ~1sigma): 1.0081e-06+/-0.470395
INFO: (function: anyParameterAtBoundaries) utils.cc: 1039 -- Found parameter Background_Fail_LOW_bin_1-6 at boundary (within ~1sigma): 1.00211e-06+/-0.46948
INFO: (function: anyParameterAtBoundaries) utils.cc: 1039 -- Found parameter Background_Fail_LOW_bin_1-7 at boundary (within ~1sigma): 1.00117e-06+/-0.468032
INFO: (function: minimize) CascadeMinimizer.cc: 480 -- After fit, some parameters are found at the boundary (within ~1sigma)
INFO: (function: findCrossing) FitterAlgoBase.cc: 459 -- 1.087984    +0.00310  +0.00854    0.000972
INFO: (function: improveOnce) CascadeMinimizer.cc: 188 -- Minimisation configured with Type=Minuit2, Algo=Migrad, strategy=0, tolerance=0.1
INFO: (function: improveOnce) CascadeMinimizer.cc: 211 -- Minimisation finished with status=0
INFO: (function: improveOnce) CascadeMinimizer.cc: 216 -- Minimization success! status=0
INFO: (function: anyParameterAtBoundaries) utils.cc: 1039 -- Found parameter Background_Fail_LOW_bin_1-1 at boundary (within ~1sigma): 1.05701e-06+/-0.474352
INFO: (function: anyParameterAtBoundaries) utils.cc: 1039 -- Found parameter Background_Fail_LOW_bin_1-2 at boundary (within ~1sigma): 1.0685e-06+/-0.473367
INFO: (function: anyParameterAtBoundaries) utils.cc: 1039 -- Found parameter Background_Fail_LOW_bin_1-3 at boundary (within ~1sigma): 1.06484e-06+/-0.472291
INFO: (function: anyParameterAtBoundaries) utils.cc: 1039 -- Found parameter Background_Fail_LOW_bin_1-4 at boundary (within ~1sigma): 1.0569e-06+/-0.471318
INFO: (function: anyParameterAtBoundaries) utils.cc: 1039 -- Found parameter Background_Fail_LOW_bin_1-5 at boundary (within ~1sigma): 1.09609e-06+/-0.470345
INFO: (function: anyParameterAtBoundaries) utils.cc: 1039 -- Found parameter Background_Fail_LOW_bin_1-6 at boundary (within ~1sigma): 1.09559e-06+/-0.469378
INFO: (function: anyParameterAtBoundaries) utils.cc: 1039 -- Found parameter Background_Fail_LOW_bin_1-7 at boundary (within ~1sigma): 1.06051e-06+/-0.467938
INFO: (function: minimize) CascadeMinimizer.cc: 480 -- After fit, some parameters are found at the boundary (within ~1sigma)
INFO: (function: findCrossing) FitterAlgoBase.cc: 459 -- 1.088956    -0.00235  +0.00310    0.000972
INFO: (function: improveOnce) CascadeMinimizer.cc: 188 -- Minimisation configured with Type=Minuit2, Algo=Migrad, strategy=0, tolerance=0.1
INFO: (function: improveOnce) CascadeMinimizer.cc: 211 -- Minimisation finished with status=0
INFO: (function: improveOnce) CascadeMinimizer.cc: 216 -- Minimization success! status=0
INFO: (function: anyParameterAtBoundaries) utils.cc: 1039 -- Found parameter Background_Fail_LOW_bin_1-1 at boundary (within ~1sigma): 1.01066e-06+/-0.474491
INFO: (function: anyParameterAtBoundaries) utils.cc: 1039 -- Found parameter Background_Fail_LOW_bin_1-2 at boundary (within ~1sigma): 1.00011e-06+/-0.473453
INFO: (function: anyParameterAtBoundaries) utils.cc: 1039 -- Found parameter Background_Fail_LOW_bin_1-3 at boundary (within ~1sigma): 1.01693e-06+/-0.472446
INFO: (function: anyParameterAtBoundaries) utils.cc: 1039 -- Found parameter Background_Fail_LOW_bin_1-4 at boundary (within ~1sigma): 1.01293e-06+/-0.471462
INFO: (function: anyParameterAtBoundaries) utils.cc: 1039 -- Found parameter Background_Fail_LOW_bin_1-5 at boundary (within ~1sigma): 1.02315e-06+/-0.470514
INFO: (function: anyParameterAtBoundaries) utils.cc: 1039 -- Found parameter Background_Fail_LOW_bin_1-6 at boundary (within ~1sigma): 1.00816e-06+/-0.469437
INFO: (function: anyParameterAtBoundaries) utils.cc: 1039 -- Found parameter Background_Fail_LOW_bin_1-7 at boundary (within ~1sigma): 1.0106e-06+/-0.468075
INFO: (function: minimize) CascadeMinimizer.cc: 480 -- After fit, some parameters are found at the boundary (within ~1sigma)
INFO: (function: findCrossing) FitterAlgoBase.cc: 459 -- 1.088276    +0.00146  -0.00235    0.000292
INFO: (function: improveOnce) CascadeMinimizer.cc: 188 -- Minimisation configured with Type=Minuit2, Algo=Migrad, strategy=0, tolerance=0.1
INFO: (function: improveOnce) CascadeMinimizer.cc: 211 -- Minimisation finished with status=0
INFO: (function: improveOnce) CascadeMinimizer.cc: 216 -- Minimization success! status=0
INFO: (function: anyParameterAtBoundaries) utils.cc: 1039 -- Found parameter Background_Fail_LOW_bin_1-1 at boundary (within ~1sigma): 1.00028e-06+/-0.474422
INFO: (function: anyParameterAtBoundaries) utils.cc: 1039 -- Found parameter Background_Fail_LOW_bin_1-2 at boundary (within ~1sigma): 1.00072e-06+/-0.473434
INFO: (function: anyParameterAtBoundaries) utils.cc: 1039 -- Found parameter Background_Fail_LOW_bin_1-3 at boundary (within ~1sigma): 1.01982e-06+/-0.472326
INFO: (function: anyParameterAtBoundaries) utils.cc: 1039 -- Found parameter Background_Fail_LOW_bin_1-4 at boundary (within ~1sigma): 1.01771e-06+/-0.471353
INFO: (function: anyParameterAtBoundaries) utils.cc: 1039 -- Found parameter Background_Fail_LOW_bin_1-5 at boundary (within ~1sigma): 1.01543e-06+/-0.470384
INFO: (function: anyParameterAtBoundaries) utils.cc: 1039 -- Found parameter Background_Fail_LOW_bin_1-6 at boundary (within ~1sigma): 1.005e-06+/-0.469431
INFO: (function: anyParameterAtBoundaries) utils.cc: 1039 -- Found parameter Background_Fail_LOW_bin_1-7 at boundary (within ~1sigma): 1.00083e-06+/-0.468003
INFO: (function: minimize) CascadeMinimizer.cc: 480 -- After fit, some parameters are found at the boundary (within ~1sigma)
INFO: (function: findCrossing) FitterAlgoBase.cc: 459 -- 1.088567    -0.00017  +0.00146    0.000292
INFO: (function: findCrossing) FitterAlgoBase.cc: 405 -- Searching for crossing at nll = -36371.6, in the interval 1 < r < 1
INFO: (function: improveOnce) CascadeMinimizer.cc: 188 -- Minimisation configured with Type=Minuit2, Algo=Migrad, strategy=0, tolerance=0.1
INFO: (function: improveOnce) CascadeMinimizer.cc: 211 -- Minimisation finished with status=0
INFO: (function: improveOnce) CascadeMinimizer.cc: 216 -- Minimization success! status=0
INFO: (function: anyParameterAtBoundaries) utils.cc: 1039 -- Found parameter Background_Fail_LOW_bin_1-1 at boundary (within ~1sigma): 1e-06+/-0.474437
INFO: (function: anyParameterAtBoundaries) utils.cc: 1039 -- Found parameter Background_Fail_LOW_bin_1-2 at boundary (within ~1sigma): 1.00011e-06+/-0.473448
INFO: (function: anyParameterAtBoundaries) utils.cc: 1039 -- Found parameter Background_Fail_LOW_bin_1-3 at boundary (within ~1sigma): 1.00855e-06+/-0.472423
INFO: (function: anyParameterAtBoundaries) utils.cc: 1039 -- Found parameter Background_Fail_LOW_bin_1-4 at boundary (within ~1sigma): 1.00389e-06+/-0.471378
INFO: (function: anyParameterAtBoundaries) utils.cc: 1039 -- Found parameter Background_Fail_LOW_bin_1-5 at boundary (within ~1sigma): 1.00061e-06+/-0.470438
INFO: (function: anyParameterAtBoundaries) utils.cc: 1039 -- Found parameter Background_Fail_LOW_bin_1-6 at boundary (within ~1sigma): 1.00366e-06+/-0.469488
INFO: (function: anyParameterAtBoundaries) utils.cc: 1039 -- Found parameter Background_Fail_LOW_bin_1-7 at boundary (within ~1sigma): 1.00022e-06+/-0.468021
INFO: (function: minimize) CascadeMinimizer.cc: 480 -- After fit, some parameters are found at the boundary (within ~1sigma)
INFO: (function: findCrossing) FitterAlgoBase.cc: 426 -- r lvl-here lvl-there 	stepping 
INFO: (function: improveOnce) CascadeMinimizer.cc: 188 -- Minimisation configured with Type=Minuit2, Algo=Migrad, strategy=0, tolerance=0.1
INFO: (function: improveOnce) CascadeMinimizer.cc: 211 -- Minimisation finished with status=0
INFO: (function: improveOnce) CascadeMinimizer.cc: 216 -- Minimization success! status=0
INFO: (function: anyParameterAtBoundaries) utils.cc: 1039 -- Found parameter Background_Fail_LOW_bin_1-1 at boundary (within ~1sigma): 1.00039e-06+/-0.474381
INFO: (function: anyParameterAtBoundaries) utils.cc: 1039 -- Found parameter Background_Fail_LOW_bin_1-2 at boundary (within ~1sigma): 1.00205e-06+/-0.473429
INFO: (function: anyParameterAtBoundaries) utils.cc: 1039 -- Found parameter Background_Fail_LOW_bin_1-3 at boundary (within ~1sigma): 1.00033e-06+/-0.472375
INFO: (function: anyParameterAtBoundaries) utils.cc: 1039 -- Found parameter Background_Fail_LOW_bin_1-4 at boundary (within ~1sigma): 1.00372e-06+/-0.47137
INFO: (function: anyParameterAtBoundaries) utils.cc: 1039 -- Found parameter Background_Fail_LOW_bin_1-5 at boundary (within ~1sigma): 1e-06+/-0.470419
INFO: (function: anyParameterAtBoundaries) utils.cc: 1039 -- Found parameter Background_Fail_LOW_bin_1-6 at boundary (within ~1sigma): 1.00155e-06+/-0.469439
INFO: (function: anyParameterAtBoundaries) utils.cc: 1039 -- Found parameter Background_Fail_LOW_bin_1-7 at boundary (within ~1sigma): 1.01682e-06+/-0.467967
INFO: (function: minimize) CascadeMinimizer.cc: 480 -- After fit, some parameters are found at the boundary (within ~1sigma)
INFO: (function: findCrossing) FitterAlgoBase.cc: 459 -- 1.000000    +0.49458  +0.49456    -0.000000
ERROR: (function: findCrossing) FitterAlgoBase.cc: 517 -- Closed range without finding crossing! 
ERROR: (function: runSpecific) [WARNING]: Unable to determine uncertainties on all fit parameters in s+b fit. Have a look at https://cms-analysis.github.io/HiggsAnalysis-CombinedLimit/part3/nonstandard/#fit-parameter-uncertainties for more information.
DEBUG: (function: runSpecific) FitDiagnostics.cc: 443 -- Fit S+B, status = 0, numBadNLL = 0, covariance quality = 2
