
>>> random number generator seed is 123456
   Options for Robust Minimizer :: 
        Tolerance  0.1
        Strategy   0
        Type,Algo  Minuit2,Migrad
>>> method used is FitDiagnostics
Set Default Value of Parameter r To : 1
>>> 0 out of 6 channels masked

>>> Channel masks:
  1) 0x6115d30 RooRealVar::  mask_Loose_LOW = 0 C  L(-INF - +INF)  "mask_Loose_LOW"
  2) 0x6116780 RooRealVar::  mask_Loose_SIG = 0 C  L(-INF - +INF)  "mask_Loose_SIG"
  3) 0x61172d0 RooRealVar:: mask_Loose_HIGH = 0 C  L(-INF - +INF)  "mask_Loose_HIGH"
  4) 0x6117ea0 RooRealVar::   mask_Pass_LOW = 0 C  L(-INF - +INF)  "mask_Pass_LOW"
  5) 0x61189f0 RooRealVar::   mask_Pass_SIG = 0 C  L(-INF - +INF)  "mask_Pass_SIG"
  6) 0x6119540 RooRealVar::  mask_Pass_HIGH = 0 C  L(-INF - +INF)  "mask_Pass_HIGH"
SimNLL created with 0 channels, 0 generic constraints, 16 fast gaussian constraints, 0 fast poisson constraints, 0 fast group constraints, 
Minuit2Minimizer: Minimize with max-calls 8000 convergence for edm < 0.1 strategy 0
Minuit2Minimizer::Minuit  - Changing default options
             StorageLevel :               0
MnSeedGenerator: for initial parameters FCN = 0
MnSeedGenerator: Initial state:   - FCN =                0 Edm =            0 NCalls =     65
VariableMetric: start iterating until Edm is < 0.0001
VariableMetric: Initial state   - FCN =                0 Edm =            0 NCalls =     65
VariableMetric: Iteration #   0 - FCN =                0 Edm =            0 NCalls =     65
Minuit2Minimizer : Valid minimum - status = 0
FVAL  = 0
Edm   = 0
Nfcn  = 65
F	  = 0	 +/-  1
JER	  = 0	 +/-  1
JES	  = 0	 +/-  1
JMR	  = 0	 +/-  1
JMS	  = 0	 +/-  1
PS_FSR	  = 0	 +/-  1
PS_ISR	  = 0	 +/-  1
R	  = 0	 +/-  1
RF	  = 0	 +/-  1
btag	  = 0	 +/-  1
lumi	  = 0	 +/-  1
pdf	  = 0	 +/-  1
pileup	  = 0	 +/-  1
prefire	  = 0	 +/-  1
top_ptrw	  = 0	 +/-  1
ttbar_xsec	  = 0	 +/-  1
SimNLL created with 6 channels, 0 generic constraints, 16 fast gaussian constraints, 0 fast poisson constraints, 0 fast group constraints, 

  RooFitResult: minimized FCN value: -0.0625864, estimated distance to minimum: 0.329297
                covariance matrix quality: Full matrix, but forced positive-definite
                Status : MINIMIZE=0 HESSE=0 

    Constant Parameter    Value     
  --------------------  ------------
                  F_In    0.0000e+00
                JER_In    0.0000e+00
                JES_In    0.0000e+00
                JMR_In    0.0000e+00
                JMS_In    0.0000e+00
             PS_FSR_In    0.0000e+00
             PS_ISR_In    0.0000e+00
                 RF_In    0.0000e+00
                  R_In    0.0000e+00
               btag_In    0.0000e+00
               lumi_In    0.0000e+00
  n_exp_binLoose_HIGH_proc_Background    1.0000e+00
  n_exp_binLoose_LOW_proc_Background    1.0000e+00
  n_exp_binLoose_SIG_proc_Background    1.0000e+00
  n_exp_binPass_HIGH_proc_Background_2x1    1.0000e+00
  n_exp_binPass_LOW_proc_Background_2x1    1.0000e+00
  n_exp_binPass_SIG_proc_Background_2x1    1.0000e+00
                pdf_In    0.0000e+00
             pileup_In    0.0000e+00
            prefire_In    0.0000e+00
                     r    0.0000e+00
           top_ptrw_In    0.0000e+00
         ttbar_xsec_In    0.0000e+00

    Floating Parameter  InitialValue    FinalValue +/-  Error     GblCorr.
  --------------------  ------------  --------------------------  --------
  Background_Loose_HIGH_bin_1-1    4.4319e+03    4.4315e+03 +/-  1.01e+01  <none>
  Background_Loose_HIGH_bin_1-2    3.7367e+03    3.7375e+03 +/-  9.36e+00  <none>
  Background_Loose_HIGH_bin_1-3    2.4101e+03    2.4120e+03 +/-  7.50e+00  <none>
  Background_Loose_HIGH_bin_1-4    1.5756e+03    1.5751e+03 +/-  6.14e+00  <none>
  Background_Loose_HIGH_bin_1-5    5.8960e+02    5.8934e+02 +/-  3.77e+00  <none>
  Background_Loose_HIGH_bin_1-6    1.7693e+02    1.7691e+02 +/-  2.02e+00  <none>
  Background_Loose_HIGH_bin_1-7    6.3556e+01    6.3507e+01 +/-  1.22e+00  <none>
  Background_Loose_HIGH_bin_2-1    1.9996e+03    1.9994e+03 +/-  6.79e+00  <none>
  Background_Loose_HIGH_bin_2-2    1.6442e+03    1.6435e+03 +/-  6.21e+00  <none>
  Background_Loose_HIGH_bin_2-3    1.0337e+03    1.0343e+03 +/-  4.92e+00  <none>
  Background_Loose_HIGH_bin_2-4    6.5432e+02    6.5399e+02 +/-  4.05e+00  <none>
  Background_Loose_HIGH_bin_2-5    2.2888e+02    2.2834e+02 +/-  2.38e+00  <none>
  Background_Loose_HIGH_bin_2-6    8.6475e+01    8.6481e+01 +/-  1.41e+00  <none>
  Background_Loose_HIGH_bin_2-7    3.0199e+01    3.0202e+01 +/-  8.31e-01  <none>
  Background_Loose_HIGH_bin_3-1    8.7350e+02    8.7352e+02 +/-  4.49e+00  <none>
  Background_Loose_HIGH_bin_3-2    7.5639e+02    7.5642e+02 +/-  4.17e+00  <none>
  Background_Loose_HIGH_bin_3-3    5.2030e+02    5.1973e+02 +/-  3.51e+00  <none>
  Background_Loose_HIGH_bin_3-4    3.2881e+02    3.2848e+02 +/-  2.79e+00  <none>
  Background_Loose_HIGH_bin_3-5    1.1904e+02    1.1905e+02 +/-  1.65e+00  <none>
  Background_Loose_HIGH_bin_3-6    3.9076e+01    3.9079e+01 +/-  9.48e-01  <none>
  Background_Loose_HIGH_bin_3-7    1.2982e+01    1.2982e+01 +/-  5.46e-01  <none>
  Background_Loose_HIGH_bin_4-1    4.5227e+02    4.5231e+02 +/-  3.25e+00  <none>
  Background_Loose_HIGH_bin_4-2    3.5307e+02    3.5309e+02 +/-  2.86e+00  <none>
  Background_Loose_HIGH_bin_4-3    2.4194e+02    2.4169e+02 +/-  2.36e+00  <none>
  Background_Loose_HIGH_bin_4-4    1.4817e+02    1.4853e+02 +/-  1.88e+00  <none>
  Background_Loose_HIGH_bin_4-5    7.2415e+01    7.2420e+01 +/-  1.29e+00  <none>
  Background_Loose_HIGH_bin_4-6    1.8308e+01    1.8309e+01 +/-  6.50e-01  <none>
  Background_Loose_HIGH_bin_4-7    1.0421e+01    1.0421e+01 +/-  4.91e-01  <none>
  Background_Loose_HIGH_bin_5-1    2.0102e+02    2.0103e+02 +/-  2.16e+00  <none>
  Background_Loose_HIGH_bin_5-2    1.7021e+02    1.7021e+02 +/-  1.99e+00  <none>
  Background_Loose_HIGH_bin_5-3    9.4699e+01    9.4704e+01 +/-  1.48e+00  <none>
  Background_Loose_HIGH_bin_5-4    7.0987e+01    7.0991e+01 +/-  1.28e+00  <none>
  Background_Loose_HIGH_bin_5-5    2.4522e+01    2.4523e+01 +/-  7.54e-01  <none>
  Background_Loose_HIGH_bin_5-6    9.6242e+00    9.6246e+00 +/-  4.72e-01  <none>
  Background_Loose_HIGH_bin_5-7    5.2168e+00    5.2168e+00 +/-  3.48e-01  <none>
  Background_Loose_HIGH_bin_6-1    1.7597e+02    1.7597e+02 +/-  2.03e+00  <none>
  Background_Loose_HIGH_bin_6-2    1.3963e+02    1.3964e+02 +/-  1.81e+00  <none>
  Background_Loose_HIGH_bin_6-3    9.5392e+01    9.5397e+01 +/-  1.49e+00  <none>
  Background_Loose_HIGH_bin_6-4    4.5014e+01    4.5016e+01 +/-  1.03e+00  <none>
  Background_Loose_HIGH_bin_6-5    2.6458e+01    2.6460e+01 +/-  7.86e-01  <none>
  Background_Loose_HIGH_bin_6-6    1.1444e+01    1.1445e+01 +/-  5.17e-01  <none>
  Background_Loose_HIGH_bin_6-7    2.5503e+00    2.5497e+00 +/-  2.48e-01  <none>
  Background_Loose_LOW_bin_1-1    6.6005e+03    6.6021e+03 +/-  1.23e+01  <none>
  Background_Loose_LOW_bin_1-2    5.4264e+03    5.4305e+03 +/-  1.13e+01  <none>
  Background_Loose_LOW_bin_1-3    3.4770e+03    3.4807e+03 +/-  9.13e+00  <none>
  Background_Loose_LOW_bin_1-4    2.2000e+03    2.2047e+03 +/-  7.36e+00  <none>
  Background_Loose_LOW_bin_1-5    8.2430e+02    8.2407e+02 +/-  4.43e+00  <none>
  Background_Loose_LOW_bin_1-6    2.1457e+02    2.1463e+02 +/-  2.24e+00  <none>
  Background_Loose_LOW_bin_1-7    7.8012e+01    7.8225e+01 +/-  1.36e+00  <none>
  Background_Loose_SIG_bin_1-1    3.0983e+03    3.0980e+03 +/-  8.46e+00  <none>
  Background_Loose_SIG_bin_1-2    2.5421e+03    2.5414e+03 +/-  7.73e+00  <none>
  Background_Loose_SIG_bin_1-3    1.6473e+03    1.6488e+03 +/-  6.26e+00  <none>
  Background_Loose_SIG_bin_1-4    9.9900e+02    9.9833e+02 +/-  5.07e+00  <none>
  Background_Loose_SIG_bin_1-5    3.5875e+02    3.5796e+02 +/-  2.93e+00  <none>
  Background_Loose_SIG_bin_1-6    1.0608e+02    1.0609e+02 +/-  1.55e+00  <none>
  Background_Loose_SIG_bin_1-7    3.3306e+01    3.3309e+01 +/-  8.68e-01  <none>
  Background_Loose_SIG_bin_2-1    2.5618e+03    2.5627e+03 +/-  7.65e+00  <none>
  Background_Loose_SIG_bin_2-2    2.1680e+03    2.1696e+03 +/-  7.12e+00  <none>
  Background_Loose_SIG_bin_2-3    1.3756e+03    1.3775e+03 +/-  5.71e+00  <none>
  Background_Loose_SIG_bin_2-4    8.8843e+02    8.8811e+02 +/-  4.65e+00  <none>
  Background_Loose_SIG_bin_2-5    3.1920e+02    3.1982e+02 +/-  2.75e+00  <none>
  Background_Loose_SIG_bin_2-6    8.9912e+01    8.9920e+01 +/-  1.43e+00  <none>
  Background_Loose_SIG_bin_2-7    2.2221e+01    2.2223e+01 +/-  7.09e-01  <none>
  Background_Loose_SIG_bin_3-1    2.1200e+03    2.1187e+03 +/-  6.97e+00  <none>
  Background_Loose_SIG_bin_3-2    1.7240e+03    1.7237e+03 +/-  6.31e+00  <none>
  Background_Loose_SIG_bin_3-3    1.1088e+03    1.1074e+03 +/-  5.15e+00  <none>
  Background_Loose_SIG_bin_3-4    7.6539e+02    7.6509e+02 +/-  4.27e+00  <none>
  Background_Loose_SIG_bin_3-5    2.5240e+02    2.5217e+02 +/-  2.46e+00  <none>
  Background_Loose_SIG_bin_3-6    6.0853e+01    6.0858e+01 +/-  1.17e+00  <none>
  Background_Loose_SIG_bin_3-7    2.8233e+01    2.8235e+01 +/-  8.00e-01  <none>
  Background_Loose_SIG_bin_4-1    1.7870e+03    1.7866e+03 +/-  6.42e+00  <none>
  Background_Loose_SIG_bin_4-2    1.3960e+03    1.3956e+03 +/-  5.73e+00  <none>
  Background_Loose_SIG_bin_4-3    8.8097e+02    8.8069e+02 +/-  4.57e+00  <none>
  Background_Loose_SIG_bin_4-4    6.3198e+02    6.3425e+02 +/-  3.94e+00  <none>
  Background_Loose_SIG_bin_4-5    2.3265e+02    2.3264e+02 +/-  2.30e+00  <none>
  Background_Loose_SIG_bin_4-6    7.2061e+01    7.2068e+01 +/-  1.28e+00  <none>
  Background_Loose_SIG_bin_4-7    1.7979e+01    1.7981e+01 +/-  6.39e-01  <none>
  Background_Loose_SIG_bin_5-1    1.4168e+03    1.4168e+03 +/-  5.68e+00  <none>
  Background_Loose_SIG_bin_5-2    1.2073e+03    1.2062e+03 +/-  5.36e+00  <none>
  Background_Loose_SIG_bin_5-3    7.9895e+02    7.9928e+02 +/-  4.28e+00  <none>
  Background_Loose_SIG_bin_5-4    4.9759e+02    4.9670e+02 +/-  3.49e+00  <none>
  Background_Loose_SIG_bin_5-5    1.9512e+02    1.9495e+02 +/-  2.16e+00  <none>
  Background_Loose_SIG_bin_5-6    5.6671e+01    5.6676e+01 +/-  1.13e+00  <none>
  Background_Loose_SIG_bin_5-7    2.1471e+01    2.1476e+01 +/-  7.37e-01  <none>
  Background_rpf_2x1_par0    4.5164e-01    4.5160e-01 +/-  6.43e-04  <none>
  Background_rpf_2x1_par1   -1.4586e-01   -1.4563e-01 +/-  2.74e-03  <none>
  Background_rpf_2x1_par2    2.3682e-02    2.3385e-02 +/-  5.91e-03  <none>
  Background_rpf_2x1_par3    3.7869e-01    3.7864e-01 +/-  5.76e-04  <none>
  Background_rpf_2x1_par4    1.5860e-02    1.5532e-02 +/-  2.66e-03  <none>
                     F    4.1100e-01    3.5966e-01 +/-  4.89e-02  <none>
                   JER    2.4181e-02    1.7962e-02 +/-  6.93e-02  <none>
                   JES   -6.9202e-02    6.1890e-02 +/-  5.87e-02  <none>
                   JMR    1.4459e+00    1.5238e+00 +/-  6.06e-02  <none>
                   JMS   -5.0202e-02   -7.8521e-02 +/-  6.69e-02  <none>
                PS_FSR   -4.1613e-01   -4.4491e-01 +/-  8.54e-01  <none>
                PS_ISR    2.6924e-01    2.0315e-01 +/-  5.51e-02  <none>
                     R    1.0328e-01    1.0769e-01 +/-  6.69e-02  <none>
                    RF    5.7356e-01    5.0557e-01 +/-  5.33e-02  <none>
                  btag   -3.8822e-01   -4.7501e-01 +/-  1.07e+00  <none>
                  lumi   -1.1612e-01   -1.1882e-01 +/-  1.59e-01  <none>
                   pdf   -2.6584e-02    3.2692e-02 +/-  8.78e-02  <none>
                pileup   -3.2571e-03    1.8730e-02 +/-  8.36e-02  <none>
               prefire   -3.6251e-02   -4.7589e-02 +/-  8.58e-02  <none>
              top_ptrw    0.0000e+00    0.0000e+00 +/-  9.17e-02  <none>
            ttbar_xsec   -1.1356e+00   -1.1497e+00 +/-  7.14e-02  <none>


  RooFitResult: minimized FCN value: -0.0625864, estimated distance to minimum: 0.329297
                covariance matrix quality: Full matrix, but forced positive-definite
                Status : MINIMIZE=0 HESSE=0 

    Constant Parameter    Value     
  --------------------  ------------
                  F_In    0.0000e+00
                JER_In    0.0000e+00
                JES_In    0.0000e+00
                JMR_In    0.0000e+00
                JMS_In    0.0000e+00
             PS_FSR_In    0.0000e+00
             PS_ISR_In    0.0000e+00
                 RF_In    0.0000e+00
                  R_In    0.0000e+00
               btag_In    0.0000e+00
               lumi_In    0.0000e+00
  n_exp_binLoose_HIGH_proc_Background    1.0000e+00
  n_exp_binLoose_LOW_proc_Background    1.0000e+00
  n_exp_binLoose_SIG_proc_Background    1.0000e+00
  n_exp_binPass_HIGH_proc_Background_2x1    1.0000e+00
  n_exp_binPass_LOW_proc_Background_2x1    1.0000e+00
  n_exp_binPass_SIG_proc_Background_2x1    1.0000e+00
                pdf_In    0.0000e+00
             pileup_In    0.0000e+00
            prefire_In    0.0000e+00
                     r    0.0000e+00
           top_ptrw_In    0.0000e+00
         ttbar_xsec_In    0.0000e+00

    Floating Parameter  InitialValue    FinalValue +/-  Error     GblCorr.
  --------------------  ------------  --------------------------  --------
  Background_Loose_HIGH_bin_1-1    4.4319e+03    4.4315e+03 +/-  1.01e+01  <none>
  Background_Loose_HIGH_bin_1-2    3.7367e+03    3.7375e+03 +/-  9.36e+00  <none>
  Background_Loose_HIGH_bin_1-3    2.4101e+03    2.4120e+03 +/-  7.50e+00  <none>
  Background_Loose_HIGH_bin_1-4    1.5756e+03    1.5751e+03 +/-  6.14e+00  <none>
  Background_Loose_HIGH_bin_1-5    5.8960e+02    5.8934e+02 +/-  3.77e+00  <none>
  Background_Loose_HIGH_bin_1-6    1.7693e+02    1.7691e+02 +/-  2.02e+00  <none>
  Background_Loose_HIGH_bin_1-7    6.3556e+01    6.3507e+01 +/-  1.22e+00  <none>
  Background_Loose_HIGH_bin_2-1    1.9996e+03    1.9994e+03 +/-  6.79e+00  <none>
  Background_Loose_HIGH_bin_2-2    1.6442e+03    1.6435e+03 +/-  6.21e+00  <none>
  Background_Loose_HIGH_bin_2-3    1.0337e+03    1.0343e+03 +/-  4.92e+00  <none>
  Background_Loose_HIGH_bin_2-4    6.5432e+02    6.5399e+02 +/-  4.05e+00  <none>
  Background_Loose_HIGH_bin_2-5    2.2888e+02    2.2834e+02 +/-  2.38e+00  <none>
  Background_Loose_HIGH_bin_2-6    8.6475e+01    8.6481e+01 +/-  1.41e+00  <none>
  Background_Loose_HIGH_bin_2-7    3.0199e+01    3.0202e+01 +/-  8.31e-01  <none>
  Background_Loose_HIGH_bin_3-1    8.7350e+02    8.7352e+02 +/-  4.49e+00  <none>
  Background_Loose_HIGH_bin_3-2    7.5639e+02    7.5642e+02 +/-  4.17e+00  <none>
  Background_Loose_HIGH_bin_3-3    5.2030e+02    5.1973e+02 +/-  3.51e+00  <none>
  Background_Loose_HIGH_bin_3-4    3.2881e+02    3.2848e+02 +/-  2.79e+00  <none>
  Background_Loose_HIGH_bin_3-5    1.1904e+02    1.1905e+02 +/-  1.65e+00  <none>
  Background_Loose_HIGH_bin_3-6    3.9076e+01    3.9079e+01 +/-  9.48e-01  <none>
  Background_Loose_HIGH_bin_3-7    1.2982e+01    1.2982e+01 +/-  5.46e-01  <none>
  Background_Loose_HIGH_bin_4-1    4.5227e+02    4.5231e+02 +/-  3.25e+00  <none>
  Background_Loose_HIGH_bin_4-2    3.5307e+02    3.5309e+02 +/-  2.86e+00  <none>
  Background_Loose_HIGH_bin_4-3    2.4194e+02    2.4169e+02 +/-  2.36e+00  <none>
  Background_Loose_HIGH_bin_4-4    1.4817e+02    1.4853e+02 +/-  1.88e+00  <none>
  Background_Loose_HIGH_bin_4-5    7.2415e+01    7.2420e+01 +/-  1.29e+00  <none>
  Background_Loose_HIGH_bin_4-6    1.8308e+01    1.8309e+01 +/-  6.50e-01  <none>
  Background_Loose_HIGH_bin_4-7    1.0421e+01    1.0421e+01 +/-  4.91e-01  <none>
  Background_Loose_HIGH_bin_5-1    2.0102e+02    2.0103e+02 +/-  2.16e+00  <none>
  Background_Loose_HIGH_bin_5-2    1.7021e+02    1.7021e+02 +/-  1.99e+00  <none>
  Background_Loose_HIGH_bin_5-3    9.4699e+01    9.4704e+01 +/-  1.48e+00  <none>
  Background_Loose_HIGH_bin_5-4    7.0987e+01    7.0991e+01 +/-  1.28e+00  <none>
  Background_Loose_HIGH_bin_5-5    2.4522e+01    2.4523e+01 +/-  7.54e-01  <none>
  Background_Loose_HIGH_bin_5-6    9.6242e+00    9.6246e+00 +/-  4.72e-01  <none>
  Background_Loose_HIGH_bin_5-7    5.2168e+00    5.2168e+00 +/-  3.48e-01  <none>
  Background_Loose_HIGH_bin_6-1    1.7597e+02    1.7597e+02 +/-  2.03e+00  <none>
  Background_Loose_HIGH_bin_6-2    1.3963e+02    1.3964e+02 +/-  1.81e+00  <none>
  Background_Loose_HIGH_bin_6-3    9.5392e+01    9.5397e+01 +/-  1.49e+00  <none>
  Background_Loose_HIGH_bin_6-4    4.5014e+01    4.5016e+01 +/-  1.03e+00  <none>
  Background_Loose_HIGH_bin_6-5    2.6458e+01    2.6460e+01 +/-  7.86e-01  <none>
  Background_Loose_HIGH_bin_6-6    1.1444e+01    1.1445e+01 +/-  5.17e-01  <none>
  Background_Loose_HIGH_bin_6-7    2.5503e+00    2.5497e+00 +/-  2.48e-01  <none>
  Background_Loose_LOW_bin_1-1    6.6005e+03    6.6021e+03 +/-  1.23e+01  <none>
  Background_Loose_LOW_bin_1-2    5.4264e+03    5.4305e+03 +/-  1.13e+01  <none>
  Background_Loose_LOW_bin_1-3    3.4770e+03    3.4807e+03 +/-  9.13e+00  <none>
  Background_Loose_LOW_bin_1-4    2.2000e+03    2.2047e+03 +/-  7.36e+00  <none>
  Background_Loose_LOW_bin_1-5    8.2430e+02    8.2407e+02 +/-  4.43e+00  <none>
  Background_Loose_LOW_bin_1-6    2.1457e+02    2.1463e+02 +/-  2.24e+00  <none>
  Background_Loose_LOW_bin_1-7    7.8012e+01    7.8225e+01 +/-  1.36e+00  <none>
  Background_Loose_SIG_bin_1-1    3.0983e+03    3.0980e+03 +/-  8.46e+00  <none>
  Background_Loose_SIG_bin_1-2    2.5421e+03    2.5414e+03 +/-  7.73e+00  <none>
  Background_Loose_SIG_bin_1-3    1.6473e+03    1.6488e+03 +/-  6.26e+00  <none>
  Background_Loose_SIG_bin_1-4    9.9900e+02    9.9833e+02 +/-  5.07e+00  <none>
  Background_Loose_SIG_bin_1-5    3.5875e+02    3.5796e+02 +/-  2.93e+00  <none>
  Background_Loose_SIG_bin_1-6    1.0608e+02    1.0609e+02 +/-  1.55e+00  <none>
  Background_Loose_SIG_bin_1-7    3.3306e+01    3.3309e+01 +/-  8.68e-01  <none>
  Background_Loose_SIG_bin_2-1    2.5618e+03    2.5627e+03 +/-  7.65e+00  <none>
  Background_Loose_SIG_bin_2-2    2.1680e+03    2.1696e+03 +/-  7.12e+00  <none>
  Background_Loose_SIG_bin_2-3    1.3756e+03    1.3775e+03 +/-  5.71e+00  <none>
  Background_Loose_SIG_bin_2-4    8.8843e+02    8.8811e+02 +/-  4.65e+00  <none>
  Background_Loose_SIG_bin_2-5    3.1920e+02    3.1982e+02 +/-  2.75e+00  <none>
  Background_Loose_SIG_bin_2-6    8.9912e+01    8.9920e+01 +/-  1.43e+00  <none>
  Background_Loose_SIG_bin_2-7    2.2221e+01    2.2223e+01 +/-  7.09e-01  <none>
  Background_Loose_SIG_bin_3-1    2.1200e+03    2.1187e+03 +/-  6.97e+00  <none>
  Background_Loose_SIG_bin_3-2    1.7240e+03    1.7237e+03 +/-  6.31e+00  <none>
  Background_Loose_SIG_bin_3-3    1.1088e+03    1.1074e+03 +/-  5.15e+00  <none>
  Background_Loose_SIG_bin_3-4    7.6539e+02    7.6509e+02 +/-  4.27e+00  <none>
  Background_Loose_SIG_bin_3-5    2.5240e+02    2.5217e+02 +/-  2.46e+00  <none>
  Background_Loose_SIG_bin_3-6    6.0853e+01    6.0858e+01 +/-  1.17e+00  <none>
  Background_Loose_SIG_bin_3-7    2.8233e+01    2.8235e+01 +/-  8.00e-01  <none>
  Background_Loose_SIG_bin_4-1    1.7870e+03    1.7866e+03 +/-  6.42e+00  <none>
  Background_Loose_SIG_bin_4-2    1.3960e+03    1.3956e+03 +/-  5.73e+00  <none>
  Background_Loose_SIG_bin_4-3    8.8097e+02    8.8069e+02 +/-  4.57e+00  <none>
  Background_Loose_SIG_bin_4-4    6.3198e+02    6.3425e+02 +/-  3.94e+00  <none>
  Background_Loose_SIG_bin_4-5    2.3265e+02    2.3264e+02 +/-  2.30e+00  <none>
  Background_Loose_SIG_bin_4-6    7.2061e+01    7.2068e+01 +/-  1.28e+00  <none>
  Background_Loose_SIG_bin_4-7    1.7979e+01    1.7981e+01 +/-  6.39e-01  <none>
  Background_Loose_SIG_bin_5-1    1.4168e+03    1.4168e+03 +/-  5.68e+00  <none>
  Background_Loose_SIG_bin_5-2    1.2073e+03    1.2062e+03 +/-  5.36e+00  <none>
  Background_Loose_SIG_bin_5-3    7.9895e+02    7.9928e+02 +/-  4.28e+00  <none>
  Background_Loose_SIG_bin_5-4    4.9759e+02    4.9670e+02 +/-  3.49e+00  <none>
  Background_Loose_SIG_bin_5-5    1.9512e+02    1.9495e+02 +/-  2.16e+00  <none>
  Background_Loose_SIG_bin_5-6    5.6671e+01    5.6676e+01 +/-  1.13e+00  <none>
  Background_Loose_SIG_bin_5-7    2.1471e+01    2.1476e+01 +/-  7.37e-01  <none>
  Background_rpf_2x1_par0    4.5164e-01    4.5160e-01 +/-  6.43e-04  <none>
  Background_rpf_2x1_par1   -1.4586e-01   -1.4563e-01 +/-  2.74e-03  <none>
  Background_rpf_2x1_par2    2.3682e-02    2.3385e-02 +/-  5.91e-03  <none>
  Background_rpf_2x1_par3    3.7869e-01    3.7864e-01 +/-  5.76e-04  <none>
  Background_rpf_2x1_par4    1.5860e-02    1.5532e-02 +/-  2.66e-03  <none>
                     F    4.1100e-01    3.5966e-01 +/-  4.89e-02  <none>
                   JER    2.4181e-02    1.7962e-02 +/-  6.93e-02  <none>
                   JES   -6.9202e-02    6.1890e-02 +/-  5.87e-02  <none>
                   JMR    1.4459e+00    1.5238e+00 +/-  6.06e-02  <none>
                   JMS   -5.0202e-02   -7.8521e-02 +/-  6.69e-02  <none>
                PS_FSR   -4.1613e-01   -4.4491e-01 +/-  8.54e-01  <none>
                PS_ISR    2.6924e-01    2.0315e-01 +/-  5.51e-02  <none>
                     R    1.0328e-01    1.0769e-01 +/-  6.69e-02  <none>
                    RF    5.7356e-01    5.0557e-01 +/-  5.33e-02  <none>
                  btag   -3.8822e-01   -4.7501e-01 +/-  1.07e+00  <none>
                  lumi   -1.1612e-01   -1.1882e-01 +/-  1.59e-01  <none>
                   pdf   -2.6584e-02    3.2692e-02 +/-  8.78e-02  <none>
                pileup   -3.2571e-03    1.8730e-02 +/-  8.36e-02  <none>
               prefire   -3.6251e-02   -4.7589e-02 +/-  8.58e-02  <none>
              top_ptrw    0.0000e+00    0.0000e+00 +/-  9.17e-02  <none>
            ttbar_xsec   -1.1356e+00   -1.1497e+00 +/-  7.14e-02  <none>


 --- FitDiagnostics ---
Fit failed.
Done in 0.03 min (cpu), 0.08 min (real)
Printing Message Summary From ... combine_logger.out
----------------------------------------------
Messages of type INFO : 15
Messages of type DEBUG : 2
Messages of type ERROR : 1
----------------------------------------------
INFO: (function: applyOptionsBase) FitterAlgoBase.cc: 113 -- Setting robust fit options to Tolerance=0.1 / Strategy=0 / Type,Algo=Minuit2,Migrad (note that defaults of CascadeMinimizer were taken where option not specified)
INFO: (function: improveOnce) CascadeMinimizer.cc: 188 -- Minimisation configured with Type=Minuit2, Algo=Migrad, strategy=0, tolerance=0.1
INFO: (function: improveOnce) CascadeMinimizer.cc: 211 -- Minimisation finished with status=0
INFO: (function: improveOnce) CascadeMinimizer.cc: 216 -- Minimization success! status=0
INFO: (function: improveOnce) CascadeMinimizer.cc: 188 -- Minimisation configured with Type=Minuit2, Algo=Migrad, strategy=0, tolerance=0.1
INFO: (function: improveOnce) CascadeMinimizer.cc: 211 -- Minimisation finished with status=0
INFO: (function: improveOnce) CascadeMinimizer.cc: 216 -- Minimization success! status=0
INFO: (function: improveOnce) CascadeMinimizer.cc: 188 -- Minimisation configured with Type=Minuit2, Algo=Migrad, strategy=0, tolerance=0.1
INFO: (function: improveOnce) CascadeMinimizer.cc: 211 -- Minimisation finished with status=0
INFO: (function: improveOnce) CascadeMinimizer.cc: 216 -- Minimization success! status=0
INFO: (function: improveOnce) CascadeMinimizer.cc: 188 -- Minimisation configured with Type=Minuit2, Algo=Migrad, strategy=0, tolerance=0.1
INFO: (function: improveOnce) CascadeMinimizer.cc: 211 -- Minimisation finished with status=0
INFO: (function: improveOnce) CascadeMinimizer.cc: 216 -- Minimization success! status=0
ERROR: (function: runSpecific) [WARNING]: Unable to determine uncertainties on all fit parameters in b-only fit. Have a look at https://cms-analysis.github.io/HiggsAnalysis-CombinedLimit/part3/nonstandard/#fit-parameter-uncertainties for more information.
DEBUG: (function: runSpecific) FitDiagnostics.cc: 318 -- Fit B-only, status = 0, numBadNLL = 0, covariance quality = 2
INFO: (function: improveOnce) CascadeMinimizer.cc: 188 -- Minimisation configured with Type=Minuit2, Algo=Migrad, strategy=0, tolerance=0.1
INFO: (function: improveOnce) CascadeMinimizer.cc: 211 -- Minimisation finished with status=-1
DEBUG: (function: improveOnce) CascadeMinimizer.cc: 217 -- Minimization ended with latest status != 0 or 1
