
>>> random number generator seed is 123456
   Options for Robust Minimizer :: 
        Tolerance  0.1
        Strategy   0
        Type,Algo  Minuit2,Migrad
>>> method used is FitDiagnostics
Set Default Value of Parameter r To : 1
>>> 0 out of 6 channels masked

>>> Channel masks:
  1) 0x51f0900 RooRealVar::  mask_Loose_LOW = 0 C  L(-INF - +INF)  "mask_Loose_LOW"
  2) 0x51f1350 RooRealVar::  mask_Loose_SIG = 0 C  L(-INF - +INF)  "mask_Loose_SIG"
  3) 0x51f1ea0 RooRealVar:: mask_Loose_HIGH = 0 C  L(-INF - +INF)  "mask_Loose_HIGH"
  4) 0x51f2a70 RooRealVar::   mask_Pass_LOW = 0 C  L(-INF - +INF)  "mask_Pass_LOW"
  5) 0x51f35c0 RooRealVar::   mask_Pass_SIG = 0 C  L(-INF - +INF)  "mask_Pass_SIG"
  6) 0x51f4110 RooRealVar::  mask_Pass_HIGH = 0 C  L(-INF - +INF)  "mask_Pass_HIGH"
SimNLL created with 0 channels, 0 generic constraints, 16 fast gaussian constraints, 0 fast poisson constraints, 0 fast group constraints, 
Minuit2Minimizer: Minimize with max-calls 8000 convergence for edm < 0.1 strategy 0
Minuit2Minimizer::Minuit  - Changing default options
             StorageLevel :               0
MnSeedGenerator: for initial parameters FCN = 0
MnSeedGenerator: Initial state:   - FCN =                0 Edm =            0 NCalls =     65
VariableMetric: start iterating until Edm is < 0.0001
VariableMetric: Initial state   - FCN =                0 Edm =            0 NCalls =     65
VariableMetric: Iteration #   0 - FCN =                0 Edm =            0 NCalls =     65
Minuit2Minimizer : Valid minimum - status = 0
FVAL  = 0
Edm   = 0
Nfcn  = 65
F	  = 0	 +/-  1
JER	  = 0	 +/-  1
JES	  = 0	 +/-  1
JMR	  = 0	 +/-  1
JMS	  = 0	 +/-  1
PS_FSR	  = 0	 +/-  1
PS_ISR	  = 0	 +/-  1
R	  = 0	 +/-  1
RF	  = 0	 +/-  1
btag	  = 0	 +/-  1
lumi	  = 0	 +/-  1
pdf	  = 0	 +/-  1
pileup	  = 0	 +/-  1
prefire	  = 0	 +/-  1
top_ptrw	  = 0	 +/-  1
ttbar_xsec	  = 0	 +/-  1
SimNLL created with 6 channels, 0 generic constraints, 16 fast gaussian constraints, 0 fast poisson constraints, 0 fast group constraints, 

  RooFitResult: minimized FCN value: -0.000463779, estimated distance to minimum: 0.00283929
                covariance matrix quality: Full, accurate covariance matrix
                Status : MINIMIZE=0 HESSE=0 

    Constant Parameter    Value     
  --------------------  ------------
                  F_In    0.0000e+00
                JER_In    0.0000e+00
                JES_In    0.0000e+00
                JMR_In    0.0000e+00
                JMS_In    0.0000e+00
             PS_FSR_In    0.0000e+00
             PS_ISR_In    0.0000e+00
                 RF_In    0.0000e+00
                  R_In    0.0000e+00
               btag_In    0.0000e+00
               lumi_In    0.0000e+00
  n_exp_binLoose_HIGH_proc_Background    1.0000e+00
  n_exp_binLoose_LOW_proc_Background    1.0000e+00
  n_exp_binLoose_SIG_proc_Background    1.0000e+00
  n_exp_binPass_HIGH_proc_Background_1x0    1.0000e+00
  n_exp_binPass_LOW_proc_Background_1x0    1.0000e+00
  n_exp_binPass_SIG_proc_Background_1x0    1.0000e+00
                pdf_In    0.0000e+00
             pileup_In    0.0000e+00
            prefire_In    0.0000e+00
                     r    0.0000e+00
           top_ptrw_In    0.0000e+00
         ttbar_xsec_In    0.0000e+00

    Floating Parameter  InitialValue    FinalValue +/-  Error     GblCorr.
  --------------------  ------------  --------------------------  --------
  Background_Loose_HIGH_bin_1-1    4.4106e+03    4.4107e+03 +/-  6.34e+01  <none>
  Background_Loose_HIGH_bin_1-2    3.7043e+03    3.7043e+03 +/-  6.25e+01  <none>
  Background_Loose_HIGH_bin_1-3    2.3736e+03    2.3736e+03 +/-  5.18e+01  <none>
  Background_Loose_HIGH_bin_1-4    1.5671e+03    1.5670e+03 +/-  4.19e+01  <none>
  Background_Loose_HIGH_bin_1-5    5.7639e+02    5.7641e+02 +/-  2.53e+01  <none>
  Background_Loose_HIGH_bin_1-6    1.7765e+02    1.7768e+02 +/-  1.29e+01  <none>
  Background_Loose_HIGH_bin_1-7    6.4151e+01    6.4152e+01 +/-  7.53e+00  <none>
  Background_Loose_HIGH_bin_2-1    1.9987e+03    1.9987e+03 +/-  4.20e+01  <none>
  Background_Loose_HIGH_bin_2-2    1.6206e+03    1.6207e+03 +/-  4.04e+01  <none>
  Background_Loose_HIGH_bin_2-3    1.0267e+03    1.0267e+03 +/-  3.10e+01  <none>
  Background_Loose_HIGH_bin_2-4    6.3467e+02    6.3470e+02 +/-  2.87e+01  <none>
  Background_Loose_HIGH_bin_2-5    2.3011e+02    2.3009e+02 +/-  1.52e+01  <none>
  Background_Loose_HIGH_bin_2-6    8.6637e+01    8.6648e+01 +/-  8.67e+00  <none>
  Background_Loose_HIGH_bin_2-7    3.0286e+01    3.0291e+01 +/-  5.13e+00  <none>
  Background_Loose_HIGH_bin_3-1    8.7290e+02    8.7289e+02 +/-  2.77e+01  <none>
  Background_Loose_HIGH_bin_3-2    7.5627e+02    7.5627e+02 +/-  2.58e+01  <none>
  Background_Loose_HIGH_bin_3-3    5.1148e+02    5.1151e+02 +/-  2.25e+01  <none>
  Background_Loose_HIGH_bin_3-4    3.2887e+02    3.2886e+02 +/-  1.73e+01  <none>
  Background_Loose_HIGH_bin_3-5    1.1922e+02    1.1922e+02 +/-  1.02e+01  <none>
  Background_Loose_HIGH_bin_3-6    3.9148e+01    3.9154e+01 +/-  5.84e+00  <none>
  Background_Loose_HIGH_bin_3-7    1.0606e+01    1.0610e+01 +/-  3.62e+00  <none>
  Background_Loose_HIGH_bin_4-1    4.4829e+02    4.4831e+02 +/-  2.01e+01  <none>
  Background_Loose_HIGH_bin_4-2    3.5310e+02    3.5311e+02 +/-  1.76e+01  <none>
  Background_Loose_HIGH_bin_4-3    2.4165e+02    2.4167e+02 +/-  1.49e+01  <none>
  Background_Loose_HIGH_bin_4-4    1.4722e+02    1.4720e+02 +/-  1.18e+01  <none>
  Background_Loose_HIGH_bin_4-5    7.2536e+01    7.2537e+01 +/-  7.97e+00  <none>
  Background_Loose_HIGH_bin_4-6    1.8345e+01    1.8346e+01 +/-  4.01e+00  <none>
  Background_Loose_HIGH_bin_4-7    1.0444e+01    1.0445e+01 +/-  3.03e+00  <none>
  Background_Loose_HIGH_bin_5-1    2.0102e+02    2.0102e+02 +/-  1.33e+01  <none>
  Background_Loose_HIGH_bin_5-2    1.7029e+02    1.7029e+02 +/-  1.23e+01  <none>
  Background_Loose_HIGH_bin_5-3    9.4797e+01    9.4799e+01 +/-  9.13e+00  <none>
  Background_Loose_HIGH_bin_5-4    7.1096e+01    7.1097e+01 +/-  7.91e+00  <none>
  Background_Loose_HIGH_bin_5-5    2.4570e+01    2.4570e+01 +/-  4.65e+00  <none>
  Background_Loose_HIGH_bin_5-6    9.6454e+00    9.6461e+00 +/-  2.91e+00  <none>
  Background_Loose_HIGH_bin_5-7    5.2244e+00    5.2243e+00 +/-  2.15e+00  <none>
  Background_Loose_HIGH_bin_6-1    1.7621e+02    1.7620e+02 +/-  1.26e+01  <none>
  Background_Loose_HIGH_bin_6-2    1.3989e+02    1.3988e+02 +/-  1.12e+01  <none>
  Background_Loose_HIGH_bin_6-3    9.5612e+01    9.5610e+01 +/-  9.23e+00  <none>
  Background_Loose_HIGH_bin_6-4    4.5136e+01    4.5133e+01 +/-  6.33e+00  <none>
  Background_Loose_HIGH_bin_6-5    2.6536e+01    2.6540e+01 +/-  4.85e+00  <none>
  Background_Loose_HIGH_bin_6-6    1.1477e+01    1.1478e+01 +/-  3.19e+00  <none>
  Background_Loose_HIGH_bin_6-7    2.5257e+00    2.5241e+00 +/-  1.53e+00  <none>
  Background_Loose_LOW_bin_1-1    6.5922e+03    6.5921e+03 +/-  7.77e+01  <none>
  Background_Loose_LOW_bin_1-2    5.3653e+03    5.3652e+03 +/-  8.42e+01  <none>
  Background_Loose_LOW_bin_1-3    3.4173e+03    3.4171e+03 +/-  7.30e+01  <none>
  Background_Loose_LOW_bin_1-4    2.1040e+03    2.1040e+03 +/-  7.71e+01  <none>
  Background_Loose_LOW_bin_1-5    8.1475e+02    8.1474e+02 +/-  3.03e+01  <none>
  Background_Loose_LOW_bin_1-6    2.1283e+02    2.1284e+02 +/-  1.40e+01  <none>
  Background_Loose_LOW_bin_1-7    7.7037e+01    7.7044e+01 +/-  8.76e+00  <none>
  Background_Loose_SIG_bin_1-1    3.0867e+03    3.0867e+03 +/-  5.31e+01  <none>
  Background_Loose_SIG_bin_1-2    2.5094e+03    2.5094e+03 +/-  5.20e+01  <none>
  Background_Loose_SIG_bin_1-3    1.6338e+03    1.6337e+03 +/-  4.15e+01  <none>
  Background_Loose_SIG_bin_1-4    9.9172e+02    9.9167e+02 +/-  3.76e+01  <none>
  Background_Loose_SIG_bin_1-5    3.5237e+02    3.5235e+02 +/-  1.92e+01  <none>
  Background_Loose_SIG_bin_1-6    1.0635e+02    1.0635e+02 +/-  9.55e+00  <none>
  Background_Loose_SIG_bin_1-7    3.3427e+01    3.3439e+01 +/-  5.36e+00  <none>
  Background_Loose_SIG_bin_2-1    2.5450e+03    2.5450e+03 +/-  4.85e+01  <none>
  Background_Loose_SIG_bin_2-2    2.1449e+03    2.1449e+03 +/-  4.66e+01  <none>
  Background_Loose_SIG_bin_2-3    1.3509e+03    1.3509e+03 +/-  3.90e+01  <none>
  Background_Loose_SIG_bin_2-4    8.6044e+02    8.6045e+02 +/-  3.73e+01  <none>
  Background_Loose_SIG_bin_2-5    3.1633e+02    3.1632e+02 +/-  1.77e+01  <none>
  Background_Loose_SIG_bin_2-6    9.0136e+01    9.0133e+01 +/-  8.80e+00  <none>
  Background_Loose_SIG_bin_2-7    2.2305e+01    2.2305e+01 +/-  4.38e+00  <none>
  Background_Loose_SIG_bin_3-1    2.1105e+03    2.1106e+03 +/-  4.38e+01  <none>
  Background_Loose_SIG_bin_3-2    1.7109e+03    1.7109e+03 +/-  3.99e+01  <none>
  Background_Loose_SIG_bin_3-3    1.0944e+03    1.0945e+03 +/-  3.49e+01  <none>
  Background_Loose_SIG_bin_3-4    7.4522e+02    7.4521e+02 +/-  3.04e+01  <none>
  Background_Loose_SIG_bin_3-5    2.4812e+02    2.4813e+02 +/-  1.56e+01  <none>
  Background_Loose_SIG_bin_3-6    6.0993e+01    6.0999e+01 +/-  7.24e+00  <none>
  Background_Loose_SIG_bin_3-7    2.8338e+01    2.8338e+01 +/-  4.94e+00  <none>
  Background_Loose_SIG_bin_4-1    1.7816e+03    1.7816e+03 +/-  3.99e+01  <none>
  Background_Loose_SIG_bin_4-2    1.3822e+03    1.3822e+03 +/-  3.71e+01  <none>
  Background_Loose_SIG_bin_4-3    8.8069e+02    8.8069e+02 +/-  2.87e+01  <none>
  Background_Loose_SIG_bin_4-4    6.2990e+02    6.2982e+02 +/-  2.64e+01  <none>
  Background_Loose_SIG_bin_4-5    2.3306e+02    2.3302e+02 +/-  1.42e+01  <none>
  Background_Loose_SIG_bin_4-6    7.2231e+01    7.2228e+01 +/-  7.88e+00  <none>
  Background_Loose_SIG_bin_4-7    1.8043e+01    1.8043e+01 +/-  3.94e+00  <none>
  Background_Loose_SIG_bin_5-1    1.4028e+03    1.4028e+03 +/-  3.60e+01  <none>
  Background_Loose_SIG_bin_5-2    1.2048e+03    1.2049e+03 +/-  3.42e+01  <none>
  Background_Loose_SIG_bin_5-3    7.8037e+02    7.8040e+02 +/-  2.79e+01  <none>
  Background_Loose_SIG_bin_5-4    4.8931e+02    4.8934e+02 +/-  2.31e+01  <none>
  Background_Loose_SIG_bin_5-5    1.9449e+02    1.9450e+02 +/-  1.38e+01  <none>
  Background_Loose_SIG_bin_5-6    5.6800e+01    5.6798e+01 +/-  6.99e+00  <none>
  Background_Loose_SIG_bin_5-7    2.1837e+01    2.1838e+01 +/-  4.55e+00  <none>
  Background_rpf_1x0_par0    1.7132e-01    1.7132e-01 +/-  2.77e-03  <none>
  Background_rpf_1x0_par1   -4.9511e-02   -4.9506e-02 +/-  1.16e-02  <none>
                     F    4.1505e-03    2.9519e-03 +/-  4.97e-01  <none>
                   JER    2.9580e-02    2.2131e-02 +/-  3.76e-01  <none>
                   JES    7.7785e-02    7.5842e-02 +/-  4.65e-01  <none>
                   JMR    1.1266e+00    1.1278e+00 +/-  5.81e-01  <none>
                   JMS   -1.0523e-01   -1.0193e-01 +/-  3.63e-01  <none>
                PS_FSR   -2.1670e-01   -2.1732e-01 +/-  2.27e-01  <none>
                PS_ISR    7.0558e-02    7.6459e-02 +/-  5.09e-01  <none>
                     R    1.9970e-01    1.9931e-01 +/-  4.83e-01  <none>
                    RF    2.3384e-01    2.3437e-01 +/-  4.70e-01  <none>
                  btag    2.8786e-02    3.4445e-02 +/-  5.26e-01  <none>
                  lumi   -1.3860e-01   -1.3927e-01 +/-  9.98e-01  <none>
                   pdf   -1.1639e-01   -1.1989e-01 +/-  5.23e-01  <none>
                pileup   -3.7862e-01   -3.7732e-01 +/-  4.76e-01  <none>
               prefire   -2.2591e-02   -2.1519e-02 +/-  5.28e-01  <none>
              top_ptrw    0.0000e+00    0.0000e+00 +/-  5.29e-01  <none>
            ttbar_xsec   -1.3548e+00   -1.3525e+00 +/-  8.08e-01  <none>


  RooFitResult: minimized FCN value: -0.000463779, estimated distance to minimum: 0.00283929
                covariance matrix quality: Full, accurate covariance matrix
                Status : MINIMIZE=0 HESSE=0 

    Constant Parameter    Value     
  --------------------  ------------
                  F_In    0.0000e+00
                JER_In    0.0000e+00
                JES_In    0.0000e+00
                JMR_In    0.0000e+00
                JMS_In    0.0000e+00
             PS_FSR_In    0.0000e+00
             PS_ISR_In    0.0000e+00
                 RF_In    0.0000e+00
                  R_In    0.0000e+00
               btag_In    0.0000e+00
               lumi_In    0.0000e+00
  n_exp_binLoose_HIGH_proc_Background    1.0000e+00
  n_exp_binLoose_LOW_proc_Background    1.0000e+00
  n_exp_binLoose_SIG_proc_Background    1.0000e+00
  n_exp_binPass_HIGH_proc_Background_1x0    1.0000e+00
  n_exp_binPass_LOW_proc_Background_1x0    1.0000e+00
  n_exp_binPass_SIG_proc_Background_1x0    1.0000e+00
                pdf_In    0.0000e+00
             pileup_In    0.0000e+00
            prefire_In    0.0000e+00
                     r    0.0000e+00
           top_ptrw_In    0.0000e+00
         ttbar_xsec_In    0.0000e+00

    Floating Parameter  InitialValue    FinalValue +/-  Error     GblCorr.
  --------------------  ------------  --------------------------  --------
  Background_Loose_HIGH_bin_1-1    4.4106e+03    4.4107e+03 +/-  6.34e+01  <none>
  Background_Loose_HIGH_bin_1-2    3.7043e+03    3.7043e+03 +/-  6.25e+01  <none>
  Background_Loose_HIGH_bin_1-3    2.3736e+03    2.3736e+03 +/-  5.18e+01  <none>
  Background_Loose_HIGH_bin_1-4    1.5671e+03    1.5670e+03 +/-  4.19e+01  <none>
  Background_Loose_HIGH_bin_1-5    5.7639e+02    5.7641e+02 +/-  2.53e+01  <none>
  Background_Loose_HIGH_bin_1-6    1.7765e+02    1.7768e+02 +/-  1.29e+01  <none>
  Background_Loose_HIGH_bin_1-7    6.4151e+01    6.4152e+01 +/-  7.53e+00  <none>
  Background_Loose_HIGH_bin_2-1    1.9987e+03    1.9987e+03 +/-  4.20e+01  <none>
  Background_Loose_HIGH_bin_2-2    1.6206e+03    1.6207e+03 +/-  4.04e+01  <none>
  Background_Loose_HIGH_bin_2-3    1.0267e+03    1.0267e+03 +/-  3.10e+01  <none>
  Background_Loose_HIGH_bin_2-4    6.3467e+02    6.3470e+02 +/-  2.87e+01  <none>
  Background_Loose_HIGH_bin_2-5    2.3011e+02    2.3009e+02 +/-  1.52e+01  <none>
  Background_Loose_HIGH_bin_2-6    8.6637e+01    8.6648e+01 +/-  8.67e+00  <none>
  Background_Loose_HIGH_bin_2-7    3.0286e+01    3.0291e+01 +/-  5.13e+00  <none>
  Background_Loose_HIGH_bin_3-1    8.7290e+02    8.7289e+02 +/-  2.77e+01  <none>
  Background_Loose_HIGH_bin_3-2    7.5627e+02    7.5627e+02 +/-  2.58e+01  <none>
  Background_Loose_HIGH_bin_3-3    5.1148e+02    5.1151e+02 +/-  2.25e+01  <none>
  Background_Loose_HIGH_bin_3-4    3.2887e+02    3.2886e+02 +/-  1.73e+01  <none>
  Background_Loose_HIGH_bin_3-5    1.1922e+02    1.1922e+02 +/-  1.02e+01  <none>
  Background_Loose_HIGH_bin_3-6    3.9148e+01    3.9154e+01 +/-  5.84e+00  <none>
  Background_Loose_HIGH_bin_3-7    1.0606e+01    1.0610e+01 +/-  3.62e+00  <none>
  Background_Loose_HIGH_bin_4-1    4.4829e+02    4.4831e+02 +/-  2.01e+01  <none>
  Background_Loose_HIGH_bin_4-2    3.5310e+02    3.5311e+02 +/-  1.76e+01  <none>
  Background_Loose_HIGH_bin_4-3    2.4165e+02    2.4167e+02 +/-  1.49e+01  <none>
  Background_Loose_HIGH_bin_4-4    1.4722e+02    1.4720e+02 +/-  1.18e+01  <none>
  Background_Loose_HIGH_bin_4-5    7.2536e+01    7.2537e+01 +/-  7.97e+00  <none>
  Background_Loose_HIGH_bin_4-6    1.8345e+01    1.8346e+01 +/-  4.01e+00  <none>
  Background_Loose_HIGH_bin_4-7    1.0444e+01    1.0445e+01 +/-  3.03e+00  <none>
  Background_Loose_HIGH_bin_5-1    2.0102e+02    2.0102e+02 +/-  1.33e+01  <none>
  Background_Loose_HIGH_bin_5-2    1.7029e+02    1.7029e+02 +/-  1.23e+01  <none>
  Background_Loose_HIGH_bin_5-3    9.4797e+01    9.4799e+01 +/-  9.13e+00  <none>
  Background_Loose_HIGH_bin_5-4    7.1096e+01    7.1097e+01 +/-  7.91e+00  <none>
  Background_Loose_HIGH_bin_5-5    2.4570e+01    2.4570e+01 +/-  4.65e+00  <none>
  Background_Loose_HIGH_bin_5-6    9.6454e+00    9.6461e+00 +/-  2.91e+00  <none>
  Background_Loose_HIGH_bin_5-7    5.2244e+00    5.2243e+00 +/-  2.15e+00  <none>
  Background_Loose_HIGH_bin_6-1    1.7621e+02    1.7620e+02 +/-  1.26e+01  <none>
  Background_Loose_HIGH_bin_6-2    1.3989e+02    1.3988e+02 +/-  1.12e+01  <none>
  Background_Loose_HIGH_bin_6-3    9.5612e+01    9.5610e+01 +/-  9.23e+00  <none>
  Background_Loose_HIGH_bin_6-4    4.5136e+01    4.5133e+01 +/-  6.33e+00  <none>
  Background_Loose_HIGH_bin_6-5    2.6536e+01    2.6540e+01 +/-  4.85e+00  <none>
  Background_Loose_HIGH_bin_6-6    1.1477e+01    1.1478e+01 +/-  3.19e+00  <none>
  Background_Loose_HIGH_bin_6-7    2.5257e+00    2.5241e+00 +/-  1.53e+00  <none>
  Background_Loose_LOW_bin_1-1    6.5922e+03    6.5921e+03 +/-  7.77e+01  <none>
  Background_Loose_LOW_bin_1-2    5.3653e+03    5.3652e+03 +/-  8.42e+01  <none>
  Background_Loose_LOW_bin_1-3    3.4173e+03    3.4171e+03 +/-  7.30e+01  <none>
  Background_Loose_LOW_bin_1-4    2.1040e+03    2.1040e+03 +/-  7.71e+01  <none>
  Background_Loose_LOW_bin_1-5    8.1475e+02    8.1474e+02 +/-  3.03e+01  <none>
  Background_Loose_LOW_bin_1-6    2.1283e+02    2.1284e+02 +/-  1.40e+01  <none>
  Background_Loose_LOW_bin_1-7    7.7037e+01    7.7044e+01 +/-  8.76e+00  <none>
  Background_Loose_SIG_bin_1-1    3.0867e+03    3.0867e+03 +/-  5.31e+01  <none>
  Background_Loose_SIG_bin_1-2    2.5094e+03    2.5094e+03 +/-  5.20e+01  <none>
  Background_Loose_SIG_bin_1-3    1.6338e+03    1.6337e+03 +/-  4.15e+01  <none>
  Background_Loose_SIG_bin_1-4    9.9172e+02    9.9167e+02 +/-  3.76e+01  <none>
  Background_Loose_SIG_bin_1-5    3.5237e+02    3.5235e+02 +/-  1.92e+01  <none>
  Background_Loose_SIG_bin_1-6    1.0635e+02    1.0635e+02 +/-  9.55e+00  <none>
  Background_Loose_SIG_bin_1-7    3.3427e+01    3.3439e+01 +/-  5.36e+00  <none>
  Background_Loose_SIG_bin_2-1    2.5450e+03    2.5450e+03 +/-  4.85e+01  <none>
  Background_Loose_SIG_bin_2-2    2.1449e+03    2.1449e+03 +/-  4.66e+01  <none>
  Background_Loose_SIG_bin_2-3    1.3509e+03    1.3509e+03 +/-  3.90e+01  <none>
  Background_Loose_SIG_bin_2-4    8.6044e+02    8.6045e+02 +/-  3.73e+01  <none>
  Background_Loose_SIG_bin_2-5    3.1633e+02    3.1632e+02 +/-  1.77e+01  <none>
  Background_Loose_SIG_bin_2-6    9.0136e+01    9.0133e+01 +/-  8.80e+00  <none>
  Background_Loose_SIG_bin_2-7    2.2305e+01    2.2305e+01 +/-  4.38e+00  <none>
  Background_Loose_SIG_bin_3-1    2.1105e+03    2.1106e+03 +/-  4.38e+01  <none>
  Background_Loose_SIG_bin_3-2    1.7109e+03    1.7109e+03 +/-  3.99e+01  <none>
  Background_Loose_SIG_bin_3-3    1.0944e+03    1.0945e+03 +/-  3.49e+01  <none>
  Background_Loose_SIG_bin_3-4    7.4522e+02    7.4521e+02 +/-  3.04e+01  <none>
  Background_Loose_SIG_bin_3-5    2.4812e+02    2.4813e+02 +/-  1.56e+01  <none>
  Background_Loose_SIG_bin_3-6    6.0993e+01    6.0999e+01 +/-  7.24e+00  <none>
  Background_Loose_SIG_bin_3-7    2.8338e+01    2.8338e+01 +/-  4.94e+00  <none>
  Background_Loose_SIG_bin_4-1    1.7816e+03    1.7816e+03 +/-  3.99e+01  <none>
  Background_Loose_SIG_bin_4-2    1.3822e+03    1.3822e+03 +/-  3.71e+01  <none>
  Background_Loose_SIG_bin_4-3    8.8069e+02    8.8069e+02 +/-  2.87e+01  <none>
  Background_Loose_SIG_bin_4-4    6.2990e+02    6.2982e+02 +/-  2.64e+01  <none>
  Background_Loose_SIG_bin_4-5    2.3306e+02    2.3302e+02 +/-  1.42e+01  <none>
  Background_Loose_SIG_bin_4-6    7.2231e+01    7.2228e+01 +/-  7.88e+00  <none>
  Background_Loose_SIG_bin_4-7    1.8043e+01    1.8043e+01 +/-  3.94e+00  <none>
  Background_Loose_SIG_bin_5-1    1.4028e+03    1.4028e+03 +/-  3.60e+01  <none>
  Background_Loose_SIG_bin_5-2    1.2048e+03    1.2049e+03 +/-  3.42e+01  <none>
  Background_Loose_SIG_bin_5-3    7.8037e+02    7.8040e+02 +/-  2.79e+01  <none>
  Background_Loose_SIG_bin_5-4    4.8931e+02    4.8934e+02 +/-  2.31e+01  <none>
  Background_Loose_SIG_bin_5-5    1.9449e+02    1.9450e+02 +/-  1.38e+01  <none>
  Background_Loose_SIG_bin_5-6    5.6800e+01    5.6798e+01 +/-  6.99e+00  <none>
  Background_Loose_SIG_bin_5-7    2.1837e+01    2.1838e+01 +/-  4.55e+00  <none>
  Background_rpf_1x0_par0    1.7132e-01    1.7132e-01 +/-  2.77e-03  <none>
  Background_rpf_1x0_par1   -4.9511e-02   -4.9506e-02 +/-  1.16e-02  <none>
                     F    4.1505e-03    2.9519e-03 +/-  4.97e-01  <none>
                   JER    2.9580e-02    2.2131e-02 +/-  3.76e-01  <none>
                   JES    7.7785e-02    7.5842e-02 +/-  4.65e-01  <none>
                   JMR    1.1266e+00    1.1278e+00 +/-  5.81e-01  <none>
                   JMS   -1.0523e-01   -1.0193e-01 +/-  3.63e-01  <none>
                PS_FSR   -2.1670e-01   -2.1732e-01 +/-  2.27e-01  <none>
                PS_ISR    7.0558e-02    7.6459e-02 +/-  5.09e-01  <none>
                     R    1.9970e-01    1.9931e-01 +/-  4.83e-01  <none>
                    RF    2.3384e-01    2.3437e-01 +/-  4.70e-01  <none>
                  btag    2.8786e-02    3.4445e-02 +/-  5.26e-01  <none>
                  lumi   -1.3860e-01   -1.3927e-01 +/-  9.98e-01  <none>
                   pdf   -1.1639e-01   -1.1989e-01 +/-  5.23e-01  <none>
                pileup   -3.7862e-01   -3.7732e-01 +/-  4.76e-01  <none>
               prefire   -2.2591e-02   -2.1519e-02 +/-  5.28e-01  <none>
              top_ptrw    0.0000e+00    0.0000e+00 +/-  5.29e-01  <none>
            ttbar_xsec   -1.3548e+00   -1.3525e+00 +/-  8.08e-01  <none>


  RooFitResult: minimized FCN value: -0.00159479, estimated distance to minimum: 0.000480773
                covariance matrix quality: Full matrix, but forced positive-definite
                Status : MINIMIZE=0 HESSE=0 

    Constant Parameter    Value     
  --------------------  ------------
                  F_In    0.0000e+00
                JER_In    0.0000e+00
                JES_In    0.0000e+00
                JMR_In    0.0000e+00
                JMS_In    0.0000e+00
             PS_FSR_In    0.0000e+00
             PS_ISR_In    0.0000e+00
                 RF_In    0.0000e+00
                  R_In    0.0000e+00
               btag_In    0.0000e+00
               lumi_In    0.0000e+00
  n_exp_binLoose_HIGH_proc_Background    1.0000e+00
  n_exp_binLoose_LOW_proc_Background    1.0000e+00
  n_exp_binLoose_SIG_proc_Background    1.0000e+00
  n_exp_binPass_HIGH_proc_Background_1x0    1.0000e+00
  n_exp_binPass_LOW_proc_Background_1x0    1.0000e+00
  n_exp_binPass_SIG_proc_Background_1x0    1.0000e+00
                pdf_In    0.0000e+00
             pileup_In    0.0000e+00
            prefire_In    0.0000e+00
           top_ptrw_In    0.0000e+00
         ttbar_xsec_In    0.0000e+00

    Floating Parameter  InitialValue    FinalValue +/-  Error     GblCorr.
  --------------------  ------------  --------------------------  --------
  Background_Loose_HIGH_bin_1-1    4.4120e+03    4.4122e+03 +/-  1.10e+01  <none>
  Background_Loose_HIGH_bin_1-2    3.7054e+03    3.7053e+03 +/-  1.02e+01  <none>
  Background_Loose_HIGH_bin_1-3    2.3743e+03    2.3744e+03 +/-  8.24e+00  <none>
  Background_Loose_HIGH_bin_1-4    1.5675e+03    1.5673e+03 +/-  6.72e+00  <none>
  Background_Loose_HIGH_bin_1-5    5.7645e+02    5.7666e+02 +/-  4.13e+00  <none>
  Background_Loose_HIGH_bin_1-6    1.7783e+02    1.7773e+02 +/-  2.21e+00  <none>
  Background_Loose_HIGH_bin_1-7    6.4178e+01    6.4166e+01 +/-  1.33e+00  <none>
  Background_Loose_HIGH_bin_2-1    2.0002e+03    2.0003e+03 +/-  7.41e+00  <none>
  Background_Loose_HIGH_bin_2-2    1.6216e+03    1.6217e+03 +/-  6.78e+00  <none>
  Background_Loose_HIGH_bin_2-3    1.0274e+03    1.0274e+03 +/-  5.38e+00  <none>
  Background_Loose_HIGH_bin_2-4    6.3479e+02    6.3497e+02 +/-  4.42e+00  <none>
  Background_Loose_HIGH_bin_2-5    2.3019e+02    2.3031e+02 +/-  2.57e+00  <none>
  Background_Loose_HIGH_bin_2-6    8.6746e+01    8.6710e+01 +/-  1.54e+00  <none>
  Background_Loose_HIGH_bin_2-7    3.0323e+01    3.0311e+01 +/-  9.10e-01  <none>
  Background_Loose_HIGH_bin_3-1    8.7397e+02    8.7390e+02 +/-  4.89e+00  <none>
  Background_Loose_HIGH_bin_3-2    7.5702e+02    7.5706e+02 +/-  4.56e+00  <none>
  Background_Loose_HIGH_bin_3-3    5.1189e+02    5.1197e+02 +/-  3.83e+00  <none>
  Background_Loose_HIGH_bin_3-4    3.2917e+02    3.2923e+02 +/-  3.04e+00  <none>
  Background_Loose_HIGH_bin_3-5    1.1933e+02    1.1934e+02 +/-  1.81e+00  <none>
  Background_Loose_HIGH_bin_3-6    3.9191e+01    3.9177e+01 +/-  1.04e+00  <none>
  Background_Loose_HIGH_bin_3-7    1.0592e+01    1.0595e+01 +/-  5.92e-01  <none>
  Background_Loose_HIGH_bin_4-1    4.4890e+02    4.4894e+02 +/-  3.54e+00  <none>
  Background_Loose_HIGH_bin_4-2    3.5331e+02    3.5333e+02 +/-  3.12e+00  <none>
  Background_Loose_HIGH_bin_4-3    2.4185e+02    2.4185e+02 +/-  2.59e+00  <none>
  Background_Loose_HIGH_bin_4-4    1.4713e+02    1.4714e+02 +/-  2.06e+00  <none>
  Background_Loose_HIGH_bin_4-5    7.2337e+01    7.2353e+01 +/-  1.41e+00  <none>
  Background_Loose_HIGH_bin_4-6    1.8114e+01    1.8110e+01 +/-  7.11e-01  <none>
  Background_Loose_HIGH_bin_4-7    1.0072e+01    1.0032e+01 +/-  5.37e-01  <none>
  Background_Loose_HIGH_bin_5-1    2.0142e+02    2.0138e+02 +/-  2.36e+00  <none>
  Background_Loose_HIGH_bin_5-2    1.6970e+02    1.6975e+02 +/-  2.17e+00  <none>
  Background_Loose_HIGH_bin_5-3    9.4710e+01    9.4726e+01 +/-  1.62e+00  <none>
  Background_Loose_HIGH_bin_5-4    7.0410e+01    7.0428e+01 +/-  1.40e+00  <none>
  Background_Loose_HIGH_bin_5-5    2.2764e+01    2.2758e+01 +/-  8.19e-01  <none>
  Background_Loose_HIGH_bin_5-6    7.3937e+00    7.4234e+00 +/-  4.89e-01  <none>
  Background_Loose_HIGH_bin_5-7    3.4704e+00    3.4322e+00 +/-  3.46e-01  <none>
  Background_Loose_HIGH_bin_6-1    1.7670e+02    1.7667e+02 +/-  2.22e+00  <none>
  Background_Loose_HIGH_bin_6-2    1.4011e+02    1.4011e+02 +/-  1.98e+00  <none>
  Background_Loose_HIGH_bin_6-3    9.5825e+01    9.5827e+01 +/-  1.64e+00  <none>
  Background_Loose_HIGH_bin_6-4    4.5100e+01    4.5101e+01 +/-  1.12e+00  <none>
  Background_Loose_HIGH_bin_6-5    2.6416e+01    2.6429e+01 +/-  8.63e-01  <none>
  Background_Loose_HIGH_bin_6-6    1.0285e+01    1.0254e+01 +/-  5.63e-01  <none>
  Background_Loose_HIGH_bin_6-7    1.5225e+00    1.5058e+00 +/-  2.42e-01  <none>
  Background_Loose_LOW_bin_1-1    6.5895e+03    6.5895e+03 +/-  1.34e+01  <none>
  Background_Loose_LOW_bin_1-2    5.3622e+03    5.3625e+03 +/-  1.25e+01  <none>
  Background_Loose_LOW_bin_1-3    3.4146e+03    3.4154e+03 +/-  1.03e+01  <none>
  Background_Loose_LOW_bin_1-4    2.1012e+03    2.1028e+03 +/-  8.89e+00  <none>
  Background_Loose_LOW_bin_1-5    8.1421e+02    8.1416e+02 +/-  4.87e+00  <none>
  Background_Loose_LOW_bin_1-6    2.1274e+02    2.1274e+02 +/-  2.45e+00  <none>
  Background_Loose_LOW_bin_1-7    7.6977e+01    7.6991e+01 +/-  1.49e+00  <none>
  Background_Loose_SIG_bin_1-1    3.0861e+03    3.0861e+03 +/-  9.22e+00  <none>
  Background_Loose_SIG_bin_1-2    2.5087e+03    2.5088e+03 +/-  8.43e+00  <none>
  Background_Loose_SIG_bin_1-3    1.6335e+03    1.6334e+03 +/-  6.82e+00  <none>
  Background_Loose_SIG_bin_1-4    9.9123e+02    9.9117e+02 +/-  5.53e+00  <none>
  Background_Loose_SIG_bin_1-5    3.5230e+02    3.5227e+02 +/-  3.20e+00  <none>
  Background_Loose_SIG_bin_1-6    1.0633e+02    1.0634e+02 +/-  1.69e+00  <none>
  Background_Loose_SIG_bin_1-7    3.3394e+01    3.3430e+01 +/-  9.50e-01  <none>
  Background_Loose_SIG_bin_2-1    2.5447e+03    2.5446e+03 +/-  8.36e+00  <none>
  Background_Loose_SIG_bin_2-2    2.1445e+03    2.1445e+03 +/-  7.78e+00  <none>
  Background_Loose_SIG_bin_2-3    1.3506e+03    1.3507e+03 +/-  6.26e+00  <none>
  Background_Loose_SIG_bin_2-4    8.5983e+02    8.5979e+02 +/-  5.07e+00  <none>
  Background_Loose_SIG_bin_2-5    3.1635e+02    3.1631e+02 +/-  3.01e+00  <none>
  Background_Loose_SIG_bin_2-6    9.0126e+01    9.0126e+01 +/-  1.56e+00  <none>
  Background_Loose_SIG_bin_2-7    2.2303e+01    2.2303e+01 +/-  7.76e-01  <none>
  Background_Loose_SIG_bin_3-1    2.1104e+03    2.1105e+03 +/-  7.61e+00  <none>
  Background_Loose_SIG_bin_3-2    1.7109e+03    1.7107e+03 +/-  6.89e+00  <none>
  Background_Loose_SIG_bin_3-3    1.0944e+03    1.0944e+03 +/-  5.63e+00  <none>
  Background_Loose_SIG_bin_3-4    7.4471e+02    7.4505e+02 +/-  4.72e+00  <none>
  Background_Loose_SIG_bin_3-5    2.4800e+02    2.4807e+02 +/-  2.68e+00  <none>
  Background_Loose_SIG_bin_3-6    6.0995e+01    6.0998e+01 +/-  1.28e+00  <none>
  Background_Loose_SIG_bin_3-7    2.8334e+01    2.8335e+01 +/-  8.75e-01  <none>
  Background_Loose_SIG_bin_4-1    1.7816e+03    1.7817e+03 +/-  7.00e+00  <none>
  Background_Loose_SIG_bin_4-2    1.3822e+03    1.3822e+03 +/-  6.27e+00  <none>
  Background_Loose_SIG_bin_4-3    8.8070e+02    8.8075e+02 +/-  4.97e+00  <none>
  Background_Loose_SIG_bin_4-4    6.2980e+02    6.2974e+02 +/-  4.31e+00  <none>
  Background_Loose_SIG_bin_4-5    2.3310e+02    2.3305e+02 +/-  2.51e+00  <none>
  Background_Loose_SIG_bin_4-6    7.2242e+01    7.2234e+01 +/-  1.40e+00  <none>
  Background_Loose_SIG_bin_4-7    1.8044e+01    1.8044e+01 +/-  6.99e-01  <none>
  Background_Loose_SIG_bin_5-1    1.4028e+03    1.4029e+03 +/-  6.21e+00  <none>
  Background_Loose_SIG_bin_5-2    1.2049e+03    1.2050e+03 +/-  5.82e+00  <none>
  Background_Loose_SIG_bin_5-3    7.8034e+02    7.8041e+02 +/-  4.68e+00  <none>
  Background_Loose_SIG_bin_5-4    4.8933e+02    4.8928e+02 +/-  3.81e+00  <none>
  Background_Loose_SIG_bin_5-5    1.9451e+02    1.9446e+02 +/-  2.36e+00  <none>
  Background_Loose_SIG_bin_5-6    5.6807e+01    5.6807e+01 +/-  1.24e+00  <none>
  Background_Loose_SIG_bin_5-7    2.1834e+01    2.1836e+01 +/-  8.01e-01  <none>
  Background_rpf_1x0_par0    1.7201e-01    1.7199e-01 +/-  2.72e-04  <none>
  Background_rpf_1x0_par1   -5.4063e-02   -5.4007e-02 +/-  1.15e-03  <none>
                     F    2.2782e-03    5.5474e-03 +/-  7.90e-02  <none>
                   JER    3.5698e-02    3.0138e-02 +/-  6.42e-02  <none>
                   JES    8.0063e-02    7.9872e-02 +/-  1.02e+00  <none>
                   JMR    1.1291e+00    1.1384e+00 +/-  5.03e-02  <none>
                   JMS   -1.0921e-01   -1.0928e-01 +/-  1.07e+00  <none>
                PS_FSR   -2.1650e-01   -2.1388e-01 +/-  2.84e-02  <none>
                PS_ISR    6.8276e-02    6.8761e-02 +/-  7.52e-02  <none>
                     R    2.0205e-01    2.0338e-01 +/-  4.76e-02  <none>
                    RF    2.3177e-01    2.3723e-01 +/-  4.06e-02  <none>
                  btag    3.2862e-02    3.3924e-02 +/-  8.65e-02  <none>
                  lumi   -1.5011e-01   -1.3804e-01 +/-  1.72e-01  <none>
                   pdf   -1.0999e-01   -1.1165e-01 +/-  6.34e-02  <none>
                pileup   -3.6778e-01   -3.6487e-01 +/-  4.09e-02  <none>
               prefire   -2.2624e-02   -2.2123e-02 +/-  9.10e-02  <none>
                     r    1.5299e-01    1.5307e-01 +/-  1.28e-02  <none>
              top_ptrw    0.0000e+00    0.0000e+00 +/-  9.21e-02  <none>
            ttbar_xsec   -1.3430e+00   -1.3436e+00 +/-  6.88e-02  <none>

Robus Fit for POI 
Set default minimizer to Minuit2, algorithm Migrad, tolerance 0.1
Searching for crossing at nll = -622.183 in the interval 0.153066, 20
      r      lvl-here  lvl-there   stepping
  [WARNING] Found [Background_Loose_HIGH_bin_6-7] at boundary. 
 [WARNING] After the fit some parameters are at their boundary.
 [WARNING] Are you sure your model is correct?
2.137760    -11.44841  +0.49450    1.984693
  [WARNING] Found [Background_Loose_HIGH_bin_6-7] at boundary. 
 [WARNING] After the fit some parameters are at their boundary.
 [WARNING] Are you sure your model is correct?
0.748474    -3.82219  -11.44841    0.595408
  [WARNING] Found [Background_Loose_HIGH_bin_6-7] at boundary. 
 [WARNING] After the fit some parameters are at their boundary.
 [WARNING] Are you sure your model is correct?
0.331689    -1.20085  -3.82219    0.178622
0.206653    +0.29938  -1.20085    0.053587
 [WARNING] After the fit some parameters are at their boundary.
 [WARNING] Are you sure your model is correct?
0.260240    -0.20152  +0.29938    0.053587
 [WARNING] After the fit some parameters are at their boundary.
 [WARNING] Are you sure your model is correct?
0.222729    +0.17669  -0.20152    0.016076
 [WARNING] After the fit some parameters are at their boundary.
 [WARNING] Are you sure your model is correct?
0.238805    +0.02927  +0.17669    0.016076
 [WARNING] After the fit some parameters are at their boundary.
 [WARNING] Are you sure your model is correct?
0.254881    -0.14035  +0.02927    0.016076
 [WARNING] After the fit some parameters are at their boundary.
 [WARNING] Are you sure your model is correct?
0.243628    -0.01974  -0.14035    0.004823
 [WARNING] After the fit some parameters are at their boundary.
 [WARNING] Are you sure your model is correct?
0.240252    +0.01484  -0.01974    0.001447
 [WARNING] After the fit some parameters are at their boundary.
 [WARNING] Are you sure your model is correct?
0.241699    +0.00030  +0.01484    0.001447
Set default minimizer to Minuit2, algorithm Migrad, tolerance 0.1
Searching for crossing at nll = -622.183 in the interval 0.153066, -5
      r      lvl-here  lvl-there   stepping
WARNING: underflow to -3.99113e-05 in pdf_binPass_HIGH_obsOnly for bin 32, weight 5
[#0] ERROR:Eval -- RooAbsReal::logEvalError(Pass_HIGH) evaluation error, 
 origin       : RooAbsReal::Pass_HIGH[ params=(Background_Loose_HIGH_bin_1-1,Background_Loose_HIGH_bin_1-2,Background_Loose_HIGH_bin_1-3,Background_Loose_HIGH_bin_1-4,Background_Loose_HIGH_bin_1-5,Background_Loose_HIGH_bin_1-6,Background_Loose_HIGH_bin_1-7,Background_Loose_HIGH_bin_2-1,Background_Loose_HIGH_bin_2-2,Background_Loose_HIGH_bin_2-3,Background_Loose_HIGH_bin_2-4,Background_Loose_HIGH_bin_2-5,Background_Loose_HIGH_bin_2-6,Background_Loose_HIGH_bin_2-7,Background_Loose_HIGH_bin_3-1,Background_Loose_HIGH_bin_3-2,Background_Loose_HIGH_bin_3-3,Background_Loose_HIGH_bin_3-4,Background_Loose_HIGH_bin_3-5,Background_Loose_HIGH_bin_3-6,Background_Loose_HIGH_bin_3-7,Background_Loose_HIGH_bin_4-1,Background_Loose_HIGH_bin_4-2,Background_Loose_HIGH_bin_4-3,Background_Loose_HIGH_bin_4-4,Background_Loose_HIGH_bin_4-5,Background_Loose_HIGH_bin_4-6,Background_Loose_HIGH_bin_4-7,Background_Loose_HIGH_bin_5-1,Background_Loose_HIGH_bin_5-2,Background_Loose_HIGH_bin_5-3,Background_Loose_HIGH_bin_5-4,Background_Loose_HIGH_bin_5-5,Background_Loose_HIGH_bin_5-6,Background_Loose_HIGH_bin_5-7,Background_Loose_HIGH_bin_6-1,Background_Loose_HIGH_bin_6-2,Background_Loose_HIGH_bin_6-3,Background_Loose_HIGH_bin_6-4,Background_Loose_HIGH_bin_6-5,Background_Loose_HIGH_bin_6-6,Background_Loose_HIGH_bin_6-7,Background_rpf_1x0_par0,Background_rpf_1x0_par1,F,JER,JES,JMR,JMS,PS_FSR,PS_ISR,R,RF,btag,lumi,n_exp_binPass_HIGH_proc_Background_1x0,pdf,pileup,prefire,r,top_ptrw,ttbar_xsec) catParams=() ]
 message      : Number of events is negative or error
 server values: params=(Background_Loose_HIGH_bin_1-1 = 4412.26 +/- 61.9546,Background_Loose_HIGH_bin_1-2 = 3705.3 +/- 57.4688,Background_Loose_HIGH_bin_1-3 = 2374.47 +/- 46.1312,Background_Loose_HIGH_bin_1-4 = 1567.35 +/- 37.8397,Background_Loose_HIGH_bin_1-5 = 576.651 +/- 23.1403,Background_Loose_HIGH_bin_1-6 = 177.73 +/- 12.4186,Background_Loose_HIGH_bin_1-7 = 64.167 +/- 7.52517,Background_Loose_HIGH_bin_2-1 = 2000.31 +/- 41.7607,Background_Loose_HIGH_bin_2-2 = 1621.66 +/- 38.1413,Background_Loose_HIGH_bin_2-3 = 1027.41 +/- 30.2424,Background_Loose_HIGH_bin_2-4 = 634.974 +/- 24.8657,Background_Loose_HIGH_bin_2-5 = 230.317 +/- 14.4961,Background_Loose_HIGH_bin_2-6 = 86.7107 +/- 8.67242,Background_Loose_HIGH_bin_2-7 = 30.3118 +/- 5.13063,Background_Loose_HIGH_bin_3-1 = 873.91 +/- 27.5902,Background_Loose_HIGH_bin_3-2 = 757.075 +/- 25.6837,Background_Loose_HIGH_bin_3-3 = 511.968 +/- 21.5637,Background_Loose_HIGH_bin_3-4 = 329.232 +/- 17.1313,Background_Loose_HIGH_bin_3-5 = 119.34 +/- 10.1986,Background_Loose_HIGH_bin_3-6 = 39.1771 +/- 5.84494,Background_Loose_HIGH_bin_3-7 = 10.594 +/- 3.33379,Background_Loose_HIGH_bin_4-1 = 448.946 +/- 19.975,Background_Loose_HIGH_bin_4-2 = 353.341 +/- 17.5968,Background_Loose_HIGH_bin_4-3 = 241.851 +/- 14.5678,Background_Loose_HIGH_bin_4-4 = 147.141 +/- 11.6153,Background_Loose_HIGH_bin_4-5 = 72.3544 +/- 7.97577,Background_Loose_HIGH_bin_4-6 = 18.1108 +/- 4.01019,Background_Loose_HIGH_bin_4-7 = 10.0319 +/- 3.02918,Background_Loose_HIGH_bin_5-1 = 201.386 +/- 13.3096,Background_Loose_HIGH_bin_5-2 = 169.75 +/- 12.2531,Background_Loose_HIGH_bin_5-3 = 94.728 +/- 9.1411,Background_Loose_HIGH_bin_5-4 = 70.4303 +/- 7.91506,Background_Loose_HIGH_bin_5-5 = 22.7594 +/- 4.61703,Background_Loose_HIGH_bin_5-6 = 7.42465 +/- 2.75902,Background_Loose_HIGH_bin_5-7 = 3.43263 +/- 1.94941,Background_Loose_HIGH_bin_6-1 = 176.679 +/- 12.5269,Background_Loose_HIGH_bin_6-2 = 140.109 +/- 11.1628,Background_Loose_HIGH_bin_6-3 = 95.83 +/- 9.22845,Background_Loose_HIGH_bin_6-4 = 45.102 +/- 6.34171,Background_Loose_HIGH_bin_6-5 = 26.4296 +/- 4.86359,Background_Loose_HIGH_bin_6-6 = 10.2542 +/- 3.17264,Background_Loose_HIGH_bin_6-7 = 1.50607 +/- 1.36384,Background_rpf_1x0_par0 = 0.171995 +/- 0.00143244,Background_rpf_1x0_par1 = -0.053991 +/- 0.00610285,F = 0.00523468 +/- 0.432557,JER = 0.0302494 +/- 0.355883,JES = 0.0799118 +/- 0.0348596,JMR = 1.13852 +/- 0.23229,JMS = -0.109409 +/- 0.0752951,PS_FSR = -0.214056 +/- 0.145767,PS_ISR = 0.0687577 +/- 0.384923,R = 0.203271 +/- 0.220428,RF = 0.237269 +/- 0.185789,btag = 0.0338021 +/- 0.486755,lumi = -0.138602 +/- 0.965431,n_exp_binPass_HIGH_proc_Background_1x0 = 1,pdf = -0.111266 +/- 0.302826,pileup = -0.36449 +/- 0.192137,prefire = -0.0221492 +/- 0.504467,r = -0.36224 +/- 0.0128379,top_ptrw = 0 +/- 0.519287,ttbar_xsec = -1.34373 +/- 0.339766), catParams=()
FASTEXIT from pdf_binPass_HIGH_obsOnly
  [WARNING] Found [Background_Loose_HIGH_bin_1-1] at boundary. 
  [WARNING] Found [Background_Loose_HIGH_bin_1-2] at boundary. 
  [WARNING] Found [Background_Loose_HIGH_bin_1-3] at boundary. 
  [WARNING] Found [Background_Loose_HIGH_bin_1-4] at boundary. 
  [WARNING] Found [Background_Loose_HIGH_bin_1-5] at boundary. 
  [WARNING] Found [Background_Loose_HIGH_bin_1-6] at boundary. 
  [WARNING] Found [Background_Loose_HIGH_bin_1-7] at boundary. 
  [WARNING] Found [Background_Loose_HIGH_bin_2-1] at boundary. 
  [WARNING] Found [Background_Loose_HIGH_bin_2-2] at boundary. 
  [WARNING] Found [Background_Loose_HIGH_bin_2-3] at boundary. 
  [WARNING] Found [Background_Loose_HIGH_bin_2-4] at boundary. 
  [WARNING] Found [Background_Loose_HIGH_bin_2-5] at boundary. 
  [WARNING] Found [Background_Loose_HIGH_bin_2-6] at boundary. 
  [WARNING] Found [Background_Loose_HIGH_bin_2-7] at boundary. 
  [WARNING] Found [Background_Loose_HIGH_bin_3-1] at boundary. 
  [WARNING] Found [Background_Loose_HIGH_bin_3-2] at boundary. 
  [WARNING] Found [Background_Loose_HIGH_bin_3-3] at boundary. 
  [WARNING] Found [Background_Loose_HIGH_bin_3-4] at boundary. 
  [WARNING] Found [Background_Loose_HIGH_bin_3-5] at boundary. 
  [WARNING] Found [Background_Loose_HIGH_bin_3-6] at boundary. 
  [WARNING] Found [Background_Loose_HIGH_bin_3-7] at boundary. 
  [WARNING] Found [Background_Loose_HIGH_bin_4-1] at boundary. 
  [WARNING] Found [Background_Loose_HIGH_bin_4-2] at boundary. 
  [WARNING] Found [Background_Loose_HIGH_bin_4-3] at boundary. 
  [WARNING] Found [Background_Loose_HIGH_bin_4-4] at boundary. 
  [WARNING] Found [Background_Loose_HIGH_bin_4-5] at boundary. 
  [WARNING] Found [Background_Loose_HIGH_bin_4-6] at boundary. 
  [WARNING] Found [Background_Loose_HIGH_bin_4-7] at boundary. 
  [WARNING] Found [Background_Loose_HIGH_bin_5-1] at boundary. 
  [WARNING] Found [Background_Loose_HIGH_bin_5-2] at boundary. 
  [WARNING] Found [Background_Loose_HIGH_bin_5-3] at boundary. 
  [WARNING] Found [Background_Loose_HIGH_bin_5-4] at boundary. 
  [WARNING] Found [Background_Loose_HIGH_bin_5-5] at boundary. 
  [WARNING] Found [Background_Loose_HIGH_bin_5-6] at boundary. 
  [WARNING] Found [Background_Loose_HIGH_bin_5-7] at boundary. 
  [WARNING] Found [Background_Loose_HIGH_bin_6-1] at boundary. 
  [WARNING] Found [Background_Loose_HIGH_bin_6-2] at boundary. 
  [WARNING] Found [Background_Loose_HIGH_bin_6-3] at boundary. 
  [WARNING] Found [Background_Loose_HIGH_bin_6-4] at boundary. 
  [WARNING] Found [Background_Loose_HIGH_bin_6-5] at boundary. 
  [WARNING] Found [Background_Loose_HIGH_bin_6-6] at boundary. 
 [WARNING] After the fit some parameters are at their boundary.
 [WARNING] Are you sure your model is correct?
WARNING: underflow to -3.99113e-05 in pdf_binPass_HIGH_obsOnly for bin 32, weight 5
[#0] ERROR:Eval -- RooAbsReal::logEvalError(Pass_HIGH) evaluation error, 
 origin       : RooAbsReal::Pass_HIGH[ params=(Background_Loose_HIGH_bin_1-1,Background_Loose_HIGH_bin_1-2,Background_Loose_HIGH_bin_1-3,Background_Loose_HIGH_bin_1-4,Background_Loose_HIGH_bin_1-5,Background_Loose_HIGH_bin_1-6,Background_Loose_HIGH_bin_1-7,Background_Loose_HIGH_bin_2-1,Background_Loose_HIGH_bin_2-2,Background_Loose_HIGH_bin_2-3,Background_Loose_HIGH_bin_2-4,Background_Loose_HIGH_bin_2-5,Background_Loose_HIGH_bin_2-6,Background_Loose_HIGH_bin_2-7,Background_Loose_HIGH_bin_3-1,Background_Loose_HIGH_bin_3-2,Background_Loose_HIGH_bin_3-3,Background_Loose_HIGH_bin_3-4,Background_Loose_HIGH_bin_3-5,Background_Loose_HIGH_bin_3-6,Background_Loose_HIGH_bin_3-7,Background_Loose_HIGH_bin_4-1,Background_Loose_HIGH_bin_4-2,Background_Loose_HIGH_bin_4-3,Background_Loose_HIGH_bin_4-4,Background_Loose_HIGH_bin_4-5,Background_Loose_HIGH_bin_4-6,Background_Loose_HIGH_bin_4-7,Background_Loose_HIGH_bin_5-1,Background_Loose_HIGH_bin_5-2,Background_Loose_HIGH_bin_5-3,Background_Loose_HIGH_bin_5-4,Background_Loose_HIGH_bin_5-5,Background_Loose_HIGH_bin_5-6,Background_Loose_HIGH_bin_5-7,Background_Loose_HIGH_bin_6-1,Background_Loose_HIGH_bin_6-2,Background_Loose_HIGH_bin_6-3,Background_Loose_HIGH_bin_6-4,Background_Loose_HIGH_bin_6-5,Background_Loose_HIGH_bin_6-6,Background_Loose_HIGH_bin_6-7,Background_rpf_1x0_par0,Background_rpf_1x0_par1,F,JER,JES,JMR,JMS,PS_FSR,PS_ISR,R,RF,btag,lumi,n_exp_binPass_HIGH_proc_Background_1x0,pdf,pileup,prefire,r,top_ptrw,ttbar_xsec) catParams=() ]
 message      : Number of events is negative or error
 server values: params=(Background_Loose_HIGH_bin_1-1 = 4412.26 +/- 227821,Background_Loose_HIGH_bin_1-2 = 3705.3 +/- 228146,Background_Loose_HIGH_bin_1-3 = 2374.47 +/- 228757,Background_Loose_HIGH_bin_1-4 = 1567.35 +/- 229128,Background_Loose_HIGH_bin_1-5 = 576.651 +/- 229584,Background_Loose_HIGH_bin_1-6 = 177.73 +/- 229767,Background_Loose_HIGH_bin_1-7 = 64.167 +/- 229819,Background_Loose_HIGH_bin_2-1 = 2000.31 +/- 228929,Background_Loose_HIGH_bin_2-2 = 1621.66 +/- 229103,Background_Loose_HIGH_bin_2-3 = 1027.41 +/- 229377,Background_Loose_HIGH_bin_2-4 = 634.974 +/- 229557,Background_Loose_HIGH_bin_2-5 = 230.317 +/- 229743,Background_Loose_HIGH_bin_2-6 = 86.7107 +/- 229809,Background_Loose_HIGH_bin_2-7 = 30.3118 +/- 229835,Background_Loose_HIGH_bin_3-1 = 873.91 +/- 229447,Background_Loose_HIGH_bin_3-2 = 757.075 +/- 229501,Background_Loose_HIGH_bin_3-3 = 511.968 +/- 229613,Background_Loose_HIGH_bin_3-4 = 329.232 +/- 229697,Background_Loose_HIGH_bin_3-5 = 119.34 +/- 229794,Background_Loose_HIGH_bin_3-6 = 39.1771 +/- 229831,Background_Loose_HIGH_bin_3-7 = 10.594 +/- 229844,Background_Loose_HIGH_bin_4-1 = 448.946 +/- 229642,Background_Loose_HIGH_bin_4-2 = 353.341 +/- 229686,Background_Loose_HIGH_bin_4-3 = 241.851 +/- 229738,Background_Loose_HIGH_bin_4-4 = 147.141 +/- 229781,Background_Loose_HIGH_bin_4-5 = 72.3544 +/- 229816,Background_Loose_HIGH_bin_4-6 = 18.1108 +/- 229841,Background_Loose_HIGH_bin_4-7 = 10.0319 +/- 229844,Background_Loose_HIGH_bin_5-1 = 201.386 +/- 229756,Background_Loose_HIGH_bin_5-2 = 169.75 +/- 229771,Background_Loose_HIGH_bin_5-3 = 94.728 +/- 229805,Background_Loose_HIGH_bin_5-4 = 70.4303 +/- 229816,Background_Loose_HIGH_bin_5-5 = 22.7594 +/- 229838,Background_Loose_HIGH_bin_5-6 = 7.42465 +/- 229845,Background_Loose_HIGH_bin_5-7 = 3.43263 +/- 229847,Background_Loose_HIGH_bin_6-1 = 176.679 +/- 229768,Background_Loose_HIGH_bin_6-2 = 140.109 +/- 229784,Background_Loose_HIGH_bin_6-3 = 95.83 +/- 229805,Background_Loose_HIGH_bin_6-4 = 45.102 +/- 229828,Background_Loose_HIGH_bin_6-5 = 26.4296 +/- 229837,Background_Loose_HIGH_bin_6-6 = 10.2542 +/- 229844,Background_Loose_HIGH_bin_6-7 = 1.50607 +/- 229848,Background_rpf_1x0_par0 = 0.171995 +/- 0,Background_rpf_1x0_par1 = -0.053991 +/- 0,F = 0.00523468 +/- 3.05864e-16,JER = 0.0302494 +/- 2.51647e-16,JES = 0.0799118 +/- 2.46494e-17,JMR = 1.13852 +/- 1.64254e-16,JMS = -0.109409 +/- 5.32417e-17,PS_FSR = -0.214056 +/- 1.03073e-16,PS_ISR = 0.0687577 +/- 2.72181e-16,R = 0.203271 +/- 1.55866e-16,RF = 0.237269 +/- 1.31373e-16,btag = 0.0338021 +/- 3.44188e-16,lumi = -0.138602 +/- 6.82663e-16,n_exp_binPass_HIGH_proc_Background_1x0 = 1,pdf = -0.111266 +/- 2.1413e-16,pileup = -0.36449 +/- 1.35861e-16,prefire = -0.0221492 +/- 3.56712e-16,r = -0.36224 +/- 0.0128379,top_ptrw = 0 +/- 3.67192e-16,ttbar_xsec = -1.34373 +/- 2.40251e-16), catParams=()
FASTEXIT from pdf_binPass_HIGH_obsOnly
-0.362240    -9000000104.67218  +0.49450    -0.515307
-0.001526    -2.67728  -9000000104.67218    -0.154592
0.106689    +0.30742  -2.67728    -0.046378
0.060311    -0.38255  +0.30742    -0.046378
0.092776    +0.16395  -0.38255    -0.013913
0.078862    -0.03056  +0.16395    -0.013913
0.088602    +0.11130  -0.03056    -0.004174
0.084428    +0.05386  +0.11130    -0.004174
0.080254    -0.00856  +0.05386    -0.004174
0.083175    +0.03574  -0.00856    -0.001252
0.081923    +0.01711  +0.03574    -0.001252
0.080671    -0.00199  +0.01711    -0.001252
0.081548    +0.01144  -0.00199    -0.000376
0.081172    +0.00572  +0.01144    -0.000376
0.080796    -0.00005  +0.00572    -0.000376

  RooFitResult: minimized FCN value: -0.00159479, estimated distance to minimum: 0.000480773
                covariance matrix quality: Full matrix, but forced positive-definite
                Status : MINIMIZE=0 HESSE=0 

    Constant Parameter    Value     
  --------------------  ------------
                  F_In    0.0000e+00
                JER_In    0.0000e+00
                JES_In    0.0000e+00
                JMR_In    0.0000e+00
                JMS_In    0.0000e+00
             PS_FSR_In    0.0000e+00
             PS_ISR_In    0.0000e+00
                 RF_In    0.0000e+00
                  R_In    0.0000e+00
               btag_In    0.0000e+00
               lumi_In    0.0000e+00
  n_exp_binLoose_HIGH_proc_Background    1.0000e+00
  n_exp_binLoose_LOW_proc_Background    1.0000e+00
  n_exp_binLoose_SIG_proc_Background    1.0000e+00
  n_exp_binPass_HIGH_proc_Background_1x0    1.0000e+00
  n_exp_binPass_LOW_proc_Background_1x0    1.0000e+00
  n_exp_binPass_SIG_proc_Background_1x0    1.0000e+00
                pdf_In    0.0000e+00
             pileup_In    0.0000e+00
            prefire_In    0.0000e+00
           top_ptrw_In    0.0000e+00
         ttbar_xsec_In    0.0000e+00

    Floating Parameter  InitialValue    FinalValue (+HiError,-LoError)    GblCorr.
  --------------------  ------------  ----------------------------------  --------
  Background_Loose_HIGH_bin_1-1    4.4120e+03    4.4122e+03         +/-  1.10e+01  <none>
  Background_Loose_HIGH_bin_1-2    3.7054e+03    3.7053e+03         +/-  1.02e+01  <none>
  Background_Loose_HIGH_bin_1-3    2.3743e+03    2.3744e+03         +/-  8.24e+00  <none>
  Background_Loose_HIGH_bin_1-4    1.5675e+03    1.5673e+03         +/-  6.72e+00  <none>
  Background_Loose_HIGH_bin_1-5    5.7645e+02    5.7666e+02         +/-  4.13e+00  <none>
  Background_Loose_HIGH_bin_1-6    1.7783e+02    1.7773e+02         +/-  2.21e+00  <none>
  Background_Loose_HIGH_bin_1-7    6.4178e+01    6.4166e+01         +/-  1.33e+00  <none>
  Background_Loose_HIGH_bin_2-1    2.0002e+03    2.0003e+03         +/-  7.41e+00  <none>
  Background_Loose_HIGH_bin_2-2    1.6216e+03    1.6217e+03         +/-  6.78e+00  <none>
  Background_Loose_HIGH_bin_2-3    1.0274e+03    1.0274e+03         +/-  5.38e+00  <none>
  Background_Loose_HIGH_bin_2-4    6.3479e+02    6.3497e+02         +/-  4.42e+00  <none>
  Background_Loose_HIGH_bin_2-5    2.3019e+02    2.3031e+02         +/-  2.57e+00  <none>
  Background_Loose_HIGH_bin_2-6    8.6746e+01    8.6710e+01         +/-  1.54e+00  <none>
  Background_Loose_HIGH_bin_2-7    3.0323e+01    3.0311e+01         +/-  9.10e-01  <none>
  Background_Loose_HIGH_bin_3-1    8.7397e+02    8.7390e+02         +/-  4.89e+00  <none>
  Background_Loose_HIGH_bin_3-2    7.5702e+02    7.5706e+02         +/-  4.56e+00  <none>
  Background_Loose_HIGH_bin_3-3    5.1189e+02    5.1197e+02         +/-  3.83e+00  <none>
  Background_Loose_HIGH_bin_3-4    3.2917e+02    3.2923e+02         +/-  3.04e+00  <none>
  Background_Loose_HIGH_bin_3-5    1.1933e+02    1.1934e+02         +/-  1.81e+00  <none>
  Background_Loose_HIGH_bin_3-6    3.9191e+01    3.9177e+01         +/-  1.04e+00  <none>
  Background_Loose_HIGH_bin_3-7    1.0592e+01    1.0595e+01         +/-  5.92e-01  <none>
  Background_Loose_HIGH_bin_4-1    4.4890e+02    4.4894e+02         +/-  3.54e+00  <none>
  Background_Loose_HIGH_bin_4-2    3.5331e+02    3.5333e+02         +/-  3.12e+00  <none>
  Background_Loose_HIGH_bin_4-3    2.4185e+02    2.4185e+02         +/-  2.59e+00  <none>
  Background_Loose_HIGH_bin_4-4    1.4713e+02    1.4714e+02         +/-  2.06e+00  <none>
  Background_Loose_HIGH_bin_4-5    7.2337e+01    7.2353e+01         +/-  1.41e+00  <none>
  Background_Loose_HIGH_bin_4-6    1.8114e+01    1.8110e+01         +/-  7.11e-01  <none>
  Background_Loose_HIGH_bin_4-7    1.0072e+01    1.0032e+01         +/-  5.37e-01  <none>
  Background_Loose_HIGH_bin_5-1    2.0142e+02    2.0138e+02         +/-  2.36e+00  <none>
  Background_Loose_HIGH_bin_5-2    1.6970e+02    1.6975e+02         +/-  2.17e+00  <none>
  Background_Loose_HIGH_bin_5-3    9.4710e+01    9.4726e+01         +/-  1.62e+00  <none>
  Background_Loose_HIGH_bin_5-4    7.0410e+01    7.0428e+01         +/-  1.40e+00  <none>
  Background_Loose_HIGH_bin_5-5    2.2764e+01    2.2758e+01         +/-  8.19e-01  <none>
  Background_Loose_HIGH_bin_5-6    7.3937e+00    7.4234e+00         +/-  4.89e-01  <none>
  Background_Loose_HIGH_bin_5-7    3.4704e+00    3.4322e+00         +/-  3.46e-01  <none>
  Background_Loose_HIGH_bin_6-1    1.7670e+02    1.7667e+02         +/-  2.22e+00  <none>
  Background_Loose_HIGH_bin_6-2    1.4011e+02    1.4011e+02         +/-  1.98e+00  <none>
  Background_Loose_HIGH_bin_6-3    9.5825e+01    9.5827e+01         +/-  1.64e+00  <none>
  Background_Loose_HIGH_bin_6-4    4.5100e+01    4.5101e+01         +/-  1.12e+00  <none>
  Background_Loose_HIGH_bin_6-5    2.6416e+01    2.6429e+01         +/-  8.63e-01  <none>
  Background_Loose_HIGH_bin_6-6    1.0285e+01    1.0254e+01         +/-  5.63e-01  <none>
  Background_Loose_HIGH_bin_6-7    1.5225e+00    1.5058e+00         +/-  2.42e-01  <none>
  Background_Loose_LOW_bin_1-1    6.5895e+03    6.5895e+03         +/-  1.34e+01  <none>
  Background_Loose_LOW_bin_1-2    5.3622e+03    5.3625e+03         +/-  1.25e+01  <none>
  Background_Loose_LOW_bin_1-3    3.4146e+03    3.4154e+03         +/-  1.03e+01  <none>
  Background_Loose_LOW_bin_1-4    2.1012e+03    2.1028e+03         +/-  8.89e+00  <none>
  Background_Loose_LOW_bin_1-5    8.1421e+02    8.1416e+02         +/-  4.87e+00  <none>
  Background_Loose_LOW_bin_1-6    2.1274e+02    2.1274e+02         +/-  2.45e+00  <none>
  Background_Loose_LOW_bin_1-7    7.6977e+01    7.6991e+01         +/-  1.49e+00  <none>
  Background_Loose_SIG_bin_1-1    3.0861e+03    3.0861e+03         +/-  9.22e+00  <none>
  Background_Loose_SIG_bin_1-2    2.5087e+03    2.5088e+03         +/-  8.43e+00  <none>
  Background_Loose_SIG_bin_1-3    1.6335e+03    1.6334e+03         +/-  6.82e+00  <none>
  Background_Loose_SIG_bin_1-4    9.9123e+02    9.9117e+02         +/-  5.53e+00  <none>
  Background_Loose_SIG_bin_1-5    3.5230e+02    3.5227e+02         +/-  3.20e+00  <none>
  Background_Loose_SIG_bin_1-6    1.0633e+02    1.0634e+02         +/-  1.69e+00  <none>
  Background_Loose_SIG_bin_1-7    3.3394e+01    3.3430e+01         +/-  9.50e-01  <none>
  Background_Loose_SIG_bin_2-1    2.5447e+03    2.5446e+03         +/-  8.36e+00  <none>
  Background_Loose_SIG_bin_2-2    2.1445e+03    2.1445e+03         +/-  7.78e+00  <none>
  Background_Loose_SIG_bin_2-3    1.3506e+03    1.3507e+03         +/-  6.26e+00  <none>
  Background_Loose_SIG_bin_2-4    8.5983e+02    8.5979e+02         +/-  5.07e+00  <none>
  Background_Loose_SIG_bin_2-5    3.1635e+02    3.1631e+02         +/-  3.01e+00  <none>
  Background_Loose_SIG_bin_2-6    9.0126e+01    9.0126e+01         +/-  1.56e+00  <none>
  Background_Loose_SIG_bin_2-7    2.2303e+01    2.2303e+01         +/-  7.76e-01  <none>
  Background_Loose_SIG_bin_3-1    2.1104e+03    2.1105e+03         +/-  7.61e+00  <none>
  Background_Loose_SIG_bin_3-2    1.7109e+03    1.7107e+03         +/-  6.89e+00  <none>
  Background_Loose_SIG_bin_3-3    1.0944e+03    1.0944e+03         +/-  5.63e+00  <none>
  Background_Loose_SIG_bin_3-4    7.4471e+02    7.4505e+02         +/-  4.72e+00  <none>
  Background_Loose_SIG_bin_3-5    2.4800e+02    2.4807e+02         +/-  2.68e+00  <none>
  Background_Loose_SIG_bin_3-6    6.0995e+01    6.0998e+01         +/-  1.28e+00  <none>
  Background_Loose_SIG_bin_3-7    2.8334e+01    2.8335e+01         +/-  8.75e-01  <none>
  Background_Loose_SIG_bin_4-1    1.7816e+03    1.7817e+03         +/-  7.00e+00  <none>
  Background_Loose_SIG_bin_4-2    1.3822e+03    1.3822e+03         +/-  6.27e+00  <none>
  Background_Loose_SIG_bin_4-3    8.8070e+02    8.8075e+02         +/-  4.97e+00  <none>
  Background_Loose_SIG_bin_4-4    6.2980e+02    6.2974e+02         +/-  4.31e+00  <none>
  Background_Loose_SIG_bin_4-5    2.3310e+02    2.3305e+02         +/-  2.51e+00  <none>
  Background_Loose_SIG_bin_4-6    7.2242e+01    7.2234e+01         +/-  1.40e+00  <none>
  Background_Loose_SIG_bin_4-7    1.8044e+01    1.8044e+01         +/-  6.99e-01  <none>
  Background_Loose_SIG_bin_5-1    1.4028e+03    1.4029e+03         +/-  6.21e+00  <none>
  Background_Loose_SIG_bin_5-2    1.2049e+03    1.2050e+03         +/-  5.82e+00  <none>
  Background_Loose_SIG_bin_5-3    7.8034e+02    7.8041e+02         +/-  4.68e+00  <none>
  Background_Loose_SIG_bin_5-4    4.8933e+02    4.8928e+02         +/-  3.81e+00  <none>
  Background_Loose_SIG_bin_5-5    1.9451e+02    1.9446e+02         +/-  2.36e+00  <none>
  Background_Loose_SIG_bin_5-6    5.6807e+01    5.6807e+01         +/-  1.24e+00  <none>
  Background_Loose_SIG_bin_5-7    2.1834e+01    2.1836e+01         +/-  8.01e-01  <none>
  Background_rpf_1x0_par0    1.7201e-01    1.7199e-01         +/-  2.72e-04  <none>
  Background_rpf_1x0_par1   -5.4063e-02   -5.4007e-02         +/-  1.15e-03  <none>
                     F    2.2782e-03    5.5474e-03         +/-  7.90e-02  <none>
                   JER    3.5698e-02    3.0138e-02         +/-  6.42e-02  <none>
                   JES    8.0063e-02    7.9872e-02         +/-  1.02e+00  <none>
                   JMR    1.1291e+00    1.1384e+00         +/-  5.03e-02  <none>
                   JMS   -1.0921e-01   -1.0928e-01         +/-  1.07e+00  <none>
                PS_FSR   -2.1650e-01   -2.1388e-01         +/-  2.84e-02  <none>
                PS_ISR    6.8276e-02    6.8761e-02         +/-  7.52e-02  <none>
                     R    2.0205e-01    2.0338e-01         +/-  4.76e-02  <none>
                    RF    2.3177e-01    2.3723e-01         +/-  4.06e-02  <none>
                  btag    3.2862e-02    3.3924e-02         +/-  8.65e-02  <none>
                  lumi   -1.5011e-01   -1.3804e-01         +/-  1.72e-01  <none>
                   pdf   -1.0999e-01   -1.1165e-01         +/-  6.34e-02  <none>
                pileup   -3.6778e-01   -3.6487e-01         +/-  4.09e-02  <none>
               prefire   -2.2624e-02   -2.2123e-02         +/-  9.10e-02  <none>
                     r    1.5299e-01    1.5307e-01 (+8.89e-02,-7.23e-02)  <none>
              top_ptrw    0.0000e+00    0.0000e+00         +/-  9.21e-02  <none>
            ttbar_xsec   -1.3430e+00   -1.3436e+00         +/-  6.88e-02  <none>


 --- FitDiagnostics ---
Best fit r: 0.153066  -0.0723181/+0.0889424  (68% CL)
Done in 0.03 min (cpu), 0.03 min (real)
Printing Message Summary From ... combine_logger.out
----------------------------------------------
Messages of type INFO : 197
Messages of type DEBUG : 2
Messages of type ERROR : 1
----------------------------------------------
INFO: (function: applyOptionsBase) FitterAlgoBase.cc: 113 -- Setting robust fit options to Tolerance=0.1 / Strategy=0 / Type,Algo=Minuit2,Migrad (note that defaults of CascadeMinimizer were taken where option not specified)
INFO: (function: improveOnce) CascadeMinimizer.cc: 188 -- Minimisation configured with Type=Minuit2, Algo=Migrad, strategy=0, tolerance=0.1
INFO: (function: improveOnce) CascadeMinimizer.cc: 211 -- Minimisation finished with status=0
INFO: (function: improveOnce) CascadeMinimizer.cc: 216 -- Minimization success! status=0
INFO: (function: improveOnce) CascadeMinimizer.cc: 188 -- Minimisation configured with Type=Minuit2, Algo=Migrad, strategy=0, tolerance=0.1
INFO: (function: improveOnce) CascadeMinimizer.cc: 211 -- Minimisation finished with status=0
INFO: (function: improveOnce) CascadeMinimizer.cc: 216 -- Minimization success! status=0
INFO: (function: improveOnce) CascadeMinimizer.cc: 188 -- Minimisation configured with Type=Minuit2, Algo=Migrad, strategy=0, tolerance=0.1
INFO: (function: improveOnce) CascadeMinimizer.cc: 211 -- Minimisation finished with status=0
INFO: (function: improveOnce) CascadeMinimizer.cc: 216 -- Minimization success! status=0
INFO: (function: improveOnce) CascadeMinimizer.cc: 188 -- Minimisation configured with Type=Minuit2, Algo=Migrad, strategy=0, tolerance=0.1
INFO: (function: improveOnce) CascadeMinimizer.cc: 211 -- Minimisation finished with status=0
INFO: (function: improveOnce) CascadeMinimizer.cc: 216 -- Minimization success! status=0
DEBUG: (function: runSpecific) FitDiagnostics.cc: 318 -- Fit B-only, status = 0, numBadNLL = 0, covariance quality = 3
INFO: (function: improveOnce) CascadeMinimizer.cc: 188 -- Minimisation configured with Type=Minuit2, Algo=Migrad, strategy=0, tolerance=0.1
INFO: (function: improveOnce) CascadeMinimizer.cc: 211 -- Minimisation finished with status=0
INFO: (function: improveOnce) CascadeMinimizer.cc: 216 -- Minimization success! status=0
INFO: (function: improveOnce) CascadeMinimizer.cc: 188 -- Minimisation configured with Type=Minuit2, Algo=Migrad, strategy=0, tolerance=0.1
INFO: (function: improveOnce) CascadeMinimizer.cc: 211 -- Minimisation finished with status=0
INFO: (function: improveOnce) CascadeMinimizer.cc: 216 -- Minimization success! status=0
INFO: (function: doFit) FitterAlgoBase.cc: 359 -- Running RobustFit for POI r. Configured with strategy 0  
INFO: (function: findCrossing) FitterAlgoBase.cc: 405 -- Searching for crossing at nll = -622.183, in the interval 0.153066 < r < 20
INFO: (function: improveOnce) CascadeMinimizer.cc: 188 -- Minimisation configured with Type=Minuit2, Algo=Migrad, strategy=0, tolerance=0.1
INFO: (function: improveOnce) CascadeMinimizer.cc: 211 -- Minimisation finished with status=0
INFO: (function: improveOnce) CascadeMinimizer.cc: 216 -- Minimization success! status=0
INFO: (function: findCrossing) FitterAlgoBase.cc: 426 -- r lvl-here lvl-there 	stepping 
INFO: (function: improveOnce) CascadeMinimizer.cc: 188 -- Minimisation configured with Type=Minuit2, Algo=Migrad, strategy=0, tolerance=0.1
INFO: (function: improveOnce) CascadeMinimizer.cc: 211 -- Minimisation finished with status=0
INFO: (function: improveOnce) CascadeMinimizer.cc: 216 -- Minimization success! status=0
INFO: (function: anyParameterAtBoundaries) utils.cc: 1039 -- Found parameter Background_Loose_HIGH_bin_6-7 at boundary (within ~1sigma): 0.74818+/-1.31711
INFO: (function: minimize) CascadeMinimizer.cc: 480 -- After fit, some parameters are found at the boundary (within ~1sigma)
INFO: (function: findCrossing) FitterAlgoBase.cc: 459 -- 2.137760    -11.44841  +0.49450    1.984693
INFO: (function: improveOnce) CascadeMinimizer.cc: 188 -- Minimisation configured with Type=Minuit2, Algo=Migrad, strategy=0, tolerance=0.1
INFO: (function: improveOnce) CascadeMinimizer.cc: 211 -- Minimisation finished with status=0
INFO: (function: improveOnce) CascadeMinimizer.cc: 216 -- Minimization success! status=0
INFO: (function: anyParameterAtBoundaries) utils.cc: 1039 -- Found parameter Background_Loose_HIGH_bin_6-7 at boundary (within ~1sigma): 0.984597+/-1.31429
INFO: (function: minimize) CascadeMinimizer.cc: 480 -- After fit, some parameters are found at the boundary (within ~1sigma)
INFO: (function: findCrossing) FitterAlgoBase.cc: 459 -- 0.748474    -3.82219  -11.44841    0.595408
INFO: (function: improveOnce) CascadeMinimizer.cc: 188 -- Minimisation configured with Type=Minuit2, Algo=Migrad, strategy=0, tolerance=0.1
INFO: (function: improveOnce) CascadeMinimizer.cc: 211 -- Minimisation finished with status=0
INFO: (function: improveOnce) CascadeMinimizer.cc: 216 -- Minimization success! status=0
INFO: (function: anyParameterAtBoundaries) utils.cc: 1039 -- Found parameter Background_Loose_HIGH_bin_6-7 at boundary (within ~1sigma): 1.06056+/-1.27431
INFO: (function: minimize) CascadeMinimizer.cc: 480 -- After fit, some parameters are found at the boundary (within ~1sigma)
INFO: (function: findCrossing) FitterAlgoBase.cc: 459 -- 0.331689    -1.20085  -3.82219    0.178622
INFO: (function: improveOnce) CascadeMinimizer.cc: 188 -- Minimisation configured with Type=Minuit2, Algo=Migrad, strategy=0, tolerance=0.1
INFO: (function: improveOnce) CascadeMinimizer.cc: 211 -- Minimisation finished with status=0
INFO: (function: improveOnce) CascadeMinimizer.cc: 216 -- Minimization success! status=0
INFO: (function: findCrossing) FitterAlgoBase.cc: 459 -- 0.206653    +0.29938  -1.20085    0.053587
INFO: (function: improveOnce) CascadeMinimizer.cc: 188 -- Minimisation configured with Type=Minuit2, Algo=Migrad, strategy=0, tolerance=0.1
INFO: (function: improveOnce) CascadeMinimizer.cc: 211 -- Minimisation finished with status=0
INFO: (function: improveOnce) CascadeMinimizer.cc: 216 -- Minimization success! status=0
INFO: (function: anyParameterAtBoundaries) utils.cc: 1039 -- Found parameter Background_Loose_HIGH_bin_6-7 at boundary (within ~1sigma): 1.22026+/-1.31022
INFO: (function: minimize) CascadeMinimizer.cc: 480 -- After fit, some parameters are found at the boundary (within ~1sigma)
INFO: (function: findCrossing) FitterAlgoBase.cc: 459 -- 0.260240    -0.20152  +0.29938    0.053587
INFO: (function: improveOnce) CascadeMinimizer.cc: 188 -- Minimisation configured with Type=Minuit2, Algo=Migrad, strategy=0, tolerance=0.1
INFO: (function: improveOnce) CascadeMinimizer.cc: 211 -- Minimisation finished with status=0
INFO: (function: improveOnce) CascadeMinimizer.cc: 216 -- Minimization success! status=0
INFO: (function: anyParameterAtBoundaries) utils.cc: 1039 -- Found parameter Background_Loose_HIGH_bin_6-7 at boundary (within ~1sigma): 1.31565+/-1.3428
INFO: (function: minimize) CascadeMinimizer.cc: 480 -- After fit, some parameters are found at the boundary (within ~1sigma)
INFO: (function: findCrossing) FitterAlgoBase.cc: 459 -- 0.222729    +0.17669  -0.20152    0.016076
INFO: (function: improveOnce) CascadeMinimizer.cc: 188 -- Minimisation configured with Type=Minuit2, Algo=Migrad, strategy=0, tolerance=0.1
INFO: (function: improveOnce) CascadeMinimizer.cc: 211 -- Minimisation finished with status=0
INFO: (function: improveOnce) CascadeMinimizer.cc: 216 -- Minimization success! status=0
INFO: (function: anyParameterAtBoundaries) utils.cc: 1039 -- Found parameter Background_Loose_HIGH_bin_6-7 at boundary (within ~1sigma): 1.27389+/-1.33164
INFO: (function: minimize) CascadeMinimizer.cc: 480 -- After fit, some parameters are found at the boundary (within ~1sigma)
INFO: (function: findCrossing) FitterAlgoBase.cc: 459 -- 0.238805    +0.02927  +0.17669    0.016076
INFO: (function: improveOnce) CascadeMinimizer.cc: 188 -- Minimisation configured with Type=Minuit2, Algo=Migrad, strategy=0, tolerance=0.1
INFO: (function: improveOnce) CascadeMinimizer.cc: 211 -- Minimisation finished with status=0
INFO: (function: improveOnce) CascadeMinimizer.cc: 216 -- Minimization success! status=0
INFO: (function: anyParameterAtBoundaries) utils.cc: 1039 -- Found parameter Background_Loose_HIGH_bin_6-7 at boundary (within ~1sigma): 1.23609+/-1.32426
INFO: (function: minimize) CascadeMinimizer.cc: 480 -- After fit, some parameters are found at the boundary (within ~1sigma)
INFO: (function: findCrossing) FitterAlgoBase.cc: 459 -- 0.254881    -0.14035  +0.02927    0.016076
INFO: (function: improveOnce) CascadeMinimizer.cc: 188 -- Minimisation configured with Type=Minuit2, Algo=Migrad, strategy=0, tolerance=0.1
INFO: (function: improveOnce) CascadeMinimizer.cc: 211 -- Minimisation finished with status=0
INFO: (function: improveOnce) CascadeMinimizer.cc: 216 -- Minimization success! status=0
INFO: (function: anyParameterAtBoundaries) utils.cc: 1039 -- Found parameter Background_Loose_HIGH_bin_6-7 at boundary (within ~1sigma): 1.27389+/-1.33689
INFO: (function: minimize) CascadeMinimizer.cc: 480 -- After fit, some parameters are found at the boundary (within ~1sigma)
INFO: (function: findCrossing) FitterAlgoBase.cc: 459 -- 0.243628    -0.01974  -0.14035    0.004823
INFO: (function: improveOnce) CascadeMinimizer.cc: 188 -- Minimisation configured with Type=Minuit2, Algo=Migrad, strategy=0, tolerance=0.1
INFO: (function: improveOnce) CascadeMinimizer.cc: 211 -- Minimisation finished with status=0
INFO: (function: improveOnce) CascadeMinimizer.cc: 216 -- Minimization success! status=0
INFO: (function: anyParameterAtBoundaries) utils.cc: 1039 -- Found parameter Background_Loose_HIGH_bin_6-7 at boundary (within ~1sigma): 1.27389+/-1.33397
INFO: (function: minimize) CascadeMinimizer.cc: 480 -- After fit, some parameters are found at the boundary (within ~1sigma)
INFO: (function: findCrossing) FitterAlgoBase.cc: 459 -- 0.240252    +0.01484  -0.01974    0.001447
INFO: (function: improveOnce) CascadeMinimizer.cc: 188 -- Minimisation configured with Type=Minuit2, Algo=Migrad, strategy=0, tolerance=0.1
INFO: (function: improveOnce) CascadeMinimizer.cc: 211 -- Minimisation finished with status=0
INFO: (function: improveOnce) CascadeMinimizer.cc: 216 -- Minimization success! status=0
INFO: (function: anyParameterAtBoundaries) utils.cc: 1039 -- Found parameter Background_Loose_HIGH_bin_6-7 at boundary (within ~1sigma): 1.26738+/-1.34454
INFO: (function: minimize) CascadeMinimizer.cc: 480 -- After fit, some parameters are found at the boundary (within ~1sigma)
INFO: (function: findCrossing) FitterAlgoBase.cc: 459 -- 0.241699    +0.00030  +0.01484    0.001447
INFO: (function: findCrossing) FitterAlgoBase.cc: 405 -- Searching for crossing at nll = -622.183, in the interval 0.153066 < r < -5
INFO: (function: improveOnce) CascadeMinimizer.cc: 188 -- Minimisation configured with Type=Minuit2, Algo=Migrad, strategy=0, tolerance=0.1
INFO: (function: improveOnce) CascadeMinimizer.cc: 211 -- Minimisation finished with status=0
INFO: (function: improveOnce) CascadeMinimizer.cc: 216 -- Minimization success! status=0
INFO: (function: findCrossing) FitterAlgoBase.cc: 426 -- r lvl-here lvl-there 	stepping 
INFO: (function: improveOnce) CascadeMinimizer.cc: 188 -- Minimisation configured with Type=Minuit2, Algo=Migrad, strategy=0, tolerance=0.1
INFO: (function: improveOnce) CascadeMinimizer.cc: 211 -- Minimisation finished with status=0
INFO: (function: improveOnce) CascadeMinimizer.cc: 216 -- Minimization success! status=0
INFO: (function: anyParameterAtBoundaries) utils.cc: 1039 -- Found parameter Background_Loose_HIGH_bin_1-1 at boundary (within ~1sigma): 4412.26+/-227821
INFO: (function: anyParameterAtBoundaries) utils.cc: 1039 -- Found parameter Background_Loose_HIGH_bin_1-2 at boundary (within ~1sigma): 3705.3+/-228146
INFO: (function: anyParameterAtBoundaries) utils.cc: 1039 -- Found parameter Background_Loose_HIGH_bin_1-3 at boundary (within ~1sigma): 2374.47+/-228757
INFO: (function: anyParameterAtBoundaries) utils.cc: 1039 -- Found parameter Background_Loose_HIGH_bin_1-4 at boundary (within ~1sigma): 1567.35+/-229128
INFO: (function: anyParameterAtBoundaries) utils.cc: 1039 -- Found parameter Background_Loose_HIGH_bin_1-5 at boundary (within ~1sigma): 576.651+/-229584
INFO: (function: anyParameterAtBoundaries) utils.cc: 1039 -- Found parameter Background_Loose_HIGH_bin_1-6 at boundary (within ~1sigma): 177.73+/-229767
INFO: (function: anyParameterAtBoundaries) utils.cc: 1039 -- Found parameter Background_Loose_HIGH_bin_1-7 at boundary (within ~1sigma): 64.167+/-229819
INFO: (function: anyParameterAtBoundaries) utils.cc: 1039 -- Found parameter Background_Loose_HIGH_bin_2-1 at boundary (within ~1sigma): 2000.31+/-228929
INFO: (function: anyParameterAtBoundaries) utils.cc: 1039 -- Found parameter Background_Loose_HIGH_bin_2-2 at boundary (within ~1sigma): 1621.66+/-229103
INFO: (function: anyParameterAtBoundaries) utils.cc: 1039 -- Found parameter Background_Loose_HIGH_bin_2-3 at boundary (within ~1sigma): 1027.41+/-229377
INFO: (function: anyParameterAtBoundaries) utils.cc: 1039 -- Found parameter Background_Loose_HIGH_bin_2-4 at boundary (within ~1sigma): 634.974+/-229557
INFO: (function: anyParameterAtBoundaries) utils.cc: 1039 -- Found parameter Background_Loose_HIGH_bin_2-5 at boundary (within ~1sigma): 230.317+/-229743
INFO: (function: anyParameterAtBoundaries) utils.cc: 1039 -- Found parameter Background_Loose_HIGH_bin_2-6 at boundary (within ~1sigma): 86.7107+/-229809
INFO: (function: anyParameterAtBoundaries) utils.cc: 1039 -- Found parameter Background_Loose_HIGH_bin_2-7 at boundary (within ~1sigma): 30.3118+/-229835
INFO: (function: anyParameterAtBoundaries) utils.cc: 1039 -- Found parameter Background_Loose_HIGH_bin_3-1 at boundary (within ~1sigma): 873.91+/-229447
INFO: (function: anyParameterAtBoundaries) utils.cc: 1039 -- Found parameter Background_Loose_HIGH_bin_3-2 at boundary (within ~1sigma): 757.075+/-229501
INFO: (function: anyParameterAtBoundaries) utils.cc: 1039 -- Found parameter Background_Loose_HIGH_bin_3-3 at boundary (within ~1sigma): 511.968+/-229613
INFO: (function: anyParameterAtBoundaries) utils.cc: 1039 -- Found parameter Background_Loose_HIGH_bin_3-4 at boundary (within ~1sigma): 329.232+/-229697
INFO: (function: anyParameterAtBoundaries) utils.cc: 1039 -- Found parameter Background_Loose_HIGH_bin_3-5 at boundary (within ~1sigma): 119.34+/-229794
INFO: (function: anyParameterAtBoundaries) utils.cc: 1039 -- Found parameter Background_Loose_HIGH_bin_3-6 at boundary (within ~1sigma): 39.1771+/-229831
INFO: (function: anyParameterAtBoundaries) utils.cc: 1039 -- Found parameter Background_Loose_HIGH_bin_3-7 at boundary (within ~1sigma): 10.594+/-229844
INFO: (function: anyParameterAtBoundaries) utils.cc: 1039 -- Found parameter Background_Loose_HIGH_bin_4-1 at boundary (within ~1sigma): 448.946+/-229642
INFO: (function: anyParameterAtBoundaries) utils.cc: 1039 -- Found parameter Background_Loose_HIGH_bin_4-2 at boundary (within ~1sigma): 353.341+/-229686
INFO: (function: anyParameterAtBoundaries) utils.cc: 1039 -- Found parameter Background_Loose_HIGH_bin_4-3 at boundary (within ~1sigma): 241.851+/-229738
INFO: (function: anyParameterAtBoundaries) utils.cc: 1039 -- Found parameter Background_Loose_HIGH_bin_4-4 at boundary (within ~1sigma): 147.141+/-229781
INFO: (function: anyParameterAtBoundaries) utils.cc: 1039 -- Found parameter Background_Loose_HIGH_bin_4-5 at boundary (within ~1sigma): 72.3544+/-229816
INFO: (function: anyParameterAtBoundaries) utils.cc: 1039 -- Found parameter Background_Loose_HIGH_bin_4-6 at boundary (within ~1sigma): 18.1108+/-229841
INFO: (function: anyParameterAtBoundaries) utils.cc: 1039 -- Found parameter Background_Loose_HIGH_bin_4-7 at boundary (within ~1sigma): 10.0319+/-229844
INFO: (function: anyParameterAtBoundaries) utils.cc: 1039 -- Found parameter Background_Loose_HIGH_bin_5-1 at boundary (within ~1sigma): 201.386+/-229756
INFO: (function: anyParameterAtBoundaries) utils.cc: 1039 -- Found parameter Background_Loose_HIGH_bin_5-2 at boundary (within ~1sigma): 169.75+/-229771
INFO: (function: anyParameterAtBoundaries) utils.cc: 1039 -- Found parameter Background_Loose_HIGH_bin_5-3 at boundary (within ~1sigma): 94.728+/-229805
INFO: (function: anyParameterAtBoundaries) utils.cc: 1039 -- Found parameter Background_Loose_HIGH_bin_5-4 at boundary (within ~1sigma): 70.4303+/-229816
INFO: (function: anyParameterAtBoundaries) utils.cc: 1039 -- Found parameter Background_Loose_HIGH_bin_5-5 at boundary (within ~1sigma): 22.7594+/-229838
INFO: (function: anyParameterAtBoundaries) utils.cc: 1039 -- Found parameter Background_Loose_HIGH_bin_5-6 at boundary (within ~1sigma): 7.42465+/-229845
INFO: (function: anyParameterAtBoundaries) utils.cc: 1039 -- Found parameter Background_Loose_HIGH_bin_5-7 at boundary (within ~1sigma): 3.43263+/-229847
INFO: (function: anyParameterAtBoundaries) utils.cc: 1039 -- Found parameter Background_Loose_HIGH_bin_6-1 at boundary (within ~1sigma): 176.679+/-229768
INFO: (function: anyParameterAtBoundaries) utils.cc: 1039 -- Found parameter Background_Loose_HIGH_bin_6-2 at boundary (within ~1sigma): 140.109+/-229784
INFO: (function: anyParameterAtBoundaries) utils.cc: 1039 -- Found parameter Background_Loose_HIGH_bin_6-3 at boundary (within ~1sigma): 95.83+/-229805
INFO: (function: anyParameterAtBoundaries) utils.cc: 1039 -- Found parameter Background_Loose_HIGH_bin_6-4 at boundary (within ~1sigma): 45.102+/-229828
INFO: (function: anyParameterAtBoundaries) utils.cc: 1039 -- Found parameter Background_Loose_HIGH_bin_6-5 at boundary (within ~1sigma): 26.4296+/-229837
INFO: (function: anyParameterAtBoundaries) utils.cc: 1039 -- Found parameter Background_Loose_HIGH_bin_6-6 at boundary (within ~1sigma): 10.2542+/-229844
INFO: (function: anyParameterAtBoundaries) utils.cc: 1039 -- Found parameter Background_Loose_HIGH_bin_6-7 at boundary (within ~1sigma): 1.50607+/-229848
INFO: (function: minimize) CascadeMinimizer.cc: 480 -- After fit, some parameters are found at the boundary (within ~1sigma)
INFO: (function: findCrossing) FitterAlgoBase.cc: 459 -- -0.362240    -9000000104.67218  +0.49450    -0.515307
INFO: (function: improveOnce) CascadeMinimizer.cc: 188 -- Minimisation configured with Type=Minuit2, Algo=Migrad, strategy=0, tolerance=0.1
INFO: (function: improveOnce) CascadeMinimizer.cc: 211 -- Minimisation finished with status=0
INFO: (function: improveOnce) CascadeMinimizer.cc: 216 -- Minimization success! status=0
INFO: (function: findCrossing) FitterAlgoBase.cc: 459 -- -0.001526    -2.67728  -9000000104.67218    -0.154592
INFO: (function: improveOnce) CascadeMinimizer.cc: 188 -- Minimisation configured with Type=Minuit2, Algo=Migrad, strategy=0, tolerance=0.1
INFO: (function: improveOnce) CascadeMinimizer.cc: 211 -- Minimisation finished with status=0
INFO: (function: improveOnce) CascadeMinimizer.cc: 216 -- Minimization success! status=0
INFO: (function: findCrossing) FitterAlgoBase.cc: 459 -- 0.106689    +0.30742  -2.67728    -0.046378
INFO: (function: improveOnce) CascadeMinimizer.cc: 188 -- Minimisation configured with Type=Minuit2, Algo=Migrad, strategy=0, tolerance=0.1
INFO: (function: improveOnce) CascadeMinimizer.cc: 211 -- Minimisation finished with status=0
INFO: (function: improveOnce) CascadeMinimizer.cc: 216 -- Minimization success! status=0
INFO: (function: findCrossing) FitterAlgoBase.cc: 459 -- 0.060311    -0.38255  +0.30742    -0.046378
INFO: (function: improveOnce) CascadeMinimizer.cc: 188 -- Minimisation configured with Type=Minuit2, Algo=Migrad, strategy=0, tolerance=0.1
INFO: (function: improveOnce) CascadeMinimizer.cc: 211 -- Minimisation finished with status=0
INFO: (function: improveOnce) CascadeMinimizer.cc: 216 -- Minimization success! status=0
INFO: (function: findCrossing) FitterAlgoBase.cc: 459 -- 0.092776    +0.16395  -0.38255    -0.013913
INFO: (function: improveOnce) CascadeMinimizer.cc: 188 -- Minimisation configured with Type=Minuit2, Algo=Migrad, strategy=0, tolerance=0.1
INFO: (function: improveOnce) CascadeMinimizer.cc: 211 -- Minimisation finished with status=0
INFO: (function: improveOnce) CascadeMinimizer.cc: 216 -- Minimization success! status=0
INFO: (function: findCrossing) FitterAlgoBase.cc: 459 -- 0.078862    -0.03056  +0.16395    -0.013913
INFO: (function: improveOnce) CascadeMinimizer.cc: 188 -- Minimisation configured with Type=Minuit2, Algo=Migrad, strategy=0, tolerance=0.1
INFO: (function: improveOnce) CascadeMinimizer.cc: 211 -- Minimisation finished with status=0
INFO: (function: improveOnce) CascadeMinimizer.cc: 216 -- Minimization success! status=0
INFO: (function: findCrossing) FitterAlgoBase.cc: 459 -- 0.088602    +0.11130  -0.03056    -0.004174
INFO: (function: improveOnce) CascadeMinimizer.cc: 188 -- Minimisation configured with Type=Minuit2, Algo=Migrad, strategy=0, tolerance=0.1
INFO: (function: improveOnce) CascadeMinimizer.cc: 211 -- Minimisation finished with status=0
INFO: (function: improveOnce) CascadeMinimizer.cc: 216 -- Minimization success! status=0
INFO: (function: findCrossing) FitterAlgoBase.cc: 459 -- 0.084428    +0.05386  +0.11130    -0.004174
INFO: (function: improveOnce) CascadeMinimizer.cc: 188 -- Minimisation configured with Type=Minuit2, Algo=Migrad, strategy=0, tolerance=0.1
INFO: (function: improveOnce) CascadeMinimizer.cc: 211 -- Minimisation finished with status=0
INFO: (function: improveOnce) CascadeMinimizer.cc: 216 -- Minimization success! status=0
INFO: (function: findCrossing) FitterAlgoBase.cc: 459 -- 0.080254    -0.00856  +0.05386    -0.004174
INFO: (function: improveOnce) CascadeMinimizer.cc: 188 -- Minimisation configured with Type=Minuit2, Algo=Migrad, strategy=0, tolerance=0.1
INFO: (function: improveOnce) CascadeMinimizer.cc: 211 -- Minimisation finished with status=0
INFO: (function: improveOnce) CascadeMinimizer.cc: 216 -- Minimization success! status=0
INFO: (function: findCrossing) FitterAlgoBase.cc: 459 -- 0.083175    +0.03574  -0.00856    -0.001252
INFO: (function: improveOnce) CascadeMinimizer.cc: 188 -- Minimisation configured with Type=Minuit2, Algo=Migrad, strategy=0, tolerance=0.1
INFO: (function: improveOnce) CascadeMinimizer.cc: 211 -- Minimisation finished with status=0
INFO: (function: improveOnce) CascadeMinimizer.cc: 216 -- Minimization success! status=0
INFO: (function: findCrossing) FitterAlgoBase.cc: 459 -- 0.081923    +0.01711  +0.03574    -0.001252
INFO: (function: improveOnce) CascadeMinimizer.cc: 188 -- Minimisation configured with Type=Minuit2, Algo=Migrad, strategy=0, tolerance=0.1
INFO: (function: improveOnce) CascadeMinimizer.cc: 211 -- Minimisation finished with status=0
INFO: (function: improveOnce) CascadeMinimizer.cc: 216 -- Minimization success! status=0
INFO: (function: findCrossing) FitterAlgoBase.cc: 459 -- 0.080671    -0.00199  +0.01711    -0.001252
INFO: (function: improveOnce) CascadeMinimizer.cc: 188 -- Minimisation configured with Type=Minuit2, Algo=Migrad, strategy=0, tolerance=0.1
INFO: (function: improveOnce) CascadeMinimizer.cc: 211 -- Minimisation finished with status=0
INFO: (function: improveOnce) CascadeMinimizer.cc: 216 -- Minimization success! status=0
INFO: (function: findCrossing) FitterAlgoBase.cc: 459 -- 0.081548    +0.01144  -0.00199    -0.000376
INFO: (function: improveOnce) CascadeMinimizer.cc: 188 -- Minimisation configured with Type=Minuit2, Algo=Migrad, strategy=0, tolerance=0.1
INFO: (function: improveOnce) CascadeMinimizer.cc: 211 -- Minimisation finished with status=0
INFO: (function: improveOnce) CascadeMinimizer.cc: 216 -- Minimization success! status=0
INFO: (function: findCrossing) FitterAlgoBase.cc: 459 -- 0.081172    +0.00572  +0.01144    -0.000376
INFO: (function: improveOnce) CascadeMinimizer.cc: 188 -- Minimisation configured with Type=Minuit2, Algo=Migrad, strategy=0, tolerance=0.1
INFO: (function: improveOnce) CascadeMinimizer.cc: 211 -- Minimisation finished with status=0
INFO: (function: improveOnce) CascadeMinimizer.cc: 216 -- Minimization success! status=0
INFO: (function: findCrossing) FitterAlgoBase.cc: 459 -- 0.080796    -0.00005  +0.00572    -0.000376
ERROR: (function: runSpecific) [WARNING]: Unable to determine uncertainties on all fit parameters in s+b fit. Have a look at https://cms-analysis.github.io/HiggsAnalysis-CombinedLimit/part3/nonstandard/#fit-parameter-uncertainties for more information.
DEBUG: (function: runSpecific) FitDiagnostics.cc: 443 -- Fit S+B, status = 0, numBadNLL = 0, covariance quality = 2
