
>>> random number generator seed is 123456
   Options for Robust Minimizer :: 
        Tolerance  0.1
        Strategy   0
        Type,Algo  Minuit2,Migrad
>>> method used is FitDiagnostics
Set Default Value of Parameter r To : 1
>>> 0 out of 6 channels masked

>>> Channel masks:
  1) 0x54632e0 RooRealVar::  mask_Loose_LOW = 0 C  L(-INF - +INF)  "mask_Loose_LOW"
  2) 0x5463d30 RooRealVar::  mask_Loose_SIG = 0 C  L(-INF - +INF)  "mask_Loose_SIG"
  3) 0x5464880 RooRealVar:: mask_Loose_HIGH = 0 C  L(-INF - +INF)  "mask_Loose_HIGH"
  4) 0x5465450 RooRealVar::   mask_Pass_LOW = 0 C  L(-INF - +INF)  "mask_Pass_LOW"
  5) 0x5465fa0 RooRealVar::   mask_Pass_SIG = 0 C  L(-INF - +INF)  "mask_Pass_SIG"
  6) 0x5466af0 RooRealVar::  mask_Pass_HIGH = 0 C  L(-INF - +INF)  "mask_Pass_HIGH"
SimNLL created with 0 channels, 0 generic constraints, 16 fast gaussian constraints, 0 fast poisson constraints, 0 fast group constraints, 
Minuit2Minimizer: Minimize with max-calls 8000 convergence for edm < 0.1 strategy 0
Minuit2Minimizer::Minuit  - Changing default options
             StorageLevel :               0
MnSeedGenerator: for initial parameters FCN = 0
MnSeedGenerator: Initial state:   - FCN =                0 Edm =            0 NCalls =     65
VariableMetric: start iterating until Edm is < 0.0001
VariableMetric: Initial state   - FCN =                0 Edm =            0 NCalls =     65
VariableMetric: Iteration #   0 - FCN =                0 Edm =            0 NCalls =     65
Minuit2Minimizer : Valid minimum - status = 0
FVAL  = 0
Edm   = 0
Nfcn  = 65
F	  = 0	 +/-  1
JER	  = 0	 +/-  1
JES	  = 0	 +/-  1
JMR	  = 0	 +/-  1
JMS	  = 0	 +/-  1
PS_FSR	  = 0	 +/-  1
PS_ISR	  = 0	 +/-  1
R	  = 0	 +/-  1
RF	  = 0	 +/-  1
btag	  = 0	 +/-  1
lumi	  = 0	 +/-  1
pdf	  = 0	 +/-  1
pileup	  = 0	 +/-  1
prefire	  = 0	 +/-  1
top_ptrw	  = 0	 +/-  1
ttbar_xsec	  = 0	 +/-  1
SimNLL created with 6 channels, 0 generic constraints, 16 fast gaussian constraints, 0 fast poisson constraints, 0 fast group constraints, 

  RooFitResult: minimized FCN value: -0.000506902, estimated distance to minimum: 6.07342e-06
                covariance matrix quality: Full matrix, but forced positive-definite
                Status : MINIMIZE=0 HESSE=0 

    Constant Parameter    Value     
  --------------------  ------------
                  F_In    0.0000e+00
                JER_In    0.0000e+00
                JES_In    0.0000e+00
                JMR_In    0.0000e+00
                JMS_In    0.0000e+00
             PS_FSR_In    0.0000e+00
             PS_ISR_In    0.0000e+00
                 RF_In    0.0000e+00
                  R_In    0.0000e+00
               btag_In    0.0000e+00
               lumi_In    0.0000e+00
  n_exp_binLoose_HIGH_proc_Background    1.0000e+00
  n_exp_binLoose_LOW_proc_Background    1.0000e+00
  n_exp_binLoose_SIG_proc_Background    1.0000e+00
  n_exp_binPass_HIGH_proc_Background_2x2    1.0000e+00
  n_exp_binPass_LOW_proc_Background_2x2    1.0000e+00
  n_exp_binPass_SIG_proc_Background_2x2    1.0000e+00
                pdf_In    0.0000e+00
             pileup_In    0.0000e+00
            prefire_In    0.0000e+00
                     r    0.0000e+00
           top_ptrw_In    0.0000e+00
         ttbar_xsec_In    0.0000e+00

    Floating Parameter  InitialValue    FinalValue +/-  Error     GblCorr.
  --------------------  ------------  --------------------------  --------
  Background_Loose_HIGH_bin_1-1    4.4292e+03    4.4292e+03 +/-  4.79e-01  <none>
  Background_Loose_HIGH_bin_1-2    3.7375e+03    3.7376e+03 +/-  4.44e-01  <none>
  Background_Loose_HIGH_bin_1-3    2.4145e+03    2.4145e+03 +/-  3.56e-01  <none>
  Background_Loose_HIGH_bin_1-4    1.5759e+03    1.5759e+03 +/-  2.91e-01  <none>
  Background_Loose_HIGH_bin_1-5    5.9008e+02    5.9009e+02 +/-  1.78e-01  <none>
  Background_Loose_HIGH_bin_1-6    1.7717e+02    1.7716e+02 +/-  9.58e-02  <none>
  Background_Loose_HIGH_bin_1-7    6.3640e+01    6.3638e+01 +/-  5.80e-02  <none>
  Background_Loose_HIGH_bin_2-1    1.9981e+03    1.9981e+03 +/-  3.22e-01  <none>
  Background_Loose_HIGH_bin_2-2    1.6441e+03    1.6441e+03 +/-  2.94e-01  <none>
  Background_Loose_HIGH_bin_2-3    1.0344e+03    1.0344e+03 +/-  2.33e-01  <none>
  Background_Loose_HIGH_bin_2-4    6.5639e+02    6.5644e+02 +/-  1.92e-01  <none>
  Background_Loose_HIGH_bin_2-5    2.2851e+02    2.2851e+02 +/-  1.12e-01  <none>
  Background_Loose_HIGH_bin_2-6    8.6624e+01    8.6621e+01 +/-  6.69e-02  <none>
  Background_Loose_HIGH_bin_2-7    3.0264e+01    3.0263e+01 +/-  3.95e-02  <none>
  Background_Loose_HIGH_bin_3-1    8.7291e+02    8.7290e+02 +/-  2.13e-01  <none>
  Background_Loose_HIGH_bin_3-2    7.5628e+02    7.5628e+02 +/-  1.98e-01  <none>
  Background_Loose_HIGH_bin_3-3    5.2019e+02    5.2021e+02 +/-  1.66e-01  <none>
  Background_Loose_HIGH_bin_3-4    3.2882e+02    3.2882e+02 +/-  1.32e-01  <none>
  Background_Loose_HIGH_bin_3-5    1.1920e+02    1.1920e+02 +/-  7.86e-02  <none>
  Background_Loose_HIGH_bin_3-6    3.9141e+01    3.9139e+01 +/-  4.50e-02  <none>
  Background_Loose_HIGH_bin_3-7    1.3008e+01    1.3007e+01 +/-  2.60e-02  <none>
  Background_Loose_HIGH_bin_4-1    4.5211e+02    4.5211e+02 +/-  1.54e-01  <none>
  Background_Loose_HIGH_bin_4-2    3.5302e+02    3.5302e+02 +/-  1.36e-01  <none>
  Background_Loose_HIGH_bin_4-3    2.4204e+02    2.4204e+02 +/-  1.12e-01  <none>
  Background_Loose_HIGH_bin_4-4    1.4876e+02    1.4876e+02 +/-  8.95e-02  <none>
  Background_Loose_HIGH_bin_4-5    7.2507e+01    7.2505e+01 +/-  6.14e-02  <none>
  Background_Loose_HIGH_bin_4-6    1.8337e+01    1.8336e+01 +/-  3.09e-02  <none>
  Background_Loose_HIGH_bin_4-7    1.0442e+01    1.0441e+01 +/-  2.33e-02  <none>
  Background_Loose_HIGH_bin_5-1    2.0089e+02    2.0089e+02 +/-  1.02e-01  <none>
  Background_Loose_HIGH_bin_5-2    1.7018e+02    1.7018e+02 +/-  9.43e-02  <none>
  Background_Loose_HIGH_bin_5-3    9.4737e+01    9.4735e+01 +/-  7.04e-02  <none>
  Background_Loose_HIGH_bin_5-4    7.1047e+01    7.1045e+01 +/-  6.09e-02  <none>
  Background_Loose_HIGH_bin_5-5    2.4552e+01    2.4551e+01 +/-  3.58e-02  <none>
  Background_Loose_HIGH_bin_5-6    9.6393e+00    9.6387e+00 +/-  2.24e-02  <none>
  Background_Loose_HIGH_bin_5-7    5.2284e+00    5.2269e+00 +/-  1.66e-02  <none>
  Background_Loose_HIGH_bin_6-1    1.7587e+02    1.7587e+02 +/-  9.62e-02  <none>
  Background_Loose_HIGH_bin_6-2    1.3962e+02    1.3962e+02 +/-  8.57e-02  <none>
  Background_Loose_HIGH_bin_6-3    9.5433e+01    9.5431e+01 +/-  7.09e-02  <none>
  Background_Loose_HIGH_bin_6-4    4.5052e+01    4.5051e+01 +/-  4.87e-02  <none>
  Background_Loose_HIGH_bin_6-5    2.6490e+01    2.6490e+01 +/-  3.74e-02  <none>
  Background_Loose_HIGH_bin_6-6    1.1462e+01    1.1461e+01 +/-  2.46e-02  <none>
  Background_Loose_HIGH_bin_6-7    2.5568e+00    2.5553e+00 +/-  1.18e-02  <none>
  Background_Loose_LOW_bin_1-1    6.5968e+03    6.5968e+03 +/-  5.83e-01  <none>
  Background_Loose_LOW_bin_1-2    5.4314e+03    5.4314e+03 +/-  5.34e-01  <none>
  Background_Loose_LOW_bin_1-3    3.4842e+03    3.4842e+03 +/-  4.32e-01  <none>
  Background_Loose_LOW_bin_1-4    2.2094e+03    2.2095e+03 +/-  3.49e-01  <none>
  Background_Loose_LOW_bin_1-5    8.2517e+02    8.2520e+02 +/-  2.11e-01  <none>
  Background_Loose_LOW_bin_1-6    2.1495e+02    2.1496e+02 +/-  1.07e-01  <none>
  Background_Loose_LOW_bin_1-7    7.8310e+01    7.8295e+01 +/-  6.46e-02  <none>
  Background_Loose_SIG_bin_1-1    3.0961e+03    3.0961e+03 +/-  4.01e-01  <none>
  Background_Loose_SIG_bin_1-2    2.5421e+03    2.5421e+03 +/-  3.66e-01  <none>
  Background_Loose_SIG_bin_1-3    1.6506e+03    1.6506e+03 +/-  2.97e-01  <none>
  Background_Loose_SIG_bin_1-4    1.0001e+03    1.0001e+03 +/-  2.40e-01  <none>
  Background_Loose_SIG_bin_1-5    3.5878e+02    3.5877e+02 +/-  1.39e-01  <none>
  Background_Loose_SIG_bin_1-6    1.0629e+02    1.0628e+02 +/-  7.37e-02  <none>
  Background_Loose_SIG_bin_1-7    3.3386e+01    3.3384e+01 +/-  4.13e-02  <none>
  Background_Loose_SIG_bin_2-1    2.5604e+03    2.5604e+03 +/-  3.63e-01  <none>
  Background_Loose_SIG_bin_2-2    2.1711e+03    2.1710e+03 +/-  3.38e-01  <none>
  Background_Loose_SIG_bin_2-3    1.3787e+03    1.3787e+03 +/-  2.71e-01  <none>
  Background_Loose_SIG_bin_2-4    8.9284e+02    8.9290e+02 +/-  2.21e-01  <none>
  Background_Loose_SIG_bin_2-5    3.1967e+02    3.1967e+02 +/-  1.30e-01  <none>
  Background_Loose_SIG_bin_2-6    9.0081e+01    9.0080e+01 +/-  6.78e-02  <none>
  Background_Loose_SIG_bin_2-7    2.2274e+01    2.2273e+01 +/-  3.37e-02  <none>
  Background_Loose_SIG_bin_3-1    2.1181e+03    2.1181e+03 +/-  3.31e-01  <none>
  Background_Loose_SIG_bin_3-2    1.7245e+03    1.7245e+03 +/-  3.00e-01  <none>
  Background_Loose_SIG_bin_3-3    1.1093e+03    1.1093e+03 +/-  2.44e-01  <none>
  Background_Loose_SIG_bin_3-4    7.6664e+02    7.6660e+02 +/-  2.03e-01  <none>
  Background_Loose_SIG_bin_3-5    2.5276e+02    2.5275e+02 +/-  1.16e-01  <none>
  Background_Loose_SIG_bin_3-6    6.0966e+01    6.0965e+01 +/-  5.58e-02  <none>
  Background_Loose_SIG_bin_3-7    2.8299e+01    2.8298e+01 +/-  3.80e-02  <none>
  Background_Loose_SIG_bin_4-1    1.7851e+03    1.7851e+03 +/-  3.04e-01  <none>
  Background_Loose_SIG_bin_4-2    1.3954e+03    1.3954e+03 +/-  2.72e-01  <none>
  Background_Loose_SIG_bin_4-3    8.8113e+02    8.8113e+02 +/-  2.16e-01  <none>
  Background_Loose_SIG_bin_4-4    6.3489e+02    6.3489e+02 +/-  1.86e-01  <none>
  Background_Loose_SIG_bin_4-5    2.3296e+02    2.3296e+02 +/-  1.09e-01  <none>
  Background_Loose_SIG_bin_4-6    7.2195e+01    7.2193e+01 +/-  6.08e-02  <none>
  Background_Loose_SIG_bin_4-7    1.8021e+01    1.8020e+01 +/-  3.04e-02  <none>
  Background_Loose_SIG_bin_5-1    1.4158e+03    1.4158e+03 +/-  2.69e-01  <none>
  Background_Loose_SIG_bin_5-2    1.2065e+03    1.2065e+03 +/-  2.53e-01  <none>
  Background_Loose_SIG_bin_5-3    8.0050e+02    8.0047e+02 +/-  2.03e-01  <none>
  Background_Loose_SIG_bin_5-4    4.9825e+02    4.9825e+02 +/-  1.66e-01  <none>
  Background_Loose_SIG_bin_5-5    1.9495e+02    1.9496e+02 +/-  1.02e-01  <none>
  Background_Loose_SIG_bin_5-6    5.6775e+01    5.6774e+01 +/-  5.39e-02  <none>
  Background_Loose_SIG_bin_5-7    2.1445e+01    2.1444e+01 +/-  3.50e-02  <none>
  Background_rpf_2x2_par0    4.8188e-01    4.8188e-01 +/-  3.25e-05  <none>
  Background_rpf_2x2_par1   -1.5373e-01   -1.5377e-01 +/-  1.39e-04  <none>
  Background_rpf_2x2_par2    2.3400e-02    2.3325e-02 +/-  2.99e-04  <none>
  Background_rpf_2x2_par3    3.5700e-01    3.5700e-01 +/-  2.55e-05  <none>
  Background_rpf_2x2_par4    8.1464e-02    9.0536e-02 +/-  6.26e-03  <none>
  Background_rpf_2x2_par5    8.1469e-02    9.0542e-02 +/-  6.26e-03  <none>
                     F    3.6158e-01    3.6158e-01 +/-  3.34e-03  <none>
                   JER    3.4003e-02    3.3977e-02 +/-  5.80e-04  <none>
                   JES   -1.7636e-02   -1.7614e-02 +/-  4.83e-05  <none>
                   JMR    1.5745e+00    1.5745e+00 +/-  3.46e-02  <none>
                   JMS   -3.7155e-02   -3.7182e-02 +/-  4.93e-03  <none>
                PS_FSR   -4.5378e-01   -4.5377e-01 +/-  1.01e-02  <none>
                PS_ISR    2.6203e-01    2.6203e-01 +/-  8.49e-03  <none>
                     R    5.5705e-02    5.5706e-02 +/-  2.48e-02  <none>
                    RF    4.3360e-01    4.3360e-01 +/-  1.81e-05  <none>
                  btag   -5.4848e-01   -5.4848e-01 +/-  1.10e-03  <none>
                  lumi   -1.1796e-01   -1.1766e-01 +/-  6.00e-03  <none>
                   pdf   -1.2761e-02   -1.2687e-02 +/-  4.95e-03  <none>
                pileup    1.1007e-02    1.0997e-02 +/-  6.06e-05  <none>
               prefire   -2.1544e-02   -2.9023e-02 +/-  8.91e-03  <none>
              top_ptrw    0.0000e+00   -6.4138e-03 +/-  1.09e-02  <none>
            ttbar_xsec   -1.1352e+00   -1.1357e+00 +/-  3.21e-03  <none>


  RooFitResult: minimized FCN value: -0.000506902, estimated distance to minimum: 6.07342e-06
                covariance matrix quality: Full matrix, but forced positive-definite
                Status : MINIMIZE=0 HESSE=0 

    Constant Parameter    Value     
  --------------------  ------------
                  F_In    0.0000e+00
                JER_In    0.0000e+00
                JES_In    0.0000e+00
                JMR_In    0.0000e+00
                JMS_In    0.0000e+00
             PS_FSR_In    0.0000e+00
             PS_ISR_In    0.0000e+00
                 RF_In    0.0000e+00
                  R_In    0.0000e+00
               btag_In    0.0000e+00
               lumi_In    0.0000e+00
  n_exp_binLoose_HIGH_proc_Background    1.0000e+00
  n_exp_binLoose_LOW_proc_Background    1.0000e+00
  n_exp_binLoose_SIG_proc_Background    1.0000e+00
  n_exp_binPass_HIGH_proc_Background_2x2    1.0000e+00
  n_exp_binPass_LOW_proc_Background_2x2    1.0000e+00
  n_exp_binPass_SIG_proc_Background_2x2    1.0000e+00
                pdf_In    0.0000e+00
             pileup_In    0.0000e+00
            prefire_In    0.0000e+00
                     r    0.0000e+00
           top_ptrw_In    0.0000e+00
         ttbar_xsec_In    0.0000e+00

    Floating Parameter  InitialValue    FinalValue +/-  Error     GblCorr.
  --------------------  ------------  --------------------------  --------
  Background_Loose_HIGH_bin_1-1    4.4292e+03    4.4292e+03 +/-  4.79e-01  <none>
  Background_Loose_HIGH_bin_1-2    3.7375e+03    3.7376e+03 +/-  4.44e-01  <none>
  Background_Loose_HIGH_bin_1-3    2.4145e+03    2.4145e+03 +/-  3.56e-01  <none>
  Background_Loose_HIGH_bin_1-4    1.5759e+03    1.5759e+03 +/-  2.91e-01  <none>
  Background_Loose_HIGH_bin_1-5    5.9008e+02    5.9009e+02 +/-  1.78e-01  <none>
  Background_Loose_HIGH_bin_1-6    1.7717e+02    1.7716e+02 +/-  9.58e-02  <none>
  Background_Loose_HIGH_bin_1-7    6.3640e+01    6.3638e+01 +/-  5.80e-02  <none>
  Background_Loose_HIGH_bin_2-1    1.9981e+03    1.9981e+03 +/-  3.22e-01  <none>
  Background_Loose_HIGH_bin_2-2    1.6441e+03    1.6441e+03 +/-  2.94e-01  <none>
  Background_Loose_HIGH_bin_2-3    1.0344e+03    1.0344e+03 +/-  2.33e-01  <none>
  Background_Loose_HIGH_bin_2-4    6.5639e+02    6.5644e+02 +/-  1.92e-01  <none>
  Background_Loose_HIGH_bin_2-5    2.2851e+02    2.2851e+02 +/-  1.12e-01  <none>
  Background_Loose_HIGH_bin_2-6    8.6624e+01    8.6621e+01 +/-  6.69e-02  <none>
  Background_Loose_HIGH_bin_2-7    3.0264e+01    3.0263e+01 +/-  3.95e-02  <none>
  Background_Loose_HIGH_bin_3-1    8.7291e+02    8.7290e+02 +/-  2.13e-01  <none>
  Background_Loose_HIGH_bin_3-2    7.5628e+02    7.5628e+02 +/-  1.98e-01  <none>
  Background_Loose_HIGH_bin_3-3    5.2019e+02    5.2021e+02 +/-  1.66e-01  <none>
  Background_Loose_HIGH_bin_3-4    3.2882e+02    3.2882e+02 +/-  1.32e-01  <none>
  Background_Loose_HIGH_bin_3-5    1.1920e+02    1.1920e+02 +/-  7.86e-02  <none>
  Background_Loose_HIGH_bin_3-6    3.9141e+01    3.9139e+01 +/-  4.50e-02  <none>
  Background_Loose_HIGH_bin_3-7    1.3008e+01    1.3007e+01 +/-  2.60e-02  <none>
  Background_Loose_HIGH_bin_4-1    4.5211e+02    4.5211e+02 +/-  1.54e-01  <none>
  Background_Loose_HIGH_bin_4-2    3.5302e+02    3.5302e+02 +/-  1.36e-01  <none>
  Background_Loose_HIGH_bin_4-3    2.4204e+02    2.4204e+02 +/-  1.12e-01  <none>
  Background_Loose_HIGH_bin_4-4    1.4876e+02    1.4876e+02 +/-  8.95e-02  <none>
  Background_Loose_HIGH_bin_4-5    7.2507e+01    7.2505e+01 +/-  6.14e-02  <none>
  Background_Loose_HIGH_bin_4-6    1.8337e+01    1.8336e+01 +/-  3.09e-02  <none>
  Background_Loose_HIGH_bin_4-7    1.0442e+01    1.0441e+01 +/-  2.33e-02  <none>
  Background_Loose_HIGH_bin_5-1    2.0089e+02    2.0089e+02 +/-  1.02e-01  <none>
  Background_Loose_HIGH_bin_5-2    1.7018e+02    1.7018e+02 +/-  9.43e-02  <none>
  Background_Loose_HIGH_bin_5-3    9.4737e+01    9.4735e+01 +/-  7.04e-02  <none>
  Background_Loose_HIGH_bin_5-4    7.1047e+01    7.1045e+01 +/-  6.09e-02  <none>
  Background_Loose_HIGH_bin_5-5    2.4552e+01    2.4551e+01 +/-  3.58e-02  <none>
  Background_Loose_HIGH_bin_5-6    9.6393e+00    9.6387e+00 +/-  2.24e-02  <none>
  Background_Loose_HIGH_bin_5-7    5.2284e+00    5.2269e+00 +/-  1.66e-02  <none>
  Background_Loose_HIGH_bin_6-1    1.7587e+02    1.7587e+02 +/-  9.62e-02  <none>
  Background_Loose_HIGH_bin_6-2    1.3962e+02    1.3962e+02 +/-  8.57e-02  <none>
  Background_Loose_HIGH_bin_6-3    9.5433e+01    9.5431e+01 +/-  7.09e-02  <none>
  Background_Loose_HIGH_bin_6-4    4.5052e+01    4.5051e+01 +/-  4.87e-02  <none>
  Background_Loose_HIGH_bin_6-5    2.6490e+01    2.6490e+01 +/-  3.74e-02  <none>
  Background_Loose_HIGH_bin_6-6    1.1462e+01    1.1461e+01 +/-  2.46e-02  <none>
  Background_Loose_HIGH_bin_6-7    2.5568e+00    2.5553e+00 +/-  1.18e-02  <none>
  Background_Loose_LOW_bin_1-1    6.5968e+03    6.5968e+03 +/-  5.83e-01  <none>
  Background_Loose_LOW_bin_1-2    5.4314e+03    5.4314e+03 +/-  5.34e-01  <none>
  Background_Loose_LOW_bin_1-3    3.4842e+03    3.4842e+03 +/-  4.32e-01  <none>
  Background_Loose_LOW_bin_1-4    2.2094e+03    2.2095e+03 +/-  3.49e-01  <none>
  Background_Loose_LOW_bin_1-5    8.2517e+02    8.2520e+02 +/-  2.11e-01  <none>
  Background_Loose_LOW_bin_1-6    2.1495e+02    2.1496e+02 +/-  1.07e-01  <none>
  Background_Loose_LOW_bin_1-7    7.8310e+01    7.8295e+01 +/-  6.46e-02  <none>
  Background_Loose_SIG_bin_1-1    3.0961e+03    3.0961e+03 +/-  4.01e-01  <none>
  Background_Loose_SIG_bin_1-2    2.5421e+03    2.5421e+03 +/-  3.66e-01  <none>
  Background_Loose_SIG_bin_1-3    1.6506e+03    1.6506e+03 +/-  2.97e-01  <none>
  Background_Loose_SIG_bin_1-4    1.0001e+03    1.0001e+03 +/-  2.40e-01  <none>
  Background_Loose_SIG_bin_1-5    3.5878e+02    3.5877e+02 +/-  1.39e-01  <none>
  Background_Loose_SIG_bin_1-6    1.0629e+02    1.0628e+02 +/-  7.37e-02  <none>
  Background_Loose_SIG_bin_1-7    3.3386e+01    3.3384e+01 +/-  4.13e-02  <none>
  Background_Loose_SIG_bin_2-1    2.5604e+03    2.5604e+03 +/-  3.63e-01  <none>
  Background_Loose_SIG_bin_2-2    2.1711e+03    2.1710e+03 +/-  3.38e-01  <none>
  Background_Loose_SIG_bin_2-3    1.3787e+03    1.3787e+03 +/-  2.71e-01  <none>
  Background_Loose_SIG_bin_2-4    8.9284e+02    8.9290e+02 +/-  2.21e-01  <none>
  Background_Loose_SIG_bin_2-5    3.1967e+02    3.1967e+02 +/-  1.30e-01  <none>
  Background_Loose_SIG_bin_2-6    9.0081e+01    9.0080e+01 +/-  6.78e-02  <none>
  Background_Loose_SIG_bin_2-7    2.2274e+01    2.2273e+01 +/-  3.37e-02  <none>
  Background_Loose_SIG_bin_3-1    2.1181e+03    2.1181e+03 +/-  3.31e-01  <none>
  Background_Loose_SIG_bin_3-2    1.7245e+03    1.7245e+03 +/-  3.00e-01  <none>
  Background_Loose_SIG_bin_3-3    1.1093e+03    1.1093e+03 +/-  2.44e-01  <none>
  Background_Loose_SIG_bin_3-4    7.6664e+02    7.6660e+02 +/-  2.03e-01  <none>
  Background_Loose_SIG_bin_3-5    2.5276e+02    2.5275e+02 +/-  1.16e-01  <none>
  Background_Loose_SIG_bin_3-6    6.0966e+01    6.0965e+01 +/-  5.58e-02  <none>
  Background_Loose_SIG_bin_3-7    2.8299e+01    2.8298e+01 +/-  3.80e-02  <none>
  Background_Loose_SIG_bin_4-1    1.7851e+03    1.7851e+03 +/-  3.04e-01  <none>
  Background_Loose_SIG_bin_4-2    1.3954e+03    1.3954e+03 +/-  2.72e-01  <none>
  Background_Loose_SIG_bin_4-3    8.8113e+02    8.8113e+02 +/-  2.16e-01  <none>
  Background_Loose_SIG_bin_4-4    6.3489e+02    6.3489e+02 +/-  1.86e-01  <none>
  Background_Loose_SIG_bin_4-5    2.3296e+02    2.3296e+02 +/-  1.09e-01  <none>
  Background_Loose_SIG_bin_4-6    7.2195e+01    7.2193e+01 +/-  6.08e-02  <none>
  Background_Loose_SIG_bin_4-7    1.8021e+01    1.8020e+01 +/-  3.04e-02  <none>
  Background_Loose_SIG_bin_5-1    1.4158e+03    1.4158e+03 +/-  2.69e-01  <none>
  Background_Loose_SIG_bin_5-2    1.2065e+03    1.2065e+03 +/-  2.53e-01  <none>
  Background_Loose_SIG_bin_5-3    8.0050e+02    8.0047e+02 +/-  2.03e-01  <none>
  Background_Loose_SIG_bin_5-4    4.9825e+02    4.9825e+02 +/-  1.66e-01  <none>
  Background_Loose_SIG_bin_5-5    1.9495e+02    1.9496e+02 +/-  1.02e-01  <none>
  Background_Loose_SIG_bin_5-6    5.6775e+01    5.6774e+01 +/-  5.39e-02  <none>
  Background_Loose_SIG_bin_5-7    2.1445e+01    2.1444e+01 +/-  3.50e-02  <none>
  Background_rpf_2x2_par0    4.8188e-01    4.8188e-01 +/-  3.25e-05  <none>
  Background_rpf_2x2_par1   -1.5373e-01   -1.5377e-01 +/-  1.39e-04  <none>
  Background_rpf_2x2_par2    2.3400e-02    2.3325e-02 +/-  2.99e-04  <none>
  Background_rpf_2x2_par3    3.5700e-01    3.5700e-01 +/-  2.55e-05  <none>
  Background_rpf_2x2_par4    8.1464e-02    9.0536e-02 +/-  6.26e-03  <none>
  Background_rpf_2x2_par5    8.1469e-02    9.0542e-02 +/-  6.26e-03  <none>
                     F    3.6158e-01    3.6158e-01 +/-  3.34e-03  <none>
                   JER    3.4003e-02    3.3977e-02 +/-  5.80e-04  <none>
                   JES   -1.7636e-02   -1.7614e-02 +/-  4.83e-05  <none>
                   JMR    1.5745e+00    1.5745e+00 +/-  3.46e-02  <none>
                   JMS   -3.7155e-02   -3.7182e-02 +/-  4.93e-03  <none>
                PS_FSR   -4.5378e-01   -4.5377e-01 +/-  1.01e-02  <none>
                PS_ISR    2.6203e-01    2.6203e-01 +/-  8.49e-03  <none>
                     R    5.5705e-02    5.5706e-02 +/-  2.48e-02  <none>
                    RF    4.3360e-01    4.3360e-01 +/-  1.81e-05  <none>
                  btag   -5.4848e-01   -5.4848e-01 +/-  1.10e-03  <none>
                  lumi   -1.1796e-01   -1.1766e-01 +/-  6.00e-03  <none>
                   pdf   -1.2761e-02   -1.2687e-02 +/-  4.95e-03  <none>
                pileup    1.1007e-02    1.0997e-02 +/-  6.06e-05  <none>
               prefire   -2.1544e-02   -2.9023e-02 +/-  8.91e-03  <none>
              top_ptrw    0.0000e+00   -6.4138e-03 +/-  1.09e-02  <none>
            ttbar_xsec   -1.1352e+00   -1.1357e+00 +/-  3.21e-03  <none>


 --- FitDiagnostics ---
Fit failed.
Done in 0.02 min (cpu), 0.02 min (real)
Printing Message Summary From ... combine_logger.out
----------------------------------------------
Messages of type INFO : 15
Messages of type DEBUG : 2
Messages of type ERROR : 1
----------------------------------------------
INFO: (function: applyOptionsBase) FitterAlgoBase.cc: 113 -- Setting robust fit options to Tolerance=0.1 / Strategy=0 / Type,Algo=Minuit2,Migrad (note that defaults of CascadeMinimizer were taken where option not specified)
INFO: (function: improveOnce) CascadeMinimizer.cc: 188 -- Minimisation configured with Type=Minuit2, Algo=Migrad, strategy=0, tolerance=0.1
INFO: (function: improveOnce) CascadeMinimizer.cc: 211 -- Minimisation finished with status=0
INFO: (function: improveOnce) CascadeMinimizer.cc: 216 -- Minimization success! status=0
INFO: (function: improveOnce) CascadeMinimizer.cc: 188 -- Minimisation configured with Type=Minuit2, Algo=Migrad, strategy=0, tolerance=0.1
INFO: (function: improveOnce) CascadeMinimizer.cc: 211 -- Minimisation finished with status=0
INFO: (function: improveOnce) CascadeMinimizer.cc: 216 -- Minimization success! status=0
INFO: (function: improveOnce) CascadeMinimizer.cc: 188 -- Minimisation configured with Type=Minuit2, Algo=Migrad, strategy=0, tolerance=0.1
INFO: (function: improveOnce) CascadeMinimizer.cc: 211 -- Minimisation finished with status=0
INFO: (function: improveOnce) CascadeMinimizer.cc: 216 -- Minimization success! status=0
INFO: (function: improveOnce) CascadeMinimizer.cc: 188 -- Minimisation configured with Type=Minuit2, Algo=Migrad, strategy=0, tolerance=0.1
INFO: (function: improveOnce) CascadeMinimizer.cc: 211 -- Minimisation finished with status=0
INFO: (function: improveOnce) CascadeMinimizer.cc: 216 -- Minimization success! status=0
ERROR: (function: runSpecific) [WARNING]: Unable to determine uncertainties on all fit parameters in b-only fit. Have a look at https://cms-analysis.github.io/HiggsAnalysis-CombinedLimit/part3/nonstandard/#fit-parameter-uncertainties for more information.
DEBUG: (function: runSpecific) FitDiagnostics.cc: 318 -- Fit B-only, status = 0, numBadNLL = 0, covariance quality = 2
INFO: (function: improveOnce) CascadeMinimizer.cc: 188 -- Minimisation configured with Type=Minuit2, Algo=Migrad, strategy=0, tolerance=0.1
INFO: (function: improveOnce) CascadeMinimizer.cc: 211 -- Minimisation finished with status=-1
DEBUG: (function: improveOnce) CascadeMinimizer.cc: 217 -- Minimization ended with latest status != 0 or 1
